INFO:root:Start CPC fine-tuning head for 200 epochs.
INFO:root:Training with gpu: False.
DEBUG:root:Epoch: 0 Loss: 40.698184967041016 acc:  12.857/ 11.623 f1:  10.395/ 7.144
DEBUG:root:Epoch: 1 Loss: 39.61308670043945 acc:  12.857/ 11.497 f1:  10.431/ 7.819
DEBUG:root:Epoch: 2 Loss: 38.558753967285156 acc:  12.857/ 11.748 f1:  10.431/ 8.239
DEBUG:root:Epoch: 3 Loss: 37.551673889160156 acc:  14.286/ 12.030 f1:  11.310/ 8.597
DEBUG:root:Epoch: 4 Loss: 36.61001968383789 acc:  15.714/ 11.905 f1:  12.649/ 8.458
DEBUG:root:Epoch: 5 Loss: 35.71674728393555 acc:  17.143/ 12.437 f1:  13.430/ 8.855
DEBUG:root:Epoch: 6 Loss: 35.02037048339844 acc:  20.000/ 13.033 f1:  15.655/ 9.357
DEBUG:root:Epoch: 7 Loss: 34.285255432128906 acc:  20.000/ 13.471 f1:  15.764/ 9.881
DEBUG:root:Epoch: 8 Loss: 33.591434478759766 acc:  20.000/ 13.534 f1:  15.823/ 10.090
DEBUG:root:Epoch: 9 Loss: 32.95531463623047 acc:  24.286/ 13.972 f1:  20.247/ 10.638
DEBUG:root:Epoch: 10 Loss: 32.29364013671875 acc:  27.143/ 14.223 f1:  22.323/ 11.131
DEBUG:root:Epoch: 11 Loss: 31.790754318237305 acc:  28.571/ 14.693 f1:  23.774/ 12.005
DEBUG:root:Epoch: 12 Loss: 31.161357879638672 acc:  31.429/ 15.257 f1:  26.555/ 12.807
DEBUG:root:Epoch: 13 Loss: 30.615337371826172 acc:  34.286/ 15.695 f1:  29.223/ 13.278
DEBUG:root:Epoch: 14 Loss: 30.11762809753418 acc:  35.714/ 15.977 f1:  30.271/ 13.585
DEBUG:root:Epoch: 15 Loss: 29.68285369873047 acc:  35.714/ 16.698 f1:  30.306/ 14.310
DEBUG:root:Epoch: 16 Loss: 29.243423461914062 acc:  38.571/ 16.917 f1:  34.754/ 14.587
DEBUG:root:Epoch: 17 Loss: 28.803791046142578 acc:  38.571/ 17.888 f1:  34.754/ 15.602
DEBUG:root:Epoch: 18 Loss: 28.422847747802734 acc:  42.857/ 18.860 f1:  38.890/ 16.634
DEBUG:root:Epoch: 19 Loss: 28.052249908447266 acc:  44.286/ 19.580 f1:  40.021/ 17.355
DEBUG:root:Epoch: 20 Loss: 27.8085880279541 acc:  48.571/ 20.269 f1:  43.785/ 18.063
DEBUG:root:Epoch: 21 Loss: 27.40471076965332 acc:  51.429/ 20.865 f1:  48.221/ 18.707
DEBUG:root:Epoch: 22 Loss: 27.181106567382812 acc:  54.286/ 21.585 f1:  50.486/ 19.354
DEBUG:root:Epoch: 23 Loss: 26.860183715820312 acc:  55.714/ 21.867 f1:  52.427/ 19.670
DEBUG:root:Epoch: 24 Loss: 26.6055965423584 acc:  55.714/ 22.180 f1:  52.888/ 20.053
DEBUG:root:Epoch: 25 Loss: 26.409587860107422 acc:  55.714/ 22.682 f1:  52.731/ 20.628
DEBUG:root:Epoch: 26 Loss: 26.200349807739258 acc:  57.143/ 23.434 f1:  54.286/ 21.397
DEBUG:root:Epoch: 27 Loss: 26.09674644470215 acc:  55.714/ 23.653 f1:  53.112/ 21.698
DEBUG:root:Epoch: 28 Loss: 25.91464614868164 acc:  60.000/ 24.091 f1:  57.672/ 22.160
DEBUG:root:Epoch: 29 Loss: 25.774797439575195 acc:  62.857/ 24.561 f1:  60.438/ 22.703
DEBUG:root:Epoch: 30 Loss: 25.598011016845703 acc:  64.286/ 25.094 f1:  61.545/ 23.218
DEBUG:root:Epoch: 31 Loss: 25.533817291259766 acc:  64.286/ 25.345 f1:  61.454/ 23.458
DEBUG:root:Epoch: 32 Loss: 25.36050796508789 acc:  70.000/ 25.658 f1:  66.811/ 23.808
DEBUG:root:Epoch: 33 Loss: 25.26388168334961 acc:  70.000/ 26.504 f1:  66.811/ 24.581
DEBUG:root:Epoch: 34 Loss: 25.257007598876953 acc:  70.000/ 27.005 f1:  66.811/ 25.153
DEBUG:root:Epoch: 35 Loss: 25.09963607788086 acc:  70.000/ 27.475 f1:  67.234/ 25.643
DEBUG:root:Epoch: 36 Loss: 25.014598846435547 acc:  71.429/ 27.945 f1:  68.172/ 26.259
DEBUG:root:Epoch: 37 Loss: 24.9912109375 acc:  71.429/ 28.540 f1:  68.172/ 26.866
DEBUG:root:Epoch: 38 Loss: 24.904766082763672 acc:  71.429/ 29.355 f1:  68.172/ 27.689
DEBUG:root:Epoch: 39 Loss: 24.814912796020508 acc:  75.714/ 29.762 f1:  72.162/ 28.154
DEBUG:root:Epoch: 40 Loss: 24.779264450073242 acc:  75.714/ 30.514 f1:  72.162/ 28.924
DEBUG:root:Epoch: 41 Loss: 24.71035385131836 acc:  77.143/ 31.078 f1:  73.433/ 29.408
DEBUG:root:Epoch: 42 Loss: 24.58993911743164 acc:  77.143/ 31.516 f1:  73.433/ 29.890
DEBUG:root:Epoch: 43 Loss: 24.576581954956055 acc:  78.571/ 31.736 f1:  74.611/ 30.032
DEBUG:root:Epoch: 44 Loss: 24.53237533569336 acc:  82.857/ 32.049 f1:  81.010/ 30.394
DEBUG:root:Epoch: 45 Loss: 24.44700813293457 acc:  84.286/ 32.487 f1:  82.177/ 30.827
DEBUG:root:Epoch: 46 Loss: 24.405214309692383 acc:  84.286/ 32.707 f1:  82.177/ 31.072
DEBUG:root:Epoch: 47 Loss: 24.390827178955078 acc:  85.714/ 33.051 f1:  84.375/ 31.513
DEBUG:root:Epoch: 48 Loss: 24.30829429626465 acc:  85.714/ 33.365 f1:  84.375/ 31.828
DEBUG:root:Epoch: 49 Loss: 24.26145362854004 acc:  85.714/ 33.427 f1:  84.375/ 31.926
DEBUG:root:Epoch: 50 Loss: 24.196929931640625 acc:  87.143/ 33.678 f1:  85.743/ 32.200
DEBUG:root:Epoch: 51 Loss: 24.209117889404297 acc:  87.143/ 33.929 f1:  85.743/ 32.507
DEBUG:root:Epoch: 52 Loss: 24.147165298461914 acc:  87.143/ 34.367 f1:  85.743/ 32.967
DEBUG:root:Epoch: 53 Loss: 24.090160369873047 acc:  87.143/ 34.649 f1:  85.743/ 33.300
DEBUG:root:Epoch: 54 Loss: 24.017253875732422 acc:  88.571/ 34.962 f1:  87.172/ 33.664
DEBUG:root:Epoch: 55 Loss: 24.015066146850586 acc:  90.000/ 35.495 f1:  89.149/ 34.260
DEBUG:root:Epoch: 56 Loss: 23.972719192504883 acc:  90.000/ 36.028 f1:  89.149/ 34.912
DEBUG:root:Epoch: 57 Loss: 23.94090461730957 acc:  91.429/ 36.372 f1:  90.949/ 35.249
DEBUG:root:Epoch: 58 Loss: 23.936670303344727 acc:  91.429/ 36.529 f1:  90.949/ 35.404
DEBUG:root:Epoch: 59 Loss: 23.897747039794922 acc:  92.857/ 36.842 f1:  92.177/ 35.692
DEBUG:root:Epoch: 60 Loss: 23.84781265258789 acc:  92.857/ 37.124 f1:  92.177/ 35.962
DEBUG:root:Epoch: 61 Loss: 23.817899703979492 acc:  94.286/ 37.437 f1:  93.885/ 36.470
DEBUG:root:Epoch: 62 Loss: 23.842805862426758 acc:  94.286/ 38.064 f1:  93.885/ 37.306
DEBUG:root:Epoch: 63 Loss: 23.821327209472656 acc:  94.286/ 38.377 f1:  93.885/ 37.828
DEBUG:root:Epoch: 64 Loss: 23.7851505279541 acc:  94.286/ 38.753 f1:  93.885/ 38.296
DEBUG:root:Epoch: 65 Loss: 23.74385643005371 acc:  94.286/ 39.317 f1:  93.885/ 38.998
DEBUG:root:Epoch: 66 Loss: 23.709672927856445 acc:  94.286/ 39.912 f1:  93.885/ 39.716
DEBUG:root:Epoch: 67 Loss: 23.663686752319336 acc:  94.286/ 40.351 f1:  93.885/ 40.286
DEBUG:root:Epoch: 68 Loss: 23.66341781616211 acc:  94.286/ 41.134 f1:  93.885/ 41.162
DEBUG:root:Epoch: 69 Loss: 23.66524887084961 acc:  95.714/ 41.980 f1:  95.500/ 42.030
DEBUG:root:Epoch: 70 Loss: 23.652324676513672 acc:  95.714/ 42.857 f1:  95.500/ 42.866
DEBUG:root:Epoch: 71 Loss: 23.595773696899414 acc:  97.143/ 43.484 f1:  97.052/ 43.389
DEBUG:root:Epoch: 72 Loss: 23.616443634033203 acc:  97.143/ 44.236 f1:  97.052/ 44.103
DEBUG:root:Epoch: 73 Loss: 23.542497634887695 acc:  97.143/ 44.862 f1:  97.052/ 44.619
DEBUG:root:Epoch: 74 Loss: 23.5687313079834 acc:  97.143/ 45.207 f1:  97.052/ 44.873
DEBUG:root:Epoch: 75 Loss: 23.49199676513672 acc:  97.143/ 45.489 f1:  97.052/ 45.072
DEBUG:root:Epoch: 76 Loss: 23.525407791137695 acc:  98.571/ 46.021 f1:  98.568/ 45.462
DEBUG:root:Epoch: 77 Loss: 23.48636817932129 acc:  98.571/ 46.617 f1:  98.568/ 45.835
DEBUG:root:Epoch: 78 Loss: 23.49416160583496 acc:  100.000/ 46.930 f1:  100.000/ 46.004
DEBUG:root:Epoch: 79 Loss: 23.473787307739258 acc:  100.000/ 47.368 f1:  100.000/ 46.234
DEBUG:root:Epoch: 80 Loss: 23.42963981628418 acc:  100.000/ 47.556 f1:  100.000/ 46.229
DEBUG:root:Epoch: 81 Loss: 23.414766311645508 acc:  100.000/ 47.901 f1:  100.000/ 46.431
DEBUG:root:Epoch: 82 Loss: 23.4421329498291 acc:  100.000/ 48.152 f1:  100.000/ 46.515
DEBUG:root:Epoch: 83 Loss: 23.388782501220703 acc:  100.000/ 48.246 f1:  100.000/ 46.562
DEBUG:root:Epoch: 84 Loss: 23.37827491760254 acc:  100.000/ 48.622 f1:  100.000/ 46.733
DEBUG:root:Epoch: 85 Loss: 23.36589813232422 acc:  100.000/ 48.935 f1:  100.000/ 46.842
DEBUG:root:Epoch: 86 Loss: 23.32469940185547 acc:  100.000/ 48.904 f1:  100.000/ 46.784
DEBUG:root:Epoch: 87 Loss: 23.31700897216797 acc:  100.000/ 48.997 f1:  100.000/ 46.817
DEBUG:root:Epoch: 88 Loss: 23.379596710205078 acc:  100.000/ 48.966 f1:  100.000/ 46.654
DEBUG:root:Epoch: 89 Loss: 23.330217361450195 acc:  100.000/ 49.029 f1:  100.000/ 46.685
DEBUG:root:Epoch: 90 Loss: 23.327455520629883 acc:  100.000/ 49.060 f1:  100.000/ 46.648
DEBUG:root:Epoch: 91 Loss: 23.30760383605957 acc:  100.000/ 49.091 f1:  100.000/ 46.687
DEBUG:root:Epoch: 92 Loss: 23.27046775817871 acc:  100.000/ 49.029 f1:  100.000/ 46.543
DEBUG:root:Epoch: 93 Loss: 23.282344818115234 acc:  100.000/ 48.966 f1:  100.000/ 46.455
DEBUG:root:Epoch: 94 Loss: 23.2551212310791 acc:  100.000/ 48.904 f1:  100.000/ 46.372
DEBUG:root:Epoch: 95 Loss: 23.258729934692383 acc:  100.000/ 48.872 f1:  100.000/ 46.292
DEBUG:root:Epoch: 96 Loss: 23.1973819732666 acc:  100.000/ 48.747 f1:  100.000/ 46.172
DEBUG:root:Epoch: 97 Loss: 23.230485916137695 acc:  100.000/ 48.653 f1:  100.000/ 46.071
DEBUG:root:Epoch: 98 Loss: 23.21475601196289 acc:  100.000/ 48.747 f1:  100.000/ 46.091
DEBUG:root:Epoch: 99 Loss: 23.207033157348633 acc:  100.000/ 48.778 f1:  100.000/ 46.112
DEBUG:root:Epoch: 100 Loss: 23.232372283935547 acc:  100.000/ 48.371 f1:  100.000/ 45.653
DEBUG:root:Epoch: 101 Loss: 23.1729793548584 acc:  100.000/ 48.308 f1:  100.000/ 45.566
DEBUG:root:Epoch: 102 Loss: 23.224815368652344 acc:  100.000/ 48.183 f1:  100.000/ 45.441
DEBUG:root:Epoch: 103 Loss: 23.180253982543945 acc:  100.000/ 48.152 f1:  100.000/ 45.431
DEBUG:root:Epoch: 104 Loss: 23.223812103271484 acc:  100.000/ 47.901 f1:  100.000/ 45.161
DEBUG:root:Epoch: 105 Loss: 23.16669464111328 acc:  100.000/ 47.525 f1:  100.000/ 44.780
DEBUG:root:Epoch: 106 Loss: 23.17131996154785 acc:  100.000/ 47.243 f1:  100.000/ 44.421
DEBUG:root:Epoch: 107 Loss: 23.134902954101562 acc:  100.000/ 46.961 f1:  100.000/ 44.074
DEBUG:root:Epoch: 108 Loss: 23.186275482177734 acc:  100.000/ 46.836 f1:  100.000/ 43.890
DEBUG:root:Epoch: 109 Loss: 23.11194610595703 acc:  100.000/ 47.086 f1:  100.000/ 44.138
DEBUG:root:Epoch: 110 Loss: 23.14122772216797 acc:  100.000/ 46.898 f1:  100.000/ 43.906
DEBUG:root:Epoch: 111 Loss: 23.11796760559082 acc:  100.000/ 46.773 f1:  100.000/ 43.768
DEBUG:root:Epoch: 112 Loss: 23.095741271972656 acc:  100.000/ 46.836 f1:  100.000/ 43.870
DEBUG:root:Epoch: 113 Loss: 23.105667114257812 acc:  100.000/ 46.585 f1:  100.000/ 43.614
DEBUG:root:Epoch: 114 Loss: 23.144861221313477 acc:  100.000/ 46.335 f1:  100.000/ 43.299
DEBUG:root:Epoch: 115 Loss: 23.095083236694336 acc:  100.000/ 46.209 f1:  100.000/ 43.131
DEBUG:root:Epoch: 116 Loss: 23.08160972595215 acc:  100.000/ 46.178 f1:  100.000/ 43.111
DEBUG:root:Epoch: 117 Loss: 23.099000930786133 acc:  100.000/ 46.178 f1:  100.000/ 43.102
DEBUG:root:Epoch: 118 Loss: 23.089128494262695 acc:  100.000/ 46.021 f1:  100.000/ 42.912
DEBUG:root:Epoch: 119 Loss: 23.076492309570312 acc:  100.000/ 45.927 f1:  100.000/ 42.756
DEBUG:root:Epoch: 120 Loss: 23.093042373657227 acc:  100.000/ 45.771 f1:  100.000/ 42.596
DEBUG:root:Epoch: 121 Loss: 23.073781967163086 acc:  100.000/ 45.708 f1:  100.000/ 42.514
DEBUG:root:Epoch: 122 Loss: 23.122608184814453 acc:  100.000/ 45.677 f1:  100.000/ 42.472
DEBUG:root:Epoch: 123 Loss: 23.071401596069336 acc:  100.000/ 45.551 f1:  100.000/ 42.330
DEBUG:root:Epoch: 124 Loss: 23.094701766967773 acc:  100.000/ 45.269 f1:  100.000/ 42.022
DEBUG:root:Epoch: 125 Loss: 23.045326232910156 acc:  100.000/ 45.019 f1:  100.000/ 41.732
DEBUG:root:Epoch: 126 Loss: 23.075546264648438 acc:  100.000/ 44.956 f1:  100.000/ 41.679
DEBUG:root:Epoch: 127 Loss: 23.0126953125 acc:  100.000/ 44.862 f1:  100.000/ 41.572
DEBUG:root:Epoch: 128 Loss: 23.05634307861328 acc:  100.000/ 44.674 f1:  100.000/ 41.312
DEBUG:root:Epoch: 129 Loss: 23.02037811279297 acc:  100.000/ 44.549 f1:  100.000/ 41.163
DEBUG:root:Epoch: 130 Loss: 23.015836715698242 acc:  100.000/ 44.455 f1:  100.000/ 40.994
DEBUG:root:Epoch: 131 Loss: 23.086143493652344 acc:  100.000/ 44.330 f1:  100.000/ 40.766
DEBUG:root:Epoch: 132 Loss: 23.048982620239258 acc:  100.000/ 44.267 f1:  100.000/ 40.695
DEBUG:root:Epoch: 133 Loss: 23.046581268310547 acc:  100.000/ 44.016 f1:  100.000/ 40.456
DEBUG:root:Epoch: 134 Loss: 23.057125091552734 acc:  100.000/ 44.110 f1:  100.000/ 40.538
DEBUG:root:Epoch: 135 Loss: 23.049076080322266 acc:  100.000/ 44.142 f1:  100.000/ 40.586
DEBUG:root:Epoch: 136 Loss: 23.103837966918945 acc:  100.000/ 44.298 f1:  100.000/ 40.737
DEBUG:root:Epoch: 137 Loss: 23.04107666015625 acc:  100.000/ 44.236 f1:  100.000/ 40.637
DEBUG:root:Epoch: 138 Loss: 23.074527740478516 acc:  100.000/ 44.110 f1:  100.000/ 40.526
DEBUG:root:Epoch: 139 Loss: 23.032358169555664 acc:  100.000/ 43.985 f1:  100.000/ 40.425
DEBUG:root:Epoch: 140 Loss: 23.01419448852539 acc:  100.000/ 43.828 f1:  100.000/ 40.214
DEBUG:root:Epoch: 141 Loss: 23.04644775390625 acc:  100.000/ 43.578 f1:  100.000/ 39.893
DEBUG:root:Epoch: 142 Loss: 23.037569046020508 acc:  100.000/ 43.452 f1:  100.000/ 39.757
DEBUG:root:Epoch: 143 Loss: 23.033267974853516 acc:  100.000/ 43.390 f1:  100.000/ 39.689
DEBUG:root:Epoch: 144 Loss: 23.01645851135254 acc:  100.000/ 43.546 f1:  100.000/ 39.923
DEBUG:root:Epoch: 145 Loss: 23.04940414428711 acc:  100.000/ 43.296 f1:  100.000/ 39.611
DEBUG:root:Epoch: 146 Loss: 23.009920120239258 acc:  100.000/ 43.108 f1:  100.000/ 39.417
DEBUG:root:Epoch: 147 Loss: 23.01582908630371 acc:  100.000/ 43.014 f1:  100.000/ 39.369
DEBUG:root:Epoch: 148 Loss: 23.016862869262695 acc:  100.000/ 42.888 f1:  100.000/ 39.192
DEBUG:root:Epoch: 149 Loss: 23.04669189453125 acc:  100.000/ 42.732 f1:  100.000/ 39.000
DEBUG:root:Epoch: 150 Loss: 23.002201080322266 acc:  100.000/ 42.638 f1:  100.000/ 38.894
DEBUG:root:Epoch: 151 Loss: 23.032119750976562 acc:  100.000/ 42.544 f1:  100.000/ 38.753
DEBUG:root:Epoch: 152 Loss: 22.999664306640625 acc:  100.000/ 42.544 f1:  100.000/ 38.742
DEBUG:root:Epoch: 153 Loss: 23.06125259399414 acc:  100.000/ 42.387 f1:  100.000/ 38.518
DEBUG:root:Epoch: 154 Loss: 23.034530639648438 acc:  100.000/ 42.356 f1:  100.000/ 38.489
DEBUG:root:Epoch: 155 Loss: 23.059349060058594 acc:  100.000/ 42.513 f1:  100.000/ 38.646
DEBUG:root:Epoch: 156 Loss: 23.028282165527344 acc:  100.000/ 42.419 f1:  100.000/ 38.565
DEBUG:root:Epoch: 157 Loss: 23.010522842407227 acc:  100.000/ 42.137 f1:  100.000/ 38.262
DEBUG:root:Epoch: 158 Loss: 23.03034782409668 acc:  100.000/ 41.855 f1:  100.000/ 37.920
DEBUG:root:Epoch: 159 Loss: 23.047710418701172 acc:  100.000/ 41.729 f1:  100.000/ 37.754
DEBUG:root:Epoch: 160 Loss: 22.99212074279785 acc:  100.000/ 41.541 f1:  100.000/ 37.541
DEBUG:root:Epoch: 161 Loss: 23.021560668945312 acc:  100.000/ 41.541 f1:  100.000/ 37.522
DEBUG:root:Epoch: 162 Loss: 23.020540237426758 acc:  100.000/ 41.479 f1:  100.000/ 37.461
DEBUG:root:Epoch: 163 Loss: 23.040515899658203 acc:  100.000/ 41.479 f1:  100.000/ 37.516
DEBUG:root:Epoch: 164 Loss: 23.022396087646484 acc:  100.000/ 41.291 f1:  100.000/ 37.348
DEBUG:root:Epoch: 165 Loss: 23.028966903686523 acc:  100.000/ 40.977 f1:  100.000/ 36.986
DEBUG:root:Epoch: 166 Loss: 23.038179397583008 acc:  100.000/ 40.852 f1:  100.000/ 36.802
DEBUG:root:Epoch: 167 Loss: 23.061485290527344 acc:  100.000/ 40.758 f1:  100.000/ 36.673
DEBUG:root:Epoch: 168 Loss: 22.989736557006836 acc:  100.000/ 40.664 f1:  100.000/ 36.600
DEBUG:root:Epoch: 169 Loss: 23.007343292236328 acc:  100.000/ 40.633 f1:  100.000/ 36.621
DEBUG:root:Epoch: 170 Loss: 23.003379821777344 acc:  100.000/ 40.539 f1:  100.000/ 36.533
DEBUG:root:Epoch: 171 Loss: 23.083337783813477 acc:  100.000/ 40.539 f1:  100.000/ 36.547
DEBUG:root:Epoch: 172 Loss: 23.03847312927246 acc:  100.000/ 40.351 f1:  100.000/ 36.365
DEBUG:root:Epoch: 173 Loss: 23.019163131713867 acc:  100.000/ 40.226 f1:  100.000/ 36.201
DEBUG:root:Epoch: 174 Loss: 23.020349502563477 acc:  100.000/ 40.006 f1:  100.000/ 35.919
DEBUG:root:Epoch: 175 Loss: 23.02989387512207 acc:  100.000/ 39.818 f1:  100.000/ 35.684
DEBUG:root:Epoch: 176 Loss: 23.03538703918457 acc:  100.000/ 39.912 f1:  100.000/ 35.767
DEBUG:root:Epoch: 177 Loss: 23.019851684570312 acc:  100.000/ 40.132 f1:  100.000/ 36.070
DEBUG:root:Epoch: 178 Loss: 23.05755043029785 acc:  100.000/ 39.944 f1:  100.000/ 35.870
DEBUG:root:Epoch: 179 Loss: 23.03786849975586 acc:  100.000/ 39.818 f1:  100.000/ 35.809
DEBUG:root:Epoch: 180 Loss: 23.06916618347168 acc:  100.000/ 39.505 f1:  100.000/ 35.405
DEBUG:root:Epoch: 181 Loss: 23.083879470825195 acc:  100.000/ 39.129 f1:  100.000/ 34.964
DEBUG:root:Epoch: 182 Loss: 23.049571990966797 acc:  100.000/ 39.098 f1:  100.000/ 34.969
DEBUG:root:Epoch: 183 Loss: 23.00720977783203 acc:  100.000/ 39.035 f1:  100.000/ 34.904
DEBUG:root:Epoch: 184 Loss: 23.032655715942383 acc:  100.000/ 38.910 f1:  100.000/ 34.739
DEBUG:root:Epoch: 185 Loss: 23.054611206054688 acc:  100.000/ 38.628 f1:  100.000/ 34.453
DEBUG:root:Epoch: 186 Loss: 23.06303596496582 acc:  100.000/ 38.409 f1:  100.000/ 34.155
DEBUG:root:Epoch: 187 Loss: 23.065916061401367 acc:  100.000/ 38.377 f1:  100.000/ 34.087
DEBUG:root:Epoch: 188 Loss: 23.020837783813477 acc:  100.000/ 38.189 f1:  100.000/ 33.882
DEBUG:root:Epoch: 189 Loss: 23.10426139831543 acc:  100.000/ 38.095 f1:  100.000/ 33.762
DEBUG:root:Epoch: 190 Loss: 23.034761428833008 acc:  100.000/ 37.907 f1:  100.000/ 33.535
DEBUG:root:Epoch: 191 Loss: 23.065170288085938 acc:  100.000/ 37.939 f1:  100.000/ 33.571
DEBUG:root:Epoch: 192 Loss: 23.04878044128418 acc:  100.000/ 37.845 f1:  100.000/ 33.512
DEBUG:root:Epoch: 193 Loss: 23.11528205871582 acc:  100.000/ 37.782 f1:  100.000/ 33.452
DEBUG:root:Epoch: 194 Loss: 23.058361053466797 acc:  100.000/ 37.845 f1:  100.000/ 33.485
DEBUG:root:Epoch: 195 Loss: 23.091123580932617 acc:  100.000/ 37.782 f1:  100.000/ 33.394
DEBUG:root:Epoch: 196 Loss: 23.140756607055664 acc:  100.000/ 37.531 f1:  100.000/ 33.138
DEBUG:root:Epoch: 197 Loss: 23.095176696777344 acc:  100.000/ 37.531 f1:  100.000/ 33.064
DEBUG:root:Epoch: 198 Loss: 23.15947914123535 acc:  100.000/ 37.437 f1:  100.000/ 32.948
DEBUG:root:Epoch: 199 Loss: 23.1223201751709 acc:  100.000/ 37.406 f1:  100.000/ 32.901
INFO:root:Training has finished.
INFO:root:best eval acc is 49.09147869674185 at 91.
INFO:root:test f1 is 42.415323863212784.
INFO:root:test acc is 45.05052099658519.
