INFO:root:Start SimCLR fine-tuning head for 200 epochs.
INFO:root:Training with gpu: False.
DEBUG:root:Epoch: 0 	 Loss: 4.519517421722412 	 train acc: tensor([0.], device='cuda:3') 	 val acc: tensor([7.7169], device='cuda:3')
DEBUG:root:Epoch: 1 	 Loss: 2.473332643508911 	 train acc: tensor([11.1111], device='cuda:3') 	 val acc: tensor([16.9986], device='cuda:3')
DEBUG:root:Epoch: 2 	 Loss: 2.524488925933838 	 train acc: tensor([17.4603], device='cuda:3') 	 val acc: tensor([14.3670], device='cuda:3')
DEBUG:root:Epoch: 3 	 Loss: 2.4520206451416016 	 train acc: tensor([16.6667], device='cuda:3') 	 val acc: tensor([24.3243], device='cuda:3')
DEBUG:root:Epoch: 4 	 Loss: 2.4177706241607666 	 train acc: tensor([17.4603], device='cuda:3') 	 val acc: tensor([18.4922], device='cuda:3')
DEBUG:root:Epoch: 5 	 Loss: 2.164233922958374 	 train acc: tensor([19.0476], device='cuda:3') 	 val acc: tensor([15.8606], device='cuda:3')
DEBUG:root:Epoch: 6 	 Loss: 2.1136584281921387 	 train acc: tensor([19.8413], device='cuda:3') 	 val acc: tensor([27.8805], device='cuda:3')
DEBUG:root:Epoch: 7 	 Loss: 1.9027138948440552 	 train acc: tensor([28.5714], device='cuda:3') 	 val acc: tensor([19.5235], device='cuda:3')
DEBUG:root:Epoch: 8 	 Loss: 2.2576420307159424 	 train acc: tensor([32.5397], device='cuda:3') 	 val acc: tensor([32.5036], device='cuda:3')
DEBUG:root:Epoch: 9 	 Loss: 1.8710824251174927 	 train acc: tensor([38.8889], device='cuda:3') 	 val acc: tensor([31.2945], device='cuda:3')
DEBUG:root:Epoch: 10 	 Loss: 1.8850191831588745 	 train acc: tensor([38.0952], device='cuda:3') 	 val acc: tensor([25.4267], device='cuda:3')
DEBUG:root:Epoch: 11 	 Loss: 1.964184045791626 	 train acc: tensor([36.5079], device='cuda:3') 	 val acc: tensor([33.6771], device='cuda:3')
DEBUG:root:Epoch: 12 	 Loss: 1.996289849281311 	 train acc: tensor([39.6825], device='cuda:3') 	 val acc: tensor([34.6373], device='cuda:3')
DEBUG:root:Epoch: 13 	 Loss: 1.9895833730697632 	 train acc: tensor([43.6508], device='cuda:3') 	 val acc: tensor([28.7696], device='cuda:3')
DEBUG:root:Epoch: 14 	 Loss: 1.9249603748321533 	 train acc: tensor([44.4445], device='cuda:3') 	 val acc: tensor([28.9474], device='cuda:3')
DEBUG:root:Epoch: 15 	 Loss: 1.9637459516525269 	 train acc: tensor([34.9206], device='cuda:3') 	 val acc: tensor([38.6913], device='cuda:3')
DEBUG:root:Epoch: 16 	 Loss: 1.8379896879196167 	 train acc: tensor([38.0952], device='cuda:3') 	 val acc: tensor([36.3087], device='cuda:3')
DEBUG:root:Epoch: 17 	 Loss: 1.7445287704467773 	 train acc: tensor([42.0635], device='cuda:3') 	 val acc: tensor([38.0512], device='cuda:3')
DEBUG:root:Epoch: 18 	 Loss: 1.5572267770767212 	 train acc: tensor([44.4445], device='cuda:3') 	 val acc: tensor([28.0939], device='cuda:3')
DEBUG:root:Epoch: 19 	 Loss: 1.5698726177215576 	 train acc: tensor([49.2064], device='cuda:3') 	 val acc: tensor([28.8051], device='cuda:3')
DEBUG:root:Epoch: 20 	 Loss: 1.592180609703064 	 train acc: tensor([40.4762], device='cuda:3') 	 val acc: tensor([29.8364], device='cuda:3')
DEBUG:root:Epoch: 21 	 Loss: 1.6177695989608765 	 train acc: tensor([36.5079], device='cuda:3') 	 val acc: tensor([30.6543], device='cuda:3')
DEBUG:root:Epoch: 22 	 Loss: 1.4866119623184204 	 train acc: tensor([41.2698], device='cuda:3') 	 val acc: tensor([37.0910], device='cuda:3')
DEBUG:root:Epoch: 23 	 Loss: 1.4404462575912476 	 train acc: tensor([49.2064], device='cuda:3') 	 val acc: tensor([37.6600], device='cuda:3')
DEBUG:root:Epoch: 24 	 Loss: 1.456910490989685 	 train acc: tensor([42.0635], device='cuda:3') 	 val acc: tensor([41.2518], device='cuda:3')
DEBUG:root:Epoch: 25 	 Loss: 1.436768889427185 	 train acc: tensor([43.6508], device='cuda:3') 	 val acc: tensor([43.2077], device='cuda:3')
DEBUG:root:Epoch: 26 	 Loss: 1.496013879776001 	 train acc: tensor([43.6508], device='cuda:3') 	 val acc: tensor([33.1792], device='cuda:3')
DEBUG:root:Epoch: 27 	 Loss: 1.4177767038345337 	 train acc: tensor([51.5873], device='cuda:3') 	 val acc: tensor([34.1394], device='cuda:3')
DEBUG:root:Epoch: 28 	 Loss: 1.410086989402771 	 train acc: tensor([41.2698], device='cuda:3') 	 val acc: tensor([34.5306], device='cuda:3')
DEBUG:root:Epoch: 29 	 Loss: 1.372132420539856 	 train acc: tensor([40.4762], device='cuda:3') 	 val acc: tensor([38.2646], device='cuda:3')
DEBUG:root:Epoch: 30 	 Loss: 1.3919703960418701 	 train acc: tensor([45.2381], device='cuda:3') 	 val acc: tensor([33.9972], device='cuda:3')
DEBUG:root:Epoch: 31 	 Loss: 1.3664895296096802 	 train acc: tensor([50.7937], device='cuda:3') 	 val acc: tensor([27.9872], device='cuda:3')
DEBUG:root:Epoch: 32 	 Loss: 1.3419855833053589 	 train acc: tensor([43.6508], device='cuda:3') 	 val acc: tensor([27.8449], device='cuda:3')
DEBUG:root:Epoch: 33 	 Loss: 1.307288646697998 	 train acc: tensor([45.2381], device='cuda:3') 	 val acc: tensor([31.0100], device='cuda:3')
DEBUG:root:Epoch: 34 	 Loss: 1.3386112451553345 	 train acc: tensor([39.6825], device='cuda:3') 	 val acc: tensor([31.3300], device='cuda:3')
DEBUG:root:Epoch: 35 	 Loss: 1.2981128692626953 	 train acc: tensor([45.2381], device='cuda:3') 	 val acc: tensor([37.3755], device='cuda:3')
DEBUG:root:Epoch: 36 	 Loss: 1.2772120237350464 	 train acc: tensor([50.0000], device='cuda:3') 	 val acc: tensor([37.0555], device='cuda:3')
DEBUG:root:Epoch: 37 	 Loss: 1.326882243156433 	 train acc: tensor([50.7937], device='cuda:3') 	 val acc: tensor([34.8506], device='cuda:3')
DEBUG:root:Epoch: 38 	 Loss: 1.2729012966156006 	 train acc: tensor([42.8571], device='cuda:3') 	 val acc: tensor([34.1750], device='cuda:3')
DEBUG:root:Epoch: 39 	 Loss: 1.3325079679489136 	 train acc: tensor([44.4445], device='cuda:3') 	 val acc: tensor([42.4609], device='cuda:3')
DEBUG:root:Epoch: 40 	 Loss: 1.3287643194198608 	 train acc: tensor([50.0000], device='cuda:3') 	 val acc: tensor([41.9986], device='cuda:3')
DEBUG:root:Epoch: 41 	 Loss: 1.2656121253967285 	 train acc: tensor([50.7937], device='cuda:3') 	 val acc: tensor([36.4509], device='cuda:3')
DEBUG:root:Epoch: 42 	 Loss: 1.2317055463790894 	 train acc: tensor([50.0000], device='cuda:3') 	 val acc: tensor([31.3656], device='cuda:3')
DEBUG:root:Epoch: 43 	 Loss: 1.2964093685150146 	 train acc: tensor([45.2381], device='cuda:3') 	 val acc: tensor([33.0014], device='cuda:3')
DEBUG:root:Epoch: 44 	 Loss: 1.2954857349395752 	 train acc: tensor([45.2381], device='cuda:3') 	 val acc: tensor([32.8236], device='cuda:3')
DEBUG:root:Epoch: 45 	 Loss: 1.303920030593872 	 train acc: tensor([42.0635], device='cuda:3') 	 val acc: tensor([28.7340], device='cuda:3')
DEBUG:root:Epoch: 46 	 Loss: 1.2416445016860962 	 train acc: tensor([45.2381], device='cuda:3') 	 val acc: tensor([28.5562], device='cuda:3')
DEBUG:root:Epoch: 47 	 Loss: 1.2728022336959839 	 train acc: tensor([42.8571], device='cuda:3') 	 val acc: tensor([40.1494], device='cuda:3')
DEBUG:root:Epoch: 48 	 Loss: 1.2604491710662842 	 train acc: tensor([47.6190], device='cuda:3') 	 val acc: tensor([43.7055], device='cuda:3')
DEBUG:root:Epoch: 49 	 Loss: 1.2529778480529785 	 train acc: tensor([50.0000], device='cuda:3') 	 val acc: tensor([34.4950], device='cuda:3')
DEBUG:root:Epoch: 50 	 Loss: 1.2338204383850098 	 train acc: tensor([47.6190], device='cuda:3') 	 val acc: tensor([35.9175], device='cuda:3')
DEBUG:root:Epoch: 51 	 Loss: 1.2787731885910034 	 train acc: tensor([49.2064], device='cuda:3') 	 val acc: tensor([40.1138], device='cuda:3')
DEBUG:root:Epoch: 52 	 Loss: 1.2682322263717651 	 train acc: tensor([53.1746], device='cuda:3') 	 val acc: tensor([36.4154], device='cuda:3')
DEBUG:root:Epoch: 53 	 Loss: 1.2149441242218018 	 train acc: tensor([54.7619], device='cuda:3') 	 val acc: tensor([34.8506], device='cuda:3')
DEBUG:root:Epoch: 54 	 Loss: 1.24210786819458 	 train acc: tensor([50.7937], device='cuda:3') 	 val acc: tensor([41.3229], device='cuda:3')
DEBUG:root:Epoch: 55 	 Loss: 1.18926203250885 	 train acc: tensor([50.0000], device='cuda:3') 	 val acc: tensor([34.4950], device='cuda:3')
DEBUG:root:Epoch: 56 	 Loss: 1.1993671655654907 	 train acc: tensor([48.4127], device='cuda:3') 	 val acc: tensor([30.6543], device='cuda:3')
DEBUG:root:Epoch: 57 	 Loss: 1.2006661891937256 	 train acc: tensor([47.6190], device='cuda:3') 	 val acc: tensor([30.1920], device='cuda:3')
DEBUG:root:Epoch: 58 	 Loss: 1.2397416830062866 	 train acc: tensor([48.4127], device='cuda:3') 	 val acc: tensor([38.7980], device='cuda:3')
DEBUG:root:Epoch: 59 	 Loss: 1.234109878540039 	 train acc: tensor([54.7619], device='cuda:3') 	 val acc: tensor([36.2731], device='cuda:3')
DEBUG:root:Epoch: 60 	 Loss: 1.2124580144882202 	 train acc: tensor([53.1746], device='cuda:3') 	 val acc: tensor([38.2646], device='cuda:3')
DEBUG:root:Epoch: 61 	 Loss: 1.29478120803833 	 train acc: tensor([48.4127], device='cuda:3') 	 val acc: tensor([37.4111], device='cuda:3')
DEBUG:root:Epoch: 62 	 Loss: 1.229500412940979 	 train acc: tensor([40.4762], device='cuda:3') 	 val acc: tensor([36.3442], device='cuda:3')
DEBUG:root:Epoch: 63 	 Loss: 1.2654848098754883 	 train acc: tensor([41.2698], device='cuda:3') 	 val acc: tensor([27.5960], device='cuda:3')
DEBUG:root:Epoch: 64 	 Loss: 1.2132638692855835 	 train acc: tensor([42.0635], device='cuda:3') 	 val acc: tensor([34.0327], device='cuda:3')
DEBUG:root:Epoch: 65 	 Loss: 1.2460907697677612 	 train acc: tensor([53.1746], device='cuda:3') 	 val acc: tensor([41.8919], device='cuda:3')
DEBUG:root:Epoch: 66 	 Loss: 1.1918178796768188 	 train acc: tensor([48.4127], device='cuda:3') 	 val acc: tensor([38.6202], device='cuda:3')
DEBUG:root:Epoch: 67 	 Loss: 1.3051644563674927 	 train acc: tensor([51.5873], device='cuda:3') 	 val acc: tensor([29.9787], device='cuda:3')
DEBUG:root:Epoch: 68 	 Loss: 1.243542194366455 	 train acc: tensor([38.8889], device='cuda:3') 	 val acc: tensor([26.4580], device='cuda:3')
DEBUG:root:Epoch: 69 	 Loss: 1.2454053163528442 	 train acc: tensor([37.3016], device='cuda:3') 	 val acc: tensor([29.0541], device='cuda:3')
DEBUG:root:Epoch: 70 	 Loss: 1.2653014659881592 	 train acc: tensor([34.9206], device='cuda:3') 	 val acc: tensor([38.3001], device='cuda:3')
DEBUG:root:Epoch: 71 	 Loss: 1.2884997129440308 	 train acc: tensor([42.8571], device='cuda:3') 	 val acc: tensor([39.5092], device='cuda:3')
DEBUG:root:Epoch: 72 	 Loss: 1.2619508504867554 	 train acc: tensor([42.8571], device='cuda:3') 	 val acc: tensor([33.1081], device='cuda:3')
DEBUG:root:Epoch: 73 	 Loss: 1.317726492881775 	 train acc: tensor([43.6508], device='cuda:3') 	 val acc: tensor([32.1479], device='cuda:3')
DEBUG:root:Epoch: 74 	 Loss: 1.246608853340149 	 train acc: tensor([41.2698], device='cuda:3') 	 val acc: tensor([37.4822], device='cuda:3')
DEBUG:root:Epoch: 75 	 Loss: 1.3494668006896973 	 train acc: tensor([46.0317], device='cuda:3') 	 val acc: tensor([35.6686], device='cuda:3')
DEBUG:root:Epoch: 76 	 Loss: 1.2909623384475708 	 train acc: tensor([41.2698], device='cuda:3') 	 val acc: tensor([26.4580], device='cuda:3')
DEBUG:root:Epoch: 77 	 Loss: 1.3464268445968628 	 train acc: tensor([37.3016], device='cuda:3') 	 val acc: tensor([25.8890], device='cuda:3')
DEBUG:root:Epoch: 78 	 Loss: 1.304439663887024 	 train acc: tensor([38.8889], device='cuda:3') 	 val acc: tensor([32.6458], device='cuda:3')
DEBUG:root:Epoch: 79 	 Loss: 1.1917760372161865 	 train acc: tensor([45.2381], device='cuda:3') 	 val acc: tensor([38.7269], device='cuda:3')
DEBUG:root:Epoch: 80 	 Loss: 1.393362283706665 	 train acc: tensor([45.2381], device='cuda:3') 	 val acc: tensor([36.9132], device='cuda:3')
DEBUG:root:Epoch: 81 	 Loss: 1.196608304977417 	 train acc: tensor([41.2698], device='cuda:3') 	 val acc: tensor([30.7610], device='cuda:3')
DEBUG:root:Epoch: 82 	 Loss: 1.3694324493408203 	 train acc: tensor([42.8571], device='cuda:3') 	 val acc: tensor([31.7923], device='cuda:3')
DEBUG:root:Epoch: 83 	 Loss: 1.2712783813476562 	 train acc: tensor([41.2698], device='cuda:3') 	 val acc: tensor([37.6600], device='cuda:3')
DEBUG:root:Epoch: 84 	 Loss: 1.3056057691574097 	 train acc: tensor([41.2698], device='cuda:3') 	 val acc: tensor([35.4908], device='cuda:3')
DEBUG:root:Epoch: 85 	 Loss: 1.3200900554656982 	 train acc: tensor([38.8889], device='cuda:3') 	 val acc: tensor([27.5960], device='cuda:3')
DEBUG:root:Epoch: 86 	 Loss: 1.2007063627243042 	 train acc: tensor([41.2698], device='cuda:3') 	 val acc: tensor([25.8890], device='cuda:3')
DEBUG:root:Epoch: 87 	 Loss: 1.371932029724121 	 train acc: tensor([42.0635], device='cuda:3') 	 val acc: tensor([32.6458], device='cuda:3')
DEBUG:root:Epoch: 88 	 Loss: 1.2435048818588257 	 train acc: tensor([40.4762], device='cuda:3') 	 val acc: tensor([36.5932], device='cuda:3')
DEBUG:root:Epoch: 89 	 Loss: 1.3350586891174316 	 train acc: tensor([42.0635], device='cuda:3') 	 val acc: tensor([37.9801], device='cuda:3')
DEBUG:root:Epoch: 90 	 Loss: 1.244500756263733 	 train acc: tensor([42.8571], device='cuda:3') 	 val acc: tensor([27.8805], device='cuda:3')
DEBUG:root:Epoch: 91 	 Loss: 1.3322970867156982 	 train acc: tensor([40.4762], device='cuda:3') 	 val acc: tensor([25.8890], device='cuda:3')
DEBUG:root:Epoch: 92 	 Loss: 1.2679355144500732 	 train acc: tensor([38.8889], device='cuda:3') 	 val acc: tensor([34.4239], device='cuda:3')
DEBUG:root:Epoch: 93 	 Loss: 1.2835596799850464 	 train acc: tensor([38.0952], device='cuda:3') 	 val acc: tensor([37.3400], device='cuda:3')
DEBUG:root:Epoch: 94 	 Loss: 1.2521326541900635 	 train acc: tensor([41.2698], device='cuda:3') 	 val acc: tensor([33.8193], device='cuda:3')
DEBUG:root:Epoch: 95 	 Loss: 1.2495509386062622 	 train acc: tensor([44.4445], device='cuda:3') 	 val acc: tensor([29.6586], device='cuda:3')
DEBUG:root:Epoch: 96 	 Loss: 1.2960997819900513 	 train acc: tensor([38.0952], device='cuda:3') 	 val acc: tensor([30.2987], device='cuda:3')
DEBUG:root:Epoch: 97 	 Loss: 1.2076460123062134 	 train acc: tensor([42.8571], device='cuda:3') 	 val acc: tensor([33.7482], device='cuda:3')
DEBUG:root:Epoch: 98 	 Loss: 1.2304840087890625 	 train acc: tensor([43.6508], device='cuda:3') 	 val acc: tensor([36.9488], device='cuda:3')
DEBUG:root:Epoch: 99 	 Loss: 1.2091487646102905 	 train acc: tensor([54.7619], device='cuda:3') 	 val acc: tensor([31.4723], device='cuda:3')
DEBUG:root:Epoch: 100 	 Loss: 1.267244815826416 	 train acc: tensor([38.0952], device='cuda:3') 	 val acc: tensor([37.7667], device='cuda:3')
DEBUG:root:Epoch: 101 	 Loss: 1.1953407526016235 	 train acc: tensor([38.0952], device='cuda:3') 	 val acc: tensor([33.6060], device='cuda:3')
DEBUG:root:Epoch: 102 	 Loss: 1.2448277473449707 	 train acc: tensor([39.6825], device='cuda:3') 	 val acc: tensor([32.5747], device='cuda:3')
DEBUG:root:Epoch: 103 	 Loss: 1.2297337055206299 	 train acc: tensor([39.6825], device='cuda:3') 	 val acc: tensor([27.8805], device='cuda:3')
DEBUG:root:Epoch: 104 	 Loss: 1.249599575996399 	 train acc: tensor([41.2698], device='cuda:3') 	 val acc: tensor([29.7653], device='cuda:3')
DEBUG:root:Epoch: 105 	 Loss: 1.2059887647628784 	 train acc: tensor([43.6508], device='cuda:3') 	 val acc: tensor([37.9445], device='cuda:3')
DEBUG:root:Epoch: 106 	 Loss: 1.2227437496185303 	 train acc: tensor([41.2698], device='cuda:3') 	 val acc: tensor([37.2688], device='cuda:3')
DEBUG:root:Epoch: 107 	 Loss: 1.2283073663711548 	 train acc: tensor([43.6508], device='cuda:3') 	 val acc: tensor([28.4851], device='cuda:3')
DEBUG:root:Epoch: 108 	 Loss: 1.197172999382019 	 train acc: tensor([41.2698], device='cuda:3') 	 val acc: tensor([25.2845], device='cuda:3')
DEBUG:root:Epoch: 109 	 Loss: 1.2417243719100952 	 train acc: tensor([42.0635], device='cuda:3') 	 val acc: tensor([39.5092], device='cuda:3')
DEBUG:root:Epoch: 110 	 Loss: 1.1904717683792114 	 train acc: tensor([54.7619], device='cuda:3') 	 val acc: tensor([41.5363], device='cuda:3')
DEBUG:root:Epoch: 111 	 Loss: 1.2323262691497803 	 train acc: tensor([53.1746], device='cuda:3') 	 val acc: tensor([30.6899], device='cuda:3')
DEBUG:root:Epoch: 112 	 Loss: 1.2185389995574951 	 train acc: tensor([42.0635], device='cuda:3') 	 val acc: tensor([28.5206], device='cuda:3')
DEBUG:root:Epoch: 113 	 Loss: 1.2630056142807007 	 train acc: tensor([40.4762], device='cuda:3') 	 val acc: tensor([32.9659], device='cuda:3')
DEBUG:root:Epoch: 114 	 Loss: 1.1995537281036377 	 train acc: tensor([42.8571], device='cuda:3') 	 val acc: tensor([39.3670], device='cuda:3')
DEBUG:root:Epoch: 115 	 Loss: 1.3298118114471436 	 train acc: tensor([48.4127], device='cuda:3') 	 val acc: tensor([36.6999], device='cuda:3')
DEBUG:root:Epoch: 116 	 Loss: 1.2147293090820312 	 train acc: tensor([50.7937], device='cuda:3') 	 val acc: tensor([32.2546], device='cuda:3')
DEBUG:root:Epoch: 117 	 Loss: 1.2314250469207764 	 train acc: tensor([40.4762], device='cuda:3') 	 val acc: tensor([33.8905], device='cuda:3')
DEBUG:root:Epoch: 118 	 Loss: 1.1648446321487427 	 train acc: tensor([49.2064], device='cuda:3') 	 val acc: tensor([36.3087], device='cuda:3')
DEBUG:root:Epoch: 119 	 Loss: 1.2436965703964233 	 train acc: tensor([44.4445], device='cuda:3') 	 val acc: tensor([33.2859], device='cuda:3')
DEBUG:root:Epoch: 120 	 Loss: 1.1986782550811768 	 train acc: tensor([40.4762], device='cuda:3') 	 val acc: tensor([28.2006], device='cuda:3')
DEBUG:root:Epoch: 121 	 Loss: 1.2549489736557007 	 train acc: tensor([46.8254], device='cuda:3') 	 val acc: tensor([29.4808], device='cuda:3')
DEBUG:root:Epoch: 122 	 Loss: 1.1963064670562744 	 train acc: tensor([47.6190], device='cuda:3') 	 val acc: tensor([37.6956], device='cuda:3')
DEBUG:root:Epoch: 123 	 Loss: 1.1874397993087769 	 train acc: tensor([39.6825], device='cuda:3') 	 val acc: tensor([37.2333], device='cuda:3')
DEBUG:root:Epoch: 124 	 Loss: 1.2662523984909058 	 train acc: tensor([40.4762], device='cuda:3') 	 val acc: tensor([31.0100], device='cuda:3')
DEBUG:root:Epoch: 125 	 Loss: 1.2085199356079102 	 train acc: tensor([41.2698], device='cuda:3') 	 val acc: tensor([27.3826], device='cuda:3')
DEBUG:root:Epoch: 126 	 Loss: 1.2814528942108154 	 train acc: tensor([41.2698], device='cuda:3') 	 val acc: tensor([34.1394], device='cuda:3')
DEBUG:root:Epoch: 127 	 Loss: 1.2598042488098145 	 train acc: tensor([44.4445], device='cuda:3') 	 val acc: tensor([35.8108], device='cuda:3')
DEBUG:root:Epoch: 128 	 Loss: 1.206117033958435 	 train acc: tensor([43.6508], device='cuda:3') 	 val acc: tensor([37.2688], device='cuda:3')
DEBUG:root:Epoch: 129 	 Loss: 1.1851978302001953 	 train acc: tensor([43.6508], device='cuda:3') 	 val acc: tensor([30.9033], device='cuda:3')
DEBUG:root:Epoch: 130 	 Loss: 1.2321088314056396 	 train acc: tensor([42.0635], device='cuda:3') 	 val acc: tensor([34.1394], device='cuda:3')
DEBUG:root:Epoch: 131 	 Loss: 1.2045464515686035 	 train acc: tensor([42.8571], device='cuda:3') 	 val acc: tensor([36.3798], device='cuda:3')
DEBUG:root:Epoch: 132 	 Loss: 1.23753023147583 	 train acc: tensor([46.8254], device='cuda:3') 	 val acc: tensor([31.9701], device='cuda:3')
DEBUG:root:Epoch: 133 	 Loss: 1.1972992420196533 	 train acc: tensor([47.6190], device='cuda:3') 	 val acc: tensor([29.1963], device='cuda:3')
DEBUG:root:Epoch: 134 	 Loss: 1.188888669013977 	 train acc: tensor([46.0317], device='cuda:3') 	 val acc: tensor([35.5619], device='cuda:3')
DEBUG:root:Epoch: 135 	 Loss: 1.1953574419021606 	 train acc: tensor([42.8571], device='cuda:3') 	 val acc: tensor([32.5036], device='cuda:3')
DEBUG:root:Epoch: 136 	 Loss: 1.1937990188598633 	 train acc: tensor([39.6825], device='cuda:3') 	 val acc: tensor([34.8862], device='cuda:3')
DEBUG:root:Epoch: 137 	 Loss: 1.2117305994033813 	 train acc: tensor([41.2698], device='cuda:3') 	 val acc: tensor([32.3257], device='cuda:3')
DEBUG:root:Epoch: 138 	 Loss: 1.2238473892211914 	 train acc: tensor([39.6825], device='cuda:3') 	 val acc: tensor([32.0768], device='cuda:3')
DEBUG:root:Epoch: 139 	 Loss: 1.2307568788528442 	 train acc: tensor([48.4127], device='cuda:3') 	 val acc: tensor([27.4538], device='cuda:3')
DEBUG:root:Epoch: 140 	 Loss: 1.2530518770217896 	 train acc: tensor([40.4762], device='cuda:3') 	 val acc: tensor([34.7440], device='cuda:3')
DEBUG:root:Epoch: 141 	 Loss: 1.2129967212677002 	 train acc: tensor([42.8571], device='cuda:3') 	 val acc: tensor([35.0285], device='cuda:3')
DEBUG:root:Epoch: 142 	 Loss: 1.2106250524520874 	 train acc: tensor([41.2698], device='cuda:3') 	 val acc: tensor([29.2674], device='cuda:3')
DEBUG:root:Epoch: 143 	 Loss: 1.1896122694015503 	 train acc: tensor([38.0952], device='cuda:3') 	 val acc: tensor([34.3528], device='cuda:3')
DEBUG:root:Epoch: 144 	 Loss: 1.2032045125961304 	 train acc: tensor([49.2064], device='cuda:3') 	 val acc: tensor([36.6643], device='cuda:3')
DEBUG:root:Epoch: 145 	 Loss: 1.2590428590774536 	 train acc: tensor([50.7937], device='cuda:3') 	 val acc: tensor([28.7340], device='cuda:3')
DEBUG:root:Epoch: 146 	 Loss: 1.2440557479858398 	 train acc: tensor([38.0952], device='cuda:3') 	 val acc: tensor([28.8051], device='cuda:3')
DEBUG:root:Epoch: 147 	 Loss: 1.2470340728759766 	 train acc: tensor([42.0635], device='cuda:3') 	 val acc: tensor([35.9175], device='cuda:3')
DEBUG:root:Epoch: 148 	 Loss: 1.2395927906036377 	 train acc: tensor([37.3016], device='cuda:3') 	 val acc: tensor([34.3883], device='cuda:3')
DEBUG:root:Epoch: 149 	 Loss: 1.2499382495880127 	 train acc: tensor([40.4762], device='cuda:3') 	 val acc: tensor([29.9787], device='cuda:3')
DEBUG:root:Epoch: 150 	 Loss: 1.2787925004959106 	 train acc: tensor([46.0317], device='cuda:3') 	 val acc: tensor([27.4893], device='cuda:3')
DEBUG:root:Epoch: 151 	 Loss: 1.2311314344406128 	 train acc: tensor([38.0952], device='cuda:3') 	 val acc: tensor([35.3485], device='cuda:3')
DEBUG:root:Epoch: 152 	 Loss: 1.1937305927276611 	 train acc: tensor([42.8571], device='cuda:3') 	 val acc: tensor([36.3798], device='cuda:3')
DEBUG:root:Epoch: 153 	 Loss: 1.2365546226501465 	 train acc: tensor([38.8889], device='cuda:3') 	 val acc: tensor([30.7255], device='cuda:3')
DEBUG:root:Epoch: 154 	 Loss: 1.230194091796875 	 train acc: tensor([41.2698], device='cuda:3') 	 val acc: tensor([34.9573], device='cuda:3')
DEBUG:root:Epoch: 155 	 Loss: 1.1499735116958618 	 train acc: tensor([46.8254], device='cuda:3') 	 val acc: tensor([39.1536], device='cuda:3')
DEBUG:root:Epoch: 156 	 Loss: 1.230085849761963 	 train acc: tensor([51.5873], device='cuda:3') 	 val acc: tensor([27.5960], device='cuda:3')
DEBUG:root:Epoch: 157 	 Loss: 1.210667371749878 	 train acc: tensor([40.4762], device='cuda:3') 	 val acc: tensor([28.4851], device='cuda:3')
DEBUG:root:Epoch: 158 	 Loss: 1.2371461391448975 	 train acc: tensor([40.4762], device='cuda:3') 	 val acc: tensor([37.4467], device='cuda:3')
DEBUG:root:Epoch: 159 	 Loss: 1.2193185091018677 	 train acc: tensor([42.8571], device='cuda:3') 	 val acc: tensor([36.0597], device='cuda:3')
DEBUG:root:Epoch: 160 	 Loss: 1.2440555095672607 	 train acc: tensor([40.4762], device='cuda:3') 	 val acc: tensor([31.1878], device='cuda:3')
DEBUG:root:Epoch: 161 	 Loss: 1.2637665271759033 	 train acc: tensor([50.0000], device='cuda:3') 	 val acc: tensor([31.4011], device='cuda:3')
DEBUG:root:Epoch: 162 	 Loss: 1.2517811059951782 	 train acc: tensor([50.0000], device='cuda:3') 	 val acc: tensor([38.8691], device='cuda:3')
DEBUG:root:Epoch: 163 	 Loss: 1.2568724155426025 	 train acc: tensor([49.2064], device='cuda:3') 	 val acc: tensor([36.4509], device='cuda:3')
DEBUG:root:Epoch: 164 	 Loss: 1.2379041910171509 	 train acc: tensor([41.2698], device='cuda:3') 	 val acc: tensor([26.5292], device='cuda:3')
DEBUG:root:Epoch: 165 	 Loss: 1.2226455211639404 	 train acc: tensor([40.4762], device='cuda:3') 	 val acc: tensor([25.3912], device='cuda:3')
DEBUG:root:Epoch: 166 	 Loss: 1.2500996589660645 	 train acc: tensor([41.2698], device='cuda:3') 	 val acc: tensor([40.0427], device='cuda:3')
DEBUG:root:Epoch: 167 	 Loss: 1.2462159395217896 	 train acc: tensor([52.3810], device='cuda:3') 	 val acc: tensor([42.0341], device='cuda:3')
DEBUG:root:Epoch: 168 	 Loss: 1.242996335029602 	 train acc: tensor([51.5873], device='cuda:3') 	 val acc: tensor([30.6543], device='cuda:3')
DEBUG:root:Epoch: 169 	 Loss: 1.1589597463607788 	 train acc: tensor([46.8254], device='cuda:3') 	 val acc: tensor([30.7966], device='cuda:3')
DEBUG:root:Epoch: 170 	 Loss: 1.216062307357788 	 train acc: tensor([36.5079], device='cuda:3') 	 val acc: tensor([34.4239], device='cuda:3')
DEBUG:root:Epoch: 171 	 Loss: 1.2498983144760132 	 train acc: tensor([41.2698], device='cuda:3') 	 val acc: tensor([39.8649], device='cuda:3')
DEBUG:root:Epoch: 172 	 Loss: 1.1994948387145996 	 train acc: tensor([51.5873], device='cuda:3') 	 val acc: tensor([33.9972], device='cuda:3')
DEBUG:root:Epoch: 173 	 Loss: 1.2164602279663086 	 train acc: tensor([51.5873], device='cuda:3') 	 val acc: tensor([35.8108], device='cuda:3')
DEBUG:root:Epoch: 174 	 Loss: 1.2091968059539795 	 train acc: tensor([50.7937], device='cuda:3') 	 val acc: tensor([35.2774], device='cuda:3')
DEBUG:root:Epoch: 175 	 Loss: 1.2241673469543457 	 train acc: tensor([40.4762], device='cuda:3') 	 val acc: tensor([30.6899], device='cuda:3')
DEBUG:root:Epoch: 176 	 Loss: 1.165099024772644 	 train acc: tensor([42.0635], device='cuda:3') 	 val acc: tensor([31.4723], device='cuda:3')
DEBUG:root:Epoch: 177 	 Loss: 1.2239457368850708 	 train acc: tensor([39.6825], device='cuda:3') 	 val acc: tensor([35.2063], device='cuda:3')
DEBUG:root:Epoch: 178 	 Loss: 1.228202223777771 	 train acc: tensor([41.2698], device='cuda:3') 	 val acc: tensor([32.7525], device='cuda:3')
DEBUG:root:Epoch: 179 	 Loss: 1.203474998474121 	 train acc: tensor([45.2381], device='cuda:3') 	 val acc: tensor([25.8535], device='cuda:3')
DEBUG:root:Epoch: 180 	 Loss: 1.2106444835662842 	 train acc: tensor([42.0635], device='cuda:3') 	 val acc: tensor([29.8364], device='cuda:3')
DEBUG:root:Epoch: 181 	 Loss: 1.2778249979019165 	 train acc: tensor([44.4445], device='cuda:3') 	 val acc: tensor([37.2333], device='cuda:3')
DEBUG:root:Epoch: 182 	 Loss: 1.2327213287353516 	 train acc: tensor([38.0952], device='cuda:3') 	 val acc: tensor([31.9346], device='cuda:3')
DEBUG:root:Epoch: 183 	 Loss: 1.218373417854309 	 train acc: tensor([40.4762], device='cuda:3') 	 val acc: tensor([24.7155], device='cuda:3')
DEBUG:root:Epoch: 184 	 Loss: 1.2792179584503174 	 train acc: tensor([35.7143], device='cuda:3') 	 val acc: tensor([31.3300], device='cuda:3')
DEBUG:root:Epoch: 185 	 Loss: 1.1989279985427856 	 train acc: tensor([44.4445], device='cuda:3') 	 val acc: tensor([32.7525], device='cuda:3')
DEBUG:root:Epoch: 186 	 Loss: 1.1825100183486938 	 train acc: tensor([42.0635], device='cuda:3') 	 val acc: tensor([30.5121], device='cuda:3')
DEBUG:root:Epoch: 187 	 Loss: 1.2211811542510986 	 train acc: tensor([35.7143], device='cuda:3') 	 val acc: tensor([30.9744], device='cuda:3')
DEBUG:root:Epoch: 188 	 Loss: 1.2333976030349731 	 train acc: tensor([42.0635], device='cuda:3') 	 val acc: tensor([33.3570], device='cuda:3')
DEBUG:root:Epoch: 189 	 Loss: 1.2284101247787476 	 train acc: tensor([42.8571], device='cuda:3') 	 val acc: tensor([33.9972], device='cuda:3')
DEBUG:root:Epoch: 190 	 Loss: 1.1995666027069092 	 train acc: tensor([41.2698], device='cuda:3') 	 val acc: tensor([35.1707], device='cuda:3')
DEBUG:root:Epoch: 191 	 Loss: 1.2376348972320557 	 train acc: tensor([45.2381], device='cuda:3') 	 val acc: tensor([31.8279], device='cuda:3')
DEBUG:root:Epoch: 192 	 Loss: 1.2226500511169434 	 train acc: tensor([41.2698], device='cuda:3') 	 val acc: tensor([31.5078], device='cuda:3')
DEBUG:root:Epoch: 193 	 Loss: 1.2268612384796143 	 train acc: tensor([38.8889], device='cuda:3') 	 val acc: tensor([28.4495], device='cuda:3')
DEBUG:root:Epoch: 194 	 Loss: 1.2218915224075317 	 train acc: tensor([42.8571], device='cuda:3') 	 val acc: tensor([34.0327], device='cuda:3')
DEBUG:root:Epoch: 195 	 Loss: 1.2281794548034668 	 train acc: tensor([41.2698], device='cuda:3') 	 val acc: tensor([36.8777], device='cuda:3')
DEBUG:root:Epoch: 196 	 Loss: 1.2424280643463135 	 train acc: tensor([41.2698], device='cuda:3') 	 val acc: tensor([34.1038], device='cuda:3')
DEBUG:root:Epoch: 197 	 Loss: 1.2111096382141113 	 train acc: tensor([50.0000], device='cuda:3') 	 val acc: tensor([29.3385], device='cuda:3')
DEBUG:root:Epoch: 198 	 Loss: 1.2081100940704346 	 train acc: tensor([41.2698], device='cuda:3') 	 val acc: tensor([34.2105], device='cuda:3')
DEBUG:root:Epoch: 199 	 Loss: 1.201380729675293 	 train acc: tensor([35.7143], device='cuda:3') 	 val acc: tensor([34.3883], device='cuda:3')
INFO:root:Fine-tuning has finished.
INFO:root:test acc is tensor([40.6121], device='cuda:3').
