INFO:root:Start CPC fine-tuning head for 200 epochs.
INFO:root:Training with gpu: False.
DEBUG:root:Epoch: 0 Loss: 42.65176010131836 acc:  5.714/ 15.069 f1:  1.732/ 9.544
DEBUG:root:Epoch: 1 Loss: 41.51300048828125 acc:  7.143/ 15.414 f1:  4.766/ 10.202
DEBUG:root:Epoch: 2 Loss: 40.408424377441406 acc:  8.571/ 15.695 f1:  6.695/ 10.510
DEBUG:root:Epoch: 3 Loss: 39.31294250488281 acc:  8.571/ 16.103 f1:  7.110/ 10.863
DEBUG:root:Epoch: 4 Loss: 38.18310546875 acc:  8.571/ 15.977 f1:  7.971/ 10.837
DEBUG:root:Epoch: 5 Loss: 37.323509216308594 acc:  10.000/ 16.510 f1:  8.159/ 11.350
DEBUG:root:Epoch: 6 Loss: 36.35050582885742 acc:  12.857/ 16.729 f1:  10.440/ 11.607
DEBUG:root:Epoch: 7 Loss: 35.47134017944336 acc:  12.857/ 16.855 f1:  10.390/ 11.687
DEBUG:root:Epoch: 8 Loss: 34.74837875366211 acc:  12.857/ 17.325 f1:  10.241/ 12.236
DEBUG:root:Epoch: 9 Loss: 33.970069885253906 acc:  14.286/ 17.701 f1:  11.671/ 12.827
DEBUG:root:Epoch: 10 Loss: 33.311279296875 acc:  14.286/ 18.139 f1:  11.798/ 13.475
DEBUG:root:Epoch: 11 Loss: 32.65168380737305 acc:  21.429/ 18.640 f1:  17.161/ 14.348
DEBUG:root:Epoch: 12 Loss: 32.08177185058594 acc:  21.429/ 18.954 f1:  17.518/ 15.116
DEBUG:root:Epoch: 13 Loss: 31.45386505126953 acc:  24.286/ 19.142 f1:  19.055/ 15.718
DEBUG:root:Epoch: 14 Loss: 30.978500366210938 acc:  25.714/ 19.267 f1:  20.141/ 16.179
DEBUG:root:Epoch: 15 Loss: 30.495336532592773 acc:  28.571/ 19.455 f1:  23.500/ 16.452
DEBUG:root:Epoch: 16 Loss: 30.03293228149414 acc:  30.000/ 19.925 f1:  24.304/ 17.028
DEBUG:root:Epoch: 17 Loss: 29.532394409179688 acc:  30.000/ 20.395 f1:  24.304/ 17.584
DEBUG:root:Epoch: 18 Loss: 29.148725509643555 acc:  35.714/ 20.520 f1:  29.413/ 17.778
DEBUG:root:Epoch: 19 Loss: 28.733272552490234 acc:  35.714/ 20.614 f1:  29.478/ 17.888
DEBUG:root:Epoch: 20 Loss: 28.390705108642578 acc:  41.429/ 21.147 f1:  34.253/ 18.410
DEBUG:root:Epoch: 21 Loss: 28.038341522216797 acc:  40.000/ 22.149 f1:  32.233/ 19.260
DEBUG:root:Epoch: 22 Loss: 27.711334228515625 acc:  40.000/ 22.619 f1:  32.233/ 19.641
DEBUG:root:Epoch: 23 Loss: 27.408191680908203 acc:  42.857/ 23.214 f1:  35.057/ 20.085
DEBUG:root:Epoch: 24 Loss: 27.156543731689453 acc:  45.714/ 23.402 f1:  37.063/ 20.221
DEBUG:root:Epoch: 25 Loss: 26.95923614501953 acc:  47.143/ 24.123 f1:  37.830/ 20.838
DEBUG:root:Epoch: 26 Loss: 26.715707778930664 acc:  47.143/ 24.781 f1:  38.077/ 21.470
DEBUG:root:Epoch: 27 Loss: 26.533788681030273 acc:  47.143/ 25.000 f1:  37.849/ 21.695
DEBUG:root:Epoch: 28 Loss: 26.35956382751465 acc:  48.571/ 25.251 f1:  40.458/ 21.898
DEBUG:root:Epoch: 29 Loss: 26.139619827270508 acc:  48.571/ 25.689 f1:  40.936/ 22.325
DEBUG:root:Epoch: 30 Loss: 25.985260009765625 acc:  48.571/ 26.441 f1:  40.936/ 23.055
DEBUG:root:Epoch: 31 Loss: 25.768625259399414 acc:  50.000/ 26.817 f1:  41.703/ 23.464
DEBUG:root:Epoch: 32 Loss: 25.713443756103516 acc:  52.857/ 27.569 f1:  46.157/ 24.240
DEBUG:root:Epoch: 33 Loss: 25.580331802368164 acc:  54.286/ 28.227 f1:  48.455/ 24.958
DEBUG:root:Epoch: 34 Loss: 25.443933486938477 acc:  55.714/ 28.728 f1:  48.949/ 25.463
DEBUG:root:Epoch: 35 Loss: 25.336566925048828 acc:  60.000/ 29.355 f1:  54.453/ 26.090
DEBUG:root:Epoch: 36 Loss: 25.161773681640625 acc:  61.429/ 29.856 f1:  56.319/ 26.677
DEBUG:root:Epoch: 37 Loss: 25.132369995117188 acc:  65.714/ 30.201 f1:  61.084/ 27.068
DEBUG:root:Epoch: 38 Loss: 25.011547088623047 acc:  70.000/ 30.984 f1:  65.624/ 27.893
DEBUG:root:Epoch: 39 Loss: 24.90239143371582 acc:  70.000/ 31.610 f1:  65.624/ 28.601
DEBUG:root:Epoch: 40 Loss: 24.842023849487305 acc:  71.429/ 32.268 f1:  67.201/ 29.365
DEBUG:root:Epoch: 41 Loss: 24.783170700073242 acc:  74.286/ 32.832 f1:  70.209/ 30.109
DEBUG:root:Epoch: 42 Loss: 24.70132827758789 acc:  75.714/ 33.051 f1:  71.817/ 30.550
DEBUG:root:Epoch: 43 Loss: 24.657238006591797 acc:  75.714/ 33.427 f1:  71.817/ 31.040
DEBUG:root:Epoch: 44 Loss: 24.607763290405273 acc:  75.714/ 33.835 f1:  71.987/ 31.576
DEBUG:root:Epoch: 45 Loss: 24.49341583251953 acc:  75.714/ 34.305 f1:  72.301/ 32.101
DEBUG:root:Epoch: 46 Loss: 24.459009170532227 acc:  75.714/ 34.900 f1:  72.485/ 32.821
DEBUG:root:Epoch: 47 Loss: 24.399015426635742 acc:  75.714/ 35.370 f1:  72.485/ 33.297
DEBUG:root:Epoch: 48 Loss: 24.311201095581055 acc:  75.714/ 35.934 f1:  72.485/ 34.026
DEBUG:root:Epoch: 49 Loss: 24.294429779052734 acc:  78.571/ 36.404 f1:  75.101/ 34.564
DEBUG:root:Epoch: 50 Loss: 24.279048919677734 acc:  80.000/ 36.748 f1:  76.355/ 34.948
DEBUG:root:Epoch: 51 Loss: 24.168567657470703 acc:  80.000/ 37.437 f1:  76.634/ 35.674
DEBUG:root:Epoch: 52 Loss: 24.153026580810547 acc:  81.429/ 38.189 f1:  77.982/ 36.526
DEBUG:root:Epoch: 53 Loss: 24.06867218017578 acc:  81.429/ 38.596 f1:  77.982/ 36.942
DEBUG:root:Epoch: 54 Loss: 24.05046844482422 acc:  81.429/ 38.910 f1:  77.982/ 37.253
DEBUG:root:Epoch: 55 Loss: 24.07622528076172 acc:  82.857/ 39.348 f1:  79.253/ 37.690
DEBUG:root:Epoch: 56 Loss: 23.960172653198242 acc:  82.857/ 39.850 f1:  79.253/ 38.293
DEBUG:root:Epoch: 57 Loss: 23.939306259155273 acc:  82.857/ 40.132 f1:  79.253/ 38.626
DEBUG:root:Epoch: 58 Loss: 23.917144775390625 acc:  82.857/ 40.758 f1:  79.253/ 39.353
DEBUG:root:Epoch: 59 Loss: 23.895572662353516 acc:  82.857/ 41.071 f1:  79.253/ 39.836
DEBUG:root:Epoch: 60 Loss: 23.843952178955078 acc:  82.857/ 41.510 f1:  79.253/ 40.285
DEBUG:root:Epoch: 61 Loss: 23.797483444213867 acc:  82.857/ 41.980 f1:  79.253/ 40.802
DEBUG:root:Epoch: 62 Loss: 23.7708797454834 acc:  84.286/ 42.043 f1:  82.030/ 40.906
DEBUG:root:Epoch: 63 Loss: 23.742006301879883 acc:  84.286/ 42.262 f1:  82.030/ 41.215
DEBUG:root:Epoch: 64 Loss: 23.710697174072266 acc:  84.286/ 42.575 f1:  82.030/ 41.541
DEBUG:root:Epoch: 65 Loss: 23.73187828063965 acc:  84.286/ 42.857 f1:  82.030/ 41.832
DEBUG:root:Epoch: 66 Loss: 23.691551208496094 acc:  85.714/ 43.202 f1:  83.235/ 42.235
DEBUG:root:Epoch: 67 Loss: 23.668739318847656 acc:  85.714/ 43.515 f1:  83.235/ 42.653
DEBUG:root:Epoch: 68 Loss: 23.656057357788086 acc:  85.714/ 43.546 f1:  83.235/ 42.661
DEBUG:root:Epoch: 69 Loss: 23.588306427001953 acc:  85.714/ 43.640 f1:  83.235/ 42.764
DEBUG:root:Epoch: 70 Loss: 23.584075927734375 acc:  85.714/ 43.766 f1:  83.235/ 42.888
DEBUG:root:Epoch: 71 Loss: 23.5501708984375 acc:  88.571/ 44.204 f1:  87.990/ 43.289
DEBUG:root:Epoch: 72 Loss: 23.54443359375 acc:  90.000/ 44.455 f1:  89.757/ 43.535
DEBUG:root:Epoch: 73 Loss: 23.508790969848633 acc:  90.000/ 44.643 f1:  89.757/ 43.712
DEBUG:root:Epoch: 74 Loss: 23.490917205810547 acc:  90.000/ 44.987 f1:  89.757/ 44.107
DEBUG:root:Epoch: 75 Loss: 23.463022232055664 acc:  90.000/ 45.238 f1:  89.757/ 44.376
DEBUG:root:Epoch: 76 Loss: 23.464963912963867 acc:  91.429/ 45.207 f1:  90.949/ 44.340
DEBUG:root:Epoch: 77 Loss: 23.47735023498535 acc:  91.429/ 45.207 f1:  90.807/ 44.326
DEBUG:root:Epoch: 78 Loss: 23.457290649414062 acc:  91.429/ 45.363 f1:  90.807/ 44.479
DEBUG:root:Epoch: 79 Loss: 23.3922176361084 acc:  92.857/ 45.708 f1:  92.515/ 44.875
DEBUG:root:Epoch: 80 Loss: 23.372303009033203 acc:  92.857/ 45.833 f1:  92.515/ 45.036
DEBUG:root:Epoch: 81 Loss: 23.39129638671875 acc:  92.857/ 46.053 f1:  92.515/ 45.226
DEBUG:root:Epoch: 82 Loss: 23.33942985534668 acc:  92.857/ 46.209 f1:  92.515/ 45.402
DEBUG:root:Epoch: 83 Loss: 23.377933502197266 acc:  92.857/ 46.429 f1:  92.515/ 45.602
DEBUG:root:Epoch: 84 Loss: 23.31745147705078 acc:  92.857/ 46.711 f1:  92.515/ 45.913
DEBUG:root:Epoch: 85 Loss: 23.297687530517578 acc:  92.857/ 46.898 f1:  92.515/ 46.097
DEBUG:root:Epoch: 86 Loss: 23.240352630615234 acc:  92.857/ 47.024 f1:  92.515/ 46.239
DEBUG:root:Epoch: 87 Loss: 23.267393112182617 acc:  94.286/ 47.149 f1:  94.130/ 46.350
DEBUG:root:Epoch: 88 Loss: 23.29243278503418 acc:  94.286/ 47.180 f1:  94.130/ 46.365
DEBUG:root:Epoch: 89 Loss: 23.27483367919922 acc:  94.286/ 47.368 f1:  94.130/ 46.553
DEBUG:root:Epoch: 90 Loss: 23.241479873657227 acc:  94.286/ 47.337 f1:  94.130/ 46.512
DEBUG:root:Epoch: 91 Loss: 23.221315383911133 acc:  94.286/ 47.462 f1:  94.130/ 46.639
DEBUG:root:Epoch: 92 Loss: 23.20345115661621 acc:  94.286/ 47.588 f1:  94.130/ 46.758
DEBUG:root:Epoch: 93 Loss: 23.20693588256836 acc:  94.286/ 47.713 f1:  94.130/ 46.909
DEBUG:root:Epoch: 94 Loss: 23.18196678161621 acc:  95.714/ 47.870 f1:  95.682/ 47.058
DEBUG:root:Epoch: 95 Loss: 23.17304801940918 acc:  95.714/ 47.838 f1:  95.682/ 47.031
DEBUG:root:Epoch: 96 Loss: 23.189611434936523 acc:  95.714/ 47.995 f1:  95.682/ 47.177
DEBUG:root:Epoch: 97 Loss: 23.14784812927246 acc:  95.714/ 48.152 f1:  95.682/ 47.369
DEBUG:root:Epoch: 98 Loss: 23.16246223449707 acc:  95.714/ 48.371 f1:  95.682/ 47.651
DEBUG:root:Epoch: 99 Loss: 23.146160125732422 acc:  95.714/ 48.653 f1:  95.682/ 47.962
DEBUG:root:Epoch: 100 Loss: 23.128246307373047 acc:  95.714/ 48.716 f1:  95.682/ 48.053
DEBUG:root:Epoch: 101 Loss: 23.125892639160156 acc:  95.714/ 48.810 f1:  95.682/ 48.165
DEBUG:root:Epoch: 102 Loss: 23.12018585205078 acc:  95.714/ 48.935 f1:  95.682/ 48.316
DEBUG:root:Epoch: 103 Loss: 23.09792137145996 acc:  95.714/ 49.060 f1:  95.682/ 48.458
DEBUG:root:Epoch: 104 Loss: 23.107654571533203 acc:  95.714/ 49.217 f1:  95.682/ 48.622
DEBUG:root:Epoch: 105 Loss: 23.10589599609375 acc:  95.714/ 49.373 f1:  95.682/ 48.750
DEBUG:root:Epoch: 106 Loss: 23.092449188232422 acc:  95.714/ 49.530 f1:  95.682/ 48.921
DEBUG:root:Epoch: 107 Loss: 23.10511016845703 acc:  97.143/ 49.467 f1:  97.052/ 48.840
DEBUG:root:Epoch: 108 Loss: 23.061012268066406 acc:  97.143/ 49.561 f1:  97.052/ 48.934
DEBUG:root:Epoch: 109 Loss: 23.05109977722168 acc:  97.143/ 49.718 f1:  97.052/ 49.098
DEBUG:root:Epoch: 110 Loss: 23.024396896362305 acc:  97.143/ 49.906 f1:  97.052/ 49.285
DEBUG:root:Epoch: 111 Loss: 23.023101806640625 acc:  97.143/ 50.094 f1:  97.052/ 49.506
DEBUG:root:Epoch: 112 Loss: 23.026935577392578 acc:  97.143/ 50.125 f1:  97.052/ 49.550
DEBUG:root:Epoch: 113 Loss: 23.055511474609375 acc:  97.143/ 50.407 f1:  97.052/ 49.848
DEBUG:root:Epoch: 114 Loss: 22.987422943115234 acc:  97.143/ 50.501 f1:  97.052/ 49.937
DEBUG:root:Epoch: 115 Loss: 23.025190353393555 acc:  97.143/ 50.533 f1:  97.052/ 49.970
DEBUG:root:Epoch: 116 Loss: 23.03845977783203 acc:  97.143/ 50.627 f1:  97.052/ 50.045
DEBUG:root:Epoch: 117 Loss: 23.0057373046875 acc:  98.571/ 50.815 f1:  98.568/ 50.253
DEBUG:root:Epoch: 118 Loss: 23.002405166625977 acc:  98.571/ 51.003 f1:  98.568/ 50.444
DEBUG:root:Epoch: 119 Loss: 22.998910903930664 acc:  98.571/ 51.284 f1:  98.568/ 50.695
DEBUG:root:Epoch: 120 Loss: 23.008621215820312 acc:  98.571/ 51.441 f1:  98.568/ 50.878
DEBUG:root:Epoch: 121 Loss: 22.982391357421875 acc:  98.571/ 51.786 f1:  98.568/ 51.196
DEBUG:root:Epoch: 122 Loss: 22.980426788330078 acc:  98.571/ 51.848 f1:  98.568/ 51.280
DEBUG:root:Epoch: 123 Loss: 22.953378677368164 acc:  98.571/ 51.974 f1:  98.568/ 51.413
DEBUG:root:Epoch: 124 Loss: 22.952899932861328 acc:  98.571/ 52.162 f1:  98.568/ 51.596
DEBUG:root:Epoch: 125 Loss: 22.95224952697754 acc:  98.571/ 52.287 f1:  98.568/ 51.704
DEBUG:root:Epoch: 126 Loss: 22.930770874023438 acc:  98.571/ 52.475 f1:  98.568/ 51.863
DEBUG:root:Epoch: 127 Loss: 22.983827590942383 acc:  98.571/ 52.632 f1:  98.568/ 52.047
DEBUG:root:Epoch: 128 Loss: 22.968801498413086 acc:  98.571/ 52.600 f1:  98.568/ 51.994
DEBUG:root:Epoch: 129 Loss: 22.92989158630371 acc:  98.571/ 52.820 f1:  98.568/ 52.218
DEBUG:root:Epoch: 130 Loss: 22.963083267211914 acc:  98.571/ 53.008 f1:  98.568/ 52.389
DEBUG:root:Epoch: 131 Loss: 22.915376663208008 acc:  98.571/ 53.039 f1:  98.568/ 52.396
DEBUG:root:Epoch: 132 Loss: 22.973041534423828 acc:  98.571/ 53.227 f1:  98.568/ 52.598
DEBUG:root:Epoch: 133 Loss: 22.928651809692383 acc:  100.000/ 53.164 f1:  100.000/ 52.510
DEBUG:root:Epoch: 134 Loss: 22.90785026550293 acc:  100.000/ 53.227 f1:  100.000/ 52.546
DEBUG:root:Epoch: 135 Loss: 22.929397583007812 acc:  100.000/ 53.477 f1:  100.000/ 52.800
DEBUG:root:Epoch: 136 Loss: 22.8975830078125 acc:  100.000/ 53.540 f1:  100.000/ 52.847
DEBUG:root:Epoch: 137 Loss: 22.93123435974121 acc:  100.000/ 53.665 f1:  100.000/ 52.986
DEBUG:root:Epoch: 138 Loss: 22.90802001953125 acc:  100.000/ 53.791 f1:  100.000/ 53.101
DEBUG:root:Epoch: 139 Loss: 22.900779724121094 acc:  100.000/ 53.728 f1:  100.000/ 52.993
DEBUG:root:Epoch: 140 Loss: 22.94713020324707 acc:  100.000/ 53.791 f1:  100.000/ 53.041
DEBUG:root:Epoch: 141 Loss: 22.868322372436523 acc:  100.000/ 53.603 f1:  100.000/ 52.849
DEBUG:root:Epoch: 142 Loss: 22.886646270751953 acc:  100.000/ 53.791 f1:  100.000/ 52.999
DEBUG:root:Epoch: 143 Loss: 22.89849853515625 acc:  100.000/ 53.822 f1:  100.000/ 53.012
DEBUG:root:Epoch: 144 Loss: 22.919017791748047 acc:  100.000/ 54.073 f1:  100.000/ 53.258
DEBUG:root:Epoch: 145 Loss: 22.904539108276367 acc:  100.000/ 54.104 f1:  100.000/ 53.276
DEBUG:root:Epoch: 146 Loss: 22.8962459564209 acc:  100.000/ 54.229 f1:  100.000/ 53.389
DEBUG:root:Epoch: 147 Loss: 22.931468963623047 acc:  100.000/ 54.198 f1:  100.000/ 53.339
DEBUG:root:Epoch: 148 Loss: 22.90129852294922 acc:  100.000/ 54.198 f1:  100.000/ 53.335
DEBUG:root:Epoch: 149 Loss: 22.874074935913086 acc:  100.000/ 54.167 f1:  100.000/ 53.313
DEBUG:root:Epoch: 150 Loss: 22.906925201416016 acc:  100.000/ 54.167 f1:  100.000/ 53.293
DEBUG:root:Epoch: 151 Loss: 22.884654998779297 acc:  100.000/ 54.355 f1:  100.000/ 53.475
DEBUG:root:Epoch: 152 Loss: 22.888450622558594 acc:  100.000/ 54.417 f1:  100.000/ 53.538
DEBUG:root:Epoch: 153 Loss: 22.90250015258789 acc:  100.000/ 54.574 f1:  100.000/ 53.655
DEBUG:root:Epoch: 154 Loss: 22.9072265625 acc:  100.000/ 54.762 f1:  100.000/ 53.801
DEBUG:root:Epoch: 155 Loss: 22.89252471923828 acc:  100.000/ 54.699 f1:  100.000/ 53.720
DEBUG:root:Epoch: 156 Loss: 22.907779693603516 acc:  100.000/ 54.762 f1:  100.000/ 53.769
DEBUG:root:Epoch: 157 Loss: 22.906635284423828 acc:  100.000/ 54.856 f1:  100.000/ 53.817
DEBUG:root:Epoch: 158 Loss: 22.890296936035156 acc:  100.000/ 54.950 f1:  100.000/ 53.883
DEBUG:root:Epoch: 159 Loss: 22.88093376159668 acc:  100.000/ 54.919 f1:  100.000/ 53.846
DEBUG:root:Epoch: 160 Loss: 22.843961715698242 acc:  100.000/ 54.887 f1:  100.000/ 53.747
DEBUG:root:Epoch: 161 Loss: 22.87290382385254 acc:  100.000/ 54.887 f1:  100.000/ 53.710
DEBUG:root:Epoch: 162 Loss: 22.8778018951416 acc:  100.000/ 55.013 f1:  100.000/ 53.813
DEBUG:root:Epoch: 163 Loss: 22.922714233398438 acc:  100.000/ 54.981 f1:  100.000/ 53.784
DEBUG:root:Epoch: 164 Loss: 22.922306060791016 acc:  100.000/ 55.232 f1:  100.000/ 54.003
DEBUG:root:Epoch: 165 Loss: 22.9019832611084 acc:  100.000/ 55.639 f1:  100.000/ 54.327
DEBUG:root:Epoch: 166 Loss: 22.85884666442871 acc:  100.000/ 55.608 f1:  100.000/ 54.292
DEBUG:root:Epoch: 167 Loss: 22.891883850097656 acc:  100.000/ 55.702 f1:  100.000/ 54.361
DEBUG:root:Epoch: 168 Loss: 22.928394317626953 acc:  100.000/ 55.670 f1:  100.000/ 54.280
DEBUG:root:Epoch: 169 Loss: 22.891551971435547 acc:  100.000/ 55.733 f1:  100.000/ 54.305
DEBUG:root:Epoch: 170 Loss: 22.881059646606445 acc:  100.000/ 55.827 f1:  100.000/ 54.410
DEBUG:root:Epoch: 171 Loss: 22.89738655090332 acc:  100.000/ 55.921 f1:  100.000/ 54.455
DEBUG:root:Epoch: 172 Loss: 22.85956573486328 acc:  100.000/ 56.109 f1:  100.000/ 54.613
DEBUG:root:Epoch: 173 Loss: 22.88829803466797 acc:  100.000/ 56.109 f1:  100.000/ 54.620
DEBUG:root:Epoch: 174 Loss: 22.882915496826172 acc:  100.000/ 56.078 f1:  100.000/ 54.519
DEBUG:root:Epoch: 175 Loss: 22.857181549072266 acc:  100.000/ 56.046 f1:  100.000/ 54.461
DEBUG:root:Epoch: 176 Loss: 22.852109909057617 acc:  100.000/ 55.952 f1:  100.000/ 54.316
DEBUG:root:Epoch: 177 Loss: 22.855886459350586 acc:  100.000/ 55.858 f1:  100.000/ 54.217
DEBUG:root:Epoch: 178 Loss: 22.921754837036133 acc:  100.000/ 55.796 f1:  100.000/ 54.091
DEBUG:root:Epoch: 179 Loss: 22.895977020263672 acc:  100.000/ 55.514 f1:  100.000/ 53.807
DEBUG:root:Epoch: 180 Loss: 22.909076690673828 acc:  100.000/ 55.733 f1:  100.000/ 53.983
DEBUG:root:Epoch: 181 Loss: 22.908857345581055 acc:  100.000/ 55.639 f1:  100.000/ 53.865
DEBUG:root:Epoch: 182 Loss: 22.897703170776367 acc:  100.000/ 55.702 f1:  100.000/ 53.966
DEBUG:root:Epoch: 183 Loss: 22.914718627929688 acc:  100.000/ 55.576 f1:  100.000/ 53.854
DEBUG:root:Epoch: 184 Loss: 22.937789916992188 acc:  100.000/ 55.326 f1:  100.000/ 53.567
DEBUG:root:Epoch: 185 Loss: 22.88531494140625 acc:  100.000/ 55.107 f1:  100.000/ 53.326
DEBUG:root:Epoch: 186 Loss: 22.9003963470459 acc:  100.000/ 55.044 f1:  100.000/ 53.247
DEBUG:root:Epoch: 187 Loss: 22.920255661010742 acc:  100.000/ 54.762 f1:  100.000/ 52.948
DEBUG:root:Epoch: 188 Loss: 22.875091552734375 acc:  100.000/ 54.825 f1:  100.000/ 52.963
DEBUG:root:Epoch: 189 Loss: 22.877532958984375 acc:  100.000/ 54.762 f1:  100.000/ 52.878
DEBUG:root:Epoch: 190 Loss: 22.943063735961914 acc:  100.000/ 54.699 f1:  100.000/ 52.816
DEBUG:root:Epoch: 191 Loss: 22.87177276611328 acc:  100.000/ 54.543 f1:  100.000/ 52.661
DEBUG:root:Epoch: 192 Loss: 22.87679100036621 acc:  100.000/ 54.511 f1:  100.000/ 52.562
DEBUG:root:Epoch: 193 Loss: 22.87431526184082 acc:  100.000/ 54.292 f1:  100.000/ 52.286
DEBUG:root:Epoch: 194 Loss: 22.93643569946289 acc:  100.000/ 54.135 f1:  100.000/ 52.057
DEBUG:root:Epoch: 195 Loss: 22.926502227783203 acc:  100.000/ 54.104 f1:  100.000/ 51.995
DEBUG:root:Epoch: 196 Loss: 22.911706924438477 acc:  100.000/ 54.010 f1:  100.000/ 51.848
DEBUG:root:Epoch: 197 Loss: 22.9119930267334 acc:  100.000/ 53.791 f1:  100.000/ 51.569
DEBUG:root:Epoch: 198 Loss: 22.88351058959961 acc:  100.000/ 53.509 f1:  100.000/ 51.227
DEBUG:root:Epoch: 199 Loss: 22.915918350219727 acc:  100.000/ 53.415 f1:  100.000/ 51.091
INFO:root:Training has finished.
INFO:root:best eval acc is 56.109022556390975 at 173.
INFO:root:test f1 is 49.416933527712764.
INFO:root:test acc is 50.734133239495556.
