INFO:root:Start SimCLR fine-tuning head for 200 epochs.
INFO:root:Training with gpu: False.
DEBUG:root:Epoch: 0 	 Loss: 1.7718874216079712 	 train acc: tensor([18.2540], device='cuda:3') 	 val acc: tensor([12.6600], device='cuda:3')
DEBUG:root:Epoch: 1 	 Loss: 3.2517054080963135 	 train acc: tensor([15.8730], device='cuda:3') 	 val acc: tensor([18.0654], device='cuda:3')
DEBUG:root:Epoch: 2 	 Loss: 3.603726625442505 	 train acc: tensor([16.6667], device='cuda:3') 	 val acc: tensor([13.5491], device='cuda:3')
DEBUG:root:Epoch: 3 	 Loss: 2.159325361251831 	 train acc: tensor([16.6667], device='cuda:3') 	 val acc: tensor([34.7795], device='cuda:3')
DEBUG:root:Epoch: 4 	 Loss: 2.582296133041382 	 train acc: tensor([38.8889], device='cuda:3') 	 val acc: tensor([26.5292], device='cuda:3')
DEBUG:root:Epoch: 5 	 Loss: 2.178981065750122 	 train acc: tensor([40.4762], device='cuda:3') 	 val acc: tensor([30.6543], device='cuda:3')
DEBUG:root:Epoch: 6 	 Loss: 1.6965575218200684 	 train acc: tensor([46.8254], device='cuda:3') 	 val acc: tensor([20.1636], device='cuda:3')
DEBUG:root:Epoch: 7 	 Loss: 2.1905336380004883 	 train acc: tensor([33.3333], device='cuda:3') 	 val acc: tensor([35.1707], device='cuda:3')
DEBUG:root:Epoch: 8 	 Loss: 2.473755359649658 	 train acc: tensor([45.2381], device='cuda:3') 	 val acc: tensor([29.8009], device='cuda:3')
DEBUG:root:Epoch: 9 	 Loss: 2.178372621536255 	 train acc: tensor([39.6825], device='cuda:3') 	 val acc: tensor([26.3514], device='cuda:3')
DEBUG:root:Epoch: 10 	 Loss: 1.6193112134933472 	 train acc: tensor([38.8889], device='cuda:3') 	 val acc: tensor([22.7952], device='cuda:3')
DEBUG:root:Epoch: 11 	 Loss: 2.0330593585968018 	 train acc: tensor([38.8889], device='cuda:3') 	 val acc: tensor([29.1607], device='cuda:3')
DEBUG:root:Epoch: 12 	 Loss: 1.9123278856277466 	 train acc: tensor([41.2698], device='cuda:3') 	 val acc: tensor([37.6600], device='cuda:3')
DEBUG:root:Epoch: 13 	 Loss: 1.9411821365356445 	 train acc: tensor([36.5079], device='cuda:3') 	 val acc: tensor([23.4353], device='cuda:3')
DEBUG:root:Epoch: 14 	 Loss: 1.7469381093978882 	 train acc: tensor([34.1270], device='cuda:3') 	 val acc: tensor([36.1664], device='cuda:3')
DEBUG:root:Epoch: 15 	 Loss: 1.5715839862823486 	 train acc: tensor([45.2381], device='cuda:3') 	 val acc: tensor([34.4950], device='cuda:3')
DEBUG:root:Epoch: 16 	 Loss: 1.6298775672912598 	 train acc: tensor([38.8889], device='cuda:3') 	 val acc: tensor([30.2276], device='cuda:3')
DEBUG:root:Epoch: 17 	 Loss: 1.5760146379470825 	 train acc: tensor([47.6190], device='cuda:3') 	 val acc: tensor([30.7255], device='cuda:3')
DEBUG:root:Epoch: 18 	 Loss: 1.7229030132293701 	 train acc: tensor([44.4445], device='cuda:3') 	 val acc: tensor([26.8848], device='cuda:3')
DEBUG:root:Epoch: 19 	 Loss: 1.6309199333190918 	 train acc: tensor([42.8571], device='cuda:3') 	 val acc: tensor([30.2632], device='cuda:3')
DEBUG:root:Epoch: 20 	 Loss: 1.609189748764038 	 train acc: tensor([38.0952], device='cuda:3') 	 val acc: tensor([31.1878], device='cuda:3')
DEBUG:root:Epoch: 21 	 Loss: 1.4719653129577637 	 train acc: tensor([38.8889], device='cuda:3') 	 val acc: tensor([45.4125], device='cuda:3')
DEBUG:root:Epoch: 22 	 Loss: 1.391013741493225 	 train acc: tensor([43.6508], device='cuda:3') 	 val acc: tensor([35.0285], device='cuda:3')
DEBUG:root:Epoch: 23 	 Loss: 1.3657056093215942 	 train acc: tensor([37.3016], device='cuda:3') 	 val acc: tensor([37.0555], device='cuda:3')
DEBUG:root:Epoch: 24 	 Loss: 1.3706040382385254 	 train acc: tensor([42.8571], device='cuda:3') 	 val acc: tensor([30.3343], device='cuda:3')
DEBUG:root:Epoch: 25 	 Loss: 1.3622698783874512 	 train acc: tensor([41.2698], device='cuda:3') 	 val acc: tensor([35.2063], device='cuda:3')
DEBUG:root:Epoch: 26 	 Loss: 1.3901950120925903 	 train acc: tensor([42.0635], device='cuda:3') 	 val acc: tensor([36.5220], device='cuda:3')
DEBUG:root:Epoch: 27 	 Loss: 1.4544296264648438 	 train acc: tensor([42.8571], device='cuda:3') 	 val acc: tensor([36.1664], device='cuda:3')
DEBUG:root:Epoch: 28 	 Loss: 1.3907476663589478 	 train acc: tensor([43.6508], device='cuda:3') 	 val acc: tensor([30.7610], device='cuda:3')
DEBUG:root:Epoch: 29 	 Loss: 1.324207067489624 	 train acc: tensor([42.8571], device='cuda:3') 	 val acc: tensor([39.7226], device='cuda:3')
DEBUG:root:Epoch: 30 	 Loss: 1.3041329383850098 	 train acc: tensor([50.7937], device='cuda:3') 	 val acc: tensor([37.4822], device='cuda:3')
DEBUG:root:Epoch: 31 	 Loss: 1.3183128833770752 	 train acc: tensor([46.0317], device='cuda:3') 	 val acc: tensor([40.5761], device='cuda:3')
DEBUG:root:Epoch: 32 	 Loss: 1.3702715635299683 	 train acc: tensor([41.2698], device='cuda:3') 	 val acc: tensor([32.7169], device='cuda:3')
DEBUG:root:Epoch: 33 	 Loss: 1.3194292783737183 	 train acc: tensor([41.2698], device='cuda:3') 	 val acc: tensor([33.4993], device='cuda:3')
DEBUG:root:Epoch: 34 	 Loss: 1.2691922187805176 	 train acc: tensor([43.6508], device='cuda:3') 	 val acc: tensor([28.3784], device='cuda:3')
DEBUG:root:Epoch: 35 	 Loss: 1.2767544984817505 	 train acc: tensor([45.2381], device='cuda:3') 	 val acc: tensor([27.5605], device='cuda:3')
DEBUG:root:Epoch: 36 	 Loss: 1.2517598867416382 	 train acc: tensor([42.0635], device='cuda:3') 	 val acc: tensor([32.0768], device='cuda:3')
DEBUG:root:Epoch: 37 	 Loss: 1.2458679676055908 	 train acc: tensor([42.0635], device='cuda:3') 	 val acc: tensor([36.4154], device='cuda:3')
DEBUG:root:Epoch: 38 	 Loss: 1.256648063659668 	 train acc: tensor([41.2698], device='cuda:3') 	 val acc: tensor([35.5263], device='cuda:3')
DEBUG:root:Epoch: 39 	 Loss: 1.2325468063354492 	 train acc: tensor([42.0635], device='cuda:3') 	 val acc: tensor([38.1935], device='cuda:3')
DEBUG:root:Epoch: 40 	 Loss: 1.1900391578674316 	 train acc: tensor([46.0317], device='cuda:3') 	 val acc: tensor([36.8777], device='cuda:3')
DEBUG:root:Epoch: 41 	 Loss: 1.247452735900879 	 train acc: tensor([40.4762], device='cuda:3') 	 val acc: tensor([38.8691], device='cuda:3')
DEBUG:root:Epoch: 42 	 Loss: 1.2720952033996582 	 train acc: tensor([46.8254], device='cuda:3') 	 val acc: tensor([34.3883], device='cuda:3')
DEBUG:root:Epoch: 43 	 Loss: 1.2365853786468506 	 train acc: tensor([42.0635], device='cuda:3') 	 val acc: tensor([34.0683], device='cuda:3')
DEBUG:root:Epoch: 44 	 Loss: 1.2486838102340698 	 train acc: tensor([43.6508], device='cuda:3') 	 val acc: tensor([28.8051], device='cuda:3')
DEBUG:root:Epoch: 45 	 Loss: 1.204484224319458 	 train acc: tensor([46.0317], device='cuda:3') 	 val acc: tensor([28.3784], device='cuda:3')
DEBUG:root:Epoch: 46 	 Loss: 1.215602993965149 	 train acc: tensor([43.6508], device='cuda:3') 	 val acc: tensor([31.2233], device='cuda:3')
DEBUG:root:Epoch: 47 	 Loss: 1.1928598880767822 	 train acc: tensor([42.0635], device='cuda:3') 	 val acc: tensor([36.2020], device='cuda:3')
DEBUG:root:Epoch: 48 	 Loss: 1.2001843452453613 	 train acc: tensor([43.6508], device='cuda:3') 	 val acc: tensor([37.5889], device='cuda:3')
DEBUG:root:Epoch: 49 	 Loss: 1.2113412618637085 	 train acc: tensor([38.0952], device='cuda:3') 	 val acc: tensor([31.0455], device='cuda:3')
DEBUG:root:Epoch: 50 	 Loss: 1.1895750761032104 	 train acc: tensor([44.4445], device='cuda:3') 	 val acc: tensor([30.6188], device='cuda:3')
DEBUG:root:Epoch: 51 	 Loss: 1.2131662368774414 	 train acc: tensor([44.4445], device='cuda:3') 	 val acc: tensor([33.0725], device='cuda:3')
DEBUG:root:Epoch: 52 	 Loss: 1.1692346334457397 	 train acc: tensor([50.0000], device='cuda:3') 	 val acc: tensor([39.0114], device='cuda:3')
DEBUG:root:Epoch: 53 	 Loss: 1.2063905000686646 	 train acc: tensor([48.4127], device='cuda:3') 	 val acc: tensor([36.1309], device='cuda:3')
DEBUG:root:Epoch: 54 	 Loss: 1.207473635673523 	 train acc: tensor([46.0317], device='cuda:3') 	 val acc: tensor([29.9075], device='cuda:3')
DEBUG:root:Epoch: 55 	 Loss: 1.2242896556854248 	 train acc: tensor([48.4127], device='cuda:3') 	 val acc: tensor([34.2461], device='cuda:3')
DEBUG:root:Epoch: 56 	 Loss: 1.1937569379806519 	 train acc: tensor([49.2064], device='cuda:3') 	 val acc: tensor([36.5220], device='cuda:3')
DEBUG:root:Epoch: 57 	 Loss: 1.2191890478134155 	 train acc: tensor([40.4762], device='cuda:3') 	 val acc: tensor([35.1351], device='cuda:3')
DEBUG:root:Epoch: 58 	 Loss: 1.2138906717300415 	 train acc: tensor([35.7143], device='cuda:3') 	 val acc: tensor([33.7838], device='cuda:3')
DEBUG:root:Epoch: 59 	 Loss: 1.187605857849121 	 train acc: tensor([38.8889], device='cuda:3') 	 val acc: tensor([31.8634], device='cuda:3')
DEBUG:root:Epoch: 60 	 Loss: 1.1604769229888916 	 train acc: tensor([41.2698], device='cuda:3') 	 val acc: tensor([33.2504], device='cuda:3')
DEBUG:root:Epoch: 61 	 Loss: 1.207112193107605 	 train acc: tensor([36.5079], device='cuda:3') 	 val acc: tensor([31.0455], device='cuda:3')
DEBUG:root:Epoch: 62 	 Loss: 1.1858290433883667 	 train acc: tensor([44.4445], device='cuda:3') 	 val acc: tensor([37.8734], device='cuda:3')
DEBUG:root:Epoch: 63 	 Loss: 1.1977936029434204 	 train acc: tensor([43.6508], device='cuda:3') 	 val acc: tensor([42.5676], device='cuda:3')
DEBUG:root:Epoch: 64 	 Loss: 1.203181505203247 	 train acc: tensor([47.6190], device='cuda:3') 	 val acc: tensor([39.4737], device='cuda:3')
DEBUG:root:Epoch: 65 	 Loss: 1.2065560817718506 	 train acc: tensor([49.2064], device='cuda:3') 	 val acc: tensor([31.1166], device='cuda:3')
DEBUG:root:Epoch: 66 	 Loss: 1.2208348512649536 	 train acc: tensor([50.0000], device='cuda:3') 	 val acc: tensor([30.6899], device='cuda:3')
DEBUG:root:Epoch: 67 	 Loss: 1.2042548656463623 	 train acc: tensor([41.2698], device='cuda:3') 	 val acc: tensor([34.4239], device='cuda:3')
DEBUG:root:Epoch: 68 	 Loss: 1.2114031314849854 	 train acc: tensor([40.4762], device='cuda:3') 	 val acc: tensor([35.2063], device='cuda:3')
DEBUG:root:Epoch: 69 	 Loss: 1.199878454208374 	 train acc: tensor([38.0952], device='cuda:3') 	 val acc: tensor([32.0413], device='cuda:3')
DEBUG:root:Epoch: 70 	 Loss: 1.210523009300232 	 train acc: tensor([42.0635], device='cuda:3') 	 val acc: tensor([32.9303], device='cuda:3')
DEBUG:root:Epoch: 71 	 Loss: 1.1851129531860352 	 train acc: tensor([42.8571], device='cuda:3') 	 val acc: tensor([34.5306], device='cuda:3')
DEBUG:root:Epoch: 72 	 Loss: 1.176895022392273 	 train acc: tensor([41.2698], device='cuda:3') 	 val acc: tensor([32.5747], device='cuda:3')
DEBUG:root:Epoch: 73 	 Loss: 1.1893161535263062 	 train acc: tensor([40.4762], device='cuda:3') 	 val acc: tensor([29.3030], device='cuda:3')
DEBUG:root:Epoch: 74 	 Loss: 1.207749366760254 	 train acc: tensor([37.3016], device='cuda:3') 	 val acc: tensor([30.9388], device='cuda:3')
DEBUG:root:Epoch: 75 	 Loss: 1.1758747100830078 	 train acc: tensor([42.0635], device='cuda:3') 	 val acc: tensor([33.7482], device='cuda:3')
DEBUG:root:Epoch: 76 	 Loss: 1.1979588270187378 	 train acc: tensor([38.0952], device='cuda:3') 	 val acc: tensor([33.5349], device='cuda:3')
DEBUG:root:Epoch: 77 	 Loss: 1.1737693548202515 	 train acc: tensor([43.6508], device='cuda:3') 	 val acc: tensor([31.5434], device='cuda:3')
DEBUG:root:Epoch: 78 	 Loss: 1.213456392288208 	 train acc: tensor([42.8571], device='cuda:3') 	 val acc: tensor([32.6458], device='cuda:3')
DEBUG:root:Epoch: 79 	 Loss: 1.192946434020996 	 train acc: tensor([44.4445], device='cuda:3') 	 val acc: tensor([32.8236], device='cuda:3')
DEBUG:root:Epoch: 80 	 Loss: 1.2012380361557007 	 train acc: tensor([42.8571], device='cuda:3') 	 val acc: tensor([31.4011], device='cuda:3')
DEBUG:root:Epoch: 81 	 Loss: 1.1727694272994995 	 train acc: tensor([44.4445], device='cuda:3') 	 val acc: tensor([29.4097], device='cuda:3')
DEBUG:root:Epoch: 82 	 Loss: 1.157523512840271 	 train acc: tensor([38.0952], device='cuda:3') 	 val acc: tensor([30.4410], device='cuda:3')
DEBUG:root:Epoch: 83 	 Loss: 1.1885029077529907 	 train acc: tensor([42.0635], device='cuda:3') 	 val acc: tensor([32.2191], device='cuda:3')
DEBUG:root:Epoch: 84 	 Loss: 1.2024097442626953 	 train acc: tensor([42.8571], device='cuda:3') 	 val acc: tensor([33.2504], device='cuda:3')
DEBUG:root:Epoch: 85 	 Loss: 1.1990792751312256 	 train acc: tensor([41.2698], device='cuda:3') 	 val acc: tensor([34.2105], device='cuda:3')
DEBUG:root:Epoch: 86 	 Loss: 1.1995497941970825 	 train acc: tensor([42.0635], device='cuda:3') 	 val acc: tensor([33.8193], device='cuda:3')
DEBUG:root:Epoch: 87 	 Loss: 1.20669686794281 	 train acc: tensor([42.0635], device='cuda:3') 	 val acc: tensor([30.5832], device='cuda:3')
DEBUG:root:Epoch: 88 	 Loss: 1.2205743789672852 	 train acc: tensor([42.8571], device='cuda:3') 	 val acc: tensor([34.1750], device='cuda:3')
DEBUG:root:Epoch: 89 	 Loss: 1.2025797367095947 	 train acc: tensor([46.0317], device='cuda:3') 	 val acc: tensor([33.1437], device='cuda:3')
DEBUG:root:Epoch: 90 	 Loss: 1.189220905303955 	 train acc: tensor([40.4762], device='cuda:3') 	 val acc: tensor([27.5249], device='cuda:3')
DEBUG:root:Epoch: 91 	 Loss: 1.194716453552246 	 train acc: tensor([42.8571], device='cuda:3') 	 val acc: tensor([26.8137], device='cuda:3')
DEBUG:root:Epoch: 92 	 Loss: 1.185776710510254 	 train acc: tensor([42.8571], device='cuda:3') 	 val acc: tensor([34.4239], device='cuda:3')
DEBUG:root:Epoch: 93 	 Loss: 1.173631191253662 	 train acc: tensor([45.2381], device='cuda:3') 	 val acc: tensor([36.7710], device='cuda:3')
DEBUG:root:Epoch: 94 	 Loss: 1.2004889249801636 	 train acc: tensor([50.7937], device='cuda:3') 	 val acc: tensor([36.5932], device='cuda:3')
DEBUG:root:Epoch: 95 	 Loss: 1.2271372079849243 	 train acc: tensor([54.7619], device='cuda:3') 	 val acc: tensor([39.0825], device='cuda:3')
DEBUG:root:Epoch: 96 	 Loss: 1.2563713788986206 	 train acc: tensor([48.4127], device='cuda:3') 	 val acc: tensor([43.5989], device='cuda:3')
DEBUG:root:Epoch: 97 	 Loss: 1.2451545000076294 	 train acc: tensor([50.7937], device='cuda:3') 	 val acc: tensor([34.0327], device='cuda:3')
DEBUG:root:Epoch: 98 	 Loss: 1.2053667306900024 	 train acc: tensor([44.4445], device='cuda:3') 	 val acc: tensor([26.1380], device='cuda:3')
DEBUG:root:Epoch: 99 	 Loss: 1.2294200658798218 	 train acc: tensor([43.6508], device='cuda:3') 	 val acc: tensor([26.9559], device='cuda:3')
DEBUG:root:Epoch: 100 	 Loss: 1.2783583402633667 	 train acc: tensor([41.2698], device='cuda:3') 	 val acc: tensor([33.5349], device='cuda:3')
DEBUG:root:Epoch: 101 	 Loss: 1.208176612854004 	 train acc: tensor([40.4762], device='cuda:3') 	 val acc: tensor([35.5974], device='cuda:3')
DEBUG:root:Epoch: 102 	 Loss: 1.2476667165756226 	 train acc: tensor([43.6508], device='cuda:3') 	 val acc: tensor([31.7568], device='cuda:3')
DEBUG:root:Epoch: 103 	 Loss: 1.2041863203048706 	 train acc: tensor([40.4762], device='cuda:3') 	 val acc: tensor([28.1650], device='cuda:3')
DEBUG:root:Epoch: 104 	 Loss: 1.2413697242736816 	 train acc: tensor([44.4445], device='cuda:3') 	 val acc: tensor([27.7383], device='cuda:3')
DEBUG:root:Epoch: 105 	 Loss: 1.2025545835494995 	 train acc: tensor([46.0317], device='cuda:3') 	 val acc: tensor([35.8819], device='cuda:3')
DEBUG:root:Epoch: 106 	 Loss: 1.1671863794326782 	 train acc: tensor([48.4127], device='cuda:3') 	 val acc: tensor([36.2731], device='cuda:3')
DEBUG:root:Epoch: 107 	 Loss: 1.215746521949768 	 train acc: tensor([42.8571], device='cuda:3') 	 val acc: tensor([30.8677], device='cuda:3')
DEBUG:root:Epoch: 108 	 Loss: 1.1646052598953247 	 train acc: tensor([42.8571], device='cuda:3') 	 val acc: tensor([29.9787], device='cuda:3')
DEBUG:root:Epoch: 109 	 Loss: 1.2377569675445557 	 train acc: tensor([44.4445], device='cuda:3') 	 val acc: tensor([30.9033], device='cuda:3')
DEBUG:root:Epoch: 110 	 Loss: 1.173606514930725 	 train acc: tensor([39.6825], device='cuda:3') 	 val acc: tensor([35.0285], device='cuda:3')
DEBUG:root:Epoch: 111 	 Loss: 1.215041160583496 	 train acc: tensor([45.2381], device='cuda:3') 	 val acc: tensor([34.0327], device='cuda:3')
DEBUG:root:Epoch: 112 	 Loss: 1.1978487968444824 	 train acc: tensor([48.4127], device='cuda:3') 	 val acc: tensor([30.2632], device='cuda:3')
DEBUG:root:Epoch: 113 	 Loss: 1.2175261974334717 	 train acc: tensor([51.5873], device='cuda:3') 	 val acc: tensor([31.5078], device='cuda:3')
DEBUG:root:Epoch: 114 	 Loss: 1.1716769933700562 	 train acc: tensor([42.8571], device='cuda:3') 	 val acc: tensor([38.7624], device='cuda:3')
DEBUG:root:Epoch: 115 	 Loss: 1.2025201320648193 	 train acc: tensor([46.0317], device='cuda:3') 	 val acc: tensor([38.9403], device='cuda:3')
DEBUG:root:Epoch: 116 	 Loss: 1.1785560846328735 	 train acc: tensor([50.0000], device='cuda:3') 	 val acc: tensor([36.3798], device='cuda:3')
DEBUG:root:Epoch: 117 	 Loss: 1.2539918422698975 	 train acc: tensor([50.0000], device='cuda:3') 	 val acc: tensor([32.8236], device='cuda:3')
DEBUG:root:Epoch: 118 	 Loss: 1.203619360923767 	 train acc: tensor([53.9683], device='cuda:3') 	 val acc: tensor([38.4780], device='cuda:3')
DEBUG:root:Epoch: 119 	 Loss: 1.254749059677124 	 train acc: tensor([48.4127], device='cuda:3') 	 val acc: tensor([36.7710], device='cuda:3')
DEBUG:root:Epoch: 120 	 Loss: 1.2061383724212646 	 train acc: tensor([50.7937], device='cuda:3') 	 val acc: tensor([27.5249], device='cuda:3')
DEBUG:root:Epoch: 121 	 Loss: 1.172788381576538 	 train acc: tensor([45.2381], device='cuda:3') 	 val acc: tensor([26.2802], device='cuda:3')
DEBUG:root:Epoch: 122 	 Loss: 1.2271347045898438 	 train acc: tensor([42.0635], device='cuda:3') 	 val acc: tensor([35.4552], device='cuda:3')
DEBUG:root:Epoch: 123 	 Loss: 1.2089543342590332 	 train acc: tensor([42.8571], device='cuda:3') 	 val acc: tensor([36.5932], device='cuda:3')
DEBUG:root:Epoch: 124 	 Loss: 1.2395830154418945 	 train acc: tensor([43.6508], device='cuda:3') 	 val acc: tensor([29.0896], device='cuda:3')
DEBUG:root:Epoch: 125 	 Loss: 1.2257922887802124 	 train acc: tensor([44.4445], device='cuda:3') 	 val acc: tensor([27.4538], device='cuda:3')
DEBUG:root:Epoch: 126 	 Loss: 1.2763289213180542 	 train acc: tensor([42.8571], device='cuda:3') 	 val acc: tensor([33.3926], device='cuda:3')
DEBUG:root:Epoch: 127 	 Loss: 1.1999555826187134 	 train acc: tensor([42.8571], device='cuda:3') 	 val acc: tensor([34.2461], device='cuda:3')
DEBUG:root:Epoch: 128 	 Loss: 1.1854686737060547 	 train acc: tensor([46.8254], device='cuda:3') 	 val acc: tensor([29.4452], device='cuda:3')
DEBUG:root:Epoch: 129 	 Loss: 1.1873281002044678 	 train acc: tensor([40.4762], device='cuda:3') 	 val acc: tensor([25.9602], device='cuda:3')
DEBUG:root:Epoch: 130 	 Loss: 1.195584774017334 	 train acc: tensor([39.6825], device='cuda:3') 	 val acc: tensor([31.1878], device='cuda:3')
DEBUG:root:Epoch: 131 	 Loss: 1.195971131324768 	 train acc: tensor([38.8889], device='cuda:3') 	 val acc: tensor([33.8193], device='cuda:3')
DEBUG:root:Epoch: 132 	 Loss: 1.1631348133087158 	 train acc: tensor([41.2698], device='cuda:3') 	 val acc: tensor([32.3257], device='cuda:3')
DEBUG:root:Epoch: 133 	 Loss: 1.2259000539779663 	 train acc: tensor([40.4762], device='cuda:3') 	 val acc: tensor([30.6543], device='cuda:3')
DEBUG:root:Epoch: 134 	 Loss: 1.2310212850570679 	 train acc: tensor([46.8254], device='cuda:3') 	 val acc: tensor([29.5875], device='cuda:3')
DEBUG:root:Epoch: 135 	 Loss: 1.2297664880752563 	 train acc: tensor([44.4445], device='cuda:3') 	 val acc: tensor([36.3442], device='cuda:3')
DEBUG:root:Epoch: 136 	 Loss: 1.2427926063537598 	 train acc: tensor([45.2381], device='cuda:3') 	 val acc: tensor([35.2774], device='cuda:3')
DEBUG:root:Epoch: 137 	 Loss: 1.2276233434677124 	 train acc: tensor([42.0635], device='cuda:3') 	 val acc: tensor([27.1337], device='cuda:3')
DEBUG:root:Epoch: 138 	 Loss: 1.1337302923202515 	 train acc: tensor([46.8254], device='cuda:3') 	 val acc: tensor([28.6984], device='cuda:3')
DEBUG:root:Epoch: 139 	 Loss: 1.2368015050888062 	 train acc: tensor([44.4445], device='cuda:3') 	 val acc: tensor([33.0725], device='cuda:3')
DEBUG:root:Epoch: 140 	 Loss: 1.237608790397644 	 train acc: tensor([37.3016], device='cuda:3') 	 val acc: tensor([36.3442], device='cuda:3')
DEBUG:root:Epoch: 141 	 Loss: 1.2394585609436035 	 train acc: tensor([40.4762], device='cuda:3') 	 val acc: tensor([34.0683], device='cuda:3')
DEBUG:root:Epoch: 142 	 Loss: 1.216860294342041 	 train acc: tensor([41.2698], device='cuda:3') 	 val acc: tensor([28.3428], device='cuda:3')
DEBUG:root:Epoch: 143 	 Loss: 1.214257836341858 	 train acc: tensor([46.8254], device='cuda:3') 	 val acc: tensor([30.9744], device='cuda:3')
DEBUG:root:Epoch: 144 	 Loss: 1.1700180768966675 	 train acc: tensor([47.6190], device='cuda:3') 	 val acc: tensor([35.8108], device='cuda:3')
DEBUG:root:Epoch: 145 	 Loss: 1.2070088386535645 	 train acc: tensor([46.8254], device='cuda:3') 	 val acc: tensor([32.2902], device='cuda:3')
DEBUG:root:Epoch: 146 	 Loss: 1.2104498147964478 	 train acc: tensor([43.6508], device='cuda:3') 	 val acc: tensor([27.4538], device='cuda:3')
DEBUG:root:Epoch: 147 	 Loss: 1.2238268852233887 	 train acc: tensor([38.0952], device='cuda:3') 	 val acc: tensor([31.3656], device='cuda:3')
DEBUG:root:Epoch: 148 	 Loss: 1.1519107818603516 	 train acc: tensor([39.6825], device='cuda:3') 	 val acc: tensor([33.8905], device='cuda:3')
DEBUG:root:Epoch: 149 	 Loss: 1.1667441129684448 	 train acc: tensor([41.2698], device='cuda:3') 	 val acc: tensor([32.7525], device='cuda:3')
DEBUG:root:Epoch: 150 	 Loss: 1.2097936868667603 	 train acc: tensor([41.2698], device='cuda:3') 	 val acc: tensor([32.1835], device='cuda:3')
DEBUG:root:Epoch: 151 	 Loss: 1.179425835609436 	 train acc: tensor([50.7937], device='cuda:3') 	 val acc: tensor([35.7397], device='cuda:3')
DEBUG:root:Epoch: 152 	 Loss: 1.1937611103057861 	 train acc: tensor([44.4445], device='cuda:3') 	 val acc: tensor([34.3172], device='cuda:3')
DEBUG:root:Epoch: 153 	 Loss: 1.2132331132888794 	 train acc: tensor([41.2698], device='cuda:3') 	 val acc: tensor([30.2276], device='cuda:3')
DEBUG:root:Epoch: 154 	 Loss: 1.186226487159729 	 train acc: tensor([38.8889], device='cuda:3') 	 val acc: tensor([28.8762], device='cuda:3')
DEBUG:root:Epoch: 155 	 Loss: 1.2562345266342163 	 train acc: tensor([45.2381], device='cuda:3') 	 val acc: tensor([33.8193], device='cuda:3')
DEBUG:root:Epoch: 156 	 Loss: 1.1996387243270874 	 train acc: tensor([38.8889], device='cuda:3') 	 val acc: tensor([35.8464], device='cuda:3')
DEBUG:root:Epoch: 157 	 Loss: 1.207039475440979 	 train acc: tensor([42.0635], device='cuda:3') 	 val acc: tensor([32.2191], device='cuda:3')
DEBUG:root:Epoch: 158 	 Loss: 1.214918851852417 	 train acc: tensor([39.6825], device='cuda:3') 	 val acc: tensor([30.8677], device='cuda:3')
DEBUG:root:Epoch: 159 	 Loss: 1.2266831398010254 	 train acc: tensor([50.7937], device='cuda:3') 	 val acc: tensor([33.8193], device='cuda:3')
DEBUG:root:Epoch: 160 	 Loss: 1.211220383644104 	 train acc: tensor([49.2064], device='cuda:3') 	 val acc: tensor([40.1494], device='cuda:3')
DEBUG:root:Epoch: 161 	 Loss: 1.2641063928604126 	 train acc: tensor([49.2064], device='cuda:3') 	 val acc: tensor([34.8862], device='cuda:3')
DEBUG:root:Epoch: 162 	 Loss: 1.1972380876541138 	 train acc: tensor([45.2381], device='cuda:3') 	 val acc: tensor([27.7027], device='cuda:3')
DEBUG:root:Epoch: 163 	 Loss: 1.2392431497573853 	 train acc: tensor([40.4762], device='cuda:3') 	 val acc: tensor([28.0228], device='cuda:3')
DEBUG:root:Epoch: 164 	 Loss: 1.2389991283416748 	 train acc: tensor([39.6825], device='cuda:3') 	 val acc: tensor([37.0910], device='cuda:3')
DEBUG:root:Epoch: 165 	 Loss: 1.2242852449417114 	 train acc: tensor([46.0317], device='cuda:3') 	 val acc: tensor([36.9132], device='cuda:3')
DEBUG:root:Epoch: 166 	 Loss: 1.2225271463394165 	 train acc: tensor([43.6508], device='cuda:3') 	 val acc: tensor([31.3656], device='cuda:3')
DEBUG:root:Epoch: 167 	 Loss: 1.1899398565292358 	 train acc: tensor([45.2381], device='cuda:3') 	 val acc: tensor([27.9872], device='cuda:3')
DEBUG:root:Epoch: 168 	 Loss: 1.2577996253967285 	 train acc: tensor([40.4762], device='cuda:3') 	 val acc: tensor([35.6330], device='cuda:3')
DEBUG:root:Epoch: 169 	 Loss: 1.2461955547332764 	 train acc: tensor([44.4445], device='cuda:3') 	 val acc: tensor([36.7710], device='cuda:3')
DEBUG:root:Epoch: 170 	 Loss: 1.2551310062408447 	 train acc: tensor([45.2381], device='cuda:3') 	 val acc: tensor([28.3073], device='cuda:3')
DEBUG:root:Epoch: 171 	 Loss: 1.2059470415115356 	 train acc: tensor([38.8889], device='cuda:3') 	 val acc: tensor([30.2632], device='cuda:3')
DEBUG:root:Epoch: 172 	 Loss: 1.2214761972427368 	 train acc: tensor([42.8571], device='cuda:3') 	 val acc: tensor([34.4595], device='cuda:3')
DEBUG:root:Epoch: 173 	 Loss: 1.207339882850647 	 train acc: tensor([39.6825], device='cuda:3') 	 val acc: tensor([35.0285], device='cuda:3')
DEBUG:root:Epoch: 174 	 Loss: 1.2264974117279053 	 train acc: tensor([46.0317], device='cuda:3') 	 val acc: tensor([26.8137], device='cuda:3')
DEBUG:root:Epoch: 175 	 Loss: 1.2232818603515625 	 train acc: tensor([40.4762], device='cuda:3') 	 val acc: tensor([26.9915], device='cuda:3')
DEBUG:root:Epoch: 176 	 Loss: 1.135421633720398 	 train acc: tensor([46.0317], device='cuda:3') 	 val acc: tensor([33.0725], device='cuda:3')
DEBUG:root:Epoch: 177 	 Loss: 1.1723257303237915 	 train acc: tensor([46.8254], device='cuda:3') 	 val acc: tensor([38.7269], device='cuda:3')
DEBUG:root:Epoch: 178 	 Loss: 1.198421835899353 	 train acc: tensor([49.2064], device='cuda:3') 	 val acc: tensor([32.6814], device='cuda:3')
DEBUG:root:Epoch: 179 	 Loss: 1.1717073917388916 	 train acc: tensor([38.0952], device='cuda:3') 	 val acc: tensor([30.2987], device='cuda:3')
DEBUG:root:Epoch: 180 	 Loss: 1.2597330808639526 	 train acc: tensor([38.8889], device='cuda:3') 	 val acc: tensor([26.7425], device='cuda:3')
DEBUG:root:Epoch: 181 	 Loss: 1.2394375801086426 	 train acc: tensor([37.3016], device='cuda:3') 	 val acc: tensor([29.0185], device='cuda:3')
DEBUG:root:Epoch: 182 	 Loss: 1.246854305267334 	 train acc: tensor([41.2698], device='cuda:3') 	 val acc: tensor([35.3485], device='cuda:3')
DEBUG:root:Epoch: 183 	 Loss: 1.266772747039795 	 train acc: tensor([44.4445], device='cuda:3') 	 val acc: tensor([35.8819], device='cuda:3')
DEBUG:root:Epoch: 184 	 Loss: 1.1875112056732178 	 train acc: tensor([44.4445], device='cuda:3') 	 val acc: tensor([26.7070], device='cuda:3')
DEBUG:root:Epoch: 185 	 Loss: 1.2394921779632568 	 train acc: tensor([41.2698], device='cuda:3') 	 val acc: tensor([26.7781], device='cuda:3')
DEBUG:root:Epoch: 186 	 Loss: 1.1825557947158813 	 train acc: tensor([42.8571], device='cuda:3') 	 val acc: tensor([33.8193], device='cuda:3')
DEBUG:root:Epoch: 187 	 Loss: 1.1715518236160278 	 train acc: tensor([40.4762], device='cuda:3') 	 val acc: tensor([34.6373], device='cuda:3')
DEBUG:root:Epoch: 188 	 Loss: 1.1737165451049805 	 train acc: tensor([47.6190], device='cuda:3') 	 val acc: tensor([36.0597], device='cuda:3')
DEBUG:root:Epoch: 189 	 Loss: 1.1312596797943115 	 train acc: tensor([57.1429], device='cuda:3') 	 val acc: tensor([33.0725], device='cuda:3')
DEBUG:root:Epoch: 190 	 Loss: 1.2218551635742188 	 train acc: tensor([49.2064], device='cuda:3') 	 val acc: tensor([33.3215], device='cuda:3')
DEBUG:root:Epoch: 191 	 Loss: 1.1632283926010132 	 train acc: tensor([53.1746], device='cuda:3') 	 val acc: tensor([31.6856], device='cuda:3')
DEBUG:root:Epoch: 192 	 Loss: 1.2275673151016235 	 train acc: tensor([38.8889], device='cuda:3') 	 val acc: tensor([34.9218], device='cuda:3')
DEBUG:root:Epoch: 193 	 Loss: 1.2111797332763672 	 train acc: tensor([43.6508], device='cuda:3') 	 val acc: tensor([34.3172], device='cuda:3')
DEBUG:root:Epoch: 194 	 Loss: 1.2152786254882812 	 train acc: tensor([44.4445], device='cuda:3') 	 val acc: tensor([30.6543], device='cuda:3')
DEBUG:root:Epoch: 195 	 Loss: 1.2393345832824707 	 train acc: tensor([41.2698], device='cuda:3') 	 val acc: tensor([28.9118], device='cuda:3')
DEBUG:root:Epoch: 196 	 Loss: 1.2470803260803223 	 train acc: tensor([39.6825], device='cuda:3') 	 val acc: tensor([38.1935], device='cuda:3')
DEBUG:root:Epoch: 197 	 Loss: 1.2671139240264893 	 train acc: tensor([53.9683], device='cuda:3') 	 val acc: tensor([38.3001], device='cuda:3')
DEBUG:root:Epoch: 198 	 Loss: 1.2242838144302368 	 train acc: tensor([55.5556], device='cuda:3') 	 val acc: tensor([31.6145], device='cuda:3')
DEBUG:root:Epoch: 199 	 Loss: 1.2531964778900146 	 train acc: tensor([53.1746], device='cuda:3') 	 val acc: tensor([29.1252], device='cuda:3')
INFO:root:Fine-tuning has finished.
INFO:root:test acc is tensor([35.7667], device='cuda:3').
INFO:root:Start SimCLR fine-tuning head for 200 epochs.
INFO:root:Training with gpu: False.
DEBUG:root:Epoch: 0 	 Loss: 4.519517421722412 	 train acc: tensor([0.], device='cuda:3') 	 val acc: tensor([7.7169], device='cuda:3')
DEBUG:root:Epoch: 1 	 Loss: 2.473332643508911 	 train acc: tensor([11.1111], device='cuda:3') 	 val acc: tensor([16.9986], device='cuda:3')
DEBUG:root:Epoch: 2 	 Loss: 2.524488925933838 	 train acc: tensor([17.4603], device='cuda:3') 	 val acc: tensor([14.3670], device='cuda:3')
