INFO:root:Start CPC fine-tuning head for 200 epochs.
INFO:root:Training with gpu: False.
DEBUG:root:Epoch: 0 Loss: 45.427513122558594 acc:  21.429/ 23.663 f1:  9.888/ 13.077
DEBUG:root:Epoch: 1 Loss: 44.68440628051758 acc:  21.429/ 24.280 f1:  9.791/ 14.879
DEBUG:root:Epoch: 2 Loss: 44.003238677978516 acc:  21.429/ 24.486 f1:  9.791/ 16.160
DEBUG:root:Epoch: 3 Loss: 43.32046890258789 acc:  21.429/ 23.663 f1:  9.717/ 16.319
DEBUG:root:Epoch: 4 Loss: 42.6618537902832 acc:  24.286/ 23.457 f1:  14.808/ 16.669
DEBUG:root:Epoch: 5 Loss: 42.0199089050293 acc:  25.714/ 23.045 f1:  16.424/ 16.732
DEBUG:root:Epoch: 6 Loss: 41.41231918334961 acc:  27.143/ 22.840 f1:  19.319/ 17.252
DEBUG:root:Epoch: 7 Loss: 40.74189376831055 acc:  30.000/ 23.045 f1:  21.325/ 17.852
DEBUG:root:Epoch: 8 Loss: 40.11598205566406 acc:  30.000/ 22.840 f1:  22.540/ 18.125
DEBUG:root:Epoch: 9 Loss: 39.482486724853516 acc:  31.429/ 23.251 f1:  23.660/ 18.871
DEBUG:root:Epoch: 10 Loss: 38.806610107421875 acc:  31.429/ 23.045 f1:  23.833/ 18.838
DEBUG:root:Epoch: 11 Loss: 38.10997009277344 acc:  32.857/ 22.428 f1:  25.191/ 18.608
DEBUG:root:Epoch: 12 Loss: 37.450660705566406 acc:  31.429/ 22.222 f1:  24.222/ 18.435
DEBUG:root:Epoch: 13 Loss: 36.83595275878906 acc:  32.857/ 22.016 f1:  25.357/ 18.764
DEBUG:root:Epoch: 14 Loss: 36.20292282104492 acc:  34.286/ 20.576 f1:  28.430/ 17.642
DEBUG:root:Epoch: 15 Loss: 35.58409881591797 acc:  31.429/ 20.370 f1:  26.230/ 17.504
DEBUG:root:Epoch: 16 Loss: 34.883522033691406 acc:  31.429/ 20.370 f1:  26.230/ 17.435
DEBUG:root:Epoch: 17 Loss: 34.28885269165039 acc:  30.000/ 20.370 f1:  25.125/ 17.442
DEBUG:root:Epoch: 18 Loss: 33.50963592529297 acc:  30.000/ 20.370 f1:  25.298/ 17.426
DEBUG:root:Epoch: 19 Loss: 32.88702392578125 acc:  32.857/ 19.959 f1:  27.896/ 16.915
DEBUG:root:Epoch: 20 Loss: 32.276432037353516 acc:  32.857/ 19.959 f1:  27.896/ 16.813
DEBUG:root:Epoch: 21 Loss: 31.56197738647461 acc:  32.857/ 20.165 f1:  27.884/ 16.905
DEBUG:root:Epoch: 22 Loss: 30.89604377746582 acc:  32.857/ 20.165 f1:  27.884/ 16.798
DEBUG:root:Epoch: 23 Loss: 30.2706298828125 acc:  32.857/ 19.959 f1:  27.884/ 16.654
DEBUG:root:Epoch: 24 Loss: 29.7067813873291 acc:  32.857/ 20.165 f1:  27.884/ 16.720
DEBUG:root:Epoch: 25 Loss: 29.162294387817383 acc:  32.857/ 20.782 f1:  27.884/ 16.978
DEBUG:root:Epoch: 26 Loss: 28.6004638671875 acc:  34.286/ 21.399 f1:  29.679/ 17.508
DEBUG:root:Epoch: 27 Loss: 28.16816520690918 acc:  37.143/ 21.605 f1:  32.601/ 17.544
DEBUG:root:Epoch: 28 Loss: 27.708885192871094 acc:  38.571/ 22.016 f1:  34.055/ 17.897
DEBUG:root:Epoch: 29 Loss: 27.335742950439453 acc:  38.571/ 22.634 f1:  34.252/ 18.410
DEBUG:root:Epoch: 30 Loss: 26.979248046875 acc:  40.000/ 23.045 f1:  35.443/ 18.713
DEBUG:root:Epoch: 31 Loss: 26.63707733154297 acc:  40.000/ 23.663 f1:  35.443/ 19.221
DEBUG:root:Epoch: 32 Loss: 26.361360549926758 acc:  41.429/ 23.663 f1:  36.873/ 19.106
DEBUG:root:Epoch: 33 Loss: 26.05718421936035 acc:  41.429/ 23.868 f1:  37.328/ 19.260
DEBUG:root:Epoch: 34 Loss: 25.803546905517578 acc:  44.286/ 24.486 f1:  40.032/ 19.846
DEBUG:root:Epoch: 35 Loss: 25.667638778686523 acc:  47.143/ 24.486 f1:  43.210/ 19.652
DEBUG:root:Epoch: 36 Loss: 25.452722549438477 acc:  48.571/ 25.103 f1:  44.414/ 20.241
DEBUG:root:Epoch: 37 Loss: 25.264921188354492 acc:  52.857/ 25.103 f1:  49.178/ 20.336
DEBUG:root:Epoch: 38 Loss: 25.122201919555664 acc:  52.857/ 25.514 f1:  49.178/ 20.767
DEBUG:root:Epoch: 39 Loss: 25.028562545776367 acc:  54.286/ 25.926 f1:  50.882/ 20.926
DEBUG:root:Epoch: 40 Loss: 24.921655654907227 acc:  54.286/ 26.132 f1:  51.180/ 21.120
DEBUG:root:Epoch: 41 Loss: 24.827117919921875 acc:  57.143/ 26.543 f1:  54.100/ 21.677
DEBUG:root:Epoch: 42 Loss: 24.71637535095215 acc:  58.571/ 27.160 f1:  55.404/ 22.485
DEBUG:root:Epoch: 43 Loss: 24.668649673461914 acc:  61.429/ 27.366 f1:  58.007/ 22.661
DEBUG:root:Epoch: 44 Loss: 24.58635711669922 acc:  62.857/ 27.778 f1:  59.001/ 23.148
DEBUG:root:Epoch: 45 Loss: 24.531261444091797 acc:  70.000/ 27.778 f1:  64.721/ 23.214
DEBUG:root:Epoch: 46 Loss: 24.48357582092285 acc:  70.000/ 27.572 f1:  64.721/ 23.020
DEBUG:root:Epoch: 47 Loss: 24.367887496948242 acc:  72.857/ 27.984 f1:  67.384/ 23.508
DEBUG:root:Epoch: 48 Loss: 24.308412551879883 acc:  72.857/ 27.984 f1:  67.384/ 23.540
DEBUG:root:Epoch: 49 Loss: 24.25098991394043 acc:  74.286/ 27.984 f1:  68.727/ 23.445
DEBUG:root:Epoch: 50 Loss: 24.243440628051758 acc:  74.286/ 27.778 f1:  68.783/ 23.175
DEBUG:root:Epoch: 51 Loss: 24.16830825805664 acc:  74.286/ 27.778 f1:  68.811/ 23.113
DEBUG:root:Epoch: 52 Loss: 24.126619338989258 acc:  75.714/ 27.778 f1:  70.101/ 23.220
DEBUG:root:Epoch: 53 Loss: 24.08068084716797 acc:  75.714/ 28.395 f1:  70.101/ 23.918
DEBUG:root:Epoch: 54 Loss: 24.109277725219727 acc:  77.143/ 28.395 f1:  71.391/ 23.879
DEBUG:root:Epoch: 55 Loss: 24.03849220275879 acc:  77.143/ 28.601 f1:  71.391/ 24.224
DEBUG:root:Epoch: 56 Loss: 23.98019790649414 acc:  78.571/ 28.395 f1:  74.600/ 23.954
DEBUG:root:Epoch: 57 Loss: 23.9497013092041 acc:  78.571/ 28.189 f1:  74.600/ 23.757
DEBUG:root:Epoch: 58 Loss: 23.927431106567383 acc:  78.571/ 28.395 f1:  74.600/ 24.001
DEBUG:root:Epoch: 59 Loss: 23.874652862548828 acc:  78.571/ 28.807 f1:  74.600/ 24.593
DEBUG:root:Epoch: 60 Loss: 23.8199462890625 acc:  78.571/ 29.012 f1:  74.600/ 24.935
DEBUG:root:Epoch: 61 Loss: 23.818450927734375 acc:  78.571/ 29.012 f1:  74.417/ 24.957
DEBUG:root:Epoch: 62 Loss: 23.764328002929688 acc:  78.571/ 29.012 f1:  74.326/ 24.946
DEBUG:root:Epoch: 63 Loss: 23.7387638092041 acc:  80.000/ 29.218 f1:  75.858/ 25.121
DEBUG:root:Epoch: 64 Loss: 23.68819236755371 acc:  80.000/ 29.012 f1:  75.858/ 24.828
DEBUG:root:Epoch: 65 Loss: 23.711002349853516 acc:  80.000/ 29.012 f1:  75.858/ 24.861
DEBUG:root:Epoch: 66 Loss: 23.682889938354492 acc:  81.429/ 29.012 f1:  77.061/ 25.020
DEBUG:root:Epoch: 67 Loss: 23.60993194580078 acc:  82.857/ 29.424 f1:  79.782/ 25.760
DEBUG:root:Epoch: 68 Loss: 23.62854766845703 acc:  85.714/ 29.630 f1:  84.366/ 26.018
DEBUG:root:Epoch: 69 Loss: 23.612287521362305 acc:  88.571/ 30.041 f1:  87.130/ 26.609
DEBUG:root:Epoch: 70 Loss: 23.54208755493164 acc:  90.000/ 30.247 f1:  88.497/ 26.865
DEBUG:root:Epoch: 71 Loss: 23.542600631713867 acc:  91.429/ 31.481 f1:  90.470/ 28.308
DEBUG:root:Epoch: 72 Loss: 23.500335693359375 acc:  91.429/ 31.687 f1:  90.470/ 28.489
DEBUG:root:Epoch: 73 Loss: 23.48387908935547 acc:  92.857/ 31.481 f1:  92.341/ 28.222
DEBUG:root:Epoch: 74 Loss: 23.49335479736328 acc:  95.714/ 32.099 f1:  95.624/ 28.993
DEBUG:root:Epoch: 75 Loss: 23.4515380859375 acc:  95.714/ 32.510 f1:  95.624/ 29.459
DEBUG:root:Epoch: 76 Loss: 23.42192840576172 acc:  97.143/ 33.128 f1:  97.052/ 30.101
DEBUG:root:Epoch: 77 Loss: 23.404272079467773 acc:  97.143/ 33.539 f1:  97.052/ 30.478
DEBUG:root:Epoch: 78 Loss: 23.371837615966797 acc:  97.143/ 33.745 f1:  97.052/ 30.663
DEBUG:root:Epoch: 79 Loss: 23.358585357666016 acc:  97.143/ 33.951 f1:  97.052/ 31.022
DEBUG:root:Epoch: 80 Loss: 23.347848892211914 acc:  97.143/ 34.156 f1:  97.052/ 31.227
DEBUG:root:Epoch: 81 Loss: 23.332962036132812 acc:  97.143/ 34.568 f1:  97.052/ 31.683
DEBUG:root:Epoch: 82 Loss: 23.32808494567871 acc:  97.143/ 34.568 f1:  97.052/ 31.615
DEBUG:root:Epoch: 83 Loss: 23.29747200012207 acc:  98.571/ 35.391 f1:  98.568/ 32.330
DEBUG:root:Epoch: 84 Loss: 23.2858943939209 acc:  98.571/ 36.008 f1:  98.568/ 32.796
DEBUG:root:Epoch: 85 Loss: 23.26276397705078 acc:  98.571/ 36.008 f1:  98.568/ 32.758
DEBUG:root:Epoch: 86 Loss: 23.247602462768555 acc:  98.571/ 36.420 f1:  98.568/ 32.952
DEBUG:root:Epoch: 87 Loss: 23.21261978149414 acc:  98.571/ 36.831 f1:  98.568/ 33.319
DEBUG:root:Epoch: 88 Loss: 23.199316024780273 acc:  98.571/ 36.831 f1:  98.568/ 33.419
DEBUG:root:Epoch: 89 Loss: 23.205244064331055 acc:  98.571/ 37.243 f1:  98.568/ 33.584
DEBUG:root:Epoch: 90 Loss: 23.185930252075195 acc:  98.571/ 38.477 f1:  98.568/ 34.598
DEBUG:root:Epoch: 91 Loss: 23.177431106567383 acc:  98.571/ 38.683 f1:  98.568/ 34.870
DEBUG:root:Epoch: 92 Loss: 23.15436553955078 acc:  100.000/ 39.095 f1:  100.000/ 35.275
DEBUG:root:Epoch: 93 Loss: 23.148075103759766 acc:  100.000/ 39.095 f1:  100.000/ 35.139
DEBUG:root:Epoch: 94 Loss: 23.131967544555664 acc:  100.000/ 39.300 f1:  100.000/ 35.336
DEBUG:root:Epoch: 95 Loss: 23.133729934692383 acc:  100.000/ 39.300 f1:  100.000/ 35.334
DEBUG:root:Epoch: 96 Loss: 23.12843132019043 acc:  100.000/ 39.712 f1:  100.000/ 35.643
DEBUG:root:Epoch: 97 Loss: 23.08759117126465 acc:  100.000/ 39.712 f1:  100.000/ 35.643
DEBUG:root:Epoch: 98 Loss: 23.10344696044922 acc:  100.000/ 39.918 f1:  100.000/ 35.811
DEBUG:root:Epoch: 99 Loss: 23.069162368774414 acc:  100.000/ 39.712 f1:  100.000/ 35.618
DEBUG:root:Epoch: 100 Loss: 23.07630729675293 acc:  100.000/ 39.712 f1:  100.000/ 35.618
DEBUG:root:Epoch: 101 Loss: 23.052886962890625 acc:  100.000/ 39.918 f1:  100.000/ 35.785
DEBUG:root:Epoch: 102 Loss: 23.038938522338867 acc:  100.000/ 40.535 f1:  100.000/ 36.231
DEBUG:root:Epoch: 103 Loss: 23.020090103149414 acc:  100.000/ 40.535 f1:  100.000/ 36.236
DEBUG:root:Epoch: 104 Loss: 23.01308822631836 acc:  100.000/ 40.329 f1:  100.000/ 35.912
DEBUG:root:Epoch: 105 Loss: 23.002426147460938 acc:  100.000/ 40.535 f1:  100.000/ 36.163
DEBUG:root:Epoch: 106 Loss: 22.995546340942383 acc:  100.000/ 40.535 f1:  100.000/ 36.179
DEBUG:root:Epoch: 107 Loss: 22.976865768432617 acc:  100.000/ 40.535 f1:  100.000/ 36.196
DEBUG:root:Epoch: 108 Loss: 22.982158660888672 acc:  100.000/ 40.741 f1:  100.000/ 36.363
DEBUG:root:Epoch: 109 Loss: 22.957111358642578 acc:  100.000/ 40.947 f1:  100.000/ 36.490
DEBUG:root:Epoch: 110 Loss: 22.950021743774414 acc:  100.000/ 41.564 f1:  100.000/ 37.093
DEBUG:root:Epoch: 111 Loss: 22.93378448486328 acc:  100.000/ 41.358 f1:  100.000/ 36.569
DEBUG:root:Epoch: 112 Loss: 22.936447143554688 acc:  100.000/ 41.152 f1:  100.000/ 36.329
DEBUG:root:Epoch: 113 Loss: 22.92793846130371 acc:  100.000/ 41.358 f1:  100.000/ 36.574
DEBUG:root:Epoch: 114 Loss: 22.923545837402344 acc:  100.000/ 41.358 f1:  100.000/ 36.583
DEBUG:root:Epoch: 115 Loss: 22.907424926757812 acc:  100.000/ 41.564 f1:  100.000/ 36.894
DEBUG:root:Epoch: 116 Loss: 22.883235931396484 acc:  100.000/ 41.770 f1:  100.000/ 37.120
DEBUG:root:Epoch: 117 Loss: 22.876243591308594 acc:  100.000/ 41.770 f1:  100.000/ 37.120
DEBUG:root:Epoch: 118 Loss: 22.887304306030273 acc:  100.000/ 42.181 f1:  100.000/ 37.677
DEBUG:root:Epoch: 119 Loss: 22.85787582397461 acc:  100.000/ 42.181 f1:  100.000/ 37.677
DEBUG:root:Epoch: 120 Loss: 22.87457847595215 acc:  100.000/ 42.387 f1:  100.000/ 37.926
DEBUG:root:Epoch: 121 Loss: 22.861146926879883 acc:  100.000/ 42.387 f1:  100.000/ 37.926
DEBUG:root:Epoch: 122 Loss: 22.86678695678711 acc:  100.000/ 42.387 f1:  100.000/ 37.925
DEBUG:root:Epoch: 123 Loss: 22.839101791381836 acc:  100.000/ 42.387 f1:  100.000/ 37.921
DEBUG:root:Epoch: 124 Loss: 22.830909729003906 acc:  100.000/ 42.387 f1:  100.000/ 37.940
DEBUG:root:Epoch: 125 Loss: 22.831968307495117 acc:  100.000/ 42.387 f1:  100.000/ 37.947
DEBUG:root:Epoch: 126 Loss: 22.81922149658203 acc:  100.000/ 42.387 f1:  100.000/ 37.947
DEBUG:root:Epoch: 127 Loss: 22.813304901123047 acc:  100.000/ 42.387 f1:  100.000/ 37.954
DEBUG:root:Epoch: 128 Loss: 22.79442596435547 acc:  100.000/ 42.387 f1:  100.000/ 37.954
DEBUG:root:Epoch: 129 Loss: 22.790597915649414 acc:  100.000/ 42.387 f1:  100.000/ 37.984
DEBUG:root:Epoch: 130 Loss: 22.79013442993164 acc:  100.000/ 42.387 f1:  100.000/ 37.825
DEBUG:root:Epoch: 131 Loss: 22.776166915893555 acc:  100.000/ 42.798 f1:  100.000/ 38.280
DEBUG:root:Epoch: 132 Loss: 22.780500411987305 acc:  100.000/ 42.593 f1:  100.000/ 37.945
DEBUG:root:Epoch: 133 Loss: 22.755704879760742 acc:  100.000/ 42.593 f1:  100.000/ 37.945
DEBUG:root:Epoch: 134 Loss: 22.756393432617188 acc:  100.000/ 42.593 f1:  100.000/ 37.909
DEBUG:root:Epoch: 135 Loss: 22.75287437438965 acc:  100.000/ 42.798 f1:  100.000/ 38.044
DEBUG:root:Epoch: 136 Loss: 22.751264572143555 acc:  100.000/ 43.210 f1:  100.000/ 38.490
DEBUG:root:Epoch: 137 Loss: 22.737390518188477 acc:  100.000/ 43.210 f1:  100.000/ 38.497
DEBUG:root:Epoch: 138 Loss: 22.727968215942383 acc:  100.000/ 43.210 f1:  100.000/ 38.497
DEBUG:root:Epoch: 139 Loss: 22.736709594726562 acc:  100.000/ 43.210 f1:  100.000/ 38.438
DEBUG:root:Epoch: 140 Loss: 22.710351943969727 acc:  100.000/ 43.004 f1:  100.000/ 38.126
DEBUG:root:Epoch: 141 Loss: 22.709075927734375 acc:  100.000/ 43.416 f1:  100.000/ 38.606
DEBUG:root:Epoch: 142 Loss: 22.713674545288086 acc:  100.000/ 43.416 f1:  100.000/ 38.606
DEBUG:root:Epoch: 143 Loss: 22.704343795776367 acc:  100.000/ 43.416 f1:  100.000/ 38.613
DEBUG:root:Epoch: 144 Loss: 22.695772171020508 acc:  100.000/ 43.827 f1:  100.000/ 39.036
DEBUG:root:Epoch: 145 Loss: 22.677701950073242 acc:  100.000/ 44.033 f1:  100.000/ 39.225
DEBUG:root:Epoch: 146 Loss: 22.680707931518555 acc:  100.000/ 44.033 f1:  100.000/ 39.244
DEBUG:root:Epoch: 147 Loss: 22.689733505249023 acc:  100.000/ 44.033 f1:  100.000/ 39.253
DEBUG:root:Epoch: 148 Loss: 22.667091369628906 acc:  100.000/ 44.239 f1:  100.000/ 39.475
DEBUG:root:Epoch: 149 Loss: 22.66952133178711 acc:  100.000/ 44.239 f1:  100.000/ 39.475
DEBUG:root:Epoch: 150 Loss: 22.654993057250977 acc:  100.000/ 44.239 f1:  100.000/ 39.475
DEBUG:root:Epoch: 151 Loss: 22.662511825561523 acc:  100.000/ 44.033 f1:  100.000/ 39.138
DEBUG:root:Epoch: 152 Loss: 22.657337188720703 acc:  100.000/ 44.033 f1:  100.000/ 39.118
DEBUG:root:Epoch: 153 Loss: 22.653390884399414 acc:  100.000/ 44.239 f1:  100.000/ 39.318
DEBUG:root:Epoch: 154 Loss: 22.639801025390625 acc:  100.000/ 44.033 f1:  100.000/ 39.140
DEBUG:root:Epoch: 155 Loss: 22.64840316772461 acc:  100.000/ 44.444 f1:  100.000/ 39.684
DEBUG:root:Epoch: 156 Loss: 22.625097274780273 acc:  100.000/ 44.444 f1:  100.000/ 39.700
DEBUG:root:Epoch: 157 Loss: 22.63190460205078 acc:  100.000/ 44.650 f1:  100.000/ 39.755
DEBUG:root:Epoch: 158 Loss: 22.632661819458008 acc:  100.000/ 44.650 f1:  100.000/ 39.755
DEBUG:root:Epoch: 159 Loss: 22.6182861328125 acc:  100.000/ 44.650 f1:  100.000/ 39.755
DEBUG:root:Epoch: 160 Loss: 22.615772247314453 acc:  100.000/ 44.444 f1:  100.000/ 39.586
DEBUG:root:Epoch: 161 Loss: 22.6116886138916 acc:  100.000/ 44.444 f1:  100.000/ 39.586
DEBUG:root:Epoch: 162 Loss: 22.599214553833008 acc:  100.000/ 44.444 f1:  100.000/ 39.586
DEBUG:root:Epoch: 163 Loss: 22.597272872924805 acc:  100.000/ 44.444 f1:  100.000/ 39.604
DEBUG:root:Epoch: 164 Loss: 22.593929290771484 acc:  100.000/ 44.856 f1:  100.000/ 39.977
DEBUG:root:Epoch: 165 Loss: 22.585391998291016 acc:  100.000/ 44.650 f1:  100.000/ 39.788
DEBUG:root:Epoch: 166 Loss: 22.58655548095703 acc:  100.000/ 44.650 f1:  100.000/ 39.761
DEBUG:root:Epoch: 167 Loss: 22.583833694458008 acc:  100.000/ 44.650 f1:  100.000/ 39.770
DEBUG:root:Epoch: 168 Loss: 22.57386589050293 acc:  100.000/ 44.650 f1:  100.000/ 39.756
DEBUG:root:Epoch: 169 Loss: 22.568618774414062 acc:  100.000/ 44.650 f1:  100.000/ 39.776
DEBUG:root:Epoch: 170 Loss: 22.571008682250977 acc:  100.000/ 44.444 f1:  100.000/ 39.644
DEBUG:root:Epoch: 171 Loss: 22.562082290649414 acc:  100.000/ 44.650 f1:  100.000/ 39.902
DEBUG:root:Epoch: 172 Loss: 22.561311721801758 acc:  100.000/ 44.650 f1:  100.000/ 39.924
DEBUG:root:Epoch: 173 Loss: 22.563865661621094 acc:  100.000/ 44.444 f1:  100.000/ 39.734
DEBUG:root:Epoch: 174 Loss: 22.545166015625 acc:  100.000/ 44.444 f1:  100.000/ 39.734
DEBUG:root:Epoch: 175 Loss: 22.544353485107422 acc:  100.000/ 44.444 f1:  100.000/ 39.548
DEBUG:root:Epoch: 176 Loss: 22.541818618774414 acc:  100.000/ 44.650 f1:  100.000/ 39.660
DEBUG:root:Epoch: 177 Loss: 22.53352928161621 acc:  100.000/ 44.856 f1:  100.000/ 39.861
DEBUG:root:Epoch: 178 Loss: 22.52997589111328 acc:  100.000/ 44.856 f1:  100.000/ 39.861
DEBUG:root:Epoch: 179 Loss: 22.53135871887207 acc:  100.000/ 44.856 f1:  100.000/ 39.861
DEBUG:root:Epoch: 180 Loss: 22.531597137451172 acc:  100.000/ 44.856 f1:  100.000/ 39.861
DEBUG:root:Epoch: 181 Loss: 22.52606201171875 acc:  100.000/ 45.062 f1:  100.000/ 39.984
DEBUG:root:Epoch: 182 Loss: 22.516132354736328 acc:  100.000/ 45.062 f1:  100.000/ 39.984
DEBUG:root:Epoch: 183 Loss: 22.509117126464844 acc:  100.000/ 45.267 f1:  100.000/ 40.364
DEBUG:root:Epoch: 184 Loss: 22.509645462036133 acc:  100.000/ 45.267 f1:  100.000/ 40.364
DEBUG:root:Epoch: 185 Loss: 22.503938674926758 acc:  100.000/ 45.062 f1:  100.000/ 40.033
DEBUG:root:Epoch: 186 Loss: 22.505748748779297 acc:  100.000/ 45.062 f1:  100.000/ 40.033
DEBUG:root:Epoch: 187 Loss: 22.498233795166016 acc:  100.000/ 45.062 f1:  100.000/ 40.044
DEBUG:root:Epoch: 188 Loss: 22.492759704589844 acc:  100.000/ 45.062 f1:  100.000/ 40.044
DEBUG:root:Epoch: 189 Loss: 22.490966796875 acc:  100.000/ 45.267 f1:  100.000/ 40.223
DEBUG:root:Epoch: 190 Loss: 22.48404312133789 acc:  100.000/ 45.267 f1:  100.000/ 40.223
DEBUG:root:Epoch: 191 Loss: 22.487424850463867 acc:  100.000/ 45.267 f1:  100.000/ 40.223
DEBUG:root:Epoch: 192 Loss: 22.47926902770996 acc:  100.000/ 45.267 f1:  100.000/ 40.223
DEBUG:root:Epoch: 193 Loss: 22.473400115966797 acc:  100.000/ 45.267 f1:  100.000/ 40.223
DEBUG:root:Epoch: 194 Loss: 22.470321655273438 acc:  100.000/ 45.267 f1:  100.000/ 40.253
DEBUG:root:Epoch: 195 Loss: 22.476255416870117 acc:  100.000/ 45.267 f1:  100.000/ 40.253
DEBUG:root:Epoch: 196 Loss: 22.470754623413086 acc:  100.000/ 45.267 f1:  100.000/ 40.253
DEBUG:root:Epoch: 197 Loss: 22.45977783203125 acc:  100.000/ 45.267 f1:  100.000/ 40.253
DEBUG:root:Epoch: 198 Loss: 22.460853576660156 acc:  100.000/ 45.473 f1:  100.000/ 40.390
DEBUG:root:Epoch: 199 Loss: 22.45499610900879 acc:  100.000/ 45.473 f1:  100.000/ 40.390
INFO:root:Training has finished.
INFO:root:best eval acc is 45.473250777633105 at 199.
INFO:root:test f1 is 26.81416832800369.
INFO:root:test acc is 31.43207603800849.
