INFO:root:Start SimCLR training for 100 epochs.
INFO:root:Training with gpu: False.
DEBUG:root:Epoch: 0	Loss: 4.271134376525879	 accuracy: tensor([0.5859], device='cuda:0')
DEBUG:root:Epoch: 1	Loss: 4.183164596557617	 accuracy: tensor([3.9062], device='cuda:0')
DEBUG:root:Epoch: 2	Loss: 3.855203866958618	 accuracy: tensor([9.3750], device='cuda:0')
DEBUG:root:Epoch: 3	Loss: 3.6301398277282715	 accuracy: tensor([11.5234], device='cuda:0')
DEBUG:root:Epoch: 4	Loss: 3.1274352073669434	 accuracy: tensor([16.6016], device='cuda:0')
DEBUG:root:Epoch: 5	Loss: 2.921436071395874	 accuracy: tensor([25.9766], device='cuda:0')
DEBUG:root:Epoch: 6	Loss: 2.721715211868286	 accuracy: tensor([35.3516], device='cuda:0')
DEBUG:root:Epoch: 7	Loss: 2.5821762084960938	 accuracy: tensor([40.8203], device='cuda:0')
DEBUG:root:Epoch: 8	Loss: 2.6162357330322266	 accuracy: tensor([39.8438], device='cuda:0')
DEBUG:root:Epoch: 9	Loss: 2.399331569671631	 accuracy: tensor([43.5547], device='cuda:0')
DEBUG:root:Epoch: 10	Loss: 2.3285000324249268	 accuracy: tensor([41.0156], device='cuda:0')
DEBUG:root:Epoch: 11	Loss: 2.001859188079834	 accuracy: tensor([46.4844], device='cuda:0')
DEBUG:root:Epoch: 12	Loss: 2.1267712116241455	 accuracy: tensor([46.8750], device='cuda:0')
DEBUG:root:Epoch: 13	Loss: 2.1746671199798584	 accuracy: tensor([45.3125], device='cuda:0')
DEBUG:root:Epoch: 14	Loss: 2.1055123805999756	 accuracy: tensor([45.3125], device='cuda:0')
DEBUG:root:Epoch: 15	Loss: 1.9230170249938965	 accuracy: tensor([50.7812], device='cuda:0')
DEBUG:root:Epoch: 16	Loss: 2.00109601020813	 accuracy: tensor([48.4375], device='cuda:0')
DEBUG:root:Epoch: 17	Loss: 1.9868476390838623	 accuracy: tensor([58.0078], device='cuda:0')
DEBUG:root:Epoch: 18	Loss: 1.9973911046981812	 accuracy: tensor([57.2266], device='cuda:0')
DEBUG:root:Epoch: 19	Loss: 1.8475074768066406	 accuracy: tensor([50.7812], device='cuda:0')
DEBUG:root:Epoch: 20	Loss: 1.7305058240890503	 accuracy: tensor([51.7578], device='cuda:0')
DEBUG:root:Epoch: 21	Loss: 1.5501859188079834	 accuracy: tensor([57.4219], device='cuda:0')
DEBUG:root:Epoch: 22	Loss: 1.8452340364456177	 accuracy: tensor([60.1562], device='cuda:0')
DEBUG:root:Epoch: 23	Loss: 1.5468344688415527	 accuracy: tensor([58.9844], device='cuda:0')
DEBUG:root:Epoch: 24	Loss: 1.7063170671463013	 accuracy: tensor([54.8828], device='cuda:0')
DEBUG:root:Epoch: 25	Loss: 1.6472607851028442	 accuracy: tensor([55.8594], device='cuda:0')
DEBUG:root:Epoch: 26	Loss: 1.672062873840332	 accuracy: tensor([65.6250], device='cuda:0')
DEBUG:root:Epoch: 27	Loss: 1.6853523254394531	 accuracy: tensor([63.0859], device='cuda:0')
DEBUG:root:Epoch: 28	Loss: 1.6500601768493652	 accuracy: tensor([63.0859], device='cuda:0')
DEBUG:root:Epoch: 29	Loss: 1.4217678308486938	 accuracy: tensor([63.2812], device='cuda:0')
DEBUG:root:Epoch: 30	Loss: 1.6045351028442383	 accuracy: tensor([57.4219], device='cuda:0')
DEBUG:root:Epoch: 31	Loss: 1.2962754964828491	 accuracy: tensor([66.2109], device='cuda:0')
DEBUG:root:Epoch: 32	Loss: 1.4759445190429688	 accuracy: tensor([57.6172], device='cuda:0')
DEBUG:root:Epoch: 33	Loss: 1.4767353534698486	 accuracy: tensor([63.8672], device='cuda:0')
DEBUG:root:Epoch: 34	Loss: 1.4731389284133911	 accuracy: tensor([68.3594], device='cuda:0')
DEBUG:root:Epoch: 35	Loss: 1.387921690940857	 accuracy: tensor([66.9922], device='cuda:0')
DEBUG:root:Epoch: 36	Loss: 1.3124979734420776	 accuracy: tensor([62.3047], device='cuda:0')
DEBUG:root:Epoch: 37	Loss: 1.5360468626022339	 accuracy: tensor([65.8203], device='cuda:0')
DEBUG:root:Epoch: 38	Loss: 1.367843747138977	 accuracy: tensor([66.9922], device='cuda:0')
DEBUG:root:Epoch: 39	Loss: 1.2113118171691895	 accuracy: tensor([69.9219], device='cuda:0')
DEBUG:root:Epoch: 40	Loss: 1.4368047714233398	 accuracy: tensor([68.9453], device='cuda:0')
DEBUG:root:Epoch: 41	Loss: 1.3473228216171265	 accuracy: tensor([64.2578], device='cuda:0')
DEBUG:root:Epoch: 42	Loss: 1.6350839138031006	 accuracy: tensor([64.2578], device='cuda:0')
DEBUG:root:Epoch: 43	Loss: 1.2942862510681152	 accuracy: tensor([63.6719], device='cuda:0')
DEBUG:root:Epoch: 44	Loss: 1.245952844619751	 accuracy: tensor([69.1406], device='cuda:0')
DEBUG:root:Epoch: 45	Loss: 1.2058022022247314	 accuracy: tensor([64.8438], device='cuda:0')
DEBUG:root:Epoch: 46	Loss: 1.345746636390686	 accuracy: tensor([64.0625], device='cuda:0')
DEBUG:root:Epoch: 47	Loss: 1.300399661064148	 accuracy: tensor([69.9219], device='cuda:0')
DEBUG:root:Epoch: 48	Loss: 1.2550448179244995	 accuracy: tensor([66.0156], device='cuda:0')
DEBUG:root:Epoch: 49	Loss: 1.3950878381729126	 accuracy: tensor([65.8203], device='cuda:0')
DEBUG:root:Epoch: 50	Loss: 1.312162160873413	 accuracy: tensor([70.8984], device='cuda:0')
DEBUG:root:Epoch: 51	Loss: 1.081088662147522	 accuracy: tensor([64.0625], device='cuda:0')
DEBUG:root:Epoch: 52	Loss: 1.1635266542434692	 accuracy: tensor([69.5312], device='cuda:0')
DEBUG:root:Epoch: 53	Loss: 1.2534137964248657	 accuracy: tensor([69.5312], device='cuda:0')
DEBUG:root:Epoch: 54	Loss: 1.2415913343429565	 accuracy: tensor([68.7500], device='cuda:0')
DEBUG:root:Epoch: 55	Loss: 1.061172366142273	 accuracy: tensor([69.3359], device='cuda:0')
DEBUG:root:Epoch: 56	Loss: 1.185291051864624	 accuracy: tensor([73.8281], device='cuda:0')
DEBUG:root:Epoch: 57	Loss: 1.2759497165679932	 accuracy: tensor([73.8281], device='cuda:0')
DEBUG:root:Epoch: 58	Loss: 1.1804813146591187	 accuracy: tensor([66.6016], device='cuda:0')
DEBUG:root:Epoch: 59	Loss: 1.2491679191589355	 accuracy: tensor([69.9219], device='cuda:0')
DEBUG:root:Epoch: 60	Loss: 1.2532292604446411	 accuracy: tensor([67.7734], device='cuda:0')
DEBUG:root:Epoch: 61	Loss: 1.3879581689834595	 accuracy: tensor([71.2891], device='cuda:0')
DEBUG:root:Epoch: 62	Loss: 1.215736985206604	 accuracy: tensor([73.2422], device='cuda:0')
DEBUG:root:Epoch: 63	Loss: 1.1342172622680664	 accuracy: tensor([68.7500], device='cuda:0')
DEBUG:root:Epoch: 64	Loss: 1.3044540882110596	 accuracy: tensor([72.6562], device='cuda:0')
DEBUG:root:Epoch: 65	Loss: 1.1357228755950928	 accuracy: tensor([70.5078], device='cuda:0')
DEBUG:root:Epoch: 66	Loss: 0.9909754395484924	 accuracy: tensor([71.2891], device='cuda:0')
DEBUG:root:Epoch: 67	Loss: 1.053255319595337	 accuracy: tensor([69.9219], device='cuda:0')
DEBUG:root:Epoch: 68	Loss: 0.9129960536956787	 accuracy: tensor([72.8516], device='cuda:0')
DEBUG:root:Epoch: 69	Loss: 1.188162922859192	 accuracy: tensor([71.4844], device='cuda:0')
DEBUG:root:Epoch: 70	Loss: 1.0864001512527466	 accuracy: tensor([76.1719], device='cuda:0')
DEBUG:root:Epoch: 71	Loss: 1.2705763578414917	 accuracy: tensor([76.1719], device='cuda:0')
DEBUG:root:Epoch: 72	Loss: 1.1268031597137451	 accuracy: tensor([74.6094], device='cuda:0')
DEBUG:root:Epoch: 73	Loss: 0.9650506377220154	 accuracy: tensor([67.9688], device='cuda:0')
DEBUG:root:Epoch: 74	Loss: 1.147605538368225	 accuracy: tensor([69.9219], device='cuda:0')
DEBUG:root:Epoch: 75	Loss: 1.2794628143310547	 accuracy: tensor([76.5625], device='cuda:0')
DEBUG:root:Epoch: 76	Loss: 0.8417882919311523	 accuracy: tensor([70.7031], device='cuda:0')
DEBUG:root:Epoch: 77	Loss: 0.7620202302932739	 accuracy: tensor([69.3359], device='cuda:0')
DEBUG:root:Epoch: 78	Loss: 1.1878337860107422	 accuracy: tensor([73.4375], device='cuda:0')
DEBUG:root:Epoch: 79	Loss: 1.178252100944519	 accuracy: tensor([73.0469], device='cuda:0')
DEBUG:root:Epoch: 80	Loss: 1.0112887620925903	 accuracy: tensor([70.7031], device='cuda:0')
DEBUG:root:Epoch: 81	Loss: 1.1962356567382812	 accuracy: tensor([74.0234], device='cuda:0')
DEBUG:root:Epoch: 82	Loss: 0.873719334602356	 accuracy: tensor([77.3438], device='cuda:0')
DEBUG:root:Epoch: 83	Loss: 0.9711483120918274	 accuracy: tensor([75.3906], device='cuda:0')
DEBUG:root:Epoch: 84	Loss: 1.081843376159668	 accuracy: tensor([74.0234], device='cuda:0')
DEBUG:root:Epoch: 85	Loss: 0.9975906014442444	 accuracy: tensor([74.0234], device='cuda:0')
DEBUG:root:Epoch: 86	Loss: 1.1512566804885864	 accuracy: tensor([69.9219], device='cuda:0')
DEBUG:root:Epoch: 87	Loss: 0.9206307530403137	 accuracy: tensor([73.2422], device='cuda:0')
DEBUG:root:Epoch: 88	Loss: 1.0193736553192139	 accuracy: tensor([73.4375], device='cuda:0')
DEBUG:root:Epoch: 89	Loss: 0.8308456540107727	 accuracy: tensor([74.6094], device='cuda:0')
DEBUG:root:Epoch: 90	Loss: 1.0849800109863281	 accuracy: tensor([74.2188], device='cuda:0')
DEBUG:root:Epoch: 91	Loss: 0.9845876693725586	 accuracy: tensor([74.6094], device='cuda:0')
DEBUG:root:Epoch: 92	Loss: 0.9464237689971924	 accuracy: tensor([72.6562], device='cuda:0')
DEBUG:root:Epoch: 93	Loss: 0.9952772855758667	 accuracy: tensor([75.3906], device='cuda:0')
DEBUG:root:Epoch: 94	Loss: 0.9730720520019531	 accuracy: tensor([75.], device='cuda:0')
DEBUG:root:Epoch: 95	Loss: 1.0802651643753052	 accuracy: tensor([72.8516], device='cuda:0')
DEBUG:root:Epoch: 96	Loss: 1.1085649728775024	 accuracy: tensor([73.4375], device='cuda:0')
DEBUG:root:Epoch: 97	Loss: 0.9354506134986877	 accuracy: tensor([69.9219], device='cuda:0')
DEBUG:root:Epoch: 98	Loss: 1.0302897691726685	 accuracy: tensor([79.6875], device='cuda:0')
DEBUG:root:Epoch: 99	Loss: 1.0980550050735474	 accuracy: tensor([79.6875], device='cuda:0')
INFO:root:Training has finished.
INFO:root:Model checkpoint and metadata has been saved at ./runs/tf_all_0_0005.
