INFO:root:Start SimCLR training for 100 epochs.
INFO:root:Training with gpu: False.
DEBUG:root:Epoch: 0	Loss: 4.479909420013428	 accuracy: tensor([0.3906], device='cuda:0')
DEBUG:root:Epoch: 1	Loss: 4.032639980316162	 accuracy: tensor([8.2031], device='cuda:0')
DEBUG:root:Epoch: 2	Loss: 3.569040536880493	 accuracy: tensor([12.6953], device='cuda:0')
DEBUG:root:Epoch: 3	Loss: 3.3901820182800293	 accuracy: tensor([17.9688], device='cuda:0')
DEBUG:root:Epoch: 4	Loss: 3.1480815410614014	 accuracy: tensor([28.1250], device='cuda:0')
DEBUG:root:Epoch: 5	Loss: 3.0593597888946533	 accuracy: tensor([29.4922], device='cuda:0')
DEBUG:root:Epoch: 6	Loss: 2.810730457305908	 accuracy: tensor([28.1250], device='cuda:0')
DEBUG:root:Epoch: 7	Loss: 2.8720295429229736	 accuracy: tensor([30.0781], device='cuda:0')
DEBUG:root:Epoch: 8	Loss: 2.742685079574585	 accuracy: tensor([36.7188], device='cuda:0')
DEBUG:root:Epoch: 9	Loss: 2.7498953342437744	 accuracy: tensor([33.5938], device='cuda:0')
DEBUG:root:Epoch: 10	Loss: 2.625356674194336	 accuracy: tensor([41.2109], device='cuda:0')
DEBUG:root:Epoch: 11	Loss: 2.4111204147338867	 accuracy: tensor([35.7422], device='cuda:0')
DEBUG:root:Epoch: 12	Loss: 2.523378610610962	 accuracy: tensor([36.1328], device='cuda:0')
DEBUG:root:Epoch: 13	Loss: 2.5351316928863525	 accuracy: tensor([42.5781], device='cuda:0')
DEBUG:root:Epoch: 14	Loss: 2.4554989337921143	 accuracy: tensor([42.5781], device='cuda:0')
DEBUG:root:Epoch: 15	Loss: 2.4306235313415527	 accuracy: tensor([50.], device='cuda:0')
DEBUG:root:Epoch: 16	Loss: 2.388939380645752	 accuracy: tensor([49.0234], device='cuda:0')
DEBUG:root:Epoch: 17	Loss: 2.3577332496643066	 accuracy: tensor([45.1172], device='cuda:0')
DEBUG:root:Epoch: 18	Loss: 2.3334972858428955	 accuracy: tensor([50.5859], device='cuda:0')
DEBUG:root:Epoch: 19	Loss: 2.2282652854919434	 accuracy: tensor([49.0234], device='cuda:0')
DEBUG:root:Epoch: 20	Loss: 2.245668411254883	 accuracy: tensor([48.4375], device='cuda:0')
DEBUG:root:Epoch: 21	Loss: 1.981224775314331	 accuracy: tensor([46.2891], device='cuda:0')
DEBUG:root:Epoch: 22	Loss: 2.0187783241271973	 accuracy: tensor([53.3203], device='cuda:0')
DEBUG:root:Epoch: 23	Loss: 2.2805018424987793	 accuracy: tensor([48.4375], device='cuda:0')
DEBUG:root:Epoch: 24	Loss: 1.9804226160049438	 accuracy: tensor([47.4609], device='cuda:0')
DEBUG:root:Epoch: 25	Loss: 2.001410484313965	 accuracy: tensor([45.1172], device='cuda:0')
DEBUG:root:Epoch: 26	Loss: 2.081968069076538	 accuracy: tensor([49.2188], device='cuda:0')
DEBUG:root:Epoch: 27	Loss: 2.2007081508636475	 accuracy: tensor([54.8828], device='cuda:0')
DEBUG:root:Epoch: 28	Loss: 2.0470879077911377	 accuracy: tensor([54.8828], device='cuda:0')
DEBUG:root:Epoch: 29	Loss: 2.1961898803710938	 accuracy: tensor([47.2656], device='cuda:0')
DEBUG:root:Epoch: 30	Loss: 2.015207052230835	 accuracy: tensor([46.4844], device='cuda:0')
DEBUG:root:Epoch: 31	Loss: 1.9020744562149048	 accuracy: tensor([49.8047], device='cuda:0')
DEBUG:root:Epoch: 32	Loss: 2.062682628631592	 accuracy: tensor([50.1953], device='cuda:0')
DEBUG:root:Epoch: 33	Loss: 2.018068790435791	 accuracy: tensor([50.3906], device='cuda:0')
DEBUG:root:Epoch: 34	Loss: 2.3830697536468506	 accuracy: tensor([54.4922], device='cuda:0')
DEBUG:root:Epoch: 35	Loss: 1.9929710626602173	 accuracy: tensor([46.0938], device='cuda:0')
DEBUG:root:Epoch: 36	Loss: 2.134653329849243	 accuracy: tensor([49.8047], device='cuda:0')
DEBUG:root:Epoch: 37	Loss: 2.022073268890381	 accuracy: tensor([53.5156], device='cuda:0')
DEBUG:root:Epoch: 38	Loss: 2.0876972675323486	 accuracy: tensor([51.5625], device='cuda:0')
DEBUG:root:Epoch: 39	Loss: 1.998345136642456	 accuracy: tensor([51.5625], device='cuda:0')
DEBUG:root:Epoch: 40	Loss: 2.024582862854004	 accuracy: tensor([50.7812], device='cuda:0')
DEBUG:root:Epoch: 41	Loss: 2.0019538402557373	 accuracy: tensor([58.5938], device='cuda:0')
DEBUG:root:Epoch: 42	Loss: 2.0428152084350586	 accuracy: tensor([58.5938], device='cuda:0')
DEBUG:root:Epoch: 43	Loss: 2.044172525405884	 accuracy: tensor([57.6172], device='cuda:0')
DEBUG:root:Epoch: 44	Loss: 1.8258731365203857	 accuracy: tensor([49.6094], device='cuda:0')
DEBUG:root:Epoch: 45	Loss: 1.84299635887146	 accuracy: tensor([52.9297], device='cuda:0')
DEBUG:root:Epoch: 46	Loss: 1.9064024686813354	 accuracy: tensor([49.8047], device='cuda:0')
DEBUG:root:Epoch: 47	Loss: 1.9547598361968994	 accuracy: tensor([54.2969], device='cuda:0')
DEBUG:root:Epoch: 48	Loss: 1.7619963884353638	 accuracy: tensor([52.1484], device='cuda:0')
DEBUG:root:Epoch: 49	Loss: 1.9626390933990479	 accuracy: tensor([50.7812], device='cuda:0')
DEBUG:root:Epoch: 50	Loss: 2.097972869873047	 accuracy: tensor([49.8047], device='cuda:0')
DEBUG:root:Epoch: 51	Loss: 1.7764743566513062	 accuracy: tensor([60.5469], device='cuda:0')
DEBUG:root:Epoch: 52	Loss: 1.8097435235977173	 accuracy: tensor([54.2969], device='cuda:0')
DEBUG:root:Epoch: 53	Loss: 1.7592763900756836	 accuracy: tensor([59.5703], device='cuda:0')
DEBUG:root:Epoch: 54	Loss: 1.8818215131759644	 accuracy: tensor([50.9766], device='cuda:0')
DEBUG:root:Epoch: 55	Loss: 1.8984171152114868	 accuracy: tensor([55.0781], device='cuda:0')
DEBUG:root:Epoch: 56	Loss: 1.9367700815200806	 accuracy: tensor([55.2734], device='cuda:0')
DEBUG:root:Epoch: 57	Loss: 1.906692624092102	 accuracy: tensor([55.2734], device='cuda:0')
DEBUG:root:Epoch: 58	Loss: 2.0789694786071777	 accuracy: tensor([52.7344], device='cuda:0')
DEBUG:root:Epoch: 59	Loss: 2.072336196899414	 accuracy: tensor([57.2266], device='cuda:0')
DEBUG:root:Epoch: 60	Loss: 1.9299436807632446	 accuracy: tensor([58.3984], device='cuda:0')
DEBUG:root:Epoch: 61	Loss: 1.920458436012268	 accuracy: tensor([60.3516], device='cuda:0')
DEBUG:root:Epoch: 62	Loss: 2.0310604572296143	 accuracy: tensor([55.0781], device='cuda:0')
DEBUG:root:Epoch: 63	Loss: 1.8443764448165894	 accuracy: tensor([55.4688], device='cuda:0')
DEBUG:root:Epoch: 64	Loss: 1.7762455940246582	 accuracy: tensor([58.0078], device='cuda:0')
DEBUG:root:Epoch: 65	Loss: 1.9338245391845703	 accuracy: tensor([55.4688], device='cuda:0')
DEBUG:root:Epoch: 66	Loss: 1.8648136854171753	 accuracy: tensor([53.9062], device='cuda:0')
DEBUG:root:Epoch: 67	Loss: 1.9999842643737793	 accuracy: tensor([58.9844], device='cuda:0')
DEBUG:root:Epoch: 68	Loss: 1.6421494483947754	 accuracy: tensor([58.0078], device='cuda:0')
DEBUG:root:Epoch: 69	Loss: 1.7208424806594849	 accuracy: tensor([56.0547], device='cuda:0')
DEBUG:root:Epoch: 70	Loss: 1.6805205345153809	 accuracy: tensor([60.3516], device='cuda:0')
DEBUG:root:Epoch: 71	Loss: 1.8365565538406372	 accuracy: tensor([60.3516], device='cuda:0')
DEBUG:root:Epoch: 72	Loss: 1.786961317062378	 accuracy: tensor([61.9141], device='cuda:0')
DEBUG:root:Epoch: 73	Loss: 1.8357093334197998	 accuracy: tensor([55.8594], device='cuda:0')
DEBUG:root:Epoch: 74	Loss: 1.7179847955703735	 accuracy: tensor([56.8359], device='cuda:0')
DEBUG:root:Epoch: 75	Loss: 1.9807765483856201	 accuracy: tensor([60.7422], device='cuda:0')
DEBUG:root:Epoch: 76	Loss: 1.7526469230651855	 accuracy: tensor([56.0547], device='cuda:0')
DEBUG:root:Epoch: 77	Loss: 1.7876675128936768	 accuracy: tensor([56.6406], device='cuda:0')
DEBUG:root:Epoch: 78	Loss: 1.6915853023529053	 accuracy: tensor([55.6641], device='cuda:0')
DEBUG:root:Epoch: 79	Loss: 1.6073776483535767	 accuracy: tensor([60.9375], device='cuda:0')
DEBUG:root:Epoch: 80	Loss: 1.8090776205062866	 accuracy: tensor([52.7344], device='cuda:0')
DEBUG:root:Epoch: 81	Loss: 1.7472997903823853	 accuracy: tensor([65.6250], device='cuda:0')
DEBUG:root:Epoch: 82	Loss: 1.7683672904968262	 accuracy: tensor([58.3984], device='cuda:0')
DEBUG:root:Epoch: 83	Loss: 1.7730363607406616	 accuracy: tensor([57.2266], device='cuda:0')
DEBUG:root:Epoch: 84	Loss: 1.7312628030776978	 accuracy: tensor([51.5625], device='cuda:0')
DEBUG:root:Epoch: 85	Loss: 1.517305850982666	 accuracy: tensor([51.5625], device='cuda:0')
DEBUG:root:Epoch: 86	Loss: 1.7804217338562012	 accuracy: tensor([58.9844], device='cuda:0')
DEBUG:root:Epoch: 87	Loss: 1.6575671434402466	 accuracy: tensor([60.1562], device='cuda:0')
DEBUG:root:Epoch: 88	Loss: 1.8527966737747192	 accuracy: tensor([53.9062], device='cuda:0')
DEBUG:root:Epoch: 89	Loss: 1.7331513166427612	 accuracy: tensor([57.4219], device='cuda:0')
DEBUG:root:Epoch: 90	Loss: 1.6312750577926636	 accuracy: tensor([55.8594], device='cuda:0')
DEBUG:root:Epoch: 91	Loss: 1.5385210514068604	 accuracy: tensor([61.5234], device='cuda:0')
DEBUG:root:Epoch: 92	Loss: 1.6038538217544556	 accuracy: tensor([52.7344], device='cuda:0')
DEBUG:root:Epoch: 93	Loss: 1.8933879137039185	 accuracy: tensor([55.0781], device='cuda:0')
DEBUG:root:Epoch: 94	Loss: 1.795356035232544	 accuracy: tensor([61.5234], device='cuda:0')
DEBUG:root:Epoch: 95	Loss: 1.8571686744689941	 accuracy: tensor([58.2031], device='cuda:0')
DEBUG:root:Epoch: 96	Loss: 1.8407716751098633	 accuracy: tensor([55.8594], device='cuda:0')
DEBUG:root:Epoch: 97	Loss: 1.4910883903503418	 accuracy: tensor([56.2500], device='cuda:0')
DEBUG:root:Epoch: 98	Loss: 1.8215034008026123	 accuracy: tensor([57.6172], device='cuda:0')
DEBUG:root:Epoch: 99	Loss: 1.761163353919983	 accuracy: tensor([57.6172], device='cuda:0')
INFO:root:Training has finished.
INFO:root:Model checkpoint and metadata has been saved at ./runs/tmp_0_01_0_0005.
