INFO:root:Start SimCLR training for 200 epochs.
INFO:root:Training with gpu: False.
DEBUG:root:Epoch: 0 Loss: 7.215775966644287 accuracy: tensor([31.3721], device='cuda:3')
DEBUG:root:Epoch: 1 Loss: 6.568850517272949 accuracy: tensor([50.4964], device='cuda:3')
DEBUG:root:Epoch: 2 Loss: 6.202004909515381 accuracy: tensor([43.8639], device='cuda:3')
DEBUG:root:Epoch: 3 Loss: 6.046628475189209 accuracy: tensor([54.2074], device='cuda:3')
DEBUG:root:Epoch: 4 Loss: 6.218032360076904 accuracy: tensor([46.3623], device='cuda:3')
DEBUG:root:Epoch: 5 Loss: 6.271602153778076 accuracy: tensor([48.2178], device='cuda:3')
DEBUG:root:Epoch: 6 Loss: 6.214698791503906 accuracy: tensor([47.2656], device='cuda:3')
DEBUG:root:Epoch: 7 Loss: 6.183221340179443 accuracy: tensor([48.7305], device='cuda:3')
DEBUG:root:Epoch: 8 Loss: 6.242431163787842 accuracy: tensor([49.4303], device='cuda:3')
DEBUG:root:Epoch: 9 Loss: 6.182406425476074 accuracy: tensor([56.4941], device='cuda:3')
DEBUG:root:Epoch: 10 Loss: 6.166026592254639 accuracy: tensor([55.8838], device='cuda:3')
DEBUG:root:Epoch: 11 Loss: 6.231197357177734 accuracy: tensor([57.0557], device='cuda:3')
DEBUG:root:Epoch: 12 Loss: 6.239219665527344 accuracy: tensor([63.4277], device='cuda:3')
DEBUG:root:Epoch: 13 Loss: 6.215766906738281 accuracy: tensor([59.4727], device='cuda:3')
DEBUG:root:Epoch: 14 Loss: 6.208827495574951 accuracy: tensor([64.0462], device='cuda:3')
DEBUG:root:Epoch: 15 Loss: 6.241613388061523 accuracy: tensor([59.4645], device='cuda:3')
DEBUG:root:Epoch: 16 Loss: 6.220912933349609 accuracy: tensor([63.9404], device='cuda:3')
DEBUG:root:Epoch: 17 Loss: 6.21025276184082 accuracy: tensor([64.8193], device='cuda:3')
DEBUG:root:Epoch: 18 Loss: 6.238574028015137 accuracy: tensor([66.1377], device='cuda:3')
DEBUG:root:Epoch: 19 Loss: 6.213903427124023 accuracy: tensor([65.3239], device='cuda:3')
DEBUG:root:Epoch: 20 Loss: 6.137819290161133 accuracy: tensor([67.2770], device='cuda:3')
DEBUG:root:Epoch: 21 Loss: 6.174241542816162 accuracy: tensor([69.9788], device='cuda:3')
DEBUG:root:Epoch: 22 Loss: 6.150472164154053 accuracy: tensor([69.9870], device='cuda:3')
DEBUG:root:Epoch: 23 Loss: 6.144171714782715 accuracy: tensor([69.7510], device='cuda:3')
DEBUG:root:Epoch: 24 Loss: 6.195457458496094 accuracy: tensor([66.7725], device='cuda:3')
DEBUG:root:Epoch: 25 Loss: 6.173194408416748 accuracy: tensor([67.6025], device='cuda:3')
DEBUG:root:Epoch: 26 Loss: 6.123746395111084 accuracy: tensor([70.8740], device='cuda:3')
DEBUG:root:Epoch: 27 Loss: 6.158181667327881 accuracy: tensor([69.1813], device='cuda:3')
DEBUG:root:Epoch: 28 Loss: 6.110795974731445 accuracy: tensor([71.7448], device='cuda:3')
DEBUG:root:Epoch: 29 Loss: 6.10955810546875 accuracy: tensor([66.1621], device='cuda:3')
DEBUG:root:Epoch: 30 Loss: 6.166610240936279 accuracy: tensor([70.9798], device='cuda:3')
DEBUG:root:Epoch: 31 Loss: 6.179434776306152 accuracy: tensor([72.5911], device='cuda:3')
DEBUG:root:Epoch: 32 Loss: 6.121603965759277 accuracy: tensor([71.5495], device='cuda:3')
DEBUG:root:Epoch: 33 Loss: 6.0721282958984375 accuracy: tensor([77.3682], device='cuda:3')
DEBUG:root:Epoch: 34 Loss: 6.117170333862305 accuracy: tensor([73.1201], device='cuda:3')
DEBUG:root:Epoch: 35 Loss: 6.1442389488220215 accuracy: tensor([70.8740], device='cuda:3')
DEBUG:root:Epoch: 36 Loss: 6.1207075119018555 accuracy: tensor([66.7236], device='cuda:3')
DEBUG:root:Epoch: 37 Loss: 6.127310752868652 accuracy: tensor([72.1354], device='cuda:3')
DEBUG:root:Epoch: 38 Loss: 6.172077178955078 accuracy: tensor([71.1507], device='cuda:3')
DEBUG:root:Epoch: 39 Loss: 6.15718936920166 accuracy: tensor([72.0540], device='cuda:3')
DEBUG:root:Epoch: 40 Loss: 6.171923637390137 accuracy: tensor([66.6829], device='cuda:3')
DEBUG:root:Epoch: 41 Loss: 6.195249080657959 accuracy: tensor([64.7624], device='cuda:3')
DEBUG:root:Epoch: 42 Loss: 6.194736003875732 accuracy: tensor([66.8538], device='cuda:3')
DEBUG:root:Epoch: 43 Loss: 6.192075252532959 accuracy: tensor([68.2373], device='cuda:3')
DEBUG:root:Epoch: 44 Loss: 6.2493743896484375 accuracy: tensor([65.9017], device='cuda:3')
DEBUG:root:Epoch: 45 Loss: 6.2553534507751465 accuracy: tensor([70.1742], device='cuda:3')
DEBUG:root:Epoch: 46 Loss: 6.258124351501465 accuracy: tensor([67.8955], device='cuda:3')
DEBUG:root:Epoch: 47 Loss: 6.271827220916748 accuracy: tensor([69.0023], device='cuda:3')
DEBUG:root:Epoch: 48 Loss: 6.213303565979004 accuracy: tensor([71.4681], device='cuda:3')
DEBUG:root:Epoch: 49 Loss: 6.2246856689453125 accuracy: tensor([69.1569], device='cuda:3')
DEBUG:root:Epoch: 50 Loss: 6.253939628601074 accuracy: tensor([66.0726], device='cuda:3')
DEBUG:root:Epoch: 51 Loss: 6.213271617889404 accuracy: tensor([70.0439], device='cuda:3')
DEBUG:root:Epoch: 52 Loss: 6.197980880737305 accuracy: tensor([68.9697], device='cuda:3')
DEBUG:root:Epoch: 53 Loss: 6.206847667694092 accuracy: tensor([73.9502], device='cuda:3')
DEBUG:root:Epoch: 54 Loss: 6.268939971923828 accuracy: tensor([69.6370], device='cuda:3')
DEBUG:root:Epoch: 55 Loss: 6.225574493408203 accuracy: tensor([70.1986], device='cuda:3')
DEBUG:root:Epoch: 56 Loss: 6.211949348449707 accuracy: tensor([75.5046], device='cuda:3')
DEBUG:root:Epoch: 57 Loss: 6.200652122497559 accuracy: tensor([71.8018], device='cuda:3')
DEBUG:root:Epoch: 58 Loss: 6.243541240692139 accuracy: tensor([69.6126], device='cuda:3')
DEBUG:root:Epoch: 59 Loss: 6.250099182128906 accuracy: tensor([69.3441], device='cuda:3')
DEBUG:root:Epoch: 60 Loss: 6.230775833129883 accuracy: tensor([67.7083], device='cuda:3')
DEBUG:root:Epoch: 61 Loss: 6.186650276184082 accuracy: tensor([73.6979], device='cuda:3')
DEBUG:root:Epoch: 62 Loss: 6.2291765213012695 accuracy: tensor([69.4417], device='cuda:3')
DEBUG:root:Epoch: 63 Loss: 6.1996307373046875 accuracy: tensor([70.6055], device='cuda:3')
DEBUG:root:Epoch: 64 Loss: 6.196589469909668 accuracy: tensor([65.9994], device='cuda:3')
DEBUG:root:Epoch: 65 Loss: 6.196043968200684 accuracy: tensor([73.5677], device='cuda:3')
DEBUG:root:Epoch: 66 Loss: 6.193202495574951 accuracy: tensor([75.8301], device='cuda:3')
DEBUG:root:Epoch: 67 Loss: 6.196473598480225 accuracy: tensor([71.0693], device='cuda:3')
DEBUG:root:Epoch: 68 Loss: 6.148147106170654 accuracy: tensor([72.5586], device='cuda:3')
DEBUG:root:Epoch: 69 Loss: 6.1442484855651855 accuracy: tensor([76.2695], device='cuda:3')
DEBUG:root:Epoch: 70 Loss: 6.1709303855896 accuracy: tensor([72.2575], device='cuda:3')
DEBUG:root:Epoch: 71 Loss: 6.197640895843506 accuracy: tensor([72.2087], device='cuda:3')
DEBUG:root:Epoch: 72 Loss: 6.185708522796631 accuracy: tensor([75.5697], device='cuda:3')
DEBUG:root:Epoch: 73 Loss: 6.167216777801514 accuracy: tensor([74.4385], device='cuda:3')
DEBUG:root:Epoch: 74 Loss: 6.1505279541015625 accuracy: tensor([75.7080], device='cuda:3')
DEBUG:root:Epoch: 75 Loss: 6.11451530456543 accuracy: tensor([71.4111], device='cuda:3')
DEBUG:root:Epoch: 76 Loss: 6.16651725769043 accuracy: tensor([74.2106], device='cuda:3')
DEBUG:root:Epoch: 77 Loss: 6.151313781738281 accuracy: tensor([74.5524], device='cuda:3')
DEBUG:root:Epoch: 78 Loss: 6.175987243652344 accuracy: tensor([73.7793], device='cuda:3')
DEBUG:root:Epoch: 79 Loss: 6.157073497772217 accuracy: tensor([78.9225], device='cuda:3')
DEBUG:root:Epoch: 80 Loss: 6.180107116699219 accuracy: tensor([74.2025], device='cuda:3')
DEBUG:root:Epoch: 81 Loss: 6.163222789764404 accuracy: tensor([77.1159], device='cuda:3')
DEBUG:root:Epoch: 82 Loss: 6.155587196350098 accuracy: tensor([79.8584], device='cuda:3')
DEBUG:root:Epoch: 83 Loss: 6.182787895202637 accuracy: tensor([74.8128], device='cuda:3')
DEBUG:root:Epoch: 84 Loss: 6.1234049797058105 accuracy: tensor([81.8604], device='cuda:3')
DEBUG:root:Epoch: 85 Loss: 6.135077476501465 accuracy: tensor([81.2581], device='cuda:3')
DEBUG:root:Epoch: 86 Loss: 6.121938705444336 accuracy: tensor([75.3337], device='cuda:3')
DEBUG:root:Epoch: 87 Loss: 6.14235258102417 accuracy: tensor([78.6214], device='cuda:3')
DEBUG:root:Epoch: 88 Loss: 6.149889945983887 accuracy: tensor([78.2878], device='cuda:3')
DEBUG:root:Epoch: 89 Loss: 6.142348766326904 accuracy: tensor([77.6693], device='cuda:3')
DEBUG:root:Epoch: 90 Loss: 6.11781120300293 accuracy: tensor([81.8197], device='cuda:3')
DEBUG:root:Epoch: 91 Loss: 6.161195278167725 accuracy: tensor([79.8747], device='cuda:3')
DEBUG:root:Epoch: 92 Loss: 6.138458251953125 accuracy: tensor([81.4697], device='cuda:3')
DEBUG:root:Epoch: 93 Loss: 6.132940292358398 accuracy: tensor([80.7210], device='cuda:3')
DEBUG:root:Epoch: 94 Loss: 6.129867076873779 accuracy: tensor([77.7018], device='cuda:3')
DEBUG:root:Epoch: 95 Loss: 6.109650611877441 accuracy: tensor([77.8564], device='cuda:3')
DEBUG:root:Epoch: 96 Loss: 6.100474834442139 accuracy: tensor([78.9795], device='cuda:3')
DEBUG:root:Epoch: 97 Loss: 6.181542873382568 accuracy: tensor([74.1862], device='cuda:3')
DEBUG:root:Epoch: 98 Loss: 6.117578506469727 accuracy: tensor([81.8197], device='cuda:3')
DEBUG:root:Epoch: 99 Loss: 6.154067039489746 accuracy: tensor([77.8646], device='cuda:3')
DEBUG:root:Epoch: 100 Loss: 6.137170791625977 accuracy: tensor([80.8350], device='cuda:3')
DEBUG:root:Epoch: 101 Loss: 6.134332656860352 accuracy: tensor([80.1270], device='cuda:3')
DEBUG:root:Epoch: 102 Loss: 6.134295463562012 accuracy: tensor([77.7995], device='cuda:3')
DEBUG:root:Epoch: 103 Loss: 6.152701377868652 accuracy: tensor([79.3457], device='cuda:3')
DEBUG:root:Epoch: 104 Loss: 6.134672164916992 accuracy: tensor([81.2093], device='cuda:3')
DEBUG:root:Epoch: 105 Loss: 6.127363204956055 accuracy: tensor([78.1250], device='cuda:3')
DEBUG:root:Epoch: 106 Loss: 6.117466926574707 accuracy: tensor([82.0150], device='cuda:3')
DEBUG:root:Epoch: 107 Loss: 6.124566555023193 accuracy: tensor([83.0648], device='cuda:3')
DEBUG:root:Epoch: 108 Loss: 6.113773345947266 accuracy: tensor([83.4635], device='cuda:3')
DEBUG:root:Epoch: 109 Loss: 6.108597755432129 accuracy: tensor([82.9346], device='cuda:3')
DEBUG:root:Epoch: 110 Loss: 6.117861747741699 accuracy: tensor([81.9580], device='cuda:3')
DEBUG:root:Epoch: 111 Loss: 6.146974086761475 accuracy: tensor([75.9277], device='cuda:3')
DEBUG:root:Epoch: 112 Loss: 6.156402111053467 accuracy: tensor([77.2949], device='cuda:3')
DEBUG:root:Epoch: 113 Loss: 6.134502410888672 accuracy: tensor([80.3223], device='cuda:3')
DEBUG:root:Epoch: 114 Loss: 6.121319770812988 accuracy: tensor([79.7933], device='cuda:3')
DEBUG:root:Epoch: 115 Loss: 6.102364540100098 accuracy: tensor([85.0016], device='cuda:3')
DEBUG:root:Epoch: 116 Loss: 6.113276481628418 accuracy: tensor([81.1849], device='cuda:3')
DEBUG:root:Epoch: 117 Loss: 6.116189956665039 accuracy: tensor([81.8197], device='cuda:3')
DEBUG:root:Epoch: 118 Loss: 6.107748985290527 accuracy: tensor([83.7565], device='cuda:3')
DEBUG:root:Epoch: 119 Loss: 6.1048407554626465 accuracy: tensor([83.8298], device='cuda:3')
DEBUG:root:Epoch: 120 Loss: 6.1193742752075195 accuracy: tensor([83.3171], device='cuda:3')
DEBUG:root:Epoch: 121 Loss: 6.113375663757324 accuracy: tensor([83.0485], device='cuda:3')
DEBUG:root:Epoch: 122 Loss: 6.112934112548828 accuracy: tensor([83.6670], device='cuda:3')
DEBUG:root:Epoch: 123 Loss: 6.130507469177246 accuracy: tensor([80.6559], device='cuda:3')
DEBUG:root:Epoch: 124 Loss: 6.116822719573975 accuracy: tensor([82.1452], device='cuda:3')
DEBUG:root:Epoch: 125 Loss: 6.119231224060059 accuracy: tensor([81.8522], device='cuda:3')
DEBUG:root:Epoch: 126 Loss: 6.117208003997803 accuracy: tensor([81.1930], device='cuda:3')
DEBUG:root:Epoch: 127 Loss: 6.10421085357666 accuracy: tensor([80.4199], device='cuda:3')
DEBUG:root:Epoch: 128 Loss: 6.0838422775268555 accuracy: tensor([83.8949], device='cuda:3')
DEBUG:root:Epoch: 129 Loss: 6.1345415115356445 accuracy: tensor([81.4941], device='cuda:3')
DEBUG:root:Epoch: 130 Loss: 6.107678413391113 accuracy: tensor([81.8929], device='cuda:3')
DEBUG:root:Epoch: 131 Loss: 6.086328029632568 accuracy: tensor([85.7503], device='cuda:3')
DEBUG:root:Epoch: 132 Loss: 6.136919021606445 accuracy: tensor([78.1087], device='cuda:3')
DEBUG:root:Epoch: 133 Loss: 6.101626396179199 accuracy: tensor([81.1849], device='cuda:3')
DEBUG:root:Epoch: 134 Loss: 6.111581325531006 accuracy: tensor([83.7240], device='cuda:3')
DEBUG:root:Epoch: 135 Loss: 6.104040145874023 accuracy: tensor([82.2835], device='cuda:3')
DEBUG:root:Epoch: 136 Loss: 6.105827331542969 accuracy: tensor([82.2998], device='cuda:3')
DEBUG:root:Epoch: 137 Loss: 6.116235733032227 accuracy: tensor([82.6335], device='cuda:3')
DEBUG:root:Epoch: 138 Loss: 6.1009674072265625 accuracy: tensor([84.5703], device='cuda:3')
DEBUG:root:Epoch: 139 Loss: 6.090697288513184 accuracy: tensor([85.7992], device='cuda:3')
DEBUG:root:Epoch: 140 Loss: 6.105309963226318 accuracy: tensor([84.3831], device='cuda:3')
DEBUG:root:Epoch: 141 Loss: 6.09283447265625 accuracy: tensor([84.6273], device='cuda:3')
DEBUG:root:Epoch: 142 Loss: 6.105039596557617 accuracy: tensor([83.0241], device='cuda:3')
DEBUG:root:Epoch: 143 Loss: 6.107635021209717 accuracy: tensor([81.2419], device='cuda:3')
DEBUG:root:Epoch: 144 Loss: 6.101869106292725 accuracy: tensor([84.2041], device='cuda:3')
DEBUG:root:Epoch: 145 Loss: 6.104874610900879 accuracy: tensor([85.6445], device='cuda:3')
DEBUG:root:Epoch: 146 Loss: 6.114528656005859 accuracy: tensor([84.0658], device='cuda:3')
DEBUG:root:Epoch: 147 Loss: 6.113112926483154 accuracy: tensor([76.5300], device='cuda:3')
DEBUG:root:Epoch: 148 Loss: 6.127956390380859 accuracy: tensor([84.8877], device='cuda:3')
DEBUG:root:Epoch: 149 Loss: 6.077231407165527 accuracy: tensor([79.3050], device='cuda:3')
DEBUG:root:Epoch: 150 Loss: 6.088674545288086 accuracy: tensor([83.9518], device='cuda:3')
DEBUG:root:Epoch: 151 Loss: 6.1071624755859375 accuracy: tensor([82.4788], device='cuda:3')
DEBUG:root:Epoch: 152 Loss: 6.10881233215332 accuracy: tensor([80.6234], device='cuda:3')
DEBUG:root:Epoch: 153 Loss: 6.134328842163086 accuracy: tensor([81.8197], device='cuda:3')
DEBUG:root:Epoch: 154 Loss: 6.094740867614746 accuracy: tensor([84.1146], device='cuda:3')
DEBUG:root:Epoch: 155 Loss: 6.072951316833496 accuracy: tensor([83.8216], device='cuda:3')
DEBUG:root:Epoch: 156 Loss: 6.095797538757324 accuracy: tensor([81.3232], device='cuda:3')
DEBUG:root:Epoch: 157 Loss: 6.137446403503418 accuracy: tensor([80.8431], device='cuda:3')
DEBUG:root:Epoch: 158 Loss: 6.094851493835449 accuracy: tensor([80.8187], device='cuda:3')
DEBUG:root:Epoch: 159 Loss: 6.093379020690918 accuracy: tensor([82.7637], device='cuda:3')
DEBUG:root:Epoch: 160 Loss: 6.079812526702881 accuracy: tensor([83.5775], device='cuda:3')
DEBUG:root:Epoch: 161 Loss: 6.107678413391113 accuracy: tensor([81.4290], device='cuda:3')
DEBUG:root:Epoch: 162 Loss: 6.107532024383545 accuracy: tensor([80.8268], device='cuda:3')
DEBUG:root:Epoch: 163 Loss: 6.095073223114014 accuracy: tensor([85.0911], device='cuda:3')
DEBUG:root:Epoch: 164 Loss: 6.1055216789245605 accuracy: tensor([83.0241], device='cuda:3')
DEBUG:root:Epoch: 165 Loss: 6.092753887176514 accuracy: tensor([79.7526], device='cuda:3')
DEBUG:root:Epoch: 166 Loss: 6.087968826293945 accuracy: tensor([84.1471], device='cuda:3')
DEBUG:root:Epoch: 167 Loss: 6.100742340087891 accuracy: tensor([80.8024], device='cuda:3')
DEBUG:root:Epoch: 168 Loss: 6.0809478759765625 accuracy: tensor([75.9277], device='cuda:3')
DEBUG:root:Epoch: 169 Loss: 6.105623245239258 accuracy: tensor([81.4860], device='cuda:3')
DEBUG:root:Epoch: 170 Loss: 6.068377494812012 accuracy: tensor([82.0719], device='cuda:3')
DEBUG:root:Epoch: 171 Loss: 6.10302734375 accuracy: tensor([82.1045], device='cuda:3')
DEBUG:root:Epoch: 172 Loss: 6.101980209350586 accuracy: tensor([84.0902], device='cuda:3')
DEBUG:root:Epoch: 173 Loss: 6.100393295288086 accuracy: tensor([83.1706], device='cuda:3')
DEBUG:root:Epoch: 174 Loss: 6.108222007751465 accuracy: tensor([81.3477], device='cuda:3')
DEBUG:root:Epoch: 175 Loss: 6.089600563049316 accuracy: tensor([83.2031], device='cuda:3')
DEBUG:root:Epoch: 176 Loss: 6.08930778503418 accuracy: tensor([82.2021], device='cuda:3')
DEBUG:root:Epoch: 177 Loss: 6.115584850311279 accuracy: tensor([78.3936], device='cuda:3')
DEBUG:root:Epoch: 178 Loss: 6.134458541870117 accuracy: tensor([81.2907], device='cuda:3')
DEBUG:root:Epoch: 179 Loss: 6.151055812835693 accuracy: tensor([75.2279], device='cuda:3')
DEBUG:root:Epoch: 180 Loss: 6.103679656982422 accuracy: tensor([80.7536], device='cuda:3')
DEBUG:root:Epoch: 181 Loss: 6.1111273765563965 accuracy: tensor([80.7454], device='cuda:3')
DEBUG:root:Epoch: 182 Loss: 6.097193717956543 accuracy: tensor([80.8512], device='cuda:3')
DEBUG:root:Epoch: 183 Loss: 6.085265636444092 accuracy: tensor([84.4157], device='cuda:3')
DEBUG:root:Epoch: 184 Loss: 6.095369338989258 accuracy: tensor([84.2611], device='cuda:3')
DEBUG:root:Epoch: 185 Loss: 6.104951858520508 accuracy: tensor([82.4544], device='cuda:3')
DEBUG:root:Epoch: 186 Loss: 6.093794822692871 accuracy: tensor([81.6081], device='cuda:3')
DEBUG:root:Epoch: 187 Loss: 6.090077877044678 accuracy: tensor([85.3678], device='cuda:3')
DEBUG:root:Epoch: 188 Loss: 6.100036144256592 accuracy: tensor([82.7718], device='cuda:3')
DEBUG:root:Epoch: 189 Loss: 6.086175441741943 accuracy: tensor([82.5684], device='cuda:3')
DEBUG:root:Epoch: 190 Loss: 6.081002712249756 accuracy: tensor([86.8490], device='cuda:3')
DEBUG:root:Epoch: 191 Loss: 6.082406044006348 accuracy: tensor([82.3079], device='cuda:3')
DEBUG:root:Epoch: 192 Loss: 6.091876029968262 accuracy: tensor([85.9212], device='cuda:3')
DEBUG:root:Epoch: 193 Loss: 6.110480308532715 accuracy: tensor([79.6387], device='cuda:3')
DEBUG:root:Epoch: 194 Loss: 6.0790605545043945 accuracy: tensor([80.1107], device='cuda:3')
DEBUG:root:Epoch: 195 Loss: 6.089904308319092 accuracy: tensor([82.1289], device='cuda:3')
DEBUG:root:Epoch: 196 Loss: 6.079116344451904 accuracy: tensor([80.4199], device='cuda:3')
DEBUG:root:Epoch: 197 Loss: 6.045680522918701 accuracy: tensor([78.6947], device='cuda:3')
DEBUG:root:Epoch: 198 Loss: 6.09111213684082 accuracy: tensor([80.4850], device='cuda:3')
DEBUG:root:Epoch: 199 Loss: 6.101602554321289 accuracy: tensor([81.3314], device='cuda:3')
INFO:root:Training has finished.
INFO:root:Model of Epoch 190 checkpoint and metadata has been saved at ./runs/original/.
