INFO:root:Start SimCLR fine-tuning head for 200 epochs.
INFO:root:Training with gpu: False.
INFO:root:Start SimCLR fine-tuning head for 200 epochs.
INFO:root:Training with gpu: False.
INFO:root:Start SimCLR fine-tuning head for 200 epochs.
INFO:root:Training with gpu: False.
INFO:root:Start SimCLR fine-tuning head for 200 epochs.
INFO:root:Training with gpu: False.
INFO:root:Start SimCLR fine-tuning head for 200 epochs.
INFO:root:Training with gpu: False.
DEBUG:root:Epoch: 0 	 Loss: 1.7886823415756226 	 train acc: tensor([16.6667], device='cuda:0') 	 val acc: tensor([21.3648], device='cuda:0')
INFO:root:Start SimCLR fine-tuning head for 200 epochs.
INFO:root:Training with gpu: False.
DEBUG:root:Epoch: 0 	 Loss: 1.7886823415756226 	 train acc: tensor([16.6667], device='cuda:0') 	 val acc: tensor([21.3648], device='cuda:0')
DEBUG:root:Epoch: 1 	 Loss: 1.7868531942367554 	 train acc: tensor([17.4603], device='cuda:0') 	 val acc: tensor([21.3648], device='cuda:0')
DEBUG:root:Epoch: 2 	 Loss: 1.7860056161880493 	 train acc: tensor([17.4603], device='cuda:0') 	 val acc: tensor([21.3648], device='cuda:0')
DEBUG:root:Epoch: 3 	 Loss: 1.7863507270812988 	 train acc: tensor([16.6667], device='cuda:0') 	 val acc: tensor([21.3648], device='cuda:0')
DEBUG:root:Epoch: 4 	 Loss: 1.7840797901153564 	 train acc: tensor([18.2540], device='cuda:0') 	 val acc: tensor([21.3648], device='cuda:0')
DEBUG:root:Epoch: 5 	 Loss: 1.783879280090332 	 train acc: tensor([18.2540], device='cuda:0') 	 val acc: tensor([21.3648], device='cuda:0')
DEBUG:root:Epoch: 6 	 Loss: 1.782478928565979 	 train acc: tensor([19.8413], device='cuda:0') 	 val acc: tensor([21.3648], device='cuda:0')
DEBUG:root:Epoch: 7 	 Loss: 1.7817890644073486 	 train acc: tensor([19.0476], device='cuda:0') 	 val acc: tensor([21.3648], device='cuda:0')
DEBUG:root:Epoch: 8 	 Loss: 1.7808926105499268 	 train acc: tensor([19.0476], device='cuda:0') 	 val acc: tensor([21.3648], device='cuda:0')
DEBUG:root:Epoch: 9 	 Loss: 1.7790859937667847 	 train acc: tensor([21.4286], device='cuda:0') 	 val acc: tensor([21.3648], device='cuda:0')
DEBUG:root:Epoch: 10 	 Loss: 1.7801921367645264 	 train acc: tensor([20.6349], device='cuda:0') 	 val acc: tensor([21.4005], device='cuda:0')
DEBUG:root:Epoch: 11 	 Loss: 1.7769272327423096 	 train acc: tensor([25.3968], device='cuda:0') 	 val acc: tensor([21.4005], device='cuda:0')
DEBUG:root:Epoch: 12 	 Loss: 1.777350664138794 	 train acc: tensor([23.8095], device='cuda:0') 	 val acc: tensor([21.3648], device='cuda:0')
DEBUG:root:Epoch: 13 	 Loss: 1.7763621807098389 	 train acc: tensor([25.3968], device='cuda:0') 	 val acc: tensor([21.3648], device='cuda:0')
DEBUG:root:Epoch: 14 	 Loss: 1.7755407094955444 	 train acc: tensor([26.1905], device='cuda:0') 	 val acc: tensor([21.4005], device='cuda:0')
DEBUG:root:Epoch: 15 	 Loss: 1.7732393741607666 	 train acc: tensor([26.1905], device='cuda:0') 	 val acc: tensor([21.4005], device='cuda:0')
DEBUG:root:Epoch: 16 	 Loss: 1.7724781036376953 	 train acc: tensor([27.7778], device='cuda:0') 	 val acc: tensor([21.4362], device='cuda:0')
DEBUG:root:Epoch: 17 	 Loss: 1.7723283767700195 	 train acc: tensor([28.5714], device='cuda:0') 	 val acc: tensor([21.6149], device='cuda:0')
DEBUG:root:Epoch: 18 	 Loss: 1.7715007066726685 	 train acc: tensor([28.5714], device='cuda:0') 	 val acc: tensor([21.6863], device='cuda:0')
DEBUG:root:Epoch: 19 	 Loss: 1.7703288793563843 	 train acc: tensor([29.3651], device='cuda:0') 	 val acc: tensor([21.7935], device='cuda:0')
DEBUG:root:Epoch: 20 	 Loss: 1.7692896127700806 	 train acc: tensor([29.3651], device='cuda:0') 	 val acc: tensor([22.0079], device='cuda:0')
DEBUG:root:Epoch: 21 	 Loss: 1.768311619758606 	 train acc: tensor([29.3651], device='cuda:0') 	 val acc: tensor([22.1508], device='cuda:0')
DEBUG:root:Epoch: 22 	 Loss: 1.7674870491027832 	 train acc: tensor([29.3651], device='cuda:0') 	 val acc: tensor([22.4366], device='cuda:0')
DEBUG:root:Epoch: 23 	 Loss: 1.766940951347351 	 train acc: tensor([28.5714], device='cuda:0') 	 val acc: tensor([22.6509], device='cuda:0')
DEBUG:root:Epoch: 24 	 Loss: 1.7656275033950806 	 train acc: tensor([28.5714], device='cuda:0') 	 val acc: tensor([22.8653], device='cuda:0')
DEBUG:root:Epoch: 25 	 Loss: 1.7636513710021973 	 train acc: tensor([29.3651], device='cuda:0') 	 val acc: tensor([23.0439], device='cuda:0')
DEBUG:root:Epoch: 26 	 Loss: 1.7631330490112305 	 train acc: tensor([29.3651], device='cuda:0') 	 val acc: tensor([23.1154], device='cuda:0')
DEBUG:root:Epoch: 27 	 Loss: 1.7623918056488037 	 train acc: tensor([29.3651], device='cuda:0') 	 val acc: tensor([23.1869], device='cuda:0')
DEBUG:root:Epoch: 28 	 Loss: 1.7619246244430542 	 train acc: tensor([30.1587], device='cuda:0') 	 val acc: tensor([23.3298], device='cuda:0')
DEBUG:root:Epoch: 29 	 Loss: 1.7591029405593872 	 train acc: tensor([30.1587], device='cuda:0') 	 val acc: tensor([23.3298], device='cuda:0')
DEBUG:root:Epoch: 30 	 Loss: 1.7584142684936523 	 train acc: tensor([30.9524], device='cuda:0') 	 val acc: tensor([23.4012], device='cuda:0')
DEBUG:root:Epoch: 31 	 Loss: 1.7578612565994263 	 train acc: tensor([28.5714], device='cuda:0') 	 val acc: tensor([23.4727], device='cuda:0')
DEBUG:root:Epoch: 32 	 Loss: 1.7554752826690674 	 train acc: tensor([28.5714], device='cuda:0') 	 val acc: tensor([23.4727], device='cuda:0')
DEBUG:root:Epoch: 33 	 Loss: 1.7545692920684814 	 train acc: tensor([28.5714], device='cuda:0') 	 val acc: tensor([23.5441], device='cuda:0')
DEBUG:root:Epoch: 34 	 Loss: 1.753345012664795 	 train acc: tensor([27.7778], device='cuda:0') 	 val acc: tensor([23.6513], device='cuda:0')
DEBUG:root:Epoch: 35 	 Loss: 1.7524546384811401 	 train acc: tensor([29.3651], device='cuda:0') 	 val acc: tensor([23.6156], device='cuda:0')
DEBUG:root:Epoch: 36 	 Loss: 1.7517436742782593 	 train acc: tensor([26.1905], device='cuda:0') 	 val acc: tensor([23.6513], device='cuda:0')
DEBUG:root:Epoch: 37 	 Loss: 1.7499395608901978 	 train acc: tensor([25.3968], device='cuda:0') 	 val acc: tensor([23.6870], device='cuda:0')
DEBUG:root:Epoch: 38 	 Loss: 1.7492244243621826 	 train acc: tensor([25.3968], device='cuda:0') 	 val acc: tensor([23.6156], device='cuda:0')
DEBUG:root:Epoch: 39 	 Loss: 1.7469110488891602 	 train acc: tensor([25.3968], device='cuda:0') 	 val acc: tensor([23.5084], device='cuda:0')
DEBUG:root:Epoch: 40 	 Loss: 1.7463738918304443 	 train acc: tensor([26.9841], device='cuda:0') 	 val acc: tensor([23.4727], device='cuda:0')
DEBUG:root:Epoch: 41 	 Loss: 1.7461928129196167 	 train acc: tensor([25.3968], device='cuda:0') 	 val acc: tensor([23.4369], device='cuda:0')
DEBUG:root:Epoch: 42 	 Loss: 1.7442845106124878 	 train acc: tensor([26.1905], device='cuda:0') 	 val acc: tensor([23.4727], device='cuda:0')
DEBUG:root:Epoch: 43 	 Loss: 1.7424527406692505 	 train acc: tensor([25.3968], device='cuda:0') 	 val acc: tensor([23.5798], device='cuda:0')
DEBUG:root:Epoch: 44 	 Loss: 1.7414997816085815 	 train acc: tensor([25.3968], device='cuda:0') 	 val acc: tensor([23.6513], device='cuda:0')
DEBUG:root:Epoch: 45 	 Loss: 1.7395234107971191 	 train acc: tensor([26.9841], device='cuda:0') 	 val acc: tensor([23.7228], device='cuda:0')
DEBUG:root:Epoch: 46 	 Loss: 1.7383357286453247 	 train acc: tensor([26.1905], device='cuda:0') 	 val acc: tensor([23.6870], device='cuda:0')
DEBUG:root:Epoch: 47 	 Loss: 1.7373791933059692 	 train acc: tensor([25.3968], device='cuda:0') 	 val acc: tensor([23.7585], device='cuda:0')
DEBUG:root:Epoch: 48 	 Loss: 1.7347266674041748 	 train acc: tensor([26.1905], device='cuda:0') 	 val acc: tensor([23.6870], device='cuda:0')
DEBUG:root:Epoch: 49 	 Loss: 1.7340974807739258 	 train acc: tensor([26.1905], device='cuda:0') 	 val acc: tensor([23.6870], device='cuda:0')
DEBUG:root:Epoch: 50 	 Loss: 1.7286615371704102 	 train acc: tensor([26.9841], device='cuda:0') 	 val acc: tensor([23.6513], device='cuda:0')
DEBUG:root:Epoch: 51 	 Loss: 1.7324767112731934 	 train acc: tensor([26.9841], device='cuda:0') 	 val acc: tensor([23.5798], device='cuda:0')
DEBUG:root:Epoch: 52 	 Loss: 1.728240966796875 	 train acc: tensor([26.9841], device='cuda:0') 	 val acc: tensor([23.6513], device='cuda:0')
DEBUG:root:Epoch: 53 	 Loss: 1.726670265197754 	 train acc: tensor([26.1905], device='cuda:0') 	 val acc: tensor([23.7585], device='cuda:0')
DEBUG:root:Epoch: 54 	 Loss: 1.725631833076477 	 train acc: tensor([26.9841], device='cuda:0') 	 val acc: tensor([23.8657], device='cuda:0')
DEBUG:root:Epoch: 55 	 Loss: 1.7245179414749146 	 train acc: tensor([26.1905], device='cuda:0') 	 val acc: tensor([23.7942], device='cuda:0')
DEBUG:root:Epoch: 56 	 Loss: 1.721730351448059 	 train acc: tensor([26.1905], device='cuda:0') 	 val acc: tensor([23.6870], device='cuda:0')
DEBUG:root:Epoch: 57 	 Loss: 1.7207164764404297 	 train acc: tensor([26.9841], device='cuda:0') 	 val acc: tensor([23.6870], device='cuda:0')
DEBUG:root:Epoch: 58 	 Loss: 1.721146821975708 	 train acc: tensor([26.1905], device='cuda:0') 	 val acc: tensor([23.5441], device='cuda:0')
DEBUG:root:Epoch: 59 	 Loss: 1.7178741693496704 	 train acc: tensor([26.1905], device='cuda:0') 	 val acc: tensor([23.4727], device='cuda:0')
DEBUG:root:Epoch: 60 	 Loss: 1.7167202234268188 	 train acc: tensor([26.1905], device='cuda:0') 	 val acc: tensor([23.5441], device='cuda:0')
DEBUG:root:Epoch: 61 	 Loss: 1.7151609659194946 	 train acc: tensor([25.3968], device='cuda:0') 	 val acc: tensor([23.5084], device='cuda:0')
DEBUG:root:Epoch: 62 	 Loss: 1.7113289833068848 	 train acc: tensor([26.1905], device='cuda:0') 	 val acc: tensor([23.4369], device='cuda:0')
DEBUG:root:Epoch: 63 	 Loss: 1.711243987083435 	 train acc: tensor([26.1905], device='cuda:0') 	 val acc: tensor([23.2940], device='cuda:0')
DEBUG:root:Epoch: 64 	 Loss: 1.7078821659088135 	 train acc: tensor([26.1905], device='cuda:0') 	 val acc: tensor([23.1154], device='cuda:0')
DEBUG:root:Epoch: 65 	 Loss: 1.7066751718521118 	 train acc: tensor([25.3968], device='cuda:0') 	 val acc: tensor([23.1511], device='cuda:0')
DEBUG:root:Epoch: 66 	 Loss: 1.7058203220367432 	 train acc: tensor([26.1905], device='cuda:0') 	 val acc: tensor([23.2583], device='cuda:0')
DEBUG:root:Epoch: 67 	 Loss: 1.703236699104309 	 train acc: tensor([25.3968], device='cuda:0') 	 val acc: tensor([22.9725], device='cuda:0')
DEBUG:root:Epoch: 68 	 Loss: 1.702057957649231 	 train acc: tensor([26.1905], device='cuda:0') 	 val acc: tensor([22.9010], device='cuda:0')
DEBUG:root:Epoch: 69 	 Loss: 1.6999527215957642 	 train acc: tensor([25.3968], device='cuda:0') 	 val acc: tensor([22.7939], device='cuda:0')
DEBUG:root:Epoch: 70 	 Loss: 1.6995031833648682 	 train acc: tensor([23.8095], device='cuda:0') 	 val acc: tensor([22.6509], device='cuda:0')
DEBUG:root:Epoch: 71 	 Loss: 1.6962617635726929 	 train acc: tensor([24.6032], device='cuda:0') 	 val acc: tensor([22.5795], device='cuda:0')
DEBUG:root:Epoch: 72 	 Loss: 1.6949381828308105 	 train acc: tensor([25.3968], device='cuda:0') 	 val acc: tensor([22.5795], device='cuda:0')
DEBUG:root:Epoch: 73 	 Loss: 1.6931277513504028 	 train acc: tensor([23.8095], device='cuda:0') 	 val acc: tensor([22.5080], device='cuda:0')
DEBUG:root:Epoch: 74 	 Loss: 1.6899110078811646 	 train acc: tensor([22.2222], device='cuda:0') 	 val acc: tensor([22.4723], device='cuda:0')
DEBUG:root:Epoch: 75 	 Loss: 1.6863389015197754 	 train acc: tensor([23.8095], device='cuda:0') 	 val acc: tensor([22.5080], device='cuda:0')
DEBUG:root:Epoch: 76 	 Loss: 1.688585877418518 	 train acc: tensor([23.8095], device='cuda:0') 	 val acc: tensor([22.4723], device='cuda:0')
DEBUG:root:Epoch: 77 	 Loss: 1.6853439807891846 	 train acc: tensor([23.0159], device='cuda:0') 	 val acc: tensor([22.4723], device='cuda:0')
DEBUG:root:Epoch: 78 	 Loss: 1.6829214096069336 	 train acc: tensor([21.4286], device='cuda:0') 	 val acc: tensor([22.3651], device='cuda:0')
DEBUG:root:Epoch: 79 	 Loss: 1.6814898252487183 	 train acc: tensor([21.4286], device='cuda:0') 	 val acc: tensor([22.2937], device='cuda:0')
DEBUG:root:Epoch: 80 	 Loss: 1.6794159412384033 	 train acc: tensor([24.6032], device='cuda:0') 	 val acc: tensor([22.2937], device='cuda:0')
DEBUG:root:Epoch: 81 	 Loss: 1.6759101152420044 	 train acc: tensor([24.6032], device='cuda:0') 	 val acc: tensor([22.2222], device='cuda:0')
DEBUG:root:Epoch: 82 	 Loss: 1.6749004125595093 	 train acc: tensor([23.8095], device='cuda:0') 	 val acc: tensor([22.1508], device='cuda:0')
DEBUG:root:Epoch: 83 	 Loss: 1.6727463006973267 	 train acc: tensor([22.2222], device='cuda:0') 	 val acc: tensor([22.1865], device='cuda:0')
DEBUG:root:Epoch: 84 	 Loss: 1.6709378957748413 	 train acc: tensor([23.0159], device='cuda:0') 	 val acc: tensor([22.1508], device='cuda:0')
DEBUG:root:Epoch: 85 	 Loss: 1.6704914569854736 	 train acc: tensor([23.0159], device='cuda:0') 	 val acc: tensor([22.1150], device='cuda:0')
DEBUG:root:Epoch: 86 	 Loss: 1.6675477027893066 	 train acc: tensor([23.8095], device='cuda:0') 	 val acc: tensor([22.0436], device='cuda:0')
DEBUG:root:Epoch: 87 	 Loss: 1.6679272651672363 	 train acc: tensor([23.0159], device='cuda:0') 	 val acc: tensor([21.9721], device='cuda:0')
DEBUG:root:Epoch: 88 	 Loss: 1.662382960319519 	 train acc: tensor([22.2222], device='cuda:0') 	 val acc: tensor([21.8650], device='cuda:0')
DEBUG:root:Epoch: 89 	 Loss: 1.6633390188217163 	 train acc: tensor([21.4286], device='cuda:0') 	 val acc: tensor([21.7935], device='cuda:0')
DEBUG:root:Epoch: 90 	 Loss: 1.6599761247634888 	 train acc: tensor([23.0159], device='cuda:0') 	 val acc: tensor([21.7935], device='cuda:0')
DEBUG:root:Epoch: 91 	 Loss: 1.6579742431640625 	 train acc: tensor([21.4286], device='cuda:0') 	 val acc: tensor([21.7220], device='cuda:0')
DEBUG:root:Epoch: 92 	 Loss: 1.6566615104675293 	 train acc: tensor([23.8095], device='cuda:0') 	 val acc: tensor([21.6863], device='cuda:0')
DEBUG:root:Epoch: 93 	 Loss: 1.6561957597732544 	 train acc: tensor([22.2222], device='cuda:0') 	 val acc: tensor([21.6863], device='cuda:0')
DEBUG:root:Epoch: 94 	 Loss: 1.6534849405288696 	 train acc: tensor([21.4286], device='cuda:0') 	 val acc: tensor([21.5791], device='cuda:0')
DEBUG:root:Epoch: 95 	 Loss: 1.651127815246582 	 train acc: tensor([21.4286], device='cuda:0') 	 val acc: tensor([21.5791], device='cuda:0')
DEBUG:root:Epoch: 96 	 Loss: 1.6475272178649902 	 train acc: tensor([21.4286], device='cuda:0') 	 val acc: tensor([21.4720], device='cuda:0')
DEBUG:root:Epoch: 97 	 Loss: 1.6480998992919922 	 train acc: tensor([20.6349], device='cuda:0') 	 val acc: tensor([21.4005], device='cuda:0')
DEBUG:root:Epoch: 98 	 Loss: 1.6447993516921997 	 train acc: tensor([20.6349], device='cuda:0') 	 val acc: tensor([21.3648], device='cuda:0')
DEBUG:root:Epoch: 99 	 Loss: 1.6446176767349243 	 train acc: tensor([21.4286], device='cuda:0') 	 val acc: tensor([21.2933], device='cuda:0')
DEBUG:root:Epoch: 100 	 Loss: 1.6433703899383545 	 train acc: tensor([19.8413], device='cuda:0') 	 val acc: tensor([21.2933], device='cuda:0')
DEBUG:root:Epoch: 101 	 Loss: 1.6398059129714966 	 train acc: tensor([22.2222], device='cuda:0') 	 val acc: tensor([21.2576], device='cuda:0')
DEBUG:root:Epoch: 102 	 Loss: 1.6378594636917114 	 train acc: tensor([19.0476], device='cuda:0') 	 val acc: tensor([21.1504], device='cuda:0')
DEBUG:root:Epoch: 103 	 Loss: 1.6395413875579834 	 train acc: tensor([19.8413], device='cuda:0') 	 val acc: tensor([21.2219], device='cuda:0')
DEBUG:root:Epoch: 104 	 Loss: 1.635836124420166 	 train acc: tensor([19.0476], device='cuda:0') 	 val acc: tensor([21.1861], device='cuda:0')
DEBUG:root:Epoch: 105 	 Loss: 1.634744644165039 	 train acc: tensor([19.8413], device='cuda:0') 	 val acc: tensor([21.2219], device='cuda:0')
DEBUG:root:Epoch: 106 	 Loss: 1.6331143379211426 	 train acc: tensor([20.6349], device='cuda:0') 	 val acc: tensor([35.2983], device='cuda:0')
DEBUG:root:Epoch: 107 	 Loss: 1.627935528755188 	 train acc: tensor([24.6032], device='cuda:0') 	 val acc: tensor([35.5127], device='cuda:0')
DEBUG:root:Epoch: 108 	 Loss: 1.6290323734283447 	 train acc: tensor([23.0159], device='cuda:0') 	 val acc: tensor([35.5841], device='cuda:0')
DEBUG:root:Epoch: 109 	 Loss: 1.6289290189743042 	 train acc: tensor([25.3968], device='cuda:0') 	 val acc: tensor([35.6913], device='cuda:0')
DEBUG:root:Epoch: 110 	 Loss: 1.624813199043274 	 train acc: tensor([23.8095], device='cuda:0') 	 val acc: tensor([35.7628], device='cuda:0')
DEBUG:root:Epoch: 111 	 Loss: 1.622112512588501 	 train acc: tensor([24.6032], device='cuda:0') 	 val acc: tensor([36.0129], device='cuda:0')
DEBUG:root:Epoch: 112 	 Loss: 1.6229697465896606 	 train acc: tensor([23.8095], device='cuda:0') 	 val acc: tensor([36.1558], device='cuda:0')
DEBUG:root:Epoch: 113 	 Loss: 1.6226897239685059 	 train acc: tensor([25.3968], device='cuda:0') 	 val acc: tensor([36.1558], device='cuda:0')
DEBUG:root:Epoch: 114 	 Loss: 1.6190109252929688 	 train acc: tensor([24.6032], device='cuda:0') 	 val acc: tensor([36.1915], device='cuda:0')
DEBUG:root:Epoch: 115 	 Loss: 1.6176890134811401 	 train acc: tensor([24.6032], device='cuda:0') 	 val acc: tensor([36.2272], device='cuda:0')
DEBUG:root:Epoch: 116 	 Loss: 1.6159720420837402 	 train acc: tensor([25.3968], device='cuda:0') 	 val acc: tensor([36.2630], device='cuda:0')
DEBUG:root:Epoch: 117 	 Loss: 1.6149076223373413 	 train acc: tensor([25.3968], device='cuda:0') 	 val acc: tensor([36.2630], device='cuda:0')
DEBUG:root:Epoch: 118 	 Loss: 1.6138287782669067 	 train acc: tensor([25.3968], device='cuda:0') 	 val acc: tensor([36.2630], device='cuda:0')
DEBUG:root:Epoch: 119 	 Loss: 1.6095350980758667 	 train acc: tensor([24.6032], device='cuda:0') 	 val acc: tensor([36.2630], device='cuda:0')
DEBUG:root:Epoch: 120 	 Loss: 1.6092222929000854 	 train acc: tensor([23.8095], device='cuda:0') 	 val acc: tensor([36.3344], device='cuda:0')
DEBUG:root:Epoch: 121 	 Loss: 1.6061444282531738 	 train acc: tensor([25.3968], device='cuda:0') 	 val acc: tensor([36.4059], device='cuda:0')
DEBUG:root:Epoch: 122 	 Loss: 1.6062097549438477 	 train acc: tensor([24.6032], device='cuda:0') 	 val acc: tensor([36.4059], device='cuda:0')
DEBUG:root:Epoch: 123 	 Loss: 1.6037989854812622 	 train acc: tensor([25.3968], device='cuda:0') 	 val acc: tensor([36.4059], device='cuda:0')
DEBUG:root:Epoch: 124 	 Loss: 1.6041014194488525 	 train acc: tensor([25.3968], device='cuda:0') 	 val acc: tensor([36.4416], device='cuda:0')
DEBUG:root:Epoch: 125 	 Loss: 1.6029369831085205 	 train acc: tensor([23.8095], device='cuda:0') 	 val acc: tensor([36.4416], device='cuda:0')
DEBUG:root:Epoch: 126 	 Loss: 1.603587031364441 	 train acc: tensor([26.1905], device='cuda:0') 	 val acc: tensor([36.4773], device='cuda:0')
DEBUG:root:Epoch: 127 	 Loss: 1.5988510847091675 	 train acc: tensor([26.1905], device='cuda:0') 	 val acc: tensor([36.5845], device='cuda:0')
DEBUG:root:Epoch: 128 	 Loss: 1.5967209339141846 	 train acc: tensor([26.1905], device='cuda:0') 	 val acc: tensor([36.6202], device='cuda:0')
DEBUG:root:Epoch: 129 	 Loss: 1.596629023551941 	 train acc: tensor([25.3968], device='cuda:0') 	 val acc: tensor([36.6559], device='cuda:0')
DEBUG:root:Epoch: 130 	 Loss: 1.592125415802002 	 train acc: tensor([23.0159], device='cuda:0') 	 val acc: tensor([36.6917], device='cuda:0')
DEBUG:root:Epoch: 131 	 Loss: 1.5931897163391113 	 train acc: tensor([26.9841], device='cuda:0') 	 val acc: tensor([36.6917], device='cuda:0')
DEBUG:root:Epoch: 132 	 Loss: 1.5947742462158203 	 train acc: tensor([25.3968], device='cuda:0') 	 val acc: tensor([36.7631], device='cuda:0')
DEBUG:root:Epoch: 133 	 Loss: 1.5901588201522827 	 train acc: tensor([25.3968], device='cuda:0') 	 val acc: tensor([36.8703], device='cuda:0')
DEBUG:root:Epoch: 134 	 Loss: 1.5913851261138916 	 train acc: tensor([26.1905], device='cuda:0') 	 val acc: tensor([36.8703], device='cuda:0')
DEBUG:root:Epoch: 135 	 Loss: 1.5871350765228271 	 train acc: tensor([24.6032], device='cuda:0') 	 val acc: tensor([36.8703], device='cuda:0')
DEBUG:root:Epoch: 136 	 Loss: 1.5848397016525269 	 train acc: tensor([26.9841], device='cuda:0') 	 val acc: tensor([37.0132], device='cuda:0')
DEBUG:root:Epoch: 137 	 Loss: 1.5843422412872314 	 train acc: tensor([26.9841], device='cuda:0') 	 val acc: tensor([36.9775], device='cuda:0')
DEBUG:root:Epoch: 138 	 Loss: 1.5836528539657593 	 train acc: tensor([26.1905], device='cuda:0') 	 val acc: tensor([37.0489], device='cuda:0')
DEBUG:root:Epoch: 139 	 Loss: 1.582124948501587 	 train acc: tensor([26.9841], device='cuda:0') 	 val acc: tensor([37.0132], device='cuda:0')
DEBUG:root:Epoch: 140 	 Loss: 1.5852895975112915 	 train acc: tensor([28.5714], device='cuda:0') 	 val acc: tensor([37.1204], device='cuda:0')
DEBUG:root:Epoch: 141 	 Loss: 1.5855629444122314 	 train acc: tensor([26.1905], device='cuda:0') 	 val acc: tensor([37.1919], device='cuda:0')
DEBUG:root:Epoch: 142 	 Loss: 1.5836228132247925 	 train acc: tensor([25.3968], device='cuda:0') 	 val acc: tensor([37.2990], device='cuda:0')
DEBUG:root:Epoch: 143 	 Loss: 1.5815420150756836 	 train acc: tensor([26.9841], device='cuda:0') 	 val acc: tensor([37.3348], device='cuda:0')
DEBUG:root:Epoch: 144 	 Loss: 1.577402114868164 	 train acc: tensor([28.5714], device='cuda:0') 	 val acc: tensor([37.4419], device='cuda:0')
DEBUG:root:Epoch: 145 	 Loss: 1.5818400382995605 	 train acc: tensor([26.9841], device='cuda:0') 	 val acc: tensor([37.4777], device='cuda:0')
DEBUG:root:Epoch: 146 	 Loss: 1.574199914932251 	 train acc: tensor([27.7778], device='cuda:0') 	 val acc: tensor([37.4419], device='cuda:0')
DEBUG:root:Epoch: 147 	 Loss: 1.5735996961593628 	 train acc: tensor([26.9841], device='cuda:0') 	 val acc: tensor([37.4419], device='cuda:0')
DEBUG:root:Epoch: 148 	 Loss: 1.572756290435791 	 train acc: tensor([25.3968], device='cuda:0') 	 val acc: tensor([37.5491], device='cuda:0')
DEBUG:root:Epoch: 149 	 Loss: 1.5727156400680542 	 train acc: tensor([26.9841], device='cuda:0') 	 val acc: tensor([37.6206], device='cuda:0')
DEBUG:root:Epoch: 150 	 Loss: 1.5740556716918945 	 train acc: tensor([26.1905], device='cuda:0') 	 val acc: tensor([37.6206], device='cuda:0')
DEBUG:root:Epoch: 151 	 Loss: 1.569748878479004 	 train acc: tensor([28.5714], device='cuda:0') 	 val acc: tensor([37.5491], device='cuda:0')
DEBUG:root:Epoch: 152 	 Loss: 1.568847417831421 	 train acc: tensor([27.7778], device='cuda:0') 	 val acc: tensor([37.5849], device='cuda:0')
DEBUG:root:Epoch: 153 	 Loss: 1.5689619779586792 	 train acc: tensor([27.7778], device='cuda:0') 	 val acc: tensor([37.5849], device='cuda:0')
DEBUG:root:Epoch: 154 	 Loss: 1.5677196979522705 	 train acc: tensor([27.7778], device='cuda:0') 	 val acc: tensor([37.6206], device='cuda:0')
DEBUG:root:Epoch: 155 	 Loss: 1.5702533721923828 	 train acc: tensor([27.7778], device='cuda:0') 	 val acc: tensor([37.6206], device='cuda:0')
DEBUG:root:Epoch: 156 	 Loss: 1.5669023990631104 	 train acc: tensor([26.9841], device='cuda:0') 	 val acc: tensor([37.6563], device='cuda:0')
DEBUG:root:Epoch: 157 	 Loss: 1.5700541734695435 	 train acc: tensor([26.9841], device='cuda:0') 	 val acc: tensor([37.6563], device='cuda:0')
DEBUG:root:Epoch: 158 	 Loss: 1.5671063661575317 	 train acc: tensor([27.7778], device='cuda:0') 	 val acc: tensor([37.7278], device='cuda:0')
DEBUG:root:Epoch: 159 	 Loss: 1.5665489435195923 	 train acc: tensor([27.7778], device='cuda:0') 	 val acc: tensor([37.7635], device='cuda:0')
DEBUG:root:Epoch: 160 	 Loss: 1.5630227327346802 	 train acc: tensor([28.5714], device='cuda:0') 	 val acc: tensor([37.7635], device='cuda:0')
DEBUG:root:Epoch: 161 	 Loss: 1.5657967329025269 	 train acc: tensor([30.1587], device='cuda:0') 	 val acc: tensor([37.7635], device='cuda:0')
DEBUG:root:Epoch: 162 	 Loss: 1.5684455633163452 	 train acc: tensor([27.7778], device='cuda:0') 	 val acc: tensor([37.7278], device='cuda:0')
DEBUG:root:Epoch: 163 	 Loss: 1.5653456449508667 	 train acc: tensor([26.9841], device='cuda:0') 	 val acc: tensor([37.6920], device='cuda:0')
DEBUG:root:Epoch: 164 	 Loss: 1.5644948482513428 	 train acc: tensor([26.9841], device='cuda:0') 	 val acc: tensor([37.7278], device='cuda:0')
DEBUG:root:Epoch: 165 	 Loss: 1.5632836818695068 	 train acc: tensor([28.5714], device='cuda:0') 	 val acc: tensor([37.7278], device='cuda:0')
DEBUG:root:Epoch: 166 	 Loss: 1.564281702041626 	 train acc: tensor([29.3651], device='cuda:0') 	 val acc: tensor([37.7278], device='cuda:0')
DEBUG:root:Epoch: 167 	 Loss: 1.562550663948059 	 train acc: tensor([28.5714], device='cuda:0') 	 val acc: tensor([37.7278], device='cuda:0')
DEBUG:root:Epoch: 168 	 Loss: 1.5612025260925293 	 train acc: tensor([27.7778], device='cuda:0') 	 val acc: tensor([37.7278], device='cuda:0')
DEBUG:root:Epoch: 169 	 Loss: 1.560081124305725 	 train acc: tensor([30.1587], device='cuda:0') 	 val acc: tensor([37.7278], device='cuda:0')
DEBUG:root:Epoch: 170 	 Loss: 1.558936595916748 	 train acc: tensor([27.7778], device='cuda:0') 	 val acc: tensor([37.7278], device='cuda:0')
DEBUG:root:Epoch: 171 	 Loss: 1.5550137758255005 	 train acc: tensor([29.3651], device='cuda:0') 	 val acc: tensor([37.7278], device='cuda:0')
DEBUG:root:Epoch: 172 	 Loss: 1.557307243347168 	 train acc: tensor([27.7778], device='cuda:0') 	 val acc: tensor([37.7278], device='cuda:0')
DEBUG:root:Epoch: 173 	 Loss: 1.561716079711914 	 train acc: tensor([28.5714], device='cuda:0') 	 val acc: tensor([37.6920], device='cuda:0')
DEBUG:root:Epoch: 174 	 Loss: 1.5598727464675903 	 train acc: tensor([27.7778], device='cuda:0') 	 val acc: tensor([37.6920], device='cuda:0')
DEBUG:root:Epoch: 175 	 Loss: 1.5593186616897583 	 train acc: tensor([27.7778], device='cuda:0') 	 val acc: tensor([37.7635], device='cuda:0')
DEBUG:root:Epoch: 176 	 Loss: 1.5590319633483887 	 train acc: tensor([27.7778], device='cuda:0') 	 val acc: tensor([37.7635], device='cuda:0')
DEBUG:root:Epoch: 177 	 Loss: 1.5569827556610107 	 train acc: tensor([26.9841], device='cuda:0') 	 val acc: tensor([37.7992], device='cuda:0')
DEBUG:root:Epoch: 178 	 Loss: 1.5594266653060913 	 train acc: tensor([27.7778], device='cuda:0') 	 val acc: tensor([37.7992], device='cuda:0')
DEBUG:root:Epoch: 179 	 Loss: 1.5514525175094604 	 train acc: tensor([28.5714], device='cuda:0') 	 val acc: tensor([37.7992], device='cuda:0')
DEBUG:root:Epoch: 180 	 Loss: 1.558060646057129 	 train acc: tensor([28.5714], device='cuda:0') 	 val acc: tensor([37.9064], device='cuda:0')
DEBUG:root:Epoch: 181 	 Loss: 1.5533578395843506 	 train acc: tensor([29.3651], device='cuda:0') 	 val acc: tensor([37.9421], device='cuda:0')
DEBUG:root:Epoch: 182 	 Loss: 1.5565288066864014 	 train acc: tensor([27.7778], device='cuda:0') 	 val acc: tensor([37.9778], device='cuda:0')
DEBUG:root:Epoch: 183 	 Loss: 1.5546338558197021 	 train acc: tensor([27.7778], device='cuda:0') 	 val acc: tensor([37.9778], device='cuda:0')
DEBUG:root:Epoch: 184 	 Loss: 1.5568442344665527 	 train acc: tensor([28.5714], device='cuda:0') 	 val acc: tensor([38.0136], device='cuda:0')
DEBUG:root:Epoch: 185 	 Loss: 1.5567052364349365 	 train acc: tensor([26.9841], device='cuda:0') 	 val acc: tensor([38.0136], device='cuda:0')
DEBUG:root:Epoch: 186 	 Loss: 1.5532195568084717 	 train acc: tensor([28.5714], device='cuda:0') 	 val acc: tensor([38.0136], device='cuda:0')
DEBUG:root:Epoch: 187 	 Loss: 1.5525991916656494 	 train acc: tensor([28.5714], device='cuda:0') 	 val acc: tensor([38.0136], device='cuda:0')
DEBUG:root:Epoch: 188 	 Loss: 1.5525171756744385 	 train acc: tensor([27.7778], device='cuda:0') 	 val acc: tensor([37.9421], device='cuda:0')
DEBUG:root:Epoch: 189 	 Loss: 1.5542354583740234 	 train acc: tensor([26.9841], device='cuda:0') 	 val acc: tensor([37.9064], device='cuda:0')
DEBUG:root:Epoch: 190 	 Loss: 1.550554871559143 	 train acc: tensor([29.3651], device='cuda:0') 	 val acc: tensor([37.9064], device='cuda:0')
DEBUG:root:Epoch: 191 	 Loss: 1.547261357307434 	 train acc: tensor([29.3651], device='cuda:0') 	 val acc: tensor([37.9421], device='cuda:0')
DEBUG:root:Epoch: 192 	 Loss: 1.5532194375991821 	 train acc: tensor([28.5714], device='cuda:0') 	 val acc: tensor([37.9064], device='cuda:0')
DEBUG:root:Epoch: 193 	 Loss: 1.5493639707565308 	 train acc: tensor([29.3651], device='cuda:0') 	 val acc: tensor([37.9064], device='cuda:0')
DEBUG:root:Epoch: 194 	 Loss: 1.5476495027542114 	 train acc: tensor([30.1587], device='cuda:0') 	 val acc: tensor([37.8707], device='cuda:0')
DEBUG:root:Epoch: 195 	 Loss: 1.550344705581665 	 train acc: tensor([27.7778], device='cuda:0') 	 val acc: tensor([37.8707], device='cuda:0')
DEBUG:root:Epoch: 196 	 Loss: 1.552244782447815 	 train acc: tensor([30.1587], device='cuda:0') 	 val acc: tensor([37.9421], device='cuda:0')
DEBUG:root:Epoch: 197 	 Loss: 1.5514700412750244 	 train acc: tensor([29.3651], device='cuda:0') 	 val acc: tensor([37.9421], device='cuda:0')
DEBUG:root:Epoch: 198 	 Loss: 1.5470623970031738 	 train acc: tensor([29.3651], device='cuda:0') 	 val acc: tensor([37.9064], device='cuda:0')
DEBUG:root:Epoch: 199 	 Loss: 1.5490262508392334 	 train acc: tensor([28.5714], device='cuda:0') 	 val acc: tensor([37.9064], device='cuda:0')
INFO:root:Fine-tuning has finished.
INFO:root:test acc is tensor([19.3733], device='cuda:0').
INFO:root:Start SimCLR fine-tuning head for 200 epochs.
INFO:root:Training with gpu: False.
DEBUG:root:Epoch: 0 	 Loss: 1.7903072834014893 	 train acc: tensor([17.4603], device='cuda:3') 	 val acc: tensor([25.4267], device='cuda:3')
DEBUG:root:Epoch: 1 	 Loss: 5.081187725067139 	 train acc: tensor([31.7460], device='cuda:3') 	 val acc: tensor([19.4168], device='cuda:3')
DEBUG:root:Epoch: 2 	 Loss: 14.539429664611816 	 train acc: tensor([23.0159], device='cuda:3') 	 val acc: tensor([32.2902], device='cuda:3')
DEBUG:root:Epoch: 3 	 Loss: 8.987714767456055 	 train acc: tensor([33.3333], device='cuda:3') 	 val acc: tensor([26.7781], device='cuda:3')
DEBUG:root:Epoch: 4 	 Loss: 3.84842586517334 	 train acc: tensor([33.3333], device='cuda:3') 	 val acc: tensor([24.5021], device='cuda:3')
DEBUG:root:Epoch: 5 	 Loss: 1.6429475545883179 	 train acc: tensor([30.9524], device='cuda:3') 	 val acc: tensor([21.7994], device='cuda:3')
DEBUG:root:Epoch: 6 	 Loss: 1.5770890712738037 	 train acc: tensor([26.1905], device='cuda:3') 	 val acc: tensor([34.6728], device='cuda:3')
DEBUG:root:Epoch: 7 	 Loss: 1.4591424465179443 	 train acc: tensor([36.5079], device='cuda:3') 	 val acc: tensor([41.7141], device='cuda:3')
DEBUG:root:Epoch: 8 	 Loss: 1.4095463752746582 	 train acc: tensor([36.5079], device='cuda:3') 	 val acc: tensor([28.5562], device='cuda:3')
DEBUG:root:Epoch: 9 	 Loss: 1.3569003343582153 	 train acc: tensor([42.0635], device='cuda:3') 	 val acc: tensor([41.6074], device='cuda:3')
DEBUG:root:Epoch: 10 	 Loss: 1.304815411567688 	 train acc: tensor([42.8571], device='cuda:3') 	 val acc: tensor([48.8976], device='cuda:3')
DEBUG:root:Epoch: 11 	 Loss: 1.2632838487625122 	 train acc: tensor([47.6190], device='cuda:3') 	 val acc: tensor([48.8265], device='cuda:3')
DEBUG:root:Epoch: 12 	 Loss: 1.255363941192627 	 train acc: tensor([44.4445], device='cuda:3') 	 val acc: tensor([50.9957], device='cuda:3')
DEBUG:root:Epoch: 13 	 Loss: 1.1777936220169067 	 train acc: tensor([50.7937], device='cuda:3') 	 val acc: tensor([39.7937], device='cuda:3')
DEBUG:root:Epoch: 14 	 Loss: 1.355916976928711 	 train acc: tensor([44.4445], device='cuda:3') 	 val acc: tensor([45.7681], device='cuda:3')
DEBUG:root:Epoch: 15 	 Loss: 1.1715806722640991 	 train acc: tensor([50.7937], device='cuda:3') 	 val acc: tensor([41.4296], device='cuda:3')
DEBUG:root:Epoch: 16 	 Loss: 1.357611060142517 	 train acc: tensor([45.2381], device='cuda:3') 	 val acc: tensor([44.7013], device='cuda:3')
DEBUG:root:Epoch: 17 	 Loss: 1.1532543897628784 	 train acc: tensor([48.4127], device='cuda:3') 	 val acc: tensor([39.3670], device='cuda:3')
DEBUG:root:Epoch: 18 	 Loss: 1.2263505458831787 	 train acc: tensor([42.8571], device='cuda:3') 	 val acc: tensor([35.7397], device='cuda:3')
DEBUG:root:Epoch: 19 	 Loss: 1.1776920557022095 	 train acc: tensor([48.4127], device='cuda:3') 	 val acc: tensor([46.0882], device='cuda:3')
DEBUG:root:Epoch: 20 	 Loss: 1.14814293384552 	 train acc: tensor([51.5873], device='cuda:3') 	 val acc: tensor([49.9289], device='cuda:3')
DEBUG:root:Epoch: 21 	 Loss: 1.1521461009979248 	 train acc: tensor([50.0000], device='cuda:3') 	 val acc: tensor([40.2205], device='cuda:3')
DEBUG:root:Epoch: 22 	 Loss: 1.4583121538162231 	 train acc: tensor([40.4762], device='cuda:3') 	 val acc: tensor([40.6828], device='cuda:3')
DEBUG:root:Epoch: 23 	 Loss: 1.2966248989105225 	 train acc: tensor([46.8254], device='cuda:3') 	 val acc: tensor([44.3812], device='cuda:3')
DEBUG:root:Epoch: 24 	 Loss: 1.1810975074768066 	 train acc: tensor([50.0000], device='cuda:3') 	 val acc: tensor([46.4794], device='cuda:3')
DEBUG:root:Epoch: 25 	 Loss: 1.1648986339569092 	 train acc: tensor([50.0000], device='cuda:3') 	 val acc: tensor([50.5690], device='cuda:3')
DEBUG:root:Epoch: 26 	 Loss: 1.117889165878296 	 train acc: tensor([50.0000], device='cuda:3') 	 val acc: tensor([47.6885], device='cuda:3')
DEBUG:root:Epoch: 27 	 Loss: 1.0998378992080688 	 train acc: tensor([50.7937], device='cuda:3') 	 val acc: tensor([44.3812], device='cuda:3')
DEBUG:root:Epoch: 28 	 Loss: 1.1148885488510132 	 train acc: tensor([49.2064], device='cuda:3') 	 val acc: tensor([47.1906], device='cuda:3')
DEBUG:root:Epoch: 29 	 Loss: 1.0566861629486084 	 train acc: tensor([51.5873], device='cuda:3') 	 val acc: tensor([46.3016], device='cuda:3')
DEBUG:root:Epoch: 30 	 Loss: 1.0802068710327148 	 train acc: tensor([53.9683], device='cuda:3') 	 val acc: tensor([42.2475], device='cuda:3')
DEBUG:root:Epoch: 31 	 Loss: 1.124536395072937 	 train acc: tensor([46.8254], device='cuda:3') 	 val acc: tensor([44.1679], device='cuda:3')
DEBUG:root:Epoch: 32 	 Loss: 1.1317750215530396 	 train acc: tensor([53.1746], device='cuda:3') 	 val acc: tensor([45.4125], device='cuda:3')
DEBUG:root:Epoch: 33 	 Loss: 1.1373010873794556 	 train acc: tensor([50.7937], device='cuda:3') 	 val acc: tensor([44.7368], device='cuda:3')
DEBUG:root:Epoch: 34 	 Loss: 1.081591248512268 	 train acc: tensor([52.3810], device='cuda:3') 	 val acc: tensor([47.3684], device='cuda:3')
DEBUG:root:Epoch: 35 	 Loss: 1.0841529369354248 	 train acc: tensor([50.0000], device='cuda:3') 	 val acc: tensor([48.8620], device='cuda:3')
DEBUG:root:Epoch: 36 	 Loss: 1.0629369020462036 	 train acc: tensor([48.4127], device='cuda:3') 	 val acc: tensor([45.9815], device='cuda:3')
DEBUG:root:Epoch: 37 	 Loss: 1.0658923387527466 	 train acc: tensor([51.5873], device='cuda:3') 	 val acc: tensor([48.6842], device='cuda:3')
DEBUG:root:Epoch: 38 	 Loss: 1.040439248085022 	 train acc: tensor([52.3810], device='cuda:3') 	 val acc: tensor([46.2660], device='cuda:3')
DEBUG:root:Epoch: 39 	 Loss: 1.0065542459487915 	 train acc: tensor([54.7619], device='cuda:3') 	 val acc: tensor([46.8350], device='cuda:3')
DEBUG:root:Epoch: 40 	 Loss: 1.0766202211380005 	 train acc: tensor([51.5873], device='cuda:3') 	 val acc: tensor([45.9104], device='cuda:3')
DEBUG:root:Epoch: 41 	 Loss: 1.0431536436080933 	 train acc: tensor([54.7619], device='cuda:3') 	 val acc: tensor([45.5192], device='cuda:3')
DEBUG:root:Epoch: 42 	 Loss: 1.1169757843017578 	 train acc: tensor([50.7937], device='cuda:3') 	 val acc: tensor([47.8307], device='cuda:3')
DEBUG:root:Epoch: 43 	 Loss: 1.0219017267227173 	 train acc: tensor([56.3492], device='cuda:3') 	 val acc: tensor([44.9146], device='cuda:3')
DEBUG:root:Epoch: 44 	 Loss: 1.0346122980117798 	 train acc: tensor([50.0000], device='cuda:3') 	 val acc: tensor([48.1152], device='cuda:3')
DEBUG:root:Epoch: 45 	 Loss: 1.0462374687194824 	 train acc: tensor([53.9683], device='cuda:3') 	 val acc: tensor([49.3954], device='cuda:3')
DEBUG:root:Epoch: 46 	 Loss: 1.0368701219558716 	 train acc: tensor([51.5873], device='cuda:3') 	 val acc: tensor([46.5505], device='cuda:3')
DEBUG:root:Epoch: 47 	 Loss: 1.004228949546814 	 train acc: tensor([59.5238], device='cuda:3') 	 val acc: tensor([47.9374], device='cuda:3')
DEBUG:root:Epoch: 48 	 Loss: 1.058878779411316 	 train acc: tensor([51.5873], device='cuda:3') 	 val acc: tensor([50.2134], device='cuda:3')
DEBUG:root:Epoch: 49 	 Loss: 0.9945076704025269 	 train acc: tensor([53.1746], device='cuda:3') 	 val acc: tensor([39.5092], device='cuda:3')
DEBUG:root:Epoch: 50 	 Loss: 1.1324561834335327 	 train acc: tensor([40.4762], device='cuda:3') 	 val acc: tensor([45.2347], device='cuda:3')
DEBUG:root:Epoch: 51 	 Loss: 1.0396023988723755 	 train acc: tensor([53.1746], device='cuda:3') 	 val acc: tensor([44.3812], device='cuda:3')
DEBUG:root:Epoch: 52 	 Loss: 1.0512356758117676 	 train acc: tensor([54.7619], device='cuda:3') 	 val acc: tensor([47.8307], device='cuda:3')
DEBUG:root:Epoch: 53 	 Loss: 0.9680940508842468 	 train acc: tensor([57.9365], device='cuda:3') 	 val acc: tensor([43.7767], device='cuda:3')
DEBUG:root:Epoch: 54 	 Loss: 1.0733493566513062 	 train acc: tensor([52.3810], device='cuda:3') 	 val acc: tensor([52.9516], device='cuda:3')
DEBUG:root:Epoch: 55 	 Loss: 1.017493486404419 	 train acc: tensor([57.1429], device='cuda:3') 	 val acc: tensor([50.4267], device='cuda:3')
DEBUG:root:Epoch: 56 	 Loss: 1.0686538219451904 	 train acc: tensor([52.3810], device='cuda:3') 	 val acc: tensor([51.3514], device='cuda:3')
DEBUG:root:Epoch: 57 	 Loss: 1.0194379091262817 	 train acc: tensor([54.7619], device='cuda:3') 	 val acc: tensor([47.2617], device='cuda:3')
DEBUG:root:Epoch: 58 	 Loss: 1.0302504301071167 	 train acc: tensor([55.5556], device='cuda:3') 	 val acc: tensor([46.3371], device='cuda:3')
DEBUG:root:Epoch: 59 	 Loss: 1.037995457649231 	 train acc: tensor([54.7619], device='cuda:3') 	 val acc: tensor([46.0526], device='cuda:3')
DEBUG:root:Epoch: 60 	 Loss: 1.0239003896713257 	 train acc: tensor([54.7619], device='cuda:3') 	 val acc: tensor([45.6970], device='cuda:3')
DEBUG:root:Epoch: 61 	 Loss: 0.9927003979682922 	 train acc: tensor([57.9365], device='cuda:3') 	 val acc: tensor([49.2176], device='cuda:3')
DEBUG:root:Epoch: 62 	 Loss: 0.9984732866287231 	 train acc: tensor([57.1429], device='cuda:3') 	 val acc: tensor([53.3073], device='cuda:3')
DEBUG:root:Epoch: 63 	 Loss: 1.0402131080627441 	 train acc: tensor([50.7937], device='cuda:3') 	 val acc: tensor([48.6131], device='cuda:3')
DEBUG:root:Epoch: 64 	 Loss: 1.0728273391723633 	 train acc: tensor([51.5873], device='cuda:3') 	 val acc: tensor([52.2760], device='cuda:3')
DEBUG:root:Epoch: 65 	 Loss: 0.9625906944274902 	 train acc: tensor([55.5556], device='cuda:3') 	 val acc: tensor([54.2319], device='cuda:3')
DEBUG:root:Epoch: 66 	 Loss: 0.9822100400924683 	 train acc: tensor([56.3492], device='cuda:3') 	 val acc: tensor([48.7909], device='cuda:3')
DEBUG:root:Epoch: 67 	 Loss: 0.982759416103363 	 train acc: tensor([57.1429], device='cuda:3') 	 val acc: tensor([47.7596], device='cuda:3')
DEBUG:root:Epoch: 68 	 Loss: 1.1318910121917725 	 train acc: tensor([53.1746], device='cuda:3') 	 val acc: tensor([46.6216], device='cuda:3')
DEBUG:root:Epoch: 69 	 Loss: 0.9967764616012573 	 train acc: tensor([55.5556], device='cuda:3') 	 val acc: tensor([46.7639], device='cuda:3')
DEBUG:root:Epoch: 70 	 Loss: 1.1140644550323486 	 train acc: tensor([53.9683], device='cuda:3') 	 val acc: tensor([51.4936], device='cuda:3')
DEBUG:root:Epoch: 71 	 Loss: 1.020547866821289 	 train acc: tensor([54.7619], device='cuda:3') 	 val acc: tensor([40.7895], device='cuda:3')
DEBUG:root:Epoch: 72 	 Loss: 1.2078220844268799 	 train acc: tensor([46.8254], device='cuda:3') 	 val acc: tensor([51.2091], device='cuda:3')
DEBUG:root:Epoch: 73 	 Loss: 1.0204856395721436 	 train acc: tensor([53.1746], device='cuda:3') 	 val acc: tensor([53.0939], device='cuda:3')
DEBUG:root:Epoch: 74 	 Loss: 1.0113931894302368 	 train acc: tensor([53.1746], device='cuda:3') 	 val acc: tensor([50.5334], device='cuda:3')
DEBUG:root:Epoch: 75 	 Loss: 1.0224419832229614 	 train acc: tensor([50.7937], device='cuda:3') 	 val acc: tensor([51.9203], device='cuda:3')
DEBUG:root:Epoch: 76 	 Loss: 1.0012993812561035 	 train acc: tensor([56.3492], device='cuda:3') 	 val acc: tensor([47.6174], device='cuda:3')
DEBUG:root:Epoch: 77 	 Loss: 1.0373798608779907 	 train acc: tensor([50.0000], device='cuda:3') 	 val acc: tensor([38.0512], device='cuda:3')
DEBUG:root:Epoch: 78 	 Loss: 0.9663145542144775 	 train acc: tensor([50.0000], device='cuda:3') 	 val acc: tensor([37.9090], device='cuda:3')
DEBUG:root:Epoch: 79 	 Loss: 1.029475450515747 	 train acc: tensor([50.7937], device='cuda:3') 	 val acc: tensor([48.3286], device='cuda:3')
DEBUG:root:Epoch: 80 	 Loss: 1.0120892524719238 	 train acc: tensor([57.1429], device='cuda:3') 	 val acc: tensor([54.4808], device='cuda:3')
DEBUG:root:Epoch: 81 	 Loss: 1.039086103439331 	 train acc: tensor([55.5556], device='cuda:3') 	 val acc: tensor([47.5107], device='cuda:3')
DEBUG:root:Epoch: 82 	 Loss: 0.97281414270401 	 train acc: tensor([56.3492], device='cuda:3') 	 val acc: tensor([47.0839], device='cuda:3')
DEBUG:root:Epoch: 83 	 Loss: 1.020116925239563 	 train acc: tensor([53.1746], device='cuda:3') 	 val acc: tensor([46.7283], device='cuda:3')
DEBUG:root:Epoch: 84 	 Loss: 1.0126852989196777 	 train acc: tensor([53.9683], device='cuda:3') 	 val acc: tensor([46.4438], device='cuda:3')
DEBUG:root:Epoch: 85 	 Loss: 1.0222796201705933 	 train acc: tensor([49.2064], device='cuda:3') 	 val acc: tensor([53.3073], device='cuda:3')
DEBUG:root:Epoch: 86 	 Loss: 0.9701210856437683 	 train acc: tensor([53.9683], device='cuda:3') 	 val acc: tensor([48.1863], device='cuda:3')
DEBUG:root:Epoch: 87 	 Loss: 1.0454965829849243 	 train acc: tensor([55.5556], device='cuda:3') 	 val acc: tensor([46.3371], device='cuda:3')
DEBUG:root:Epoch: 88 	 Loss: 1.0082907676696777 	 train acc: tensor([55.5556], device='cuda:3') 	 val acc: tensor([45.9815], device='cuda:3')
DEBUG:root:Epoch: 89 	 Loss: 0.9569579362869263 	 train acc: tensor([57.1429], device='cuda:3') 	 val acc: tensor([45.6970], device='cuda:3')
DEBUG:root:Epoch: 90 	 Loss: 0.9892109632492065 	 train acc: tensor([53.9683], device='cuda:3') 	 val acc: tensor([45.8037], device='cuda:3')
DEBUG:root:Epoch: 91 	 Loss: 1.008331537246704 	 train acc: tensor([52.3810], device='cuda:3') 	 val acc: tensor([47.1550], device='cuda:3')
DEBUG:root:Epoch: 92 	 Loss: 0.9963566064834595 	 train acc: tensor([51.5873], device='cuda:3') 	 val acc: tensor([51.3869], device='cuda:3')
DEBUG:root:Epoch: 93 	 Loss: 0.9268960356712341 	 train acc: tensor([58.7302], device='cuda:3') 	 val acc: tensor([52.4182], device='cuda:3')
DEBUG:root:Epoch: 94 	 Loss: 0.9816935062408447 	 train acc: tensor([55.5556], device='cuda:3') 	 val acc: tensor([50.5334], device='cuda:3')
DEBUG:root:Epoch: 95 	 Loss: 1.0031760931015015 	 train acc: tensor([55.5556], device='cuda:3') 	 val acc: tensor([26.9915], device='cuda:3')
DEBUG:root:Epoch: 96 	 Loss: 1.1964093446731567 	 train acc: tensor([47.6190], device='cuda:3') 	 val acc: tensor([48.6842], device='cuda:3')
DEBUG:root:Epoch: 97 	 Loss: 1.0760513544082642 	 train acc: tensor([50.7937], device='cuda:3') 	 val acc: tensor([45.1991], device='cuda:3')
DEBUG:root:Epoch: 98 	 Loss: 1.1748558282852173 	 train acc: tensor([52.3810], device='cuda:3') 	 val acc: tensor([50.1422], device='cuda:3')
DEBUG:root:Epoch: 99 	 Loss: 1.0792063474655151 	 train acc: tensor([48.4127], device='cuda:3') 	 val acc: tensor([37.7667], device='cuda:3')
DEBUG:root:Epoch: 100 	 Loss: 0.9946163892745972 	 train acc: tensor([53.9683], device='cuda:3') 	 val acc: tensor([49.8222], device='cuda:3')
DEBUG:root:Epoch: 101 	 Loss: 1.059361219406128 	 train acc: tensor([46.8254], device='cuda:3') 	 val acc: tensor([47.9730], device='cuda:3')
DEBUG:root:Epoch: 102 	 Loss: 1.0151911973953247 	 train acc: tensor([53.9683], device='cuda:3') 	 val acc: tensor([50.], device='cuda:3')
DEBUG:root:Epoch: 103 	 Loss: 0.9763065576553345 	 train acc: tensor([55.5556], device='cuda:3') 	 val acc: tensor([52.2404], device='cuda:3')
DEBUG:root:Epoch: 104 	 Loss: 1.0012916326522827 	 train acc: tensor([53.1746], device='cuda:3') 	 val acc: tensor([50.0356], device='cuda:3')
DEBUG:root:Epoch: 105 	 Loss: 1.0310620069503784 	 train acc: tensor([54.7619], device='cuda:3') 	 val acc: tensor([45.6970], device='cuda:3')
DEBUG:root:Epoch: 106 	 Loss: 0.9862576127052307 	 train acc: tensor([57.1429], device='cuda:3') 	 val acc: tensor([48.7198], device='cuda:3')
DEBUG:root:Epoch: 107 	 Loss: 0.98045414686203 	 train acc: tensor([54.7619], device='cuda:3') 	 val acc: tensor([51.1024], device='cuda:3')
DEBUG:root:Epoch: 108 	 Loss: 1.0049995183944702 	 train acc: tensor([53.1746], device='cuda:3') 	 val acc: tensor([51.5292], device='cuda:3')
DEBUG:root:Epoch: 109 	 Loss: 0.9978765249252319 	 train acc: tensor([58.7302], device='cuda:3') 	 val acc: tensor([51.6358], device='cuda:3')
DEBUG:root:Epoch: 110 	 Loss: 1.0017009973526 	 train acc: tensor([57.9365], device='cuda:3') 	 val acc: tensor([50.7824], device='cuda:3')
DEBUG:root:Epoch: 111 	 Loss: 0.9468375444412231 	 train acc: tensor([57.1429], device='cuda:3') 	 val acc: tensor([47.4040], device='cuda:3')
DEBUG:root:Epoch: 112 	 Loss: 0.9931530952453613 	 train acc: tensor([53.9683], device='cuda:3') 	 val acc: tensor([45.8037], device='cuda:3')
DEBUG:root:Epoch: 113 	 Loss: 0.9678793549537659 	 train acc: tensor([57.1429], device='cuda:3') 	 val acc: tensor([47.0128], device='cuda:3')
DEBUG:root:Epoch: 114 	 Loss: 0.9716740250587463 	 train acc: tensor([57.9365], device='cuda:3') 	 val acc: tensor([46.5861], device='cuda:3')
DEBUG:root:Epoch: 115 	 Loss: 0.9991433620452881 	 train acc: tensor([53.9683], device='cuda:3') 	 val acc: tensor([46.9772], device='cuda:3')
DEBUG:root:Epoch: 116 	 Loss: 0.9738774299621582 	 train acc: tensor([55.5556], device='cuda:3') 	 val acc: tensor([52.0626], device='cuda:3')
DEBUG:root:Epoch: 117 	 Loss: 0.9584919214248657 	 train acc: tensor([54.7619], device='cuda:3') 	 val acc: tensor([51.5292], device='cuda:3')
DEBUG:root:Epoch: 118 	 Loss: 0.978394091129303 	 train acc: tensor([58.7302], device='cuda:3') 	 val acc: tensor([48.5420], device='cuda:3')
DEBUG:root:Epoch: 119 	 Loss: 0.9236409664154053 	 train acc: tensor([62.6984], device='cuda:3') 	 val acc: tensor([47.7596], device='cuda:3')
DEBUG:root:Epoch: 120 	 Loss: 1.061744213104248 	 train acc: tensor([54.7619], device='cuda:3') 	 val acc: tensor([50.5334], device='cuda:3')
DEBUG:root:Epoch: 121 	 Loss: 0.9765470027923584 	 train acc: tensor([58.7302], device='cuda:3') 	 val acc: tensor([50.7468], device='cuda:3')
DEBUG:root:Epoch: 122 	 Loss: 0.9702907204627991 	 train acc: tensor([54.7619], device='cuda:3') 	 val acc: tensor([46.9772], device='cuda:3')
DEBUG:root:Epoch: 123 	 Loss: 0.9678975343704224 	 train acc: tensor([54.7619], device='cuda:3') 	 val acc: tensor([46.9061], device='cuda:3')
DEBUG:root:Epoch: 124 	 Loss: 1.0206542015075684 	 train acc: tensor([53.1746], device='cuda:3') 	 val acc: tensor([47.6885], device='cuda:3')
DEBUG:root:Epoch: 125 	 Loss: 0.9955962300300598 	 train acc: tensor([53.9683], device='cuda:3') 	 val acc: tensor([51.1380], device='cuda:3')
DEBUG:root:Epoch: 126 	 Loss: 1.0145291090011597 	 train acc: tensor([50.7937], device='cuda:3') 	 val acc: tensor([51.3158], device='cuda:3')
DEBUG:root:Epoch: 127 	 Loss: 1.0159646272659302 	 train acc: tensor([50.0000], device='cuda:3') 	 val acc: tensor([50.9957], device='cuda:3')
DEBUG:root:Epoch: 128 	 Loss: 0.9389931559562683 	 train acc: tensor([59.5238], device='cuda:3') 	 val acc: tensor([48.5775], device='cuda:3')
DEBUG:root:Epoch: 129 	 Loss: 1.0231547355651855 	 train acc: tensor([54.7619], device='cuda:3') 	 val acc: tensor([46.1593], device='cuda:3')
DEBUG:root:Epoch: 130 	 Loss: 1.0089285373687744 	 train acc: tensor([53.9683], device='cuda:3') 	 val acc: tensor([45.7681], device='cuda:3')
DEBUG:root:Epoch: 131 	 Loss: 0.993669331073761 	 train acc: tensor([58.7302], device='cuda:3') 	 val acc: tensor([46.9061], device='cuda:3')
DEBUG:root:Epoch: 132 	 Loss: 0.9740553498268127 	 train acc: tensor([61.1111], device='cuda:3') 	 val acc: tensor([47.5818], device='cuda:3')
DEBUG:root:Epoch: 133 	 Loss: 1.0361242294311523 	 train acc: tensor([56.3492], device='cuda:3') 	 val acc: tensor([48.6131], device='cuda:3')
DEBUG:root:Epoch: 134 	 Loss: 0.9941293001174927 	 train acc: tensor([57.1429], device='cuda:3') 	 val acc: tensor([49.5377], device='cuda:3')
DEBUG:root:Epoch: 135 	 Loss: 0.9493065476417542 	 train acc: tensor([55.5556], device='cuda:3') 	 val acc: tensor([48.3997], device='cuda:3')
DEBUG:root:Epoch: 136 	 Loss: 1.0079476833343506 	 train acc: tensor([57.1429], device='cuda:3') 	 val acc: tensor([45.5192], device='cuda:3')
DEBUG:root:Epoch: 137 	 Loss: 1.0235387086868286 	 train acc: tensor([53.1746], device='cuda:3') 	 val acc: tensor([44.3457], device='cuda:3')
DEBUG:root:Epoch: 138 	 Loss: 1.0433863401412964 	 train acc: tensor([53.1746], device='cuda:3') 	 val acc: tensor([47.2262], device='cuda:3')
DEBUG:root:Epoch: 139 	 Loss: 1.012102484703064 	 train acc: tensor([55.5556], device='cuda:3') 	 val acc: tensor([51.3514], device='cuda:3')
DEBUG:root:Epoch: 140 	 Loss: 1.0093940496444702 	 train acc: tensor([48.4127], device='cuda:3') 	 val acc: tensor([53.2361], device='cuda:3')
DEBUG:root:Epoch: 141 	 Loss: 0.9843353033065796 	 train acc: tensor([53.1746], device='cuda:3') 	 val acc: tensor([50.6401], device='cuda:3')
DEBUG:root:Epoch: 142 	 Loss: 1.016234278678894 	 train acc: tensor([53.1746], device='cuda:3') 	 val acc: tensor([47.9018], device='cuda:3')
DEBUG:root:Epoch: 143 	 Loss: 0.9490169882774353 	 train acc: tensor([57.1429], device='cuda:3') 	 val acc: tensor([45.8037], device='cuda:3')
DEBUG:root:Epoch: 144 	 Loss: 0.9833603501319885 	 train acc: tensor([55.5556], device='cuda:3') 	 val acc: tensor([49.3954], device='cuda:3')
DEBUG:root:Epoch: 145 	 Loss: 0.9952141642570496 	 train acc: tensor([57.9365], device='cuda:3') 	 val acc: tensor([50.6046], device='cuda:3')
DEBUG:root:Epoch: 146 	 Loss: 1.011533498764038 	 train acc: tensor([58.7302], device='cuda:3') 	 val acc: tensor([48.7553], device='cuda:3')
DEBUG:root:Epoch: 147 	 Loss: 0.9472057819366455 	 train acc: tensor([61.1111], device='cuda:3') 	 val acc: tensor([48.5775], device='cuda:3')
DEBUG:root:Epoch: 148 	 Loss: 1.0033268928527832 	 train acc: tensor([53.9683], device='cuda:3') 	 val acc: tensor([47.3684], device='cuda:3')
DEBUG:root:Epoch: 149 	 Loss: 1.019822597503662 	 train acc: tensor([52.3810], device='cuda:3') 	 val acc: tensor([50.7468], device='cuda:3')
DEBUG:root:Epoch: 150 	 Loss: 0.9906136393547058 	 train acc: tensor([54.7619], device='cuda:3') 	 val acc: tensor([51.2802], device='cuda:3')
DEBUG:root:Epoch: 151 	 Loss: 1.056956171989441 	 train acc: tensor([57.9365], device='cuda:3') 	 val acc: tensor([49.0398], device='cuda:3')
DEBUG:root:Epoch: 152 	 Loss: 0.9462817311286926 	 train acc: tensor([57.9365], device='cuda:3') 	 val acc: tensor([49.4310], device='cuda:3')
DEBUG:root:Epoch: 153 	 Loss: 0.998634397983551 	 train acc: tensor([58.7302], device='cuda:3') 	 val acc: tensor([46.5149], device='cuda:3')
DEBUG:root:Epoch: 154 	 Loss: 1.0089627504348755 	 train acc: tensor([54.7619], device='cuda:3') 	 val acc: tensor([48.7553], device='cuda:3')
DEBUG:root:Epoch: 155 	 Loss: 0.9846774935722351 	 train acc: tensor([56.3492], device='cuda:3') 	 val acc: tensor([53.6273], device='cuda:3')
DEBUG:root:Epoch: 156 	 Loss: 0.9468624591827393 	 train acc: tensor([57.9365], device='cuda:3') 	 val acc: tensor([52.3115], device='cuda:3')
DEBUG:root:Epoch: 157 	 Loss: 0.9832105040550232 	 train acc: tensor([55.5556], device='cuda:3') 	 val acc: tensor([47.2973], device='cuda:3')
DEBUG:root:Epoch: 158 	 Loss: 1.006104588508606 	 train acc: tensor([57.1429], device='cuda:3') 	 val acc: tensor([48.3642], device='cuda:3')
DEBUG:root:Epoch: 159 	 Loss: 0.996326744556427 	 train acc: tensor([57.9365], device='cuda:3') 	 val acc: tensor([49.7866], device='cuda:3')
DEBUG:root:Epoch: 160 	 Loss: 0.9530047178268433 	 train acc: tensor([52.3810], device='cuda:3') 	 val acc: tensor([47.7952], device='cuda:3')
DEBUG:root:Epoch: 161 	 Loss: 0.9905095100402832 	 train acc: tensor([58.7302], device='cuda:3') 	 val acc: tensor([50.0356], device='cuda:3')
DEBUG:root:Epoch: 162 	 Loss: 0.9487902522087097 	 train acc: tensor([53.9683], device='cuda:3') 	 val acc: tensor([49.6088], device='cuda:3')
DEBUG:root:Epoch: 163 	 Loss: 0.9817432165145874 	 train acc: tensor([56.3492], device='cuda:3') 	 val acc: tensor([45.5548], device='cuda:3')
DEBUG:root:Epoch: 164 	 Loss: 0.9472051858901978 	 train acc: tensor([53.9683], device='cuda:3') 	 val acc: tensor([42.8521], device='cuda:3')
DEBUG:root:Epoch: 165 	 Loss: 0.9751207232475281 	 train acc: tensor([57.1429], device='cuda:3') 	 val acc: tensor([42.9943], device='cuda:3')
DEBUG:root:Epoch: 166 	 Loss: 0.9886431097984314 	 train acc: tensor([59.5238], device='cuda:3') 	 val acc: tensor([44.1323], device='cuda:3')
DEBUG:root:Epoch: 167 	 Loss: 0.9997569918632507 	 train acc: tensor([53.1746], device='cuda:3') 	 val acc: tensor([46.8350], device='cuda:3')
DEBUG:root:Epoch: 168 	 Loss: 0.9635566473007202 	 train acc: tensor([57.1429], device='cuda:3') 	 val acc: tensor([42.4253], device='cuda:3')
DEBUG:root:Epoch: 169 	 Loss: 1.0674899816513062 	 train acc: tensor([52.3810], device='cuda:3') 	 val acc: tensor([50.5334], device='cuda:3')
DEBUG:root:Epoch: 170 	 Loss: 0.9711532592773438 	 train acc: tensor([52.3810], device='cuda:3') 	 val acc: tensor([49.2888], device='cuda:3')
DEBUG:root:Epoch: 171 	 Loss: 0.891308069229126 	 train acc: tensor([59.5238], device='cuda:3') 	 val acc: tensor([49.7511], device='cuda:3')
DEBUG:root:Epoch: 172 	 Loss: 0.9835225343704224 	 train acc: tensor([58.7302], device='cuda:3') 	 val acc: tensor([50.3556], device='cuda:3')
DEBUG:root:Epoch: 173 	 Loss: 0.934103786945343 	 train acc: tensor([61.1111], device='cuda:3') 	 val acc: tensor([50.1422], device='cuda:3')
DEBUG:root:Epoch: 174 	 Loss: 0.8832108974456787 	 train acc: tensor([60.3175], device='cuda:3') 	 val acc: tensor([50.3201], device='cuda:3')
DEBUG:root:Epoch: 175 	 Loss: 0.9901317358016968 	 train acc: tensor([57.9365], device='cuda:3') 	 val acc: tensor([49.9289], device='cuda:3')
DEBUG:root:Epoch: 176 	 Loss: 0.9614731073379517 	 train acc: tensor([57.1429], device='cuda:3') 	 val acc: tensor([49.5021], device='cuda:3')
DEBUG:root:Epoch: 177 	 Loss: 0.9841393232345581 	 train acc: tensor([53.1746], device='cuda:3') 	 val acc: tensor([48.9331], device='cuda:3')
DEBUG:root:Epoch: 178 	 Loss: 0.8984846472740173 	 train acc: tensor([60.3175], device='cuda:3') 	 val acc: tensor([44.4523], device='cuda:3')
DEBUG:root:Epoch: 179 	 Loss: 0.9642006158828735 	 train acc: tensor([57.9365], device='cuda:3') 	 val acc: tensor([47.9374], device='cuda:3')
DEBUG:root:Epoch: 180 	 Loss: 0.9667347073554993 	 train acc: tensor([57.9365], device='cuda:3') 	 val acc: tensor([49.3954], device='cuda:3')
DEBUG:root:Epoch: 181 	 Loss: 1.0027790069580078 	 train acc: tensor([53.1746], device='cuda:3') 	 val acc: tensor([46.4794], device='cuda:3')
DEBUG:root:Epoch: 182 	 Loss: 0.9407268762588501 	 train acc: tensor([61.1111], device='cuda:3') 	 val acc: tensor([47.3684], device='cuda:3')
DEBUG:root:Epoch: 183 	 Loss: 0.9514147043228149 	 train acc: tensor([60.3175], device='cuda:3') 	 val acc: tensor([48.2575], device='cuda:3')
DEBUG:root:Epoch: 184 	 Loss: 0.9799965023994446 	 train acc: tensor([60.3175], device='cuda:3') 	 val acc: tensor([51.4225], device='cuda:3')
DEBUG:root:Epoch: 185 	 Loss: 0.93520587682724 	 train acc: tensor([56.3492], device='cuda:3') 	 val acc: tensor([49.3599], device='cuda:3')
DEBUG:root:Epoch: 186 	 Loss: 0.8928783535957336 	 train acc: tensor([60.3175], device='cuda:3') 	 val acc: tensor([52.3826], device='cuda:3')
DEBUG:root:Epoch: 187 	 Loss: 0.8921754956245422 	 train acc: tensor([58.7302], device='cuda:3') 	 val acc: tensor([53.2006], device='cuda:3')
DEBUG:root:Epoch: 188 	 Loss: 0.9650780558586121 	 train acc: tensor([59.5238], device='cuda:3') 	 val acc: tensor([51.7781], device='cuda:3')
DEBUG:root:Epoch: 189 	 Loss: 0.9710168838500977 	 train acc: tensor([56.3492], device='cuda:3') 	 val acc: tensor([49.7511], device='cuda:3')
DEBUG:root:Epoch: 190 	 Loss: 0.9433749914169312 	 train acc: tensor([60.3175], device='cuda:3') 	 val acc: tensor([49.5733], device='cuda:3')
DEBUG:root:Epoch: 191 	 Loss: 0.9106254577636719 	 train acc: tensor([57.9365], device='cuda:3') 	 val acc: tensor([48.8265], device='cuda:3')
DEBUG:root:Epoch: 192 	 Loss: 0.9924740195274353 	 train acc: tensor([53.9683], device='cuda:3') 	 val acc: tensor([49.0754], device='cuda:3')
DEBUG:root:Epoch: 193 	 Loss: 0.9784737825393677 	 train acc: tensor([53.1746], device='cuda:3') 	 val acc: tensor([48.2575], device='cuda:3')
DEBUG:root:Epoch: 194 	 Loss: 1.0223159790039062 	 train acc: tensor([55.5556], device='cuda:3') 	 val acc: tensor([50.9602], device='cuda:3')
DEBUG:root:Epoch: 195 	 Loss: 0.9877609610557556 	 train acc: tensor([53.9683], device='cuda:3') 	 val acc: tensor([48.5775], device='cuda:3')
DEBUG:root:Epoch: 196 	 Loss: 0.9113070368766785 	 train acc: tensor([58.7302], device='cuda:3') 	 val acc: tensor([45.5903], device='cuda:3')
DEBUG:root:Epoch: 197 	 Loss: 0.9253289103507996 	 train acc: tensor([64.2857], device='cuda:3') 	 val acc: tensor([49.7866], device='cuda:3')
DEBUG:root:Epoch: 198 	 Loss: 0.9286715984344482 	 train acc: tensor([61.1111], device='cuda:3') 	 val acc: tensor([50.7112], device='cuda:3')
DEBUG:root:Epoch: 199 	 Loss: 0.9446026086807251 	 train acc: tensor([59.5238], device='cuda:3') 	 val acc: tensor([48.1152], device='cuda:3')
INFO:root:Fine-tuning has finished.
INFO:root:test acc is tensor([51.9286], device='cuda:3').
INFO:root:Start SimCLR fine-tuning head for 200 epochs.
INFO:root:Training with gpu: False.
DEBUG:root:Epoch: 0 	 Loss: 1.786611795425415 	 train acc: tensor([18.2540], device='cuda:3') 	 val acc: tensor([14.6515], device='cuda:3')
DEBUG:root:Epoch: 1 	 Loss: 1.9307832717895508 	 train acc: tensor([15.0794], device='cuda:3') 	 val acc: tensor([30.5477], device='cuda:3')
INFO:root:Start SimCLR fine-tuning head for 200 epochs.
INFO:root:Training with gpu: False.
DEBUG:root:Epoch: 0 	 Loss: 1.7718874216079712 	 train acc: tensor([18.2540], device='cuda:3') 	 val acc: tensor([12.6600], device='cuda:3')
DEBUG:root:Epoch: 1 	 Loss: 3.2517054080963135 	 train acc: tensor([15.8730], device='cuda:3') 	 val acc: tensor([18.0654], device='cuda:3')
DEBUG:root:Epoch: 2 	 Loss: 3.603726625442505 	 train acc: tensor([16.6667], device='cuda:3') 	 val acc: tensor([13.5491], device='cuda:3')
DEBUG:root:Epoch: 3 	 Loss: 2.159325361251831 	 train acc: tensor([16.6667], device='cuda:3') 	 val acc: tensor([34.7795], device='cuda:3')
DEBUG:root:Epoch: 4 	 Loss: 2.582296133041382 	 train acc: tensor([38.8889], device='cuda:3') 	 val acc: tensor([26.5292], device='cuda:3')
DEBUG:root:Epoch: 5 	 Loss: 2.178981065750122 	 train acc: tensor([40.4762], device='cuda:3') 	 val acc: tensor([30.6543], device='cuda:3')
DEBUG:root:Epoch: 6 	 Loss: 1.6965575218200684 	 train acc: tensor([46.8254], device='cuda:3') 	 val acc: tensor([20.1636], device='cuda:3')
DEBUG:root:Epoch: 7 	 Loss: 2.1905336380004883 	 train acc: tensor([33.3333], device='cuda:3') 	 val acc: tensor([35.1707], device='cuda:3')
DEBUG:root:Epoch: 8 	 Loss: 2.473755359649658 	 train acc: tensor([45.2381], device='cuda:3') 	 val acc: tensor([29.8009], device='cuda:3')
DEBUG:root:Epoch: 9 	 Loss: 2.178372621536255 	 train acc: tensor([39.6825], device='cuda:3') 	 val acc: tensor([26.3514], device='cuda:3')
DEBUG:root:Epoch: 10 	 Loss: 1.6193112134933472 	 train acc: tensor([38.8889], device='cuda:3') 	 val acc: tensor([22.7952], device='cuda:3')
DEBUG:root:Epoch: 11 	 Loss: 2.0330593585968018 	 train acc: tensor([38.8889], device='cuda:3') 	 val acc: tensor([29.1607], device='cuda:3')
DEBUG:root:Epoch: 12 	 Loss: 1.9123278856277466 	 train acc: tensor([41.2698], device='cuda:3') 	 val acc: tensor([37.6600], device='cuda:3')
DEBUG:root:Epoch: 13 	 Loss: 1.9411821365356445 	 train acc: tensor([36.5079], device='cuda:3') 	 val acc: tensor([23.4353], device='cuda:3')
DEBUG:root:Epoch: 14 	 Loss: 1.7469381093978882 	 train acc: tensor([34.1270], device='cuda:3') 	 val acc: tensor([36.1664], device='cuda:3')
DEBUG:root:Epoch: 15 	 Loss: 1.5715839862823486 	 train acc: tensor([45.2381], device='cuda:3') 	 val acc: tensor([34.4950], device='cuda:3')
DEBUG:root:Epoch: 16 	 Loss: 1.6298775672912598 	 train acc: tensor([38.8889], device='cuda:3') 	 val acc: tensor([30.2276], device='cuda:3')
DEBUG:root:Epoch: 17 	 Loss: 1.5760146379470825 	 train acc: tensor([47.6190], device='cuda:3') 	 val acc: tensor([30.7255], device='cuda:3')
DEBUG:root:Epoch: 18 	 Loss: 1.7229030132293701 	 train acc: tensor([44.4445], device='cuda:3') 	 val acc: tensor([26.8848], device='cuda:3')
DEBUG:root:Epoch: 19 	 Loss: 1.6309199333190918 	 train acc: tensor([42.8571], device='cuda:3') 	 val acc: tensor([30.2632], device='cuda:3')
DEBUG:root:Epoch: 20 	 Loss: 1.609189748764038 	 train acc: tensor([38.0952], device='cuda:3') 	 val acc: tensor([31.1878], device='cuda:3')
DEBUG:root:Epoch: 21 	 Loss: 1.4719653129577637 	 train acc: tensor([38.8889], device='cuda:3') 	 val acc: tensor([45.4125], device='cuda:3')
DEBUG:root:Epoch: 22 	 Loss: 1.391013741493225 	 train acc: tensor([43.6508], device='cuda:3') 	 val acc: tensor([35.0285], device='cuda:3')
DEBUG:root:Epoch: 23 	 Loss: 1.3657056093215942 	 train acc: tensor([37.3016], device='cuda:3') 	 val acc: tensor([37.0555], device='cuda:3')
DEBUG:root:Epoch: 24 	 Loss: 1.3706040382385254 	 train acc: tensor([42.8571], device='cuda:3') 	 val acc: tensor([30.3343], device='cuda:3')
DEBUG:root:Epoch: 25 	 Loss: 1.3622698783874512 	 train acc: tensor([41.2698], device='cuda:3') 	 val acc: tensor([35.2063], device='cuda:3')
DEBUG:root:Epoch: 26 	 Loss: 1.3901950120925903 	 train acc: tensor([42.0635], device='cuda:3') 	 val acc: tensor([36.5220], device='cuda:3')
DEBUG:root:Epoch: 27 	 Loss: 1.4544296264648438 	 train acc: tensor([42.8571], device='cuda:3') 	 val acc: tensor([36.1664], device='cuda:3')
DEBUG:root:Epoch: 28 	 Loss: 1.3907476663589478 	 train acc: tensor([43.6508], device='cuda:3') 	 val acc: tensor([30.7610], device='cuda:3')
DEBUG:root:Epoch: 29 	 Loss: 1.324207067489624 	 train acc: tensor([42.8571], device='cuda:3') 	 val acc: tensor([39.7226], device='cuda:3')
DEBUG:root:Epoch: 30 	 Loss: 1.3041329383850098 	 train acc: tensor([50.7937], device='cuda:3') 	 val acc: tensor([37.4822], device='cuda:3')
DEBUG:root:Epoch: 31 	 Loss: 1.3183128833770752 	 train acc: tensor([46.0317], device='cuda:3') 	 val acc: tensor([40.5761], device='cuda:3')
DEBUG:root:Epoch: 32 	 Loss: 1.3702715635299683 	 train acc: tensor([41.2698], device='cuda:3') 	 val acc: tensor([32.7169], device='cuda:3')
DEBUG:root:Epoch: 33 	 Loss: 1.3194292783737183 	 train acc: tensor([41.2698], device='cuda:3') 	 val acc: tensor([33.4993], device='cuda:3')
DEBUG:root:Epoch: 34 	 Loss: 1.2691922187805176 	 train acc: tensor([43.6508], device='cuda:3') 	 val acc: tensor([28.3784], device='cuda:3')
DEBUG:root:Epoch: 35 	 Loss: 1.2767544984817505 	 train acc: tensor([45.2381], device='cuda:3') 	 val acc: tensor([27.5605], device='cuda:3')
DEBUG:root:Epoch: 36 	 Loss: 1.2517598867416382 	 train acc: tensor([42.0635], device='cuda:3') 	 val acc: tensor([32.0768], device='cuda:3')
DEBUG:root:Epoch: 37 	 Loss: 1.2458679676055908 	 train acc: tensor([42.0635], device='cuda:3') 	 val acc: tensor([36.4154], device='cuda:3')
DEBUG:root:Epoch: 38 	 Loss: 1.256648063659668 	 train acc: tensor([41.2698], device='cuda:3') 	 val acc: tensor([35.5263], device='cuda:3')
DEBUG:root:Epoch: 39 	 Loss: 1.2325468063354492 	 train acc: tensor([42.0635], device='cuda:3') 	 val acc: tensor([38.1935], device='cuda:3')
DEBUG:root:Epoch: 40 	 Loss: 1.1900391578674316 	 train acc: tensor([46.0317], device='cuda:3') 	 val acc: tensor([36.8777], device='cuda:3')
DEBUG:root:Epoch: 41 	 Loss: 1.247452735900879 	 train acc: tensor([40.4762], device='cuda:3') 	 val acc: tensor([38.8691], device='cuda:3')
DEBUG:root:Epoch: 42 	 Loss: 1.2720952033996582 	 train acc: tensor([46.8254], device='cuda:3') 	 val acc: tensor([34.3883], device='cuda:3')
DEBUG:root:Epoch: 43 	 Loss: 1.2365853786468506 	 train acc: tensor([42.0635], device='cuda:3') 	 val acc: tensor([34.0683], device='cuda:3')
DEBUG:root:Epoch: 44 	 Loss: 1.2486838102340698 	 train acc: tensor([43.6508], device='cuda:3') 	 val acc: tensor([28.8051], device='cuda:3')
DEBUG:root:Epoch: 45 	 Loss: 1.204484224319458 	 train acc: tensor([46.0317], device='cuda:3') 	 val acc: tensor([28.3784], device='cuda:3')
DEBUG:root:Epoch: 46 	 Loss: 1.215602993965149 	 train acc: tensor([43.6508], device='cuda:3') 	 val acc: tensor([31.2233], device='cuda:3')
DEBUG:root:Epoch: 47 	 Loss: 1.1928598880767822 	 train acc: tensor([42.0635], device='cuda:3') 	 val acc: tensor([36.2020], device='cuda:3')
DEBUG:root:Epoch: 48 	 Loss: 1.2001843452453613 	 train acc: tensor([43.6508], device='cuda:3') 	 val acc: tensor([37.5889], device='cuda:3')
DEBUG:root:Epoch: 49 	 Loss: 1.2113412618637085 	 train acc: tensor([38.0952], device='cuda:3') 	 val acc: tensor([31.0455], device='cuda:3')
DEBUG:root:Epoch: 50 	 Loss: 1.1895750761032104 	 train acc: tensor([44.4445], device='cuda:3') 	 val acc: tensor([30.6188], device='cuda:3')
DEBUG:root:Epoch: 51 	 Loss: 1.2131662368774414 	 train acc: tensor([44.4445], device='cuda:3') 	 val acc: tensor([33.0725], device='cuda:3')
DEBUG:root:Epoch: 52 	 Loss: 1.1692346334457397 	 train acc: tensor([50.0000], device='cuda:3') 	 val acc: tensor([39.0114], device='cuda:3')
DEBUG:root:Epoch: 53 	 Loss: 1.2063905000686646 	 train acc: tensor([48.4127], device='cuda:3') 	 val acc: tensor([36.1309], device='cuda:3')
DEBUG:root:Epoch: 54 	 Loss: 1.207473635673523 	 train acc: tensor([46.0317], device='cuda:3') 	 val acc: tensor([29.9075], device='cuda:3')
DEBUG:root:Epoch: 55 	 Loss: 1.2242896556854248 	 train acc: tensor([48.4127], device='cuda:3') 	 val acc: tensor([34.2461], device='cuda:3')
DEBUG:root:Epoch: 56 	 Loss: 1.1937569379806519 	 train acc: tensor([49.2064], device='cuda:3') 	 val acc: tensor([36.5220], device='cuda:3')
DEBUG:root:Epoch: 57 	 Loss: 1.2191890478134155 	 train acc: tensor([40.4762], device='cuda:3') 	 val acc: tensor([35.1351], device='cuda:3')
DEBUG:root:Epoch: 58 	 Loss: 1.2138906717300415 	 train acc: tensor([35.7143], device='cuda:3') 	 val acc: tensor([33.7838], device='cuda:3')
DEBUG:root:Epoch: 59 	 Loss: 1.187605857849121 	 train acc: tensor([38.8889], device='cuda:3') 	 val acc: tensor([31.8634], device='cuda:3')
DEBUG:root:Epoch: 60 	 Loss: 1.1604769229888916 	 train acc: tensor([41.2698], device='cuda:3') 	 val acc: tensor([33.2504], device='cuda:3')
DEBUG:root:Epoch: 61 	 Loss: 1.207112193107605 	 train acc: tensor([36.5079], device='cuda:3') 	 val acc: tensor([31.0455], device='cuda:3')
DEBUG:root:Epoch: 62 	 Loss: 1.1858290433883667 	 train acc: tensor([44.4445], device='cuda:3') 	 val acc: tensor([37.8734], device='cuda:3')
DEBUG:root:Epoch: 63 	 Loss: 1.1977936029434204 	 train acc: tensor([43.6508], device='cuda:3') 	 val acc: tensor([42.5676], device='cuda:3')
DEBUG:root:Epoch: 64 	 Loss: 1.203181505203247 	 train acc: tensor([47.6190], device='cuda:3') 	 val acc: tensor([39.4737], device='cuda:3')
DEBUG:root:Epoch: 65 	 Loss: 1.2065560817718506 	 train acc: tensor([49.2064], device='cuda:3') 	 val acc: tensor([31.1166], device='cuda:3')
DEBUG:root:Epoch: 66 	 Loss: 1.2208348512649536 	 train acc: tensor([50.0000], device='cuda:3') 	 val acc: tensor([30.6899], device='cuda:3')
DEBUG:root:Epoch: 67 	 Loss: 1.2042548656463623 	 train acc: tensor([41.2698], device='cuda:3') 	 val acc: tensor([34.4239], device='cuda:3')
DEBUG:root:Epoch: 68 	 Loss: 1.2114031314849854 	 train acc: tensor([40.4762], device='cuda:3') 	 val acc: tensor([35.2063], device='cuda:3')
DEBUG:root:Epoch: 69 	 Loss: 1.199878454208374 	 train acc: tensor([38.0952], device='cuda:3') 	 val acc: tensor([32.0413], device='cuda:3')
DEBUG:root:Epoch: 70 	 Loss: 1.210523009300232 	 train acc: tensor([42.0635], device='cuda:3') 	 val acc: tensor([32.9303], device='cuda:3')
DEBUG:root:Epoch: 71 	 Loss: 1.1851129531860352 	 train acc: tensor([42.8571], device='cuda:3') 	 val acc: tensor([34.5306], device='cuda:3')
DEBUG:root:Epoch: 72 	 Loss: 1.176895022392273 	 train acc: tensor([41.2698], device='cuda:3') 	 val acc: tensor([32.5747], device='cuda:3')
DEBUG:root:Epoch: 73 	 Loss: 1.1893161535263062 	 train acc: tensor([40.4762], device='cuda:3') 	 val acc: tensor([29.3030], device='cuda:3')
DEBUG:root:Epoch: 74 	 Loss: 1.207749366760254 	 train acc: tensor([37.3016], device='cuda:3') 	 val acc: tensor([30.9388], device='cuda:3')
DEBUG:root:Epoch: 75 	 Loss: 1.1758747100830078 	 train acc: tensor([42.0635], device='cuda:3') 	 val acc: tensor([33.7482], device='cuda:3')
DEBUG:root:Epoch: 76 	 Loss: 1.1979588270187378 	 train acc: tensor([38.0952], device='cuda:3') 	 val acc: tensor([33.5349], device='cuda:3')
DEBUG:root:Epoch: 77 	 Loss: 1.1737693548202515 	 train acc: tensor([43.6508], device='cuda:3') 	 val acc: tensor([31.5434], device='cuda:3')
DEBUG:root:Epoch: 78 	 Loss: 1.213456392288208 	 train acc: tensor([42.8571], device='cuda:3') 	 val acc: tensor([32.6458], device='cuda:3')
DEBUG:root:Epoch: 79 	 Loss: 1.192946434020996 	 train acc: tensor([44.4445], device='cuda:3') 	 val acc: tensor([32.8236], device='cuda:3')
DEBUG:root:Epoch: 80 	 Loss: 1.2012380361557007 	 train acc: tensor([42.8571], device='cuda:3') 	 val acc: tensor([31.4011], device='cuda:3')
DEBUG:root:Epoch: 81 	 Loss: 1.1727694272994995 	 train acc: tensor([44.4445], device='cuda:3') 	 val acc: tensor([29.4097], device='cuda:3')
DEBUG:root:Epoch: 82 	 Loss: 1.157523512840271 	 train acc: tensor([38.0952], device='cuda:3') 	 val acc: tensor([30.4410], device='cuda:3')
DEBUG:root:Epoch: 83 	 Loss: 1.1885029077529907 	 train acc: tensor([42.0635], device='cuda:3') 	 val acc: tensor([32.2191], device='cuda:3')
DEBUG:root:Epoch: 84 	 Loss: 1.2024097442626953 	 train acc: tensor([42.8571], device='cuda:3') 	 val acc: tensor([33.2504], device='cuda:3')
DEBUG:root:Epoch: 85 	 Loss: 1.1990792751312256 	 train acc: tensor([41.2698], device='cuda:3') 	 val acc: tensor([34.2105], device='cuda:3')
DEBUG:root:Epoch: 86 	 Loss: 1.1995497941970825 	 train acc: tensor([42.0635], device='cuda:3') 	 val acc: tensor([33.8193], device='cuda:3')
DEBUG:root:Epoch: 87 	 Loss: 1.20669686794281 	 train acc: tensor([42.0635], device='cuda:3') 	 val acc: tensor([30.5832], device='cuda:3')
DEBUG:root:Epoch: 88 	 Loss: 1.2205743789672852 	 train acc: tensor([42.8571], device='cuda:3') 	 val acc: tensor([34.1750], device='cuda:3')
DEBUG:root:Epoch: 89 	 Loss: 1.2025797367095947 	 train acc: tensor([46.0317], device='cuda:3') 	 val acc: tensor([33.1437], device='cuda:3')
DEBUG:root:Epoch: 90 	 Loss: 1.189220905303955 	 train acc: tensor([40.4762], device='cuda:3') 	 val acc: tensor([27.5249], device='cuda:3')
DEBUG:root:Epoch: 91 	 Loss: 1.194716453552246 	 train acc: tensor([42.8571], device='cuda:3') 	 val acc: tensor([26.8137], device='cuda:3')
DEBUG:root:Epoch: 92 	 Loss: 1.185776710510254 	 train acc: tensor([42.8571], device='cuda:3') 	 val acc: tensor([34.4239], device='cuda:3')
DEBUG:root:Epoch: 93 	 Loss: 1.173631191253662 	 train acc: tensor([45.2381], device='cuda:3') 	 val acc: tensor([36.7710], device='cuda:3')
DEBUG:root:Epoch: 94 	 Loss: 1.2004889249801636 	 train acc: tensor([50.7937], device='cuda:3') 	 val acc: tensor([36.5932], device='cuda:3')
DEBUG:root:Epoch: 95 	 Loss: 1.2271372079849243 	 train acc: tensor([54.7619], device='cuda:3') 	 val acc: tensor([39.0825], device='cuda:3')
DEBUG:root:Epoch: 96 	 Loss: 1.2563713788986206 	 train acc: tensor([48.4127], device='cuda:3') 	 val acc: tensor([43.5989], device='cuda:3')
DEBUG:root:Epoch: 97 	 Loss: 1.2451545000076294 	 train acc: tensor([50.7937], device='cuda:3') 	 val acc: tensor([34.0327], device='cuda:3')
DEBUG:root:Epoch: 98 	 Loss: 1.2053667306900024 	 train acc: tensor([44.4445], device='cuda:3') 	 val acc: tensor([26.1380], device='cuda:3')
DEBUG:root:Epoch: 99 	 Loss: 1.2294200658798218 	 train acc: tensor([43.6508], device='cuda:3') 	 val acc: tensor([26.9559], device='cuda:3')
DEBUG:root:Epoch: 100 	 Loss: 1.2783583402633667 	 train acc: tensor([41.2698], device='cuda:3') 	 val acc: tensor([33.5349], device='cuda:3')
DEBUG:root:Epoch: 101 	 Loss: 1.208176612854004 	 train acc: tensor([40.4762], device='cuda:3') 	 val acc: tensor([35.5974], device='cuda:3')
DEBUG:root:Epoch: 102 	 Loss: 1.2476667165756226 	 train acc: tensor([43.6508], device='cuda:3') 	 val acc: tensor([31.7568], device='cuda:3')
DEBUG:root:Epoch: 103 	 Loss: 1.2041863203048706 	 train acc: tensor([40.4762], device='cuda:3') 	 val acc: tensor([28.1650], device='cuda:3')
DEBUG:root:Epoch: 104 	 Loss: 1.2413697242736816 	 train acc: tensor([44.4445], device='cuda:3') 	 val acc: tensor([27.7383], device='cuda:3')
DEBUG:root:Epoch: 105 	 Loss: 1.2025545835494995 	 train acc: tensor([46.0317], device='cuda:3') 	 val acc: tensor([35.8819], device='cuda:3')
DEBUG:root:Epoch: 106 	 Loss: 1.1671863794326782 	 train acc: tensor([48.4127], device='cuda:3') 	 val acc: tensor([36.2731], device='cuda:3')
DEBUG:root:Epoch: 107 	 Loss: 1.215746521949768 	 train acc: tensor([42.8571], device='cuda:3') 	 val acc: tensor([30.8677], device='cuda:3')
DEBUG:root:Epoch: 108 	 Loss: 1.1646052598953247 	 train acc: tensor([42.8571], device='cuda:3') 	 val acc: tensor([29.9787], device='cuda:3')
DEBUG:root:Epoch: 109 	 Loss: 1.2377569675445557 	 train acc: tensor([44.4445], device='cuda:3') 	 val acc: tensor([30.9033], device='cuda:3')
DEBUG:root:Epoch: 110 	 Loss: 1.173606514930725 	 train acc: tensor([39.6825], device='cuda:3') 	 val acc: tensor([35.0285], device='cuda:3')
DEBUG:root:Epoch: 111 	 Loss: 1.215041160583496 	 train acc: tensor([45.2381], device='cuda:3') 	 val acc: tensor([34.0327], device='cuda:3')
DEBUG:root:Epoch: 112 	 Loss: 1.1978487968444824 	 train acc: tensor([48.4127], device='cuda:3') 	 val acc: tensor([30.2632], device='cuda:3')
DEBUG:root:Epoch: 113 	 Loss: 1.2175261974334717 	 train acc: tensor([51.5873], device='cuda:3') 	 val acc: tensor([31.5078], device='cuda:3')
DEBUG:root:Epoch: 114 	 Loss: 1.1716769933700562 	 train acc: tensor([42.8571], device='cuda:3') 	 val acc: tensor([38.7624], device='cuda:3')
DEBUG:root:Epoch: 115 	 Loss: 1.2025201320648193 	 train acc: tensor([46.0317], device='cuda:3') 	 val acc: tensor([38.9403], device='cuda:3')
DEBUG:root:Epoch: 116 	 Loss: 1.1785560846328735 	 train acc: tensor([50.0000], device='cuda:3') 	 val acc: tensor([36.3798], device='cuda:3')
DEBUG:root:Epoch: 117 	 Loss: 1.2539918422698975 	 train acc: tensor([50.0000], device='cuda:3') 	 val acc: tensor([32.8236], device='cuda:3')
DEBUG:root:Epoch: 118 	 Loss: 1.203619360923767 	 train acc: tensor([53.9683], device='cuda:3') 	 val acc: tensor([38.4780], device='cuda:3')
DEBUG:root:Epoch: 119 	 Loss: 1.254749059677124 	 train acc: tensor([48.4127], device='cuda:3') 	 val acc: tensor([36.7710], device='cuda:3')
DEBUG:root:Epoch: 120 	 Loss: 1.2061383724212646 	 train acc: tensor([50.7937], device='cuda:3') 	 val acc: tensor([27.5249], device='cuda:3')
DEBUG:root:Epoch: 121 	 Loss: 1.172788381576538 	 train acc: tensor([45.2381], device='cuda:3') 	 val acc: tensor([26.2802], device='cuda:3')
DEBUG:root:Epoch: 122 	 Loss: 1.2271347045898438 	 train acc: tensor([42.0635], device='cuda:3') 	 val acc: tensor([35.4552], device='cuda:3')
DEBUG:root:Epoch: 123 	 Loss: 1.2089543342590332 	 train acc: tensor([42.8571], device='cuda:3') 	 val acc: tensor([36.5932], device='cuda:3')
DEBUG:root:Epoch: 124 	 Loss: 1.2395830154418945 	 train acc: tensor([43.6508], device='cuda:3') 	 val acc: tensor([29.0896], device='cuda:3')
DEBUG:root:Epoch: 125 	 Loss: 1.2257922887802124 	 train acc: tensor([44.4445], device='cuda:3') 	 val acc: tensor([27.4538], device='cuda:3')
DEBUG:root:Epoch: 126 	 Loss: 1.2763289213180542 	 train acc: tensor([42.8571], device='cuda:3') 	 val acc: tensor([33.3926], device='cuda:3')
DEBUG:root:Epoch: 127 	 Loss: 1.1999555826187134 	 train acc: tensor([42.8571], device='cuda:3') 	 val acc: tensor([34.2461], device='cuda:3')
DEBUG:root:Epoch: 128 	 Loss: 1.1854686737060547 	 train acc: tensor([46.8254], device='cuda:3') 	 val acc: tensor([29.4452], device='cuda:3')
DEBUG:root:Epoch: 129 	 Loss: 1.1873281002044678 	 train acc: tensor([40.4762], device='cuda:3') 	 val acc: tensor([25.9602], device='cuda:3')
DEBUG:root:Epoch: 130 	 Loss: 1.195584774017334 	 train acc: tensor([39.6825], device='cuda:3') 	 val acc: tensor([31.1878], device='cuda:3')
DEBUG:root:Epoch: 131 	 Loss: 1.195971131324768 	 train acc: tensor([38.8889], device='cuda:3') 	 val acc: tensor([33.8193], device='cuda:3')
DEBUG:root:Epoch: 132 	 Loss: 1.1631348133087158 	 train acc: tensor([41.2698], device='cuda:3') 	 val acc: tensor([32.3257], device='cuda:3')
DEBUG:root:Epoch: 133 	 Loss: 1.2259000539779663 	 train acc: tensor([40.4762], device='cuda:3') 	 val acc: tensor([30.6543], device='cuda:3')
DEBUG:root:Epoch: 134 	 Loss: 1.2310212850570679 	 train acc: tensor([46.8254], device='cuda:3') 	 val acc: tensor([29.5875], device='cuda:3')
DEBUG:root:Epoch: 135 	 Loss: 1.2297664880752563 	 train acc: tensor([44.4445], device='cuda:3') 	 val acc: tensor([36.3442], device='cuda:3')
DEBUG:root:Epoch: 136 	 Loss: 1.2427926063537598 	 train acc: tensor([45.2381], device='cuda:3') 	 val acc: tensor([35.2774], device='cuda:3')
DEBUG:root:Epoch: 137 	 Loss: 1.2276233434677124 	 train acc: tensor([42.0635], device='cuda:3') 	 val acc: tensor([27.1337], device='cuda:3')
DEBUG:root:Epoch: 138 	 Loss: 1.1337302923202515 	 train acc: tensor([46.8254], device='cuda:3') 	 val acc: tensor([28.6984], device='cuda:3')
DEBUG:root:Epoch: 139 	 Loss: 1.2368015050888062 	 train acc: tensor([44.4445], device='cuda:3') 	 val acc: tensor([33.0725], device='cuda:3')
DEBUG:root:Epoch: 140 	 Loss: 1.237608790397644 	 train acc: tensor([37.3016], device='cuda:3') 	 val acc: tensor([36.3442], device='cuda:3')
DEBUG:root:Epoch: 141 	 Loss: 1.2394585609436035 	 train acc: tensor([40.4762], device='cuda:3') 	 val acc: tensor([34.0683], device='cuda:3')
DEBUG:root:Epoch: 142 	 Loss: 1.216860294342041 	 train acc: tensor([41.2698], device='cuda:3') 	 val acc: tensor([28.3428], device='cuda:3')
DEBUG:root:Epoch: 143 	 Loss: 1.214257836341858 	 train acc: tensor([46.8254], device='cuda:3') 	 val acc: tensor([30.9744], device='cuda:3')
DEBUG:root:Epoch: 144 	 Loss: 1.1700180768966675 	 train acc: tensor([47.6190], device='cuda:3') 	 val acc: tensor([35.8108], device='cuda:3')
DEBUG:root:Epoch: 145 	 Loss: 1.2070088386535645 	 train acc: tensor([46.8254], device='cuda:3') 	 val acc: tensor([32.2902], device='cuda:3')
DEBUG:root:Epoch: 146 	 Loss: 1.2104498147964478 	 train acc: tensor([43.6508], device='cuda:3') 	 val acc: tensor([27.4538], device='cuda:3')
DEBUG:root:Epoch: 147 	 Loss: 1.2238268852233887 	 train acc: tensor([38.0952], device='cuda:3') 	 val acc: tensor([31.3656], device='cuda:3')
DEBUG:root:Epoch: 148 	 Loss: 1.1519107818603516 	 train acc: tensor([39.6825], device='cuda:3') 	 val acc: tensor([33.8905], device='cuda:3')
DEBUG:root:Epoch: 149 	 Loss: 1.1667441129684448 	 train acc: tensor([41.2698], device='cuda:3') 	 val acc: tensor([32.7525], device='cuda:3')
DEBUG:root:Epoch: 150 	 Loss: 1.2097936868667603 	 train acc: tensor([41.2698], device='cuda:3') 	 val acc: tensor([32.1835], device='cuda:3')
DEBUG:root:Epoch: 151 	 Loss: 1.179425835609436 	 train acc: tensor([50.7937], device='cuda:3') 	 val acc: tensor([35.7397], device='cuda:3')
DEBUG:root:Epoch: 152 	 Loss: 1.1937611103057861 	 train acc: tensor([44.4445], device='cuda:3') 	 val acc: tensor([34.3172], device='cuda:3')
DEBUG:root:Epoch: 153 	 Loss: 1.2132331132888794 	 train acc: tensor([41.2698], device='cuda:3') 	 val acc: tensor([30.2276], device='cuda:3')
DEBUG:root:Epoch: 154 	 Loss: 1.186226487159729 	 train acc: tensor([38.8889], device='cuda:3') 	 val acc: tensor([28.8762], device='cuda:3')
DEBUG:root:Epoch: 155 	 Loss: 1.2562345266342163 	 train acc: tensor([45.2381], device='cuda:3') 	 val acc: tensor([33.8193], device='cuda:3')
DEBUG:root:Epoch: 156 	 Loss: 1.1996387243270874 	 train acc: tensor([38.8889], device='cuda:3') 	 val acc: tensor([35.8464], device='cuda:3')
DEBUG:root:Epoch: 157 	 Loss: 1.207039475440979 	 train acc: tensor([42.0635], device='cuda:3') 	 val acc: tensor([32.2191], device='cuda:3')
DEBUG:root:Epoch: 158 	 Loss: 1.214918851852417 	 train acc: tensor([39.6825], device='cuda:3') 	 val acc: tensor([30.8677], device='cuda:3')
DEBUG:root:Epoch: 159 	 Loss: 1.2266831398010254 	 train acc: tensor([50.7937], device='cuda:3') 	 val acc: tensor([33.8193], device='cuda:3')
DEBUG:root:Epoch: 160 	 Loss: 1.211220383644104 	 train acc: tensor([49.2064], device='cuda:3') 	 val acc: tensor([40.1494], device='cuda:3')
DEBUG:root:Epoch: 161 	 Loss: 1.2641063928604126 	 train acc: tensor([49.2064], device='cuda:3') 	 val acc: tensor([34.8862], device='cuda:3')
DEBUG:root:Epoch: 162 	 Loss: 1.1972380876541138 	 train acc: tensor([45.2381], device='cuda:3') 	 val acc: tensor([27.7027], device='cuda:3')
DEBUG:root:Epoch: 163 	 Loss: 1.2392431497573853 	 train acc: tensor([40.4762], device='cuda:3') 	 val acc: tensor([28.0228], device='cuda:3')
DEBUG:root:Epoch: 164 	 Loss: 1.2389991283416748 	 train acc: tensor([39.6825], device='cuda:3') 	 val acc: tensor([37.0910], device='cuda:3')
DEBUG:root:Epoch: 165 	 Loss: 1.2242852449417114 	 train acc: tensor([46.0317], device='cuda:3') 	 val acc: tensor([36.9132], device='cuda:3')
DEBUG:root:Epoch: 166 	 Loss: 1.2225271463394165 	 train acc: tensor([43.6508], device='cuda:3') 	 val acc: tensor([31.3656], device='cuda:3')
DEBUG:root:Epoch: 167 	 Loss: 1.1899398565292358 	 train acc: tensor([45.2381], device='cuda:3') 	 val acc: tensor([27.9872], device='cuda:3')
DEBUG:root:Epoch: 168 	 Loss: 1.2577996253967285 	 train acc: tensor([40.4762], device='cuda:3') 	 val acc: tensor([35.6330], device='cuda:3')
DEBUG:root:Epoch: 169 	 Loss: 1.2461955547332764 	 train acc: tensor([44.4445], device='cuda:3') 	 val acc: tensor([36.7710], device='cuda:3')
DEBUG:root:Epoch: 170 	 Loss: 1.2551310062408447 	 train acc: tensor([45.2381], device='cuda:3') 	 val acc: tensor([28.3073], device='cuda:3')
DEBUG:root:Epoch: 171 	 Loss: 1.2059470415115356 	 train acc: tensor([38.8889], device='cuda:3') 	 val acc: tensor([30.2632], device='cuda:3')
DEBUG:root:Epoch: 172 	 Loss: 1.2214761972427368 	 train acc: tensor([42.8571], device='cuda:3') 	 val acc: tensor([34.4595], device='cuda:3')
DEBUG:root:Epoch: 173 	 Loss: 1.207339882850647 	 train acc: tensor([39.6825], device='cuda:3') 	 val acc: tensor([35.0285], device='cuda:3')
DEBUG:root:Epoch: 174 	 Loss: 1.2264974117279053 	 train acc: tensor([46.0317], device='cuda:3') 	 val acc: tensor([26.8137], device='cuda:3')
DEBUG:root:Epoch: 175 	 Loss: 1.2232818603515625 	 train acc: tensor([40.4762], device='cuda:3') 	 val acc: tensor([26.9915], device='cuda:3')
DEBUG:root:Epoch: 176 	 Loss: 1.135421633720398 	 train acc: tensor([46.0317], device='cuda:3') 	 val acc: tensor([33.0725], device='cuda:3')
DEBUG:root:Epoch: 177 	 Loss: 1.1723257303237915 	 train acc: tensor([46.8254], device='cuda:3') 	 val acc: tensor([38.7269], device='cuda:3')
DEBUG:root:Epoch: 178 	 Loss: 1.198421835899353 	 train acc: tensor([49.2064], device='cuda:3') 	 val acc: tensor([32.6814], device='cuda:3')
DEBUG:root:Epoch: 179 	 Loss: 1.1717073917388916 	 train acc: tensor([38.0952], device='cuda:3') 	 val acc: tensor([30.2987], device='cuda:3')
DEBUG:root:Epoch: 180 	 Loss: 1.2597330808639526 	 train acc: tensor([38.8889], device='cuda:3') 	 val acc: tensor([26.7425], device='cuda:3')
DEBUG:root:Epoch: 181 	 Loss: 1.2394375801086426 	 train acc: tensor([37.3016], device='cuda:3') 	 val acc: tensor([29.0185], device='cuda:3')
DEBUG:root:Epoch: 182 	 Loss: 1.246854305267334 	 train acc: tensor([41.2698], device='cuda:3') 	 val acc: tensor([35.3485], device='cuda:3')
DEBUG:root:Epoch: 183 	 Loss: 1.266772747039795 	 train acc: tensor([44.4445], device='cuda:3') 	 val acc: tensor([35.8819], device='cuda:3')
DEBUG:root:Epoch: 184 	 Loss: 1.1875112056732178 	 train acc: tensor([44.4445], device='cuda:3') 	 val acc: tensor([26.7070], device='cuda:3')
DEBUG:root:Epoch: 185 	 Loss: 1.2394921779632568 	 train acc: tensor([41.2698], device='cuda:3') 	 val acc: tensor([26.7781], device='cuda:3')
DEBUG:root:Epoch: 186 	 Loss: 1.1825557947158813 	 train acc: tensor([42.8571], device='cuda:3') 	 val acc: tensor([33.8193], device='cuda:3')
DEBUG:root:Epoch: 187 	 Loss: 1.1715518236160278 	 train acc: tensor([40.4762], device='cuda:3') 	 val acc: tensor([34.6373], device='cuda:3')
DEBUG:root:Epoch: 188 	 Loss: 1.1737165451049805 	 train acc: tensor([47.6190], device='cuda:3') 	 val acc: tensor([36.0597], device='cuda:3')
DEBUG:root:Epoch: 189 	 Loss: 1.1312596797943115 	 train acc: tensor([57.1429], device='cuda:3') 	 val acc: tensor([33.0725], device='cuda:3')
DEBUG:root:Epoch: 190 	 Loss: 1.2218551635742188 	 train acc: tensor([49.2064], device='cuda:3') 	 val acc: tensor([33.3215], device='cuda:3')
DEBUG:root:Epoch: 191 	 Loss: 1.1632283926010132 	 train acc: tensor([53.1746], device='cuda:3') 	 val acc: tensor([31.6856], device='cuda:3')
DEBUG:root:Epoch: 192 	 Loss: 1.2275673151016235 	 train acc: tensor([38.8889], device='cuda:3') 	 val acc: tensor([34.9218], device='cuda:3')
DEBUG:root:Epoch: 193 	 Loss: 1.2111797332763672 	 train acc: tensor([43.6508], device='cuda:3') 	 val acc: tensor([34.3172], device='cuda:3')
DEBUG:root:Epoch: 194 	 Loss: 1.2152786254882812 	 train acc: tensor([44.4445], device='cuda:3') 	 val acc: tensor([30.6543], device='cuda:3')
DEBUG:root:Epoch: 195 	 Loss: 1.2393345832824707 	 train acc: tensor([41.2698], device='cuda:3') 	 val acc: tensor([28.9118], device='cuda:3')
DEBUG:root:Epoch: 196 	 Loss: 1.2470803260803223 	 train acc: tensor([39.6825], device='cuda:3') 	 val acc: tensor([38.1935], device='cuda:3')
DEBUG:root:Epoch: 197 	 Loss: 1.2671139240264893 	 train acc: tensor([53.9683], device='cuda:3') 	 val acc: tensor([38.3001], device='cuda:3')
DEBUG:root:Epoch: 198 	 Loss: 1.2242838144302368 	 train acc: tensor([55.5556], device='cuda:3') 	 val acc: tensor([31.6145], device='cuda:3')
DEBUG:root:Epoch: 199 	 Loss: 1.2531964778900146 	 train acc: tensor([53.1746], device='cuda:3') 	 val acc: tensor([29.1252], device='cuda:3')
INFO:root:Fine-tuning has finished.
INFO:root:test acc is tensor([35.7667], device='cuda:3').
