INFO:root:Start CPC fine-tuning head for 200 epochs.
INFO:root:Training with gpu: False.
DEBUG:root:Epoch: 0 Loss: 42.73488235473633 acc:  30.000/ 21.132 f1:  18.282/ 9.470
DEBUG:root:Epoch: 1 Loss: 41.86686325073242 acc:  30.000/ 20.755 f1:  18.282/ 9.287
DEBUG:root:Epoch: 2 Loss: 40.99835968017578 acc:  31.429/ 20.943 f1:  20.402/ 9.403
DEBUG:root:Epoch: 3 Loss: 40.29463195800781 acc:  32.857/ 21.132 f1:  22.362/ 9.740
DEBUG:root:Epoch: 4 Loss: 39.535247802734375 acc:  34.286/ 21.698 f1:  24.830/ 10.282
DEBUG:root:Epoch: 5 Loss: 38.79685974121094 acc:  34.286/ 21.509 f1:  24.376/ 10.495
DEBUG:root:Epoch: 6 Loss: 38.13742446899414 acc:  34.286/ 20.943 f1:  24.286/ 10.638
DEBUG:root:Epoch: 7 Loss: 37.46288299560547 acc:  32.857/ 20.189 f1:  23.420/ 10.631
DEBUG:root:Epoch: 8 Loss: 36.767093658447266 acc:  35.714/ 19.057 f1:  25.648/ 10.764
DEBUG:root:Epoch: 9 Loss: 36.17998504638672 acc:  37.143/ 18.302 f1:  26.871/ 11.003
DEBUG:root:Epoch: 10 Loss: 35.512901306152344 acc:  37.143/ 15.283 f1:  28.238/ 9.994
DEBUG:root:Epoch: 11 Loss: 34.9088134765625 acc:  38.571/ 13.774 f1:  29.327/ 9.879
DEBUG:root:Epoch: 12 Loss: 34.24639129638672 acc:  40.000/ 11.698 f1:  30.879/ 9.333
DEBUG:root:Epoch: 13 Loss: 33.76909255981445 acc:  42.857/ 10.755 f1:  33.871/ 8.760
DEBUG:root:Epoch: 14 Loss: 33.110294342041016 acc:  45.714/ 9.811 f1:  37.605/ 8.041
DEBUG:root:Epoch: 15 Loss: 32.51420593261719 acc:  48.571/ 9.245 f1:  40.860/ 7.466
DEBUG:root:Epoch: 16 Loss: 31.97126007080078 acc:  51.429/ 8.868 f1:  44.702/ 6.774
DEBUG:root:Epoch: 17 Loss: 31.425382614135742 acc:  54.286/ 9.623 f1:  47.483/ 6.992
DEBUG:root:Epoch: 18 Loss: 30.959407806396484 acc:  54.286/ 9.434 f1:  47.495/ 6.837
DEBUG:root:Epoch: 19 Loss: 30.38132095336914 acc:  55.714/ 9.623 f1:  48.752/ 6.575
DEBUG:root:Epoch: 20 Loss: 29.94023323059082 acc:  55.714/ 8.868 f1:  49.343/ 5.742
DEBUG:root:Epoch: 21 Loss: 29.40469741821289 acc:  55.714/ 8.679 f1:  50.076/ 5.204
DEBUG:root:Epoch: 22 Loss: 28.925045013427734 acc:  57.143/ 8.868 f1:  52.169/ 5.250
DEBUG:root:Epoch: 23 Loss: 28.493751525878906 acc:  57.143/ 9.057 f1:  52.169/ 5.571
DEBUG:root:Epoch: 24 Loss: 28.05135154724121 acc:  57.143/ 9.057 f1:  52.169/ 5.266
DEBUG:root:Epoch: 25 Loss: 27.635074615478516 acc:  60.000/ 9.623 f1:  55.697/ 5.839
DEBUG:root:Epoch: 26 Loss: 27.228609085083008 acc:  61.429/ 10.189 f1:  57.416/ 6.032
DEBUG:root:Epoch: 27 Loss: 26.92542266845703 acc:  61.429/ 10.189 f1:  57.416/ 6.148
DEBUG:root:Epoch: 28 Loss: 26.619768142700195 acc:  60.000/ 10.755 f1:  56.373/ 6.573
DEBUG:root:Epoch: 29 Loss: 26.29425048828125 acc:  61.429/ 10.943 f1:  58.115/ 6.626
DEBUG:root:Epoch: 30 Loss: 26.07840347290039 acc:  61.429/ 10.755 f1:  58.115/ 6.551
DEBUG:root:Epoch: 31 Loss: 25.826725006103516 acc:  62.857/ 11.132 f1:  59.717/ 6.940
DEBUG:root:Epoch: 32 Loss: 25.586101531982422 acc:  65.714/ 11.321 f1:  62.759/ 7.251
DEBUG:root:Epoch: 33 Loss: 25.38059425354004 acc:  65.714/ 11.132 f1:  62.759/ 7.077
DEBUG:root:Epoch: 34 Loss: 25.318574905395508 acc:  65.714/ 10.943 f1:  62.759/ 6.980
DEBUG:root:Epoch: 35 Loss: 25.103496551513672 acc:  65.714/ 11.132 f1:  62.575/ 7.245
DEBUG:root:Epoch: 36 Loss: 24.98572540283203 acc:  65.714/ 11.321 f1:  62.575/ 7.562
DEBUG:root:Epoch: 37 Loss: 24.841182708740234 acc:  67.143/ 11.509 f1:  63.526/ 7.853
DEBUG:root:Epoch: 38 Loss: 24.745805740356445 acc:  67.143/ 11.132 f1:  63.526/ 7.354
DEBUG:root:Epoch: 39 Loss: 24.637104034423828 acc:  67.143/ 11.321 f1:  63.445/ 7.538
DEBUG:root:Epoch: 40 Loss: 24.540145874023438 acc:  68.571/ 11.321 f1:  64.769/ 7.538
DEBUG:root:Epoch: 41 Loss: 24.44463539123535 acc:  68.571/ 11.321 f1:  64.769/ 7.548
DEBUG:root:Epoch: 42 Loss: 24.379764556884766 acc:  70.000/ 11.698 f1:  66.123/ 7.890
DEBUG:root:Epoch: 43 Loss: 24.269197463989258 acc:  70.000/ 11.698 f1:  65.891/ 7.954
DEBUG:root:Epoch: 44 Loss: 24.262134552001953 acc:  71.429/ 11.321 f1:  67.199/ 7.525
DEBUG:root:Epoch: 45 Loss: 24.14879608154297 acc:  71.429/ 11.698 f1:  67.199/ 7.712
DEBUG:root:Epoch: 46 Loss: 24.079788208007812 acc:  71.429/ 11.698 f1:  67.199/ 7.688
DEBUG:root:Epoch: 47 Loss: 24.067119598388672 acc:  71.429/ 11.698 f1:  67.199/ 7.688
DEBUG:root:Epoch: 48 Loss: 24.02717399597168 acc:  71.429/ 12.075 f1:  67.199/ 7.961
DEBUG:root:Epoch: 49 Loss: 23.961341857910156 acc:  72.857/ 12.264 f1:  68.609/ 8.098
DEBUG:root:Epoch: 50 Loss: 23.93406867980957 acc:  72.857/ 12.642 f1:  68.609/ 8.657
DEBUG:root:Epoch: 51 Loss: 23.88640594482422 acc:  72.857/ 12.642 f1:  68.609/ 8.632
DEBUG:root:Epoch: 52 Loss: 23.83530044555664 acc:  74.286/ 12.642 f1:  69.962/ 8.632
DEBUG:root:Epoch: 53 Loss: 23.840517044067383 acc:  74.286/ 13.208 f1:  69.962/ 9.169
DEBUG:root:Epoch: 54 Loss: 23.771038055419922 acc:  74.286/ 13.396 f1:  69.962/ 9.455
DEBUG:root:Epoch: 55 Loss: 23.723604202270508 acc:  74.286/ 13.019 f1:  69.962/ 9.124
DEBUG:root:Epoch: 56 Loss: 23.712425231933594 acc:  74.286/ 13.019 f1:  69.962/ 9.123
DEBUG:root:Epoch: 57 Loss: 23.637184143066406 acc:  74.286/ 13.774 f1:  69.962/ 9.910
DEBUG:root:Epoch: 58 Loss: 23.676048278808594 acc:  75.714/ 13.774 f1:  71.283/ 9.906
DEBUG:root:Epoch: 59 Loss: 23.620880126953125 acc:  75.714/ 13.962 f1:  71.283/ 10.024
DEBUG:root:Epoch: 60 Loss: 23.56079864501953 acc:  75.714/ 13.962 f1:  71.283/ 10.019
DEBUG:root:Epoch: 61 Loss: 23.543811798095703 acc:  75.714/ 13.774 f1:  71.283/ 9.972
DEBUG:root:Epoch: 62 Loss: 23.529783248901367 acc:  75.714/ 13.774 f1:  71.283/ 9.972
DEBUG:root:Epoch: 63 Loss: 23.504051208496094 acc:  78.571/ 13.396 f1:  75.588/ 9.833
DEBUG:root:Epoch: 64 Loss: 23.44684410095215 acc:  78.571/ 13.585 f1:  75.588/ 10.181
DEBUG:root:Epoch: 65 Loss: 23.436182022094727 acc:  80.000/ 13.585 f1:  76.972/ 10.180
DEBUG:root:Epoch: 66 Loss: 23.419326782226562 acc:  80.000/ 13.585 f1:  76.972/ 10.185
DEBUG:root:Epoch: 67 Loss: 23.379375457763672 acc:  80.000/ 13.774 f1:  76.972/ 10.493
DEBUG:root:Epoch: 68 Loss: 23.375925064086914 acc:  80.000/ 13.962 f1:  76.972/ 10.636
DEBUG:root:Epoch: 69 Loss: 23.352462768554688 acc:  80.000/ 14.151 f1:  76.972/ 10.902
DEBUG:root:Epoch: 70 Loss: 23.328262329101562 acc:  80.000/ 14.151 f1:  76.972/ 10.906
DEBUG:root:Epoch: 71 Loss: 23.292694091796875 acc:  80.000/ 14.151 f1:  76.972/ 10.878
DEBUG:root:Epoch: 72 Loss: 23.25084114074707 acc:  81.429/ 14.340 f1:  78.332/ 11.079
DEBUG:root:Epoch: 73 Loss: 23.2336368560791 acc:  82.857/ 14.151 f1:  79.764/ 10.992
DEBUG:root:Epoch: 74 Loss: 23.22968864440918 acc:  82.857/ 14.151 f1:  79.764/ 11.080
DEBUG:root:Epoch: 75 Loss: 23.21480941772461 acc:  82.857/ 14.906 f1:  79.764/ 11.889
DEBUG:root:Epoch: 76 Loss: 23.220293045043945 acc:  82.857/ 15.094 f1:  79.764/ 12.166
DEBUG:root:Epoch: 77 Loss: 23.175506591796875 acc:  82.857/ 15.094 f1:  79.764/ 12.154
DEBUG:root:Epoch: 78 Loss: 23.155879974365234 acc:  84.286/ 14.717 f1:  81.101/ 12.024
DEBUG:root:Epoch: 79 Loss: 23.161151885986328 acc:  84.286/ 14.528 f1:  81.101/ 11.651
DEBUG:root:Epoch: 80 Loss: 23.130428314208984 acc:  84.286/ 14.528 f1:  81.101/ 11.742
DEBUG:root:Epoch: 81 Loss: 23.116971969604492 acc:  84.286/ 14.906 f1:  81.101/ 12.171
DEBUG:root:Epoch: 82 Loss: 23.112619400024414 acc:  84.286/ 14.906 f1:  81.101/ 12.161
DEBUG:root:Epoch: 83 Loss: 23.080915451049805 acc:  84.286/ 15.094 f1:  81.101/ 12.395
DEBUG:root:Epoch: 84 Loss: 23.06396484375 acc:  84.286/ 15.660 f1:  81.101/ 12.993
DEBUG:root:Epoch: 85 Loss: 23.06920623779297 acc:  84.286/ 16.415 f1:  81.561/ 13.879
DEBUG:root:Epoch: 86 Loss: 23.020187377929688 acc:  84.286/ 16.415 f1:  81.561/ 13.647
DEBUG:root:Epoch: 87 Loss: 23.01565933227539 acc:  85.714/ 16.604 f1:  83.916/ 13.838
DEBUG:root:Epoch: 88 Loss: 23.015653610229492 acc:  85.714/ 17.170 f1:  83.916/ 14.230
DEBUG:root:Epoch: 89 Loss: 22.993587493896484 acc:  87.143/ 17.547 f1:  86.009/ 14.250
DEBUG:root:Epoch: 90 Loss: 22.98820686340332 acc:  87.143/ 17.547 f1:  86.009/ 14.218
DEBUG:root:Epoch: 91 Loss: 22.99272918701172 acc:  90.000/ 17.925 f1:  89.639/ 14.423
DEBUG:root:Epoch: 92 Loss: 22.973562240600586 acc:  90.000/ 18.302 f1:  89.639/ 14.659
DEBUG:root:Epoch: 93 Loss: 22.964706420898438 acc:  91.429/ 18.679 f1:  91.261/ 14.880
DEBUG:root:Epoch: 94 Loss: 22.933435440063477 acc:  92.857/ 19.057 f1:  92.796/ 15.095
DEBUG:root:Epoch: 95 Loss: 22.931550979614258 acc:  92.857/ 19.623 f1:  92.796/ 15.398
DEBUG:root:Epoch: 96 Loss: 22.934782028198242 acc:  94.286/ 20.755 f1:  94.271/ 15.947
DEBUG:root:Epoch: 97 Loss: 22.892173767089844 acc:  94.286/ 21.132 f1:  94.271/ 16.104
DEBUG:root:Epoch: 98 Loss: 22.89064598083496 acc:  94.286/ 21.887 f1:  94.271/ 16.472
DEBUG:root:Epoch: 99 Loss: 22.884309768676758 acc:  95.714/ 21.887 f1:  95.711/ 16.413
DEBUG:root:Epoch: 100 Loss: 22.88243865966797 acc:  95.714/ 21.887 f1:  95.711/ 16.279
DEBUG:root:Epoch: 101 Loss: 22.853694915771484 acc:  97.143/ 23.019 f1:  97.136/ 16.747
DEBUG:root:Epoch: 102 Loss: 22.839916229248047 acc:  97.143/ 23.019 f1:  97.136/ 16.667
DEBUG:root:Epoch: 103 Loss: 22.856184005737305 acc:  97.143/ 23.396 f1:  97.136/ 16.965
DEBUG:root:Epoch: 104 Loss: 22.83729362487793 acc:  97.143/ 23.585 f1:  97.136/ 16.957
DEBUG:root:Epoch: 105 Loss: 22.827505111694336 acc:  97.143/ 24.151 f1:  97.136/ 17.151
DEBUG:root:Epoch: 106 Loss: 22.820199966430664 acc:  97.143/ 24.340 f1:  97.136/ 17.165
DEBUG:root:Epoch: 107 Loss: 22.8078556060791 acc:  97.143/ 24.717 f1:  97.136/ 17.323
DEBUG:root:Epoch: 108 Loss: 22.799026489257812 acc:  97.143/ 25.094 f1:  97.136/ 17.556
DEBUG:root:Epoch: 109 Loss: 22.795618057250977 acc:  97.143/ 25.283 f1:  97.136/ 17.561
DEBUG:root:Epoch: 110 Loss: 22.783246994018555 acc:  97.143/ 25.094 f1:  97.136/ 17.400
DEBUG:root:Epoch: 111 Loss: 22.75681495666504 acc:  97.143/ 24.906 f1:  97.136/ 17.011
DEBUG:root:Epoch: 112 Loss: 22.762741088867188 acc:  97.143/ 24.906 f1:  97.136/ 16.936
DEBUG:root:Epoch: 113 Loss: 22.743358612060547 acc:  97.143/ 24.906 f1:  97.136/ 16.946
DEBUG:root:Epoch: 114 Loss: 22.759288787841797 acc:  97.143/ 24.906 f1:  97.136/ 16.969
DEBUG:root:Epoch: 115 Loss: 22.746925354003906 acc:  97.143/ 24.717 f1:  97.136/ 16.841
DEBUG:root:Epoch: 116 Loss: 22.740930557250977 acc:  97.143/ 24.717 f1:  97.136/ 17.036
DEBUG:root:Epoch: 117 Loss: 22.717927932739258 acc:  97.143/ 24.340 f1:  97.136/ 16.711
DEBUG:root:Epoch: 118 Loss: 22.73993492126465 acc:  97.143/ 24.528 f1:  97.136/ 16.912
DEBUG:root:Epoch: 119 Loss: 22.70231819152832 acc:  97.143/ 24.340 f1:  97.136/ 16.759
DEBUG:root:Epoch: 120 Loss: 22.69800567626953 acc:  97.143/ 24.151 f1:  97.136/ 16.563
DEBUG:root:Epoch: 121 Loss: 22.691831588745117 acc:  97.143/ 23.962 f1:  97.136/ 16.234
DEBUG:root:Epoch: 122 Loss: 22.690296173095703 acc:  97.143/ 23.774 f1:  97.136/ 16.133
DEBUG:root:Epoch: 123 Loss: 22.684263229370117 acc:  97.143/ 23.396 f1:  97.136/ 15.849
DEBUG:root:Epoch: 124 Loss: 22.680076599121094 acc:  97.143/ 23.396 f1:  97.136/ 15.889
DEBUG:root:Epoch: 125 Loss: 22.672523498535156 acc:  97.143/ 23.208 f1:  97.136/ 15.610
DEBUG:root:Epoch: 126 Loss: 22.66171646118164 acc:  97.143/ 23.019 f1:  97.136/ 15.279
DEBUG:root:Epoch: 127 Loss: 22.643707275390625 acc:  97.143/ 23.019 f1:  97.136/ 15.295
DEBUG:root:Epoch: 128 Loss: 22.64946937561035 acc:  97.143/ 23.019 f1:  97.136/ 15.312
DEBUG:root:Epoch: 129 Loss: 22.642108917236328 acc:  97.143/ 23.019 f1:  97.136/ 15.374
DEBUG:root:Epoch: 130 Loss: 22.63753318786621 acc:  97.143/ 23.019 f1:  97.136/ 15.498
DEBUG:root:Epoch: 131 Loss: 22.639202117919922 acc:  97.143/ 22.453 f1:  97.136/ 14.914
DEBUG:root:Epoch: 132 Loss: 22.63834571838379 acc:  97.143/ 22.453 f1:  97.136/ 14.995
DEBUG:root:Epoch: 133 Loss: 22.62305450439453 acc:  97.143/ 22.264 f1:  97.136/ 14.809
DEBUG:root:Epoch: 134 Loss: 22.617891311645508 acc:  97.143/ 21.887 f1:  97.136/ 14.498
DEBUG:root:Epoch: 135 Loss: 22.615156173706055 acc:  97.143/ 21.509 f1:  97.136/ 14.111
DEBUG:root:Epoch: 136 Loss: 22.61019515991211 acc:  97.143/ 20.943 f1:  97.136/ 13.633
DEBUG:root:Epoch: 137 Loss: 22.59223175048828 acc:  97.143/ 20.943 f1:  97.136/ 13.658
DEBUG:root:Epoch: 138 Loss: 22.6043643951416 acc:  97.143/ 20.566 f1:  97.136/ 13.243
DEBUG:root:Epoch: 139 Loss: 22.585132598876953 acc:  98.571/ 20.566 f1:  98.568/ 13.263
DEBUG:root:Epoch: 140 Loss: 22.58365249633789 acc:  98.571/ 20.566 f1:  98.568/ 13.288
DEBUG:root:Epoch: 141 Loss: 22.583200454711914 acc:  98.571/ 20.566 f1:  98.568/ 13.314
DEBUG:root:Epoch: 142 Loss: 22.582307815551758 acc:  98.571/ 20.377 f1:  98.568/ 13.160
DEBUG:root:Epoch: 143 Loss: 22.576805114746094 acc:  98.571/ 20.377 f1:  98.568/ 13.188
DEBUG:root:Epoch: 144 Loss: 22.5567569732666 acc:  98.571/ 20.000 f1:  98.568/ 12.839
DEBUG:root:Epoch: 145 Loss: 22.55425262451172 acc:  98.571/ 20.000 f1:  98.568/ 12.839
DEBUG:root:Epoch: 146 Loss: 22.549610137939453 acc:  98.571/ 19.811 f1:  98.568/ 12.620
DEBUG:root:Epoch: 147 Loss: 22.550228118896484 acc:  98.571/ 19.811 f1:  98.568/ 12.683
DEBUG:root:Epoch: 148 Loss: 22.54823112487793 acc:  98.571/ 19.811 f1:  98.568/ 12.715
DEBUG:root:Epoch: 149 Loss: 22.5358829498291 acc:  98.571/ 19.811 f1:  98.568/ 12.749
DEBUG:root:Epoch: 150 Loss: 22.54310417175293 acc:  98.571/ 19.811 f1:  98.568/ 12.783
DEBUG:root:Epoch: 151 Loss: 22.537185668945312 acc:  98.571/ 19.811 f1:  98.568/ 12.855
DEBUG:root:Epoch: 152 Loss: 22.534534454345703 acc:  98.571/ 19.623 f1:  98.568/ 12.633
DEBUG:root:Epoch: 153 Loss: 22.525012969970703 acc:  98.571/ 19.434 f1:  98.568/ 12.445
DEBUG:root:Epoch: 154 Loss: 22.514251708984375 acc:  98.571/ 19.434 f1:  98.568/ 12.487
DEBUG:root:Epoch: 155 Loss: 22.51087760925293 acc:  98.571/ 19.434 f1:  98.568/ 12.487
DEBUG:root:Epoch: 156 Loss: 22.511474609375 acc:  98.571/ 19.434 f1:  98.568/ 12.527
DEBUG:root:Epoch: 157 Loss: 22.504316329956055 acc:  98.571/ 19.434 f1:  98.568/ 12.569
DEBUG:root:Epoch: 158 Loss: 22.50142478942871 acc:  98.571/ 19.623 f1:  98.568/ 12.916
DEBUG:root:Epoch: 159 Loss: 22.497880935668945 acc:  98.571/ 19.623 f1:  98.568/ 12.962
DEBUG:root:Epoch: 160 Loss: 22.497285842895508 acc:  98.571/ 19.623 f1:  98.568/ 12.976
DEBUG:root:Epoch: 161 Loss: 22.483427047729492 acc:  98.571/ 19.623 f1:  98.568/ 12.976
DEBUG:root:Epoch: 162 Loss: 22.475902557373047 acc:  98.571/ 19.623 f1:  98.568/ 12.986
DEBUG:root:Epoch: 163 Loss: 22.48086929321289 acc:  98.571/ 19.623 f1:  98.568/ 13.014
DEBUG:root:Epoch: 164 Loss: 22.476299285888672 acc:  98.571/ 19.623 f1:  98.568/ 13.014
DEBUG:root:Epoch: 165 Loss: 22.471710205078125 acc:  98.571/ 19.623 f1:  98.568/ 13.062
DEBUG:root:Epoch: 166 Loss: 22.476957321166992 acc:  98.571/ 19.623 f1:  98.568/ 13.062
DEBUG:root:Epoch: 167 Loss: 22.47023582458496 acc:  98.571/ 19.623 f1:  98.568/ 13.062
DEBUG:root:Epoch: 168 Loss: 22.45301628112793 acc:  98.571/ 19.623 f1:  98.568/ 13.062
DEBUG:root:Epoch: 169 Loss: 22.4553165435791 acc:  98.571/ 19.623 f1:  98.568/ 13.064
DEBUG:root:Epoch: 170 Loss: 22.463272094726562 acc:  98.571/ 19.623 f1:  98.568/ 13.064
DEBUG:root:Epoch: 171 Loss: 22.453269958496094 acc:  98.571/ 19.623 f1:  98.568/ 13.067
DEBUG:root:Epoch: 172 Loss: 22.446197509765625 acc:  98.571/ 19.623 f1:  98.568/ 13.067
DEBUG:root:Epoch: 173 Loss: 22.45203399658203 acc:  98.571/ 19.623 f1:  98.568/ 13.081
DEBUG:root:Epoch: 174 Loss: 22.439128875732422 acc:  98.571/ 19.623 f1:  98.568/ 13.081
DEBUG:root:Epoch: 175 Loss: 22.44292449951172 acc:  98.571/ 19.623 f1:  98.568/ 13.084
DEBUG:root:Epoch: 176 Loss: 22.423397064208984 acc:  98.571/ 19.623 f1:  98.568/ 13.084
DEBUG:root:Epoch: 177 Loss: 22.421552658081055 acc:  98.571/ 19.623 f1:  98.568/ 13.084
DEBUG:root:Epoch: 178 Loss: 22.428312301635742 acc:  98.571/ 19.245 f1:  98.568/ 12.608
DEBUG:root:Epoch: 179 Loss: 22.426897048950195 acc:  98.571/ 19.245 f1:  98.568/ 12.608
DEBUG:root:Epoch: 180 Loss: 22.416336059570312 acc:  98.571/ 19.245 f1:  98.568/ 12.669
DEBUG:root:Epoch: 181 Loss: 22.410884857177734 acc:  98.571/ 19.245 f1:  98.568/ 12.669
DEBUG:root:Epoch: 182 Loss: 22.40741539001465 acc:  98.571/ 19.245 f1:  98.568/ 12.720
DEBUG:root:Epoch: 183 Loss: 22.40403938293457 acc:  98.571/ 19.434 f1:  98.568/ 13.033
DEBUG:root:Epoch: 184 Loss: 22.40375518798828 acc:  98.571/ 19.434 f1:  98.568/ 13.033
DEBUG:root:Epoch: 185 Loss: 22.40355110168457 acc:  98.571/ 19.434 f1:  98.568/ 13.033
DEBUG:root:Epoch: 186 Loss: 22.397506713867188 acc:  98.571/ 19.623 f1:  98.568/ 13.339
DEBUG:root:Epoch: 187 Loss: 22.39828109741211 acc:  98.571/ 19.434 f1:  98.568/ 13.105
DEBUG:root:Epoch: 188 Loss: 22.3889102935791 acc:  98.571/ 19.434 f1:  98.568/ 13.105
DEBUG:root:Epoch: 189 Loss: 22.392419815063477 acc:  98.571/ 19.434 f1:  98.568/ 13.105
DEBUG:root:Epoch: 190 Loss: 22.38284683227539 acc:  98.571/ 19.434 f1:  98.568/ 13.105
DEBUG:root:Epoch: 191 Loss: 22.378755569458008 acc:  98.571/ 19.434 f1:  98.568/ 13.105
DEBUG:root:Epoch: 192 Loss: 22.380434036254883 acc:  98.571/ 19.245 f1:  98.568/ 12.785
DEBUG:root:Epoch: 193 Loss: 22.370010375976562 acc:  98.571/ 19.245 f1:  98.568/ 12.785
DEBUG:root:Epoch: 194 Loss: 22.375873565673828 acc:  98.571/ 19.245 f1:  98.568/ 12.799
DEBUG:root:Epoch: 195 Loss: 22.366851806640625 acc:  98.571/ 19.245 f1:  98.568/ 12.799
DEBUG:root:Epoch: 196 Loss: 22.370830535888672 acc:  98.571/ 19.245 f1:  98.568/ 12.809
DEBUG:root:Epoch: 197 Loss: 22.36830711364746 acc:  98.571/ 19.245 f1:  98.568/ 12.809
DEBUG:root:Epoch: 198 Loss: 22.364585876464844 acc:  98.571/ 19.245 f1:  98.568/ 12.809
DEBUG:root:Epoch: 199 Loss: 22.367433547973633 acc:  98.571/ 19.057 f1:  98.568/ 12.481
INFO:root:Training has finished.
INFO:root:best eval acc is 25.283018824739276 at 109.
INFO:root:test f1 is 21.12488145918397.
INFO:root:test acc is 27.480438154217595.
