INFO:root:Start CPC fine-tuning head for 200 epochs.
INFO:root:Training with gpu: False.
DEBUG:root:Epoch: 0 Loss: 45.637168884277344 acc:  20.000/ 25.050 f1:  9.428/ 12.262
DEBUG:root:Epoch: 1 Loss: 44.9907112121582 acc:  20.000/ 24.850 f1:  9.428/ 12.586
DEBUG:root:Epoch: 2 Loss: 44.27423095703125 acc:  21.429/ 25.251 f1:  10.293/ 13.157
DEBUG:root:Epoch: 3 Loss: 43.66695022583008 acc:  21.429/ 25.050 f1:  10.632/ 13.440
DEBUG:root:Epoch: 4 Loss: 43.019351959228516 acc:  21.429/ 24.449 f1:  11.113/ 13.862
DEBUG:root:Epoch: 5 Loss: 42.495906829833984 acc:  21.429/ 24.449 f1:  13.612/ 14.467
DEBUG:root:Epoch: 6 Loss: 41.874412536621094 acc:  22.857/ 22.846 f1:  15.866/ 14.093
DEBUG:root:Epoch: 7 Loss: 41.28533172607422 acc:  22.857/ 21.844 f1:  17.239/ 14.178
DEBUG:root:Epoch: 8 Loss: 40.612178802490234 acc:  22.857/ 20.441 f1:  17.345/ 13.897
DEBUG:root:Epoch: 9 Loss: 40.033729553222656 acc:  21.429/ 19.639 f1:  17.006/ 14.013
DEBUG:root:Epoch: 10 Loss: 39.35995101928711 acc:  17.143/ 18.236 f1:  14.960/ 13.684
DEBUG:root:Epoch: 11 Loss: 38.689815521240234 acc:  15.714/ 18.437 f1:  14.013/ 14.351
DEBUG:root:Epoch: 12 Loss: 37.93938446044922 acc:  17.143/ 16.834 f1:  16.089/ 13.333
DEBUG:root:Epoch: 13 Loss: 37.31494140625 acc:  15.714/ 16.232 f1:  15.980/ 12.769
DEBUG:root:Epoch: 14 Loss: 36.592594146728516 acc:  11.429/ 16.433 f1:  11.513/ 13.120
DEBUG:root:Epoch: 15 Loss: 35.87079620361328 acc:  11.429/ 16.834 f1:  11.870/ 13.348
DEBUG:root:Epoch: 16 Loss: 35.06462478637695 acc:  11.429/ 17.034 f1:  12.224/ 13.601
DEBUG:root:Epoch: 17 Loss: 34.35694122314453 acc:  12.857/ 17.034 f1:  13.671/ 13.447
DEBUG:root:Epoch: 18 Loss: 33.53045654296875 acc:  12.857/ 16.834 f1:  12.710/ 13.136
DEBUG:root:Epoch: 19 Loss: 32.84894561767578 acc:  12.857/ 17.034 f1:  12.710/ 13.450
DEBUG:root:Epoch: 20 Loss: 32.14346694946289 acc:  15.714/ 16.834 f1:  15.088/ 13.317
DEBUG:root:Epoch: 21 Loss: 31.404401779174805 acc:  20.000/ 16.633 f1:  19.723/ 12.841
DEBUG:root:Epoch: 22 Loss: 30.74539566040039 acc:  20.000/ 15.832 f1:  19.723/ 11.972
DEBUG:root:Epoch: 23 Loss: 30.065258026123047 acc:  20.000/ 15.631 f1:  19.848/ 11.717
DEBUG:root:Epoch: 24 Loss: 29.41030502319336 acc:  22.857/ 15.030 f1:  21.894/ 10.860
DEBUG:root:Epoch: 25 Loss: 28.872827529907227 acc:  22.857/ 15.030 f1:  21.894/ 11.050
DEBUG:root:Epoch: 26 Loss: 28.309814453125 acc:  22.857/ 15.230 f1:  21.894/ 11.230
DEBUG:root:Epoch: 27 Loss: 27.84815216064453 acc:  22.857/ 15.030 f1:  21.894/ 10.958
DEBUG:root:Epoch: 28 Loss: 27.350200653076172 acc:  22.857/ 15.030 f1:  21.894/ 10.870
DEBUG:root:Epoch: 29 Loss: 26.943220138549805 acc:  22.857/ 15.230 f1:  21.894/ 11.253
DEBUG:root:Epoch: 30 Loss: 26.565622329711914 acc:  25.714/ 15.431 f1:  24.574/ 11.387
DEBUG:root:Epoch: 31 Loss: 26.331790924072266 acc:  30.000/ 15.431 f1:  28.718/ 11.395
DEBUG:root:Epoch: 32 Loss: 26.041635513305664 acc:  30.000/ 15.631 f1:  28.718/ 11.841
DEBUG:root:Epoch: 33 Loss: 25.805171966552734 acc:  30.000/ 16.433 f1:  28.718/ 12.512
DEBUG:root:Epoch: 34 Loss: 25.6232967376709 acc:  31.429/ 16.633 f1:  31.842/ 12.769
DEBUG:root:Epoch: 35 Loss: 25.42804718017578 acc:  31.429/ 16.633 f1:  31.842/ 12.718
DEBUG:root:Epoch: 36 Loss: 25.24909210205078 acc:  32.857/ 16.633 f1:  33.725/ 12.891
DEBUG:root:Epoch: 37 Loss: 25.145132064819336 acc:  32.857/ 16.633 f1:  33.725/ 12.957
DEBUG:root:Epoch: 38 Loss: 25.010494232177734 acc:  34.286/ 16.032 f1:  34.724/ 12.435
DEBUG:root:Epoch: 39 Loss: 24.953380584716797 acc:  38.571/ 16.433 f1:  38.977/ 12.849
DEBUG:root:Epoch: 40 Loss: 24.88918685913086 acc:  40.000/ 16.633 f1:  39.852/ 13.150
DEBUG:root:Epoch: 41 Loss: 24.802265167236328 acc:  41.429/ 16.834 f1:  41.500/ 13.223
DEBUG:root:Epoch: 42 Loss: 24.692546844482422 acc:  41.429/ 16.433 f1:  41.500/ 13.020
DEBUG:root:Epoch: 43 Loss: 24.637990951538086 acc:  41.429/ 16.633 f1:  41.500/ 13.342
DEBUG:root:Epoch: 44 Loss: 24.572479248046875 acc:  42.857/ 16.232 f1:  42.514/ 13.098
DEBUG:root:Epoch: 45 Loss: 24.498733520507812 acc:  42.857/ 16.232 f1:  42.514/ 13.124
DEBUG:root:Epoch: 46 Loss: 24.483882904052734 acc:  48.571/ 16.633 f1:  48.467/ 13.836
DEBUG:root:Epoch: 47 Loss: 24.45806121826172 acc:  50.000/ 16.834 f1:  50.728/ 14.169
DEBUG:root:Epoch: 48 Loss: 24.369882583618164 acc:  50.000/ 17.034 f1:  50.728/ 14.283
DEBUG:root:Epoch: 49 Loss: 24.3353271484375 acc:  51.429/ 17.234 f1:  51.983/ 14.822
DEBUG:root:Epoch: 50 Loss: 24.305194854736328 acc:  55.714/ 17.836 f1:  55.359/ 15.604
DEBUG:root:Epoch: 51 Loss: 24.258384704589844 acc:  55.714/ 18.036 f1:  55.359/ 15.792
DEBUG:root:Epoch: 52 Loss: 24.19564437866211 acc:  58.571/ 18.437 f1:  58.999/ 16.525
DEBUG:root:Epoch: 53 Loss: 24.140920639038086 acc:  62.857/ 18.637 f1:  62.865/ 16.817
DEBUG:root:Epoch: 54 Loss: 24.126087188720703 acc:  62.857/ 18.838 f1:  62.408/ 17.125
DEBUG:root:Epoch: 55 Loss: 24.087024688720703 acc:  64.286/ 19.439 f1:  63.610/ 17.831
DEBUG:root:Epoch: 56 Loss: 24.03692054748535 acc:  65.714/ 19.840 f1:  64.702/ 18.313
DEBUG:root:Epoch: 57 Loss: 24.02579689025879 acc:  67.143/ 20.240 f1:  65.703/ 18.672
DEBUG:root:Epoch: 58 Loss: 23.949565887451172 acc:  70.000/ 20.441 f1:  68.301/ 19.023
DEBUG:root:Epoch: 59 Loss: 23.92093276977539 acc:  70.000/ 20.441 f1:  68.301/ 19.065
DEBUG:root:Epoch: 60 Loss: 23.88935089111328 acc:  70.000/ 20.441 f1:  68.301/ 19.193
DEBUG:root:Epoch: 61 Loss: 23.846445083618164 acc:  74.286/ 20.641 f1:  74.724/ 19.620
DEBUG:root:Epoch: 62 Loss: 23.850940704345703 acc:  75.714/ 20.842 f1:  75.885/ 20.073
DEBUG:root:Epoch: 63 Loss: 23.825761795043945 acc:  77.143/ 21.643 f1:  76.941/ 21.152
DEBUG:root:Epoch: 64 Loss: 23.773784637451172 acc:  78.571/ 21.443 f1:  78.031/ 21.052
DEBUG:root:Epoch: 65 Loss: 23.746906280517578 acc:  80.000/ 21.844 f1:  80.133/ 21.574
DEBUG:root:Epoch: 66 Loss: 23.742021560668945 acc:  80.000/ 22.244 f1:  80.133/ 22.055
DEBUG:root:Epoch: 67 Loss: 23.731334686279297 acc:  82.857/ 22.445 f1:  82.715/ 22.437
DEBUG:root:Epoch: 68 Loss: 23.68724250793457 acc:  84.286/ 23.046 f1:  84.592/ 23.152
DEBUG:root:Epoch: 69 Loss: 23.680875778198242 acc:  85.714/ 22.846 f1:  86.281/ 22.922
DEBUG:root:Epoch: 70 Loss: 23.647768020629883 acc:  88.571/ 23.046 f1:  88.954/ 23.130
DEBUG:root:Epoch: 71 Loss: 23.63636589050293 acc:  88.571/ 23.647 f1:  88.684/ 23.917
DEBUG:root:Epoch: 72 Loss: 23.58072853088379 acc:  88.571/ 24.449 f1:  88.684/ 24.854
DEBUG:root:Epoch: 73 Loss: 23.57071304321289 acc:  88.571/ 24.248 f1:  88.511/ 24.641
DEBUG:root:Epoch: 74 Loss: 23.547929763793945 acc:  91.429/ 24.048 f1:  91.297/ 24.306
DEBUG:root:Epoch: 75 Loss: 23.516035079956055 acc:  91.429/ 24.449 f1:  91.297/ 24.608
DEBUG:root:Epoch: 76 Loss: 23.50633430480957 acc:  91.429/ 24.850 f1:  91.297/ 24.956
DEBUG:root:Epoch: 77 Loss: 23.52776527404785 acc:  94.286/ 25.251 f1:  94.312/ 25.389
DEBUG:root:Epoch: 78 Loss: 23.456735610961914 acc:  94.286/ 25.251 f1:  94.312/ 25.422
DEBUG:root:Epoch: 79 Loss: 23.44691276550293 acc:  94.286/ 25.451 f1:  94.250/ 25.601
DEBUG:root:Epoch: 80 Loss: 23.410642623901367 acc:  94.286/ 25.451 f1:  94.250/ 25.542
DEBUG:root:Epoch: 81 Loss: 23.43464469909668 acc:  94.286/ 25.451 f1:  94.250/ 25.625
DEBUG:root:Epoch: 82 Loss: 23.39337158203125 acc:  97.143/ 25.251 f1:  97.136/ 25.240
DEBUG:root:Epoch: 83 Loss: 23.36863899230957 acc:  97.143/ 25.451 f1:  97.136/ 25.410
DEBUG:root:Epoch: 84 Loss: 23.36687660217285 acc:  97.143/ 25.451 f1:  97.136/ 25.338
DEBUG:root:Epoch: 85 Loss: 23.354381561279297 acc:  97.143/ 25.852 f1:  97.136/ 25.559
DEBUG:root:Epoch: 86 Loss: 23.326261520385742 acc:  97.143/ 26.052 f1:  97.136/ 25.713
DEBUG:root:Epoch: 87 Loss: 23.318912506103516 acc:  97.143/ 25.852 f1:  97.136/ 25.287
DEBUG:root:Epoch: 88 Loss: 23.3113956451416 acc:  97.143/ 26.052 f1:  97.136/ 25.486
DEBUG:root:Epoch: 89 Loss: 23.278383255004883 acc:  97.143/ 26.052 f1:  97.136/ 25.477
DEBUG:root:Epoch: 90 Loss: 23.284557342529297 acc:  98.571/ 26.052 f1:  98.568/ 25.486
DEBUG:root:Epoch: 91 Loss: 23.274824142456055 acc:  98.571/ 26.052 f1:  98.568/ 25.356
DEBUG:root:Epoch: 92 Loss: 23.248865127563477 acc:  98.571/ 26.453 f1:  98.568/ 25.598
DEBUG:root:Epoch: 93 Loss: 23.229145050048828 acc:  98.571/ 26.854 f1:  98.568/ 25.951
DEBUG:root:Epoch: 94 Loss: 23.21041488647461 acc:  98.571/ 26.854 f1:  98.568/ 25.951
DEBUG:root:Epoch: 95 Loss: 23.20758819580078 acc:  98.571/ 27.054 f1:  98.568/ 26.139
DEBUG:root:Epoch: 96 Loss: 23.180566787719727 acc:  98.571/ 26.653 f1:  98.568/ 25.530
DEBUG:root:Epoch: 97 Loss: 23.160560607910156 acc:  98.571/ 26.653 f1:  98.568/ 25.530
DEBUG:root:Epoch: 98 Loss: 23.171932220458984 acc:  98.571/ 27.054 f1:  98.568/ 25.883
DEBUG:root:Epoch: 99 Loss: 23.154653549194336 acc:  98.571/ 27.054 f1:  98.568/ 25.866
DEBUG:root:Epoch: 100 Loss: 23.143354415893555 acc:  98.571/ 27.255 f1:  98.568/ 26.109
DEBUG:root:Epoch: 101 Loss: 23.13267707824707 acc:  98.571/ 27.655 f1:  98.568/ 26.521
DEBUG:root:Epoch: 102 Loss: 23.13319206237793 acc:  98.571/ 28.056 f1:  98.568/ 26.826
DEBUG:root:Epoch: 103 Loss: 23.119951248168945 acc:  100.000/ 28.056 f1:  100.000/ 26.803
DEBUG:root:Epoch: 104 Loss: 23.110462188720703 acc:  100.000/ 28.657 f1:  100.000/ 27.265
DEBUG:root:Epoch: 105 Loss: 23.073511123657227 acc:  100.000/ 28.457 f1:  100.000/ 26.890
DEBUG:root:Epoch: 106 Loss: 23.079578399658203 acc:  100.000/ 28.257 f1:  100.000/ 26.515
DEBUG:root:Epoch: 107 Loss: 23.072111129760742 acc:  100.000/ 28.657 f1:  100.000/ 26.842
DEBUG:root:Epoch: 108 Loss: 23.07039451599121 acc:  100.000/ 28.657 f1:  100.000/ 26.810
DEBUG:root:Epoch: 109 Loss: 23.03908920288086 acc:  100.000/ 28.858 f1:  100.000/ 26.733
DEBUG:root:Epoch: 110 Loss: 23.040302276611328 acc:  100.000/ 28.657 f1:  100.000/ 26.578
DEBUG:root:Epoch: 111 Loss: 23.014617919921875 acc:  100.000/ 28.457 f1:  100.000/ 26.422
DEBUG:root:Epoch: 112 Loss: 23.01766586303711 acc:  100.000/ 28.457 f1:  100.000/ 26.425
DEBUG:root:Epoch: 113 Loss: 23.021785736083984 acc:  100.000/ 28.657 f1:  100.000/ 26.603
DEBUG:root:Epoch: 114 Loss: 23.011699676513672 acc:  100.000/ 28.657 f1:  100.000/ 26.603
DEBUG:root:Epoch: 115 Loss: 22.979841232299805 acc:  100.000/ 28.457 f1:  100.000/ 26.435
DEBUG:root:Epoch: 116 Loss: 22.996591567993164 acc:  100.000/ 28.657 f1:  100.000/ 26.601
DEBUG:root:Epoch: 117 Loss: 22.957046508789062 acc:  100.000/ 28.457 f1:  100.000/ 26.428
DEBUG:root:Epoch: 118 Loss: 22.963159561157227 acc:  100.000/ 28.657 f1:  100.000/ 26.593
DEBUG:root:Epoch: 119 Loss: 22.951372146606445 acc:  100.000/ 28.657 f1:  100.000/ 26.573
DEBUG:root:Epoch: 120 Loss: 22.950326919555664 acc:  100.000/ 28.457 f1:  100.000/ 26.153
DEBUG:root:Epoch: 121 Loss: 22.93063735961914 acc:  100.000/ 28.257 f1:  100.000/ 25.714
DEBUG:root:Epoch: 122 Loss: 22.93136978149414 acc:  100.000/ 28.457 f1:  100.000/ 25.927
DEBUG:root:Epoch: 123 Loss: 22.90520477294922 acc:  100.000/ 28.657 f1:  100.000/ 26.067
DEBUG:root:Epoch: 124 Loss: 22.912076950073242 acc:  100.000/ 28.657 f1:  100.000/ 26.041
DEBUG:root:Epoch: 125 Loss: 22.900867462158203 acc:  100.000/ 28.657 f1:  100.000/ 26.041
DEBUG:root:Epoch: 126 Loss: 22.89948081970215 acc:  100.000/ 28.657 f1:  100.000/ 26.029
DEBUG:root:Epoch: 127 Loss: 22.877277374267578 acc:  100.000/ 28.457 f1:  100.000/ 25.738
DEBUG:root:Epoch: 128 Loss: 22.87047576904297 acc:  100.000/ 28.457 f1:  100.000/ 25.736
DEBUG:root:Epoch: 129 Loss: 22.88576889038086 acc:  100.000/ 28.257 f1:  100.000/ 25.326
DEBUG:root:Epoch: 130 Loss: 22.86968994140625 acc:  100.000/ 28.257 f1:  100.000/ 25.318
DEBUG:root:Epoch: 131 Loss: 22.837413787841797 acc:  100.000/ 28.257 f1:  100.000/ 25.295
DEBUG:root:Epoch: 132 Loss: 22.84906768798828 acc:  100.000/ 28.056 f1:  100.000/ 25.138
DEBUG:root:Epoch: 133 Loss: 22.846834182739258 acc:  100.000/ 28.056 f1:  100.000/ 25.094
DEBUG:root:Epoch: 134 Loss: 22.82854652404785 acc:  100.000/ 27.856 f1:  100.000/ 24.610
DEBUG:root:Epoch: 135 Loss: 22.827314376831055 acc:  100.000/ 27.856 f1:  100.000/ 24.610
DEBUG:root:Epoch: 136 Loss: 22.81763458251953 acc:  100.000/ 27.856 f1:  100.000/ 24.610
DEBUG:root:Epoch: 137 Loss: 22.81388282775879 acc:  100.000/ 27.655 f1:  100.000/ 24.391
DEBUG:root:Epoch: 138 Loss: 22.799633026123047 acc:  100.000/ 27.455 f1:  100.000/ 24.101
DEBUG:root:Epoch: 139 Loss: 22.79549789428711 acc:  100.000/ 27.255 f1:  100.000/ 23.928
DEBUG:root:Epoch: 140 Loss: 22.793542861938477 acc:  100.000/ 27.255 f1:  100.000/ 23.895
DEBUG:root:Epoch: 141 Loss: 22.79039764404297 acc:  100.000/ 27.255 f1:  100.000/ 23.844
DEBUG:root:Epoch: 142 Loss: 22.773759841918945 acc:  100.000/ 27.455 f1:  100.000/ 24.014
DEBUG:root:Epoch: 143 Loss: 22.777549743652344 acc:  100.000/ 27.455 f1:  100.000/ 24.014
DEBUG:root:Epoch: 144 Loss: 22.76826286315918 acc:  100.000/ 27.455 f1:  100.000/ 24.014
DEBUG:root:Epoch: 145 Loss: 22.754243850708008 acc:  100.000/ 27.455 f1:  100.000/ 24.014
DEBUG:root:Epoch: 146 Loss: 22.753572463989258 acc:  100.000/ 27.455 f1:  100.000/ 24.014
DEBUG:root:Epoch: 147 Loss: 22.752761840820312 acc:  100.000/ 27.455 f1:  100.000/ 24.021
DEBUG:root:Epoch: 148 Loss: 22.744474411010742 acc:  100.000/ 27.255 f1:  100.000/ 23.863
DEBUG:root:Epoch: 149 Loss: 22.730052947998047 acc:  100.000/ 27.255 f1:  100.000/ 23.795
DEBUG:root:Epoch: 150 Loss: 22.725364685058594 acc:  100.000/ 27.255 f1:  100.000/ 23.795
DEBUG:root:Epoch: 151 Loss: 22.711528778076172 acc:  100.000/ 27.255 f1:  100.000/ 23.795
DEBUG:root:Epoch: 152 Loss: 22.710338592529297 acc:  100.000/ 27.255 f1:  100.000/ 23.795
DEBUG:root:Epoch: 153 Loss: 22.708526611328125 acc:  100.000/ 27.455 f1:  100.000/ 23.925
DEBUG:root:Epoch: 154 Loss: 22.70572280883789 acc:  100.000/ 27.455 f1:  100.000/ 23.904
DEBUG:root:Epoch: 155 Loss: 22.703510284423828 acc:  100.000/ 27.455 f1:  100.000/ 23.895
DEBUG:root:Epoch: 156 Loss: 22.69683074951172 acc:  100.000/ 27.455 f1:  100.000/ 23.895
DEBUG:root:Epoch: 157 Loss: 22.68514060974121 acc:  100.000/ 27.455 f1:  100.000/ 23.904
DEBUG:root:Epoch: 158 Loss: 22.67522430419922 acc:  100.000/ 27.054 f1:  100.000/ 22.949
DEBUG:root:Epoch: 159 Loss: 22.670637130737305 acc:  100.000/ 27.255 f1:  100.000/ 23.167
DEBUG:root:Epoch: 160 Loss: 22.662263870239258 acc:  100.000/ 27.255 f1:  100.000/ 23.166
DEBUG:root:Epoch: 161 Loss: 22.66015625 acc:  100.000/ 26.854 f1:  100.000/ 22.831
DEBUG:root:Epoch: 162 Loss: 22.659027099609375 acc:  100.000/ 26.854 f1:  100.000/ 22.831
DEBUG:root:Epoch: 163 Loss: 22.65093231201172 acc:  100.000/ 26.854 f1:  100.000/ 22.799
DEBUG:root:Epoch: 164 Loss: 22.652271270751953 acc:  100.000/ 26.854 f1:  100.000/ 22.799
DEBUG:root:Epoch: 165 Loss: 22.638216018676758 acc:  100.000/ 27.054 f1:  100.000/ 22.966
DEBUG:root:Epoch: 166 Loss: 22.63740348815918 acc:  100.000/ 27.255 f1:  100.000/ 23.091
DEBUG:root:Epoch: 167 Loss: 22.62581443786621 acc:  100.000/ 27.255 f1:  100.000/ 23.091
DEBUG:root:Epoch: 168 Loss: 22.621522903442383 acc:  100.000/ 27.054 f1:  100.000/ 22.904
DEBUG:root:Epoch: 169 Loss: 22.618452072143555 acc:  100.000/ 27.255 f1:  100.000/ 23.023
DEBUG:root:Epoch: 170 Loss: 22.610971450805664 acc:  100.000/ 27.455 f1:  100.000/ 23.170
DEBUG:root:Epoch: 171 Loss: 22.61724090576172 acc:  100.000/ 27.455 f1:  100.000/ 23.170
DEBUG:root:Epoch: 172 Loss: 22.603395462036133 acc:  100.000/ 27.455 f1:  100.000/ 23.170
DEBUG:root:Epoch: 173 Loss: 22.60849380493164 acc:  100.000/ 27.455 f1:  100.000/ 23.170
DEBUG:root:Epoch: 174 Loss: 22.59934425354004 acc:  100.000/ 27.655 f1:  100.000/ 23.345
DEBUG:root:Epoch: 175 Loss: 22.578767776489258 acc:  100.000/ 27.856 f1:  100.000/ 23.469
DEBUG:root:Epoch: 176 Loss: 22.58956527709961 acc:  100.000/ 27.856 f1:  100.000/ 23.469
DEBUG:root:Epoch: 177 Loss: 22.58075523376465 acc:  100.000/ 27.856 f1:  100.000/ 23.469
DEBUG:root:Epoch: 178 Loss: 22.576570510864258 acc:  100.000/ 27.856 f1:  100.000/ 23.469
DEBUG:root:Epoch: 179 Loss: 22.56975746154785 acc:  100.000/ 27.856 f1:  100.000/ 23.469
DEBUG:root:Epoch: 180 Loss: 22.566320419311523 acc:  100.000/ 27.856 f1:  100.000/ 23.449
DEBUG:root:Epoch: 181 Loss: 22.55486297607422 acc:  100.000/ 28.056 f1:  100.000/ 23.634
DEBUG:root:Epoch: 182 Loss: 22.560617446899414 acc:  100.000/ 28.257 f1:  100.000/ 23.780
DEBUG:root:Epoch: 183 Loss: 22.55094337463379 acc:  100.000/ 28.056 f1:  100.000/ 23.595
DEBUG:root:Epoch: 184 Loss: 22.550458908081055 acc:  100.000/ 28.056 f1:  100.000/ 23.563
DEBUG:root:Epoch: 185 Loss: 22.544401168823242 acc:  100.000/ 28.257 f1:  100.000/ 23.706
DEBUG:root:Epoch: 186 Loss: 22.54825782775879 acc:  100.000/ 28.257 f1:  100.000/ 23.706
DEBUG:root:Epoch: 187 Loss: 22.53044891357422 acc:  100.000/ 28.257 f1:  100.000/ 23.706
DEBUG:root:Epoch: 188 Loss: 22.534683227539062 acc:  100.000/ 28.457 f1:  100.000/ 23.851
DEBUG:root:Epoch: 189 Loss: 22.52703094482422 acc:  100.000/ 28.457 f1:  100.000/ 23.851
DEBUG:root:Epoch: 190 Loss: 22.52608871459961 acc:  100.000/ 28.457 f1:  100.000/ 23.851
DEBUG:root:Epoch: 191 Loss: 22.523359298706055 acc:  100.000/ 28.457 f1:  100.000/ 23.851
DEBUG:root:Epoch: 192 Loss: 22.51758575439453 acc:  100.000/ 28.657 f1:  100.000/ 24.029
DEBUG:root:Epoch: 193 Loss: 22.51342010498047 acc:  100.000/ 28.657 f1:  100.000/ 24.029
DEBUG:root:Epoch: 194 Loss: 22.510677337646484 acc:  100.000/ 28.657 f1:  100.000/ 24.029
DEBUG:root:Epoch: 195 Loss: 22.50518798828125 acc:  100.000/ 28.657 f1:  100.000/ 24.029
DEBUG:root:Epoch: 196 Loss: 22.501373291015625 acc:  100.000/ 28.457 f1:  100.000/ 23.746
DEBUG:root:Epoch: 197 Loss: 22.500898361206055 acc:  100.000/ 28.257 f1:  100.000/ 23.536
DEBUG:root:Epoch: 198 Loss: 22.49334144592285 acc:  100.000/ 28.457 f1:  100.000/ 23.717
DEBUG:root:Epoch: 199 Loss: 22.493513107299805 acc:  100.000/ 28.457 f1:  100.000/ 23.750
INFO:root:Training has finished.
INFO:root:best eval acc is 28.857715220632915 at 109.
INFO:root:test f1 is 26.389167480753446.
INFO:root:test acc is 31.180534695103635.
