INFO:root:Start CPC fine-tuning head for 200 epochs.
INFO:root:Training with gpu: False.
DEBUG:root:Epoch: 0 Loss: 47.17723846435547 acc:  14.286/ 10.414 f1:  10.986/ 7.211
DEBUG:root:Epoch: 1 Loss: 45.971656799316406 acc:  14.286/ 10.123 f1:  10.837/ 7.328
DEBUG:root:Epoch: 2 Loss: 44.9042854309082 acc:  14.286/ 9.929 f1:  10.514/ 7.277
DEBUG:root:Epoch: 3 Loss: 43.869903564453125 acc:  17.143/ 10.834 f1:  14.194/ 8.142
DEBUG:root:Epoch: 4 Loss: 43.06874465942383 acc:  18.571/ 11.190 f1:  16.117/ 8.572
DEBUG:root:Epoch: 5 Loss: 42.27272415161133 acc:  18.571/ 11.675 f1:  15.994/ 8.888
DEBUG:root:Epoch: 6 Loss: 41.34645080566406 acc:  21.429/ 12.257 f1:  18.990/ 9.308
DEBUG:root:Epoch: 7 Loss: 40.66123962402344 acc:  22.857/ 12.549 f1:  19.605/ 9.664
DEBUG:root:Epoch: 8 Loss: 39.787410736083984 acc:  24.286/ 12.872 f1:  21.016/ 9.991
DEBUG:root:Epoch: 9 Loss: 39.071929931640625 acc:  25.714/ 12.969 f1:  21.429/ 10.231
DEBUG:root:Epoch: 10 Loss: 38.215789794921875 acc:  28.571/ 13.389 f1:  22.896/ 10.851
DEBUG:root:Epoch: 11 Loss: 37.434268951416016 acc:  28.571/ 14.230 f1:  22.762/ 11.756
DEBUG:root:Epoch: 12 Loss: 36.7390022277832 acc:  30.000/ 14.974 f1:  23.994/ 12.543
DEBUG:root:Epoch: 13 Loss: 35.89115905761719 acc:  30.000/ 16.041 f1:  25.575/ 13.641
DEBUG:root:Epoch: 14 Loss: 35.1187858581543 acc:  32.857/ 16.624 f1:  28.063/ 14.110
DEBUG:root:Epoch: 15 Loss: 34.4354248046875 acc:  35.714/ 17.432 f1:  31.955/ 14.757
DEBUG:root:Epoch: 16 Loss: 33.72258758544922 acc:  42.857/ 18.047 f1:  38.563/ 15.171
DEBUG:root:Epoch: 17 Loss: 33.07598114013672 acc:  50.000/ 18.887 f1:  44.782/ 15.761
DEBUG:root:Epoch: 18 Loss: 32.53089141845703 acc:  51.429/ 20.084 f1:  45.810/ 16.631
DEBUG:root:Epoch: 19 Loss: 31.870250701904297 acc:  51.429/ 20.699 f1:  45.248/ 16.915
DEBUG:root:Epoch: 20 Loss: 31.376298904418945 acc:  51.429/ 21.151 f1:  45.248/ 17.118
DEBUG:root:Epoch: 21 Loss: 30.797100067138672 acc:  51.429/ 22.025 f1:  45.475/ 17.616
DEBUG:root:Epoch: 22 Loss: 30.303054809570312 acc:  52.857/ 22.865 f1:  45.923/ 18.092
DEBUG:root:Epoch: 23 Loss: 29.81456756591797 acc:  55.714/ 23.512 f1:  48.939/ 18.348
DEBUG:root:Epoch: 24 Loss: 29.288272857666016 acc:  55.714/ 24.321 f1:  47.864/ 18.846
DEBUG:root:Epoch: 25 Loss: 28.878456115722656 acc:  57.143/ 24.903 f1:  49.055/ 19.120
DEBUG:root:Epoch: 26 Loss: 28.42045021057129 acc:  57.143/ 25.582 f1:  49.055/ 19.561
DEBUG:root:Epoch: 27 Loss: 28.065462112426758 acc:  57.143/ 26.003 f1:  47.740/ 19.822
DEBUG:root:Epoch: 28 Loss: 27.730792999267578 acc:  57.143/ 26.423 f1:  47.740/ 20.065
DEBUG:root:Epoch: 29 Loss: 27.354305267333984 acc:  58.571/ 27.038 f1:  49.523/ 20.444
DEBUG:root:Epoch: 30 Loss: 27.093862533569336 acc:  58.571/ 27.684 f1:  49.523/ 20.881
DEBUG:root:Epoch: 31 Loss: 26.882184982299805 acc:  57.143/ 28.105 f1:  48.160/ 21.196
DEBUG:root:Epoch: 32 Loss: 26.58673858642578 acc:  57.143/ 28.364 f1:  48.160/ 21.440
DEBUG:root:Epoch: 33 Loss: 26.375749588012695 acc:  60.000/ 28.784 f1:  50.614/ 21.718
DEBUG:root:Epoch: 34 Loss: 26.16621971130371 acc:  61.429/ 28.784 f1:  52.027/ 21.703
DEBUG:root:Epoch: 35 Loss: 25.926185607910156 acc:  61.429/ 29.010 f1:  52.027/ 21.850
DEBUG:root:Epoch: 36 Loss: 25.79769515991211 acc:  61.429/ 29.334 f1:  52.027/ 22.092
DEBUG:root:Epoch: 37 Loss: 25.613357543945312 acc:  61.429/ 29.592 f1:  52.027/ 22.333
DEBUG:root:Epoch: 38 Loss: 25.386417388916016 acc:  61.429/ 29.948 f1:  52.027/ 22.659
DEBUG:root:Epoch: 39 Loss: 25.239185333251953 acc:  64.286/ 30.110 f1:  54.449/ 22.861
DEBUG:root:Epoch: 40 Loss: 25.202919006347656 acc:  64.286/ 30.110 f1:  54.449/ 22.979
DEBUG:root:Epoch: 41 Loss: 25.102266311645508 acc:  64.286/ 30.401 f1:  54.449/ 23.356
DEBUG:root:Epoch: 42 Loss: 24.967844009399414 acc:  67.143/ 30.563 f1:  58.555/ 23.563
DEBUG:root:Epoch: 43 Loss: 24.86510467529297 acc:  68.571/ 30.886 f1:  60.947/ 24.037
DEBUG:root:Epoch: 44 Loss: 24.752338409423828 acc:  68.571/ 31.177 f1:  60.947/ 24.283
DEBUG:root:Epoch: 45 Loss: 24.73381996154785 acc:  68.571/ 31.533 f1:  61.085/ 24.672
DEBUG:root:Epoch: 46 Loss: 24.64209747314453 acc:  68.571/ 31.792 f1:  60.947/ 24.968
DEBUG:root:Epoch: 47 Loss: 24.548009872436523 acc:  68.571/ 32.018 f1:  60.947/ 25.236
DEBUG:root:Epoch: 48 Loss: 24.501873016357422 acc:  68.571/ 32.180 f1:  60.731/ 25.561
DEBUG:root:Epoch: 49 Loss: 24.36277198791504 acc:  70.000/ 32.503 f1:  62.393/ 25.972
DEBUG:root:Epoch: 50 Loss: 24.38835906982422 acc:  71.429/ 32.827 f1:  63.682/ 26.347
DEBUG:root:Epoch: 51 Loss: 24.306617736816406 acc:  71.429/ 33.085 f1:  63.532/ 26.663
DEBUG:root:Epoch: 52 Loss: 24.311260223388672 acc:  72.857/ 33.085 f1:  65.641/ 26.824
DEBUG:root:Epoch: 53 Loss: 24.20838165283203 acc:  78.571/ 33.182 f1:  72.218/ 27.014
DEBUG:root:Epoch: 54 Loss: 24.154632568359375 acc:  78.571/ 33.215 f1:  72.218/ 27.188
DEBUG:root:Epoch: 55 Loss: 24.122516632080078 acc:  78.571/ 33.279 f1:  72.486/ 27.363
DEBUG:root:Epoch: 56 Loss: 24.08553695678711 acc:  80.000/ 33.409 f1:  73.810/ 27.638
DEBUG:root:Epoch: 57 Loss: 24.044143676757812 acc:  80.000/ 33.473 f1:  73.810/ 27.796
DEBUG:root:Epoch: 58 Loss: 24.041168212890625 acc:  80.000/ 33.344 f1:  73.810/ 27.831
DEBUG:root:Epoch: 59 Loss: 23.96173667907715 acc:  80.000/ 33.279 f1:  73.851/ 27.923
DEBUG:root:Epoch: 60 Loss: 23.964693069458008 acc:  80.000/ 33.538 f1:  73.810/ 28.319
DEBUG:root:Epoch: 61 Loss: 23.91489601135254 acc:  80.000/ 33.603 f1:  73.810/ 28.591
DEBUG:root:Epoch: 62 Loss: 23.907268524169922 acc:  81.429/ 33.473 f1:  75.348/ 28.656
DEBUG:root:Epoch: 63 Loss: 23.865760803222656 acc:  81.429/ 33.473 f1:  75.348/ 28.869
DEBUG:root:Epoch: 64 Loss: 23.838050842285156 acc:  81.429/ 33.409 f1:  75.371/ 28.919
DEBUG:root:Epoch: 65 Loss: 23.825944900512695 acc:  81.429/ 33.538 f1:  75.330/ 29.199
DEBUG:root:Epoch: 66 Loss: 23.755157470703125 acc:  81.429/ 33.765 f1:  75.330/ 29.563
DEBUG:root:Epoch: 67 Loss: 23.794490814208984 acc:  81.429/ 33.926 f1:  75.348/ 29.917
DEBUG:root:Epoch: 68 Loss: 23.711761474609375 acc:  81.429/ 33.959 f1:  75.321/ 30.089
DEBUG:root:Epoch: 69 Loss: 23.718170166015625 acc:  82.857/ 34.120 f1:  76.770/ 30.379
DEBUG:root:Epoch: 70 Loss: 23.677114486694336 acc:  82.857/ 34.250 f1:  76.797/ 30.587
DEBUG:root:Epoch: 71 Loss: 23.63664436340332 acc:  82.857/ 34.347 f1:  76.797/ 30.739
DEBUG:root:Epoch: 72 Loss: 23.59899139404297 acc:  84.286/ 34.282 f1:  78.219/ 30.825
DEBUG:root:Epoch: 73 Loss: 23.572433471679688 acc:  84.286/ 34.411 f1:  78.219/ 31.097
DEBUG:root:Epoch: 74 Loss: 23.52813148498535 acc:  84.286/ 34.476 f1:  78.219/ 31.346
DEBUG:root:Epoch: 75 Loss: 23.577678680419922 acc:  85.714/ 34.508 f1:  79.633/ 31.423
DEBUG:root:Epoch: 76 Loss: 23.531503677368164 acc:  85.714/ 34.605 f1:  79.592/ 31.670
DEBUG:root:Epoch: 77 Loss: 23.514394760131836 acc:  85.714/ 34.541 f1:  79.592/ 31.725
DEBUG:root:Epoch: 78 Loss: 23.492170333862305 acc:  85.714/ 34.411 f1:  79.633/ 31.748
DEBUG:root:Epoch: 79 Loss: 23.481929779052734 acc:  85.714/ 34.605 f1:  79.633/ 32.099
DEBUG:root:Epoch: 80 Loss: 23.429771423339844 acc:  85.714/ 34.670 f1:  79.592/ 32.238
DEBUG:root:Epoch: 81 Loss: 23.411090850830078 acc:  85.714/ 34.735 f1:  79.592/ 32.374
DEBUG:root:Epoch: 82 Loss: 23.451255798339844 acc:  85.714/ 34.897 f1:  79.592/ 32.563
DEBUG:root:Epoch: 83 Loss: 23.423503875732422 acc:  85.714/ 35.220 f1:  79.592/ 32.985
DEBUG:root:Epoch: 84 Loss: 23.381359100341797 acc:  85.714/ 35.188 f1:  79.796/ 33.044
DEBUG:root:Epoch: 85 Loss: 23.35638999938965 acc:  85.714/ 35.317 f1:  79.796/ 33.261
DEBUG:root:Epoch: 86 Loss: 23.372314453125 acc:  85.714/ 35.446 f1:  79.796/ 33.450
DEBUG:root:Epoch: 87 Loss: 23.372356414794922 acc:  85.714/ 35.446 f1:  79.874/ 33.470
DEBUG:root:Epoch: 88 Loss: 23.34122085571289 acc:  85.714/ 35.640 f1:  79.796/ 33.781
DEBUG:root:Epoch: 89 Loss: 23.31931495666504 acc:  85.714/ 35.737 f1:  79.796/ 33.918
DEBUG:root:Epoch: 90 Loss: 23.293092727661133 acc:  85.714/ 35.834 f1:  79.796/ 34.061
DEBUG:root:Epoch: 91 Loss: 23.317459106445312 acc:  85.714/ 35.899 f1:  79.796/ 34.179
DEBUG:root:Epoch: 92 Loss: 23.297895431518555 acc:  85.714/ 36.093 f1:  79.796/ 34.409
DEBUG:root:Epoch: 93 Loss: 23.28692054748535 acc:  85.714/ 36.158 f1:  79.796/ 34.483
DEBUG:root:Epoch: 94 Loss: 23.284677505493164 acc:  87.143/ 36.320 f1:  83.074/ 34.632
DEBUG:root:Epoch: 95 Loss: 23.243879318237305 acc:  87.143/ 36.514 f1:  83.074/ 34.852
DEBUG:root:Epoch: 96 Loss: 23.235889434814453 acc:  87.143/ 36.675 f1:  83.074/ 35.064
DEBUG:root:Epoch: 97 Loss: 23.215795516967773 acc:  87.143/ 36.740 f1:  83.074/ 35.153
DEBUG:root:Epoch: 98 Loss: 23.240991592407227 acc:  87.143/ 36.869 f1:  83.074/ 35.311
DEBUG:root:Epoch: 99 Loss: 23.209861755371094 acc:  87.143/ 37.063 f1:  83.152/ 35.551
DEBUG:root:Epoch: 100 Loss: 23.203306198120117 acc:  87.143/ 37.128 f1:  83.074/ 35.685
DEBUG:root:Epoch: 101 Loss: 23.18271827697754 acc:  87.143/ 37.354 f1:  83.074/ 35.942
DEBUG:root:Epoch: 102 Loss: 23.157455444335938 acc:  87.143/ 37.484 f1:  83.074/ 36.151
DEBUG:root:Epoch: 103 Loss: 23.160585403442383 acc:  87.143/ 37.646 f1:  83.074/ 36.377
DEBUG:root:Epoch: 104 Loss: 23.163654327392578 acc:  87.143/ 37.904 f1:  83.074/ 36.780
DEBUG:root:Epoch: 105 Loss: 23.149831771850586 acc:  87.143/ 38.001 f1:  83.074/ 36.903
DEBUG:root:Epoch: 106 Loss: 23.15688705444336 acc:  87.143/ 38.098 f1:  83.074/ 37.027
DEBUG:root:Epoch: 107 Loss: 23.13658332824707 acc:  87.143/ 38.260 f1:  83.074/ 37.249
DEBUG:root:Epoch: 108 Loss: 23.09146499633789 acc:  87.143/ 38.454 f1:  83.074/ 37.469
DEBUG:root:Epoch: 109 Loss: 23.085983276367188 acc:  87.143/ 38.648 f1:  83.152/ 37.688
DEBUG:root:Epoch: 110 Loss: 23.1487979888916 acc:  87.143/ 38.842 f1:  83.152/ 37.925
DEBUG:root:Epoch: 111 Loss: 23.13178062438965 acc:  87.143/ 39.036 f1:  83.074/ 38.223
DEBUG:root:Epoch: 112 Loss: 23.10385513305664 acc:  87.143/ 39.263 f1:  83.152/ 38.521
DEBUG:root:Epoch: 113 Loss: 23.082786560058594 acc:  87.143/ 39.327 f1:  83.152/ 38.580
DEBUG:root:Epoch: 114 Loss: 23.09958267211914 acc:  87.143/ 39.618 f1:  83.152/ 38.979
DEBUG:root:Epoch: 115 Loss: 23.082473754882812 acc:  87.143/ 39.877 f1:  83.074/ 39.343
DEBUG:root:Epoch: 116 Loss: 23.112579345703125 acc:  87.143/ 40.039 f1:  83.074/ 39.496
DEBUG:root:Epoch: 117 Loss: 23.042686462402344 acc:  87.143/ 40.201 f1:  83.152/ 39.705
DEBUG:root:Epoch: 118 Loss: 23.082468032836914 acc:  87.143/ 40.362 f1:  83.152/ 39.891
DEBUG:root:Epoch: 119 Loss: 23.017105102539062 acc:  87.143/ 40.783 f1:  83.152/ 40.360
DEBUG:root:Epoch: 120 Loss: 23.038673400878906 acc:  87.143/ 40.815 f1:  83.074/ 40.404
DEBUG:root:Epoch: 121 Loss: 23.048316955566406 acc:  87.143/ 40.944 f1:  83.074/ 40.555
DEBUG:root:Epoch: 122 Loss: 22.995792388916016 acc:  87.143/ 41.074 f1:  83.152/ 40.735
DEBUG:root:Epoch: 123 Loss: 23.024213790893555 acc:  87.143/ 41.138 f1:  83.074/ 40.815
DEBUG:root:Epoch: 124 Loss: 23.034326553344727 acc:  87.143/ 41.203 f1:  83.074/ 40.885
DEBUG:root:Epoch: 125 Loss: 23.019182205200195 acc:  87.143/ 41.332 f1:  83.152/ 41.021
DEBUG:root:Epoch: 126 Loss: 22.986709594726562 acc:  87.143/ 41.559 f1:  83.152/ 41.279
DEBUG:root:Epoch: 127 Loss: 22.969757080078125 acc:  87.143/ 41.785 f1:  83.152/ 41.524
DEBUG:root:Epoch: 128 Loss: 22.965940475463867 acc:  87.143/ 42.044 f1:  83.152/ 41.790
DEBUG:root:Epoch: 129 Loss: 22.96707534790039 acc:  87.143/ 42.206 f1:  83.152/ 41.969
DEBUG:root:Epoch: 130 Loss: 22.989408493041992 acc:  87.143/ 42.270 f1:  83.152/ 42.013
DEBUG:root:Epoch: 131 Loss: 23.004873275756836 acc:  87.143/ 42.238 f1:  83.152/ 42.002
DEBUG:root:Epoch: 132 Loss: 22.982620239257812 acc:  87.143/ 42.497 f1:  83.152/ 42.278
DEBUG:root:Epoch: 133 Loss: 22.9692325592041 acc:  87.143/ 42.626 f1:  83.152/ 42.455
DEBUG:root:Epoch: 134 Loss: 22.99005889892578 acc:  87.143/ 42.626 f1:  83.152/ 42.450
DEBUG:root:Epoch: 135 Loss: 22.976503372192383 acc:  87.143/ 42.658 f1:  83.152/ 42.463
DEBUG:root:Epoch: 136 Loss: 22.938562393188477 acc:  87.143/ 42.594 f1:  83.152/ 42.399
DEBUG:root:Epoch: 137 Loss: 22.948083877563477 acc:  87.143/ 42.626 f1:  83.152/ 42.429
DEBUG:root:Epoch: 138 Loss: 22.954011917114258 acc:  87.143/ 42.820 f1:  83.152/ 42.621
DEBUG:root:Epoch: 139 Loss: 22.9191951751709 acc:  87.143/ 43.014 f1:  83.152/ 42.772
DEBUG:root:Epoch: 140 Loss: 22.981616973876953 acc:  87.143/ 43.208 f1:  83.152/ 42.951
DEBUG:root:Epoch: 141 Loss: 22.957035064697266 acc:  87.143/ 43.338 f1:  83.152/ 43.026
DEBUG:root:Epoch: 142 Loss: 22.941959381103516 acc:  87.143/ 43.467 f1:  83.152/ 43.190
DEBUG:root:Epoch: 143 Loss: 22.912996292114258 acc:  88.571/ 43.564 f1:  85.756/ 43.292
DEBUG:root:Epoch: 144 Loss: 22.916492462158203 acc:  88.571/ 43.693 f1:  85.756/ 43.407
DEBUG:root:Epoch: 145 Loss: 22.89899253845215 acc:  88.571/ 43.758 f1:  85.756/ 43.403
DEBUG:root:Epoch: 146 Loss: 22.907249450683594 acc:  90.000/ 43.920 f1:  88.152/ 43.562
DEBUG:root:Epoch: 147 Loss: 22.924034118652344 acc:  90.000/ 43.920 f1:  88.152/ 43.537
DEBUG:root:Epoch: 148 Loss: 22.91520881652832 acc:  90.000/ 44.179 f1:  88.152/ 43.767
DEBUG:root:Epoch: 149 Loss: 22.886140823364258 acc:  90.000/ 44.276 f1:  88.152/ 43.788
DEBUG:root:Epoch: 150 Loss: 22.895366668701172 acc:  91.429/ 44.276 f1:  90.198/ 43.779
DEBUG:root:Epoch: 151 Loss: 22.89340591430664 acc:  90.000/ 44.405 f1:  88.152/ 43.878
DEBUG:root:Epoch: 152 Loss: 22.888134002685547 acc:  91.429/ 44.437 f1:  90.198/ 43.917
DEBUG:root:Epoch: 153 Loss: 22.875511169433594 acc:  91.429/ 44.340 f1:  90.198/ 43.742
DEBUG:root:Epoch: 154 Loss: 22.919479370117188 acc:  92.857/ 44.470 f1:  92.076/ 43.835
DEBUG:root:Epoch: 155 Loss: 22.90744400024414 acc:  94.286/ 44.599 f1:  93.831/ 43.951
DEBUG:root:Epoch: 156 Loss: 22.924484252929688 acc:  92.857/ 44.793 f1:  92.076/ 44.074
DEBUG:root:Epoch: 157 Loss: 22.893470764160156 acc:  94.286/ 44.858 f1:  93.831/ 44.106
DEBUG:root:Epoch: 158 Loss: 22.920021057128906 acc:  95.714/ 44.858 f1:  95.500/ 44.007
DEBUG:root:Epoch: 159 Loss: 22.86705207824707 acc:  95.714/ 44.987 f1:  95.500/ 44.157
DEBUG:root:Epoch: 160 Loss: 22.862520217895508 acc:  97.143/ 45.052 f1:  97.114/ 44.213
DEBUG:root:Epoch: 161 Loss: 22.863658905029297 acc:  97.143/ 44.922 f1:  97.114/ 44.032
DEBUG:root:Epoch: 162 Loss: 22.884645462036133 acc:  97.143/ 44.858 f1:  97.114/ 43.915
DEBUG:root:Epoch: 163 Loss: 22.882680892944336 acc:  97.143/ 44.955 f1:  97.114/ 43.951
DEBUG:root:Epoch: 164 Loss: 22.83445167541504 acc:  97.143/ 45.213 f1:  97.114/ 44.109
DEBUG:root:Epoch: 165 Loss: 22.847326278686523 acc:  97.143/ 45.408 f1:  97.114/ 44.235
DEBUG:root:Epoch: 166 Loss: 22.88991355895996 acc:  98.571/ 45.408 f1:  98.568/ 44.147
DEBUG:root:Epoch: 167 Loss: 22.87689971923828 acc:  98.571/ 45.472 f1:  98.568/ 44.121
DEBUG:root:Epoch: 168 Loss: 22.874942779541016 acc:  98.571/ 45.472 f1:  98.568/ 44.113
DEBUG:root:Epoch: 169 Loss: 22.848087310791016 acc:  98.571/ 45.472 f1:  98.568/ 44.033
DEBUG:root:Epoch: 170 Loss: 22.83637809753418 acc:  98.571/ 45.408 f1:  98.568/ 43.869
DEBUG:root:Epoch: 171 Loss: 22.870542526245117 acc:  100.000/ 45.505 f1:  100.000/ 43.872
DEBUG:root:Epoch: 172 Loss: 22.87144660949707 acc:  100.000/ 45.569 f1:  100.000/ 43.893
DEBUG:root:Epoch: 173 Loss: 22.874052047729492 acc:  100.000/ 45.569 f1:  100.000/ 43.873
DEBUG:root:Epoch: 174 Loss: 22.831804275512695 acc:  100.000/ 45.602 f1:  100.000/ 43.856
DEBUG:root:Epoch: 175 Loss: 22.8941650390625 acc:  100.000/ 45.537 f1:  100.000/ 43.744
DEBUG:root:Epoch: 176 Loss: 22.832595825195312 acc:  100.000/ 45.569 f1:  100.000/ 43.746
DEBUG:root:Epoch: 177 Loss: 22.826629638671875 acc:  100.000/ 45.537 f1:  100.000/ 43.669
DEBUG:root:Epoch: 178 Loss: 22.852264404296875 acc:  100.000/ 45.343 f1:  100.000/ 43.452
DEBUG:root:Epoch: 179 Loss: 22.847116470336914 acc:  100.000/ 45.408 f1:  100.000/ 43.446
DEBUG:root:Epoch: 180 Loss: 22.86528778076172 acc:  100.000/ 45.343 f1:  100.000/ 43.251
DEBUG:root:Epoch: 181 Loss: 22.829326629638672 acc:  100.000/ 45.440 f1:  100.000/ 43.336
DEBUG:root:Epoch: 182 Loss: 22.843063354492188 acc:  100.000/ 45.666 f1:  100.000/ 43.487
DEBUG:root:Epoch: 183 Loss: 22.86321258544922 acc:  100.000/ 45.666 f1:  100.000/ 43.467
DEBUG:root:Epoch: 184 Loss: 22.82221794128418 acc:  100.000/ 45.666 f1:  100.000/ 43.459
DEBUG:root:Epoch: 185 Loss: 22.789705276489258 acc:  100.000/ 45.537 f1:  100.000/ 43.312
DEBUG:root:Epoch: 186 Loss: 22.832420349121094 acc:  100.000/ 45.569 f1:  100.000/ 43.308
DEBUG:root:Epoch: 187 Loss: 22.823406219482422 acc:  100.000/ 45.699 f1:  100.000/ 43.392
DEBUG:root:Epoch: 188 Loss: 22.831953048706055 acc:  100.000/ 45.569 f1:  100.000/ 43.239
DEBUG:root:Epoch: 189 Loss: 22.81877326965332 acc:  100.000/ 45.537 f1:  100.000/ 43.144
DEBUG:root:Epoch: 190 Loss: 22.816410064697266 acc:  100.000/ 45.408 f1:  100.000/ 42.973
DEBUG:root:Epoch: 191 Loss: 22.819351196289062 acc:  100.000/ 45.310 f1:  100.000/ 42.874
DEBUG:root:Epoch: 192 Loss: 22.83205223083496 acc:  100.000/ 45.343 f1:  100.000/ 42.887
DEBUG:root:Epoch: 193 Loss: 22.77523422241211 acc:  100.000/ 45.505 f1:  100.000/ 43.032
DEBUG:root:Epoch: 194 Loss: 22.81838607788086 acc:  100.000/ 45.602 f1:  100.000/ 43.058
DEBUG:root:Epoch: 195 Loss: 22.765920639038086 acc:  100.000/ 45.666 f1:  100.000/ 43.094
DEBUG:root:Epoch: 196 Loss: 22.81640625 acc:  100.000/ 45.602 f1:  100.000/ 42.961
DEBUG:root:Epoch: 197 Loss: 22.792892456054688 acc:  100.000/ 45.569 f1:  100.000/ 42.879
DEBUG:root:Epoch: 198 Loss: 22.793514251708984 acc:  100.000/ 45.602 f1:  100.000/ 42.896
DEBUG:root:Epoch: 199 Loss: 22.76860237121582 acc:  100.000/ 45.666 f1:  100.000/ 42.917
INFO:root:Training has finished.
INFO:root:best eval acc is 45.698576972833116 at 187.
INFO:root:test f1 is 39.122598153348875.
INFO:root:test acc is 42.83364659742006.
