INFO:root:Start CPC fine-tuning head for 200 epochs.
INFO:root:Training with gpu: False.
DEBUG:root:Epoch: 0 Loss: 43.51470947265625 acc:  15.714/ 14.098 f1:  12.075/ 8.768
DEBUG:root:Epoch: 1 Loss: 42.487709045410156 acc:  15.714/ 14.536 f1:  12.075/ 9.653
DEBUG:root:Epoch: 2 Loss: 41.61122512817383 acc:  15.714/ 14.599 f1:  12.075/ 10.134
DEBUG:root:Epoch: 3 Loss: 40.71792984008789 acc:  17.143/ 15.069 f1:  13.439/ 10.894
DEBUG:root:Epoch: 4 Loss: 39.912498474121094 acc:  18.571/ 15.476 f1:  14.939/ 11.274
DEBUG:root:Epoch: 5 Loss: 39.32047653198242 acc:  21.429/ 15.602 f1:  17.008/ 11.559
DEBUG:root:Epoch: 6 Loss: 38.485321044921875 acc:  22.857/ 15.821 f1:  18.826/ 11.865
DEBUG:root:Epoch: 7 Loss: 37.77796936035156 acc:  24.286/ 15.915 f1:  21.736/ 12.145
DEBUG:root:Epoch: 8 Loss: 37.06349182128906 acc:  27.143/ 16.165 f1:  24.420/ 12.646
DEBUG:root:Epoch: 9 Loss: 36.446571350097656 acc:  22.857/ 16.635 f1:  20.936/ 13.257
DEBUG:root:Epoch: 10 Loss: 35.737770080566406 acc:  24.286/ 16.855 f1:  21.838/ 13.680
DEBUG:root:Epoch: 11 Loss: 35.11777114868164 acc:  24.286/ 17.043 f1:  21.477/ 14.217
DEBUG:root:Epoch: 12 Loss: 34.48925018310547 acc:  24.286/ 17.575 f1:  21.477/ 15.149
DEBUG:root:Epoch: 13 Loss: 33.92351150512695 acc:  27.143/ 17.732 f1:  23.404/ 15.500
DEBUG:root:Epoch: 14 Loss: 33.275001525878906 acc:  27.143/ 18.014 f1:  23.404/ 16.045
DEBUG:root:Epoch: 15 Loss: 32.71011734008789 acc:  28.571/ 18.797 f1:  24.452/ 16.911
DEBUG:root:Epoch: 16 Loss: 32.1900520324707 acc:  34.286/ 19.079 f1:  29.130/ 17.307
DEBUG:root:Epoch: 17 Loss: 31.62468719482422 acc:  35.714/ 19.518 f1:  29.861/ 17.756
DEBUG:root:Epoch: 18 Loss: 31.056882858276367 acc:  35.714/ 20.081 f1:  29.728/ 18.298
DEBUG:root:Epoch: 19 Loss: 30.63085174560547 acc:  38.571/ 20.457 f1:  31.707/ 18.701
DEBUG:root:Epoch: 20 Loss: 30.089702606201172 acc:  38.571/ 20.865 f1:  31.516/ 19.123
DEBUG:root:Epoch: 21 Loss: 29.596298217773438 acc:  37.143/ 21.460 f1:  30.238/ 19.668
DEBUG:root:Epoch: 22 Loss: 29.18169403076172 acc:  40.000/ 22.494 f1:  31.822/ 20.419
DEBUG:root:Epoch: 23 Loss: 28.80379867553711 acc:  41.429/ 22.964 f1:  32.529/ 20.786
DEBUG:root:Epoch: 24 Loss: 28.373172760009766 acc:  41.429/ 23.214 f1:  32.148/ 20.969
DEBUG:root:Epoch: 25 Loss: 27.969837188720703 acc:  44.286/ 23.747 f1:  35.360/ 21.424
DEBUG:root:Epoch: 26 Loss: 27.57827377319336 acc:  44.286/ 24.373 f1:  35.360/ 21.990
DEBUG:root:Epoch: 27 Loss: 27.289226531982422 acc:  45.714/ 24.812 f1:  36.692/ 22.395
DEBUG:root:Epoch: 28 Loss: 26.947044372558594 acc:  47.143/ 25.188 f1:  37.860/ 22.640
DEBUG:root:Epoch: 29 Loss: 26.65228271484375 acc:  48.571/ 25.689 f1:  40.170/ 23.157
DEBUG:root:Epoch: 30 Loss: 26.422012329101562 acc:  48.571/ 26.316 f1:  40.170/ 23.693
DEBUG:root:Epoch: 31 Loss: 26.279251098632812 acc:  50.000/ 26.535 f1:  42.767/ 23.833
DEBUG:root:Epoch: 32 Loss: 26.059555053710938 acc:  51.429/ 27.036 f1:  45.104/ 24.289
DEBUG:root:Epoch: 33 Loss: 25.798498153686523 acc:  54.286/ 27.632 f1:  47.586/ 24.888
DEBUG:root:Epoch: 34 Loss: 25.635406494140625 acc:  57.143/ 28.227 f1:  52.312/ 25.406
DEBUG:root:Epoch: 35 Loss: 25.4755859375 acc:  58.571/ 29.104 f1:  53.881/ 26.176
DEBUG:root:Epoch: 36 Loss: 25.353992462158203 acc:  58.571/ 29.292 f1:  53.881/ 26.472
DEBUG:root:Epoch: 37 Loss: 25.220598220825195 acc:  61.429/ 29.762 f1:  57.343/ 27.054
DEBUG:root:Epoch: 38 Loss: 25.06977653503418 acc:  61.429/ 30.294 f1:  57.343/ 27.502
DEBUG:root:Epoch: 39 Loss: 25.002849578857422 acc:  64.286/ 30.858 f1:  60.015/ 28.174
DEBUG:root:Epoch: 40 Loss: 24.927366256713867 acc:  64.286/ 31.297 f1:  59.818/ 28.771
DEBUG:root:Epoch: 41 Loss: 24.790756225585938 acc:  64.286/ 31.798 f1:  59.818/ 29.252
DEBUG:root:Epoch: 42 Loss: 24.735015869140625 acc:  67.143/ 32.425 f1:  64.642/ 30.033
DEBUG:root:Epoch: 43 Loss: 24.65518569946289 acc:  70.000/ 32.644 f1:  67.623/ 30.489
DEBUG:root:Epoch: 44 Loss: 24.519296646118164 acc:  71.429/ 32.895 f1:  69.566/ 30.808
DEBUG:root:Epoch: 45 Loss: 24.464981079101562 acc:  74.286/ 33.302 f1:  72.698/ 31.414
DEBUG:root:Epoch: 46 Loss: 24.428791046142578 acc:  77.143/ 33.897 f1:  76.238/ 32.190
DEBUG:root:Epoch: 47 Loss: 24.369070053100586 acc:  78.571/ 33.991 f1:  77.733/ 32.437
DEBUG:root:Epoch: 48 Loss: 24.286291122436523 acc:  78.571/ 34.179 f1:  77.733/ 32.785
DEBUG:root:Epoch: 49 Loss: 24.22635269165039 acc:  82.857/ 34.492 f1:  82.436/ 33.331
DEBUG:root:Epoch: 50 Loss: 24.260719299316406 acc:  87.143/ 34.211 f1:  86.821/ 33.194
DEBUG:root:Epoch: 51 Loss: 24.15541648864746 acc:  90.000/ 34.524 f1:  89.613/ 33.675
DEBUG:root:Epoch: 52 Loss: 24.131940841674805 acc:  90.000/ 34.618 f1:  89.613/ 33.910
DEBUG:root:Epoch: 53 Loss: 24.039417266845703 acc:  90.000/ 34.586 f1:  89.613/ 33.963
DEBUG:root:Epoch: 54 Loss: 24.03215980529785 acc:  91.429/ 34.743 f1:  91.028/ 34.188
DEBUG:root:Epoch: 55 Loss: 24.023483276367188 acc:  92.857/ 34.555 f1:  92.453/ 34.070
DEBUG:root:Epoch: 56 Loss: 23.932655334472656 acc:  92.857/ 34.868 f1:  92.453/ 34.491
DEBUG:root:Epoch: 57 Loss: 23.90770149230957 acc:  92.857/ 35.025 f1:  92.453/ 34.684
DEBUG:root:Epoch: 58 Loss: 23.852344512939453 acc:  94.286/ 35.119 f1:  93.885/ 34.847
DEBUG:root:Epoch: 59 Loss: 23.868947982788086 acc:  94.286/ 35.307 f1:  93.885/ 35.190
DEBUG:root:Epoch: 60 Loss: 23.796630859375 acc:  94.286/ 35.150 f1:  93.885/ 35.169
DEBUG:root:Epoch: 61 Loss: 23.78896713256836 acc:  94.286/ 35.182 f1:  93.885/ 35.227
DEBUG:root:Epoch: 62 Loss: 23.815448760986328 acc:  94.286/ 35.370 f1:  93.885/ 35.544
DEBUG:root:Epoch: 63 Loss: 23.7159481048584 acc:  94.286/ 35.464 f1:  93.885/ 35.687
DEBUG:root:Epoch: 64 Loss: 23.722639083862305 acc:  95.714/ 35.871 f1:  95.500/ 36.178
DEBUG:root:Epoch: 65 Loss: 23.645130157470703 acc:  95.714/ 36.090 f1:  95.500/ 36.451
DEBUG:root:Epoch: 66 Loss: 23.685070037841797 acc:  97.143/ 36.247 f1:  97.114/ 36.629
DEBUG:root:Epoch: 67 Loss: 23.61052894592285 acc:  97.143/ 36.497 f1:  97.114/ 37.015
DEBUG:root:Epoch: 68 Loss: 23.60490608215332 acc:  97.143/ 36.873 f1:  97.114/ 37.462
DEBUG:root:Epoch: 69 Loss: 23.537744522094727 acc:  97.143/ 37.124 f1:  97.114/ 37.724
DEBUG:root:Epoch: 70 Loss: 23.526796340942383 acc:  97.143/ 37.343 f1:  97.114/ 38.064
DEBUG:root:Epoch: 71 Loss: 23.47580337524414 acc:  97.143/ 37.437 f1:  97.114/ 38.249
DEBUG:root:Epoch: 72 Loss: 23.499277114868164 acc:  97.143/ 37.625 f1:  97.114/ 38.503
DEBUG:root:Epoch: 73 Loss: 23.48324203491211 acc:  97.143/ 37.751 f1:  97.114/ 38.679
DEBUG:root:Epoch: 74 Loss: 23.41682243347168 acc:  97.143/ 38.189 f1:  97.114/ 39.199
DEBUG:root:Epoch: 75 Loss: 23.45802116394043 acc:  97.143/ 38.628 f1:  97.114/ 39.690
DEBUG:root:Epoch: 76 Loss: 23.433467864990234 acc:  97.143/ 39.004 f1:  97.114/ 40.079
DEBUG:root:Epoch: 77 Loss: 23.396345138549805 acc:  100.000/ 39.505 f1:  100.000/ 40.590
DEBUG:root:Epoch: 78 Loss: 23.369129180908203 acc:  100.000/ 39.787 f1:  100.000/ 40.860
DEBUG:root:Epoch: 79 Loss: 23.35422706604004 acc:  100.000/ 40.132 f1:  100.000/ 41.219
DEBUG:root:Epoch: 80 Loss: 23.357479095458984 acc:  100.000/ 40.664 f1:  100.000/ 41.781
DEBUG:root:Epoch: 81 Loss: 23.290374755859375 acc:  100.000/ 40.789 f1:  100.000/ 41.900
DEBUG:root:Epoch: 82 Loss: 23.30535125732422 acc:  100.000/ 41.103 f1:  100.000/ 42.184
DEBUG:root:Epoch: 83 Loss: 23.322256088256836 acc:  100.000/ 41.291 f1:  100.000/ 42.326
DEBUG:root:Epoch: 84 Loss: 23.281898498535156 acc:  100.000/ 41.855 f1:  100.000/ 42.897
DEBUG:root:Epoch: 85 Loss: 23.253582000732422 acc:  100.000/ 42.137 f1:  100.000/ 43.162
DEBUG:root:Epoch: 86 Loss: 23.222885131835938 acc:  100.000/ 42.293 f1:  100.000/ 43.344
DEBUG:root:Epoch: 87 Loss: 23.194141387939453 acc:  100.000/ 42.638 f1:  100.000/ 43.661
DEBUG:root:Epoch: 88 Loss: 23.234115600585938 acc:  100.000/ 42.763 f1:  100.000/ 43.709
DEBUG:root:Epoch: 89 Loss: 23.176658630371094 acc:  100.000/ 43.076 f1:  100.000/ 43.991
DEBUG:root:Epoch: 90 Loss: 23.195383071899414 acc:  100.000/ 43.390 f1:  100.000/ 44.295
DEBUG:root:Epoch: 91 Loss: 23.175987243652344 acc:  100.000/ 43.546 f1:  100.000/ 44.417
DEBUG:root:Epoch: 92 Loss: 23.166362762451172 acc:  100.000/ 43.703 f1:  100.000/ 44.516
DEBUG:root:Epoch: 93 Loss: 23.143484115600586 acc:  100.000/ 43.922 f1:  100.000/ 44.656
DEBUG:root:Epoch: 94 Loss: 23.1518611907959 acc:  100.000/ 44.204 f1:  100.000/ 44.897
DEBUG:root:Epoch: 95 Loss: 23.122900009155273 acc:  100.000/ 44.424 f1:  100.000/ 45.024
DEBUG:root:Epoch: 96 Loss: 23.126998901367188 acc:  100.000/ 44.862 f1:  100.000/ 45.380
DEBUG:root:Epoch: 97 Loss: 23.064128875732422 acc:  100.000/ 45.144 f1:  100.000/ 45.593
DEBUG:root:Epoch: 98 Loss: 23.112897872924805 acc:  100.000/ 45.457 f1:  100.000/ 45.801
DEBUG:root:Epoch: 99 Loss: 23.074705123901367 acc:  100.000/ 45.708 f1:  100.000/ 45.953
DEBUG:root:Epoch: 100 Loss: 23.068317413330078 acc:  100.000/ 45.802 f1:  100.000/ 45.964
DEBUG:root:Epoch: 101 Loss: 23.005550384521484 acc:  100.000/ 45.896 f1:  100.000/ 46.033
DEBUG:root:Epoch: 102 Loss: 23.067014694213867 acc:  100.000/ 46.084 f1:  100.000/ 46.131
DEBUG:root:Epoch: 103 Loss: 23.01336097717285 acc:  100.000/ 46.084 f1:  100.000/ 46.049
DEBUG:root:Epoch: 104 Loss: 23.021318435668945 acc:  100.000/ 46.178 f1:  100.000/ 46.058
DEBUG:root:Epoch: 105 Loss: 23.028833389282227 acc:  100.000/ 46.084 f1:  100.000/ 45.903
DEBUG:root:Epoch: 106 Loss: 23.045427322387695 acc:  100.000/ 46.241 f1:  100.000/ 46.000
DEBUG:root:Epoch: 107 Loss: 23.004241943359375 acc:  100.000/ 46.335 f1:  100.000/ 46.002
DEBUG:root:Epoch: 108 Loss: 23.000869750976562 acc:  100.000/ 46.523 f1:  100.000/ 46.090
DEBUG:root:Epoch: 109 Loss: 22.958974838256836 acc:  100.000/ 46.523 f1:  100.000/ 46.050
DEBUG:root:Epoch: 110 Loss: 22.956064224243164 acc:  100.000/ 46.617 f1:  100.000/ 46.035
DEBUG:root:Epoch: 111 Loss: 22.955944061279297 acc:  100.000/ 46.523 f1:  100.000/ 45.878
DEBUG:root:Epoch: 112 Loss: 22.943965911865234 acc:  100.000/ 46.836 f1:  100.000/ 46.165
DEBUG:root:Epoch: 113 Loss: 22.950510025024414 acc:  100.000/ 46.898 f1:  100.000/ 46.158
DEBUG:root:Epoch: 114 Loss: 22.966663360595703 acc:  100.000/ 46.898 f1:  100.000/ 46.076
DEBUG:root:Epoch: 115 Loss: 22.947023391723633 acc:  100.000/ 46.930 f1:  100.000/ 46.091
DEBUG:root:Epoch: 116 Loss: 22.93049430847168 acc:  100.000/ 47.149 f1:  100.000/ 46.236
DEBUG:root:Epoch: 117 Loss: 22.915395736694336 acc:  100.000/ 47.243 f1:  100.000/ 46.315
DEBUG:root:Epoch: 118 Loss: 22.939714431762695 acc:  100.000/ 47.525 f1:  100.000/ 46.510
DEBUG:root:Epoch: 119 Loss: 22.917587280273438 acc:  100.000/ 47.650 f1:  100.000/ 46.603
DEBUG:root:Epoch: 120 Loss: 22.922941207885742 acc:  100.000/ 47.744 f1:  100.000/ 46.618
DEBUG:root:Epoch: 121 Loss: 22.917781829833984 acc:  100.000/ 47.964 f1:  100.000/ 46.800
DEBUG:root:Epoch: 122 Loss: 22.900442123413086 acc:  100.000/ 48.340 f1:  100.000/ 47.134
DEBUG:root:Epoch: 123 Loss: 22.876174926757812 acc:  100.000/ 48.214 f1:  100.000/ 47.002
DEBUG:root:Epoch: 124 Loss: 22.900875091552734 acc:  100.000/ 48.246 f1:  100.000/ 47.018
DEBUG:root:Epoch: 125 Loss: 22.909400939941406 acc:  100.000/ 48.371 f1:  100.000/ 47.118
DEBUG:root:Epoch: 126 Loss: 22.91037940979004 acc:  100.000/ 48.277 f1:  100.000/ 47.019
DEBUG:root:Epoch: 127 Loss: 22.896085739135742 acc:  100.000/ 48.622 f1:  100.000/ 47.343
DEBUG:root:Epoch: 128 Loss: 22.87708854675293 acc:  100.000/ 48.716 f1:  100.000/ 47.385
DEBUG:root:Epoch: 129 Loss: 22.888917922973633 acc:  100.000/ 48.684 f1:  100.000/ 47.365
DEBUG:root:Epoch: 130 Loss: 22.859790802001953 acc:  100.000/ 48.559 f1:  100.000/ 47.229
DEBUG:root:Epoch: 131 Loss: 22.887834548950195 acc:  100.000/ 48.653 f1:  100.000/ 47.281
DEBUG:root:Epoch: 132 Loss: 22.854019165039062 acc:  100.000/ 48.590 f1:  100.000/ 47.187
DEBUG:root:Epoch: 133 Loss: 22.82691192626953 acc:  100.000/ 48.465 f1:  100.000/ 47.037
DEBUG:root:Epoch: 134 Loss: 22.88833999633789 acc:  100.000/ 48.402 f1:  100.000/ 46.959
DEBUG:root:Epoch: 135 Loss: 22.867237091064453 acc:  100.000/ 48.434 f1:  100.000/ 46.974
DEBUG:root:Epoch: 136 Loss: 22.890178680419922 acc:  100.000/ 48.402 f1:  100.000/ 46.900
DEBUG:root:Epoch: 137 Loss: 22.860918045043945 acc:  100.000/ 48.277 f1:  100.000/ 46.749
DEBUG:root:Epoch: 138 Loss: 22.86356544494629 acc:  100.000/ 48.402 f1:  100.000/ 46.868
DEBUG:root:Epoch: 139 Loss: 22.89364242553711 acc:  100.000/ 48.371 f1:  100.000/ 46.770
DEBUG:root:Epoch: 140 Loss: 22.83990478515625 acc:  100.000/ 48.277 f1:  100.000/ 46.692
DEBUG:root:Epoch: 141 Loss: 22.846464157104492 acc:  100.000/ 48.152 f1:  100.000/ 46.523
DEBUG:root:Epoch: 142 Loss: 22.887632369995117 acc:  100.000/ 48.026 f1:  100.000/ 46.335
DEBUG:root:Epoch: 143 Loss: 22.85027503967285 acc:  100.000/ 47.901 f1:  100.000/ 46.159
DEBUG:root:Epoch: 144 Loss: 22.850969314575195 acc:  100.000/ 47.901 f1:  100.000/ 46.130
DEBUG:root:Epoch: 145 Loss: 22.858552932739258 acc:  100.000/ 47.901 f1:  100.000/ 46.115
DEBUG:root:Epoch: 146 Loss: 22.81547737121582 acc:  100.000/ 47.744 f1:  100.000/ 45.859
DEBUG:root:Epoch: 147 Loss: 22.881948471069336 acc:  100.000/ 47.619 f1:  100.000/ 45.683
DEBUG:root:Epoch: 148 Loss: 22.841341018676758 acc:  100.000/ 47.619 f1:  100.000/ 45.706
DEBUG:root:Epoch: 149 Loss: 22.86221694946289 acc:  100.000/ 47.494 f1:  100.000/ 45.539
DEBUG:root:Epoch: 150 Loss: 22.88003158569336 acc:  100.000/ 47.306 f1:  100.000/ 45.339
DEBUG:root:Epoch: 151 Loss: 22.906326293945312 acc:  100.000/ 47.149 f1:  100.000/ 45.157
DEBUG:root:Epoch: 152 Loss: 22.849573135375977 acc:  100.000/ 47.086 f1:  100.000/ 45.043
DEBUG:root:Epoch: 153 Loss: 22.911197662353516 acc:  100.000/ 47.118 f1:  100.000/ 45.073
DEBUG:root:Epoch: 154 Loss: 22.83639144897461 acc:  100.000/ 47.055 f1:  100.000/ 44.936
DEBUG:root:Epoch: 155 Loss: 22.883745193481445 acc:  100.000/ 47.149 f1:  100.000/ 44.995
DEBUG:root:Epoch: 156 Loss: 22.940006256103516 acc:  100.000/ 46.961 f1:  100.000/ 44.789
DEBUG:root:Epoch: 157 Loss: 22.89794921875 acc:  100.000/ 46.773 f1:  100.000/ 44.549
DEBUG:root:Epoch: 158 Loss: 22.923847198486328 acc:  100.000/ 46.429 f1:  100.000/ 44.170
DEBUG:root:Epoch: 159 Loss: 22.93577766418457 acc:  100.000/ 46.491 f1:  100.000/ 44.196
DEBUG:root:Epoch: 160 Loss: 22.921119689941406 acc:  100.000/ 46.178 f1:  100.000/ 43.775
DEBUG:root:Epoch: 161 Loss: 22.95344352722168 acc:  100.000/ 45.927 f1:  100.000/ 43.458
DEBUG:root:Epoch: 162 Loss: 22.931753158569336 acc:  100.000/ 45.990 f1:  100.000/ 43.509
DEBUG:root:Epoch: 163 Loss: 22.971891403198242 acc:  100.000/ 46.115 f1:  100.000/ 43.609
DEBUG:root:Epoch: 164 Loss: 22.915449142456055 acc:  100.000/ 46.021 f1:  100.000/ 43.478
DEBUG:root:Epoch: 165 Loss: 22.946800231933594 acc:  100.000/ 45.802 f1:  100.000/ 43.219
DEBUG:root:Epoch: 166 Loss: 22.95510482788086 acc:  100.000/ 45.927 f1:  100.000/ 43.360
DEBUG:root:Epoch: 167 Loss: 23.034461975097656 acc:  100.000/ 45.708 f1:  100.000/ 43.079
DEBUG:root:Epoch: 168 Loss: 22.967548370361328 acc:  100.000/ 45.551 f1:  100.000/ 42.888
DEBUG:root:Epoch: 169 Loss: 22.984493255615234 acc:  100.000/ 45.301 f1:  100.000/ 42.668
DEBUG:root:Epoch: 170 Loss: 22.962230682373047 acc:  100.000/ 45.081 f1:  100.000/ 42.398
DEBUG:root:Epoch: 171 Loss: 23.034730911254883 acc:  100.000/ 44.768 f1:  100.000/ 41.984
DEBUG:root:Epoch: 172 Loss: 23.029447555541992 acc:  100.000/ 44.486 f1:  100.000/ 41.668
DEBUG:root:Epoch: 173 Loss: 23.076730728149414 acc:  100.000/ 44.142 f1:  100.000/ 41.265
DEBUG:root:Epoch: 174 Loss: 23.027009963989258 acc:  100.000/ 43.860 f1:  100.000/ 40.948
DEBUG:root:Epoch: 175 Loss: 23.09003448486328 acc:  100.000/ 43.452 f1:  100.000/ 40.548
DEBUG:root:Epoch: 176 Loss: 23.044870376586914 acc:  100.000/ 42.982 f1:  100.000/ 40.009
DEBUG:root:Epoch: 177 Loss: 23.129131317138672 acc:  100.000/ 42.607 f1:  100.000/ 39.500
DEBUG:root:Epoch: 178 Loss: 23.087345123291016 acc:  100.000/ 42.293 f1:  100.000/ 39.166
DEBUG:root:Epoch: 179 Loss: 23.17890739440918 acc:  100.000/ 42.231 f1:  100.000/ 39.101
DEBUG:root:Epoch: 180 Loss: 23.228740692138672 acc:  100.000/ 41.886 f1:  100.000/ 38.639
DEBUG:root:Epoch: 181 Loss: 23.242679595947266 acc:  100.000/ 41.479 f1:  100.000/ 38.202
DEBUG:root:Epoch: 182 Loss: 23.18623161315918 acc:  100.000/ 41.291 f1:  100.000/ 38.025
DEBUG:root:Epoch: 183 Loss: 23.236072540283203 acc:  100.000/ 41.040 f1:  100.000/ 37.719
DEBUG:root:Epoch: 184 Loss: 23.250211715698242 acc:  100.000/ 40.915 f1:  100.000/ 37.601
DEBUG:root:Epoch: 185 Loss: 23.289867401123047 acc:  100.000/ 40.695 f1:  100.000/ 37.325
DEBUG:root:Epoch: 186 Loss: 23.275760650634766 acc:  100.000/ 40.476 f1:  100.000/ 37.096
DEBUG:root:Epoch: 187 Loss: 23.32830810546875 acc:  100.000/ 40.163 f1:  100.000/ 36.803
DEBUG:root:Epoch: 188 Loss: 23.341411590576172 acc:  100.000/ 39.693 f1:  100.000/ 36.236
DEBUG:root:Epoch: 189 Loss: 23.377222061157227 acc:  100.000/ 39.411 f1:  100.000/ 35.911
DEBUG:root:Epoch: 190 Loss: 23.38628578186035 acc:  100.000/ 39.348 f1:  100.000/ 35.849
DEBUG:root:Epoch: 191 Loss: 23.424882888793945 acc:  100.000/ 39.098 f1:  100.000/ 35.624
DEBUG:root:Epoch: 192 Loss: 23.498376846313477 acc:  100.000/ 38.784 f1:  100.000/ 35.264
DEBUG:root:Epoch: 193 Loss: 23.474966049194336 acc:  100.000/ 38.440 f1:  100.000/ 34.841
DEBUG:root:Epoch: 194 Loss: 23.543521881103516 acc:  100.000/ 38.283 f1:  100.000/ 34.628
DEBUG:root:Epoch: 195 Loss: 23.547992706298828 acc:  100.000/ 37.939 f1:  100.000/ 34.240
DEBUG:root:Epoch: 196 Loss: 23.537107467651367 acc:  100.000/ 37.531 f1:  100.000/ 33.722
DEBUG:root:Epoch: 197 Loss: 23.57038116455078 acc:  100.000/ 37.155 f1:  100.000/ 33.307
DEBUG:root:Epoch: 198 Loss: 23.51468849182129 acc:  100.000/ 36.842 f1:  100.000/ 32.920
DEBUG:root:Epoch: 199 Loss: 23.562728881835938 acc:  100.000/ 36.623 f1:  100.000/ 32.623
INFO:root:Training has finished.
INFO:root:best eval acc is 48.715538751511346 at 128.
INFO:root:test f1 is 40.624842087388046.
INFO:root:test acc is 41.7560744714421.
