INFO:root:Start CPC fine-tuning head for 200 epochs.
INFO:root:Training with gpu: False.
DEBUG:root:Epoch: 0 Loss: 42.752384185791016 acc:  7.143/ 12.375 f1:  3.289/ 7.037
DEBUG:root:Epoch: 1 Loss: 41.695003509521484 acc:  7.143/ 13.095 f1:  3.272/ 8.126
DEBUG:root:Epoch: 2 Loss: 40.639739990234375 acc:  8.571/ 13.565 f1:  4.595/ 8.641
DEBUG:root:Epoch: 3 Loss: 39.764156341552734 acc:  10.000/ 13.659 f1:  7.223/ 8.838
DEBUG:root:Epoch: 4 Loss: 38.98676681518555 acc:  12.857/ 14.035 f1:  10.628/ 9.244
DEBUG:root:Epoch: 5 Loss: 38.20531463623047 acc:  21.429/ 14.442 f1:  19.552/ 9.657
DEBUG:root:Epoch: 6 Loss: 37.49016189575195 acc:  21.429/ 14.568 f1:  19.351/ 9.840
DEBUG:root:Epoch: 7 Loss: 36.70508575439453 acc:  22.857/ 14.975 f1:  20.756/ 10.203
DEBUG:root:Epoch: 8 Loss: 36.048213958740234 acc:  25.714/ 15.821 f1:  23.140/ 10.935
DEBUG:root:Epoch: 9 Loss: 35.366065979003906 acc:  25.714/ 16.103 f1:  22.501/ 11.204
DEBUG:root:Epoch: 10 Loss: 34.79673385620117 acc:  31.429/ 16.667 f1:  27.717/ 11.626
DEBUG:root:Epoch: 11 Loss: 34.09938049316406 acc:  32.857/ 17.419 f1:  28.946/ 12.311
DEBUG:root:Epoch: 12 Loss: 33.55057907104492 acc:  35.714/ 17.982 f1:  31.966/ 12.858
DEBUG:root:Epoch: 13 Loss: 33.010501861572266 acc:  37.143/ 18.703 f1:  33.232/ 13.448
DEBUG:root:Epoch: 14 Loss: 32.428955078125 acc:  38.571/ 19.330 f1:  34.015/ 13.932
DEBUG:root:Epoch: 15 Loss: 31.934112548828125 acc:  40.000/ 20.019 f1:  35.593/ 14.473
DEBUG:root:Epoch: 16 Loss: 31.447383880615234 acc:  42.857/ 20.457 f1:  38.002/ 14.754
DEBUG:root:Epoch: 17 Loss: 30.93755340576172 acc:  44.286/ 20.959 f1:  39.127/ 15.324
DEBUG:root:Epoch: 18 Loss: 30.494117736816406 acc:  45.714/ 21.648 f1:  39.051/ 15.982
DEBUG:root:Epoch: 19 Loss: 29.944778442382812 acc:  44.286/ 22.462 f1:  36.803/ 16.836
DEBUG:root:Epoch: 20 Loss: 29.56914520263672 acc:  45.714/ 23.246 f1:  38.443/ 17.660
DEBUG:root:Epoch: 21 Loss: 29.11997413635254 acc:  48.571/ 23.716 f1:  40.512/ 18.195
DEBUG:root:Epoch: 22 Loss: 28.73400115966797 acc:  54.286/ 24.311 f1:  44.712/ 18.828
DEBUG:root:Epoch: 23 Loss: 28.33708381652832 acc:  54.286/ 24.687 f1:  44.712/ 19.225
DEBUG:root:Epoch: 24 Loss: 27.89631462097168 acc:  55.714/ 25.658 f1:  46.216/ 20.143
DEBUG:root:Epoch: 25 Loss: 27.592357635498047 acc:  58.571/ 26.034 f1:  48.939/ 20.492
DEBUG:root:Epoch: 26 Loss: 27.20391845703125 acc:  60.000/ 26.504 f1:  50.253/ 21.018
DEBUG:root:Epoch: 27 Loss: 26.935152053833008 acc:  61.429/ 27.162 f1:  53.179/ 21.822
DEBUG:root:Epoch: 28 Loss: 26.667091369628906 acc:  65.714/ 27.726 f1:  58.559/ 22.413
DEBUG:root:Epoch: 29 Loss: 26.448108673095703 acc:  67.143/ 28.195 f1:  60.163/ 23.043
DEBUG:root:Epoch: 30 Loss: 26.202184677124023 acc:  68.571/ 28.446 f1:  62.402/ 23.337
DEBUG:root:Epoch: 31 Loss: 26.058975219726562 acc:  71.429/ 28.947 f1:  65.453/ 23.964
DEBUG:root:Epoch: 32 Loss: 25.842147827148438 acc:  72.857/ 29.386 f1:  67.290/ 24.452
DEBUG:root:Epoch: 33 Loss: 25.688053131103516 acc:  72.857/ 29.856 f1:  67.290/ 25.088
DEBUG:root:Epoch: 34 Loss: 25.531997680664062 acc:  72.857/ 30.388 f1:  67.290/ 25.815
DEBUG:root:Epoch: 35 Loss: 25.410619735717773 acc:  75.714/ 30.890 f1:  69.996/ 26.381
DEBUG:root:Epoch: 36 Loss: 25.26226806640625 acc:  75.714/ 31.579 f1:  69.996/ 27.302
DEBUG:root:Epoch: 37 Loss: 25.220291137695312 acc:  75.714/ 31.830 f1:  69.996/ 27.637
DEBUG:root:Epoch: 38 Loss: 25.13351058959961 acc:  78.571/ 32.456 f1:  73.065/ 28.438
DEBUG:root:Epoch: 39 Loss: 24.997474670410156 acc:  81.429/ 32.801 f1:  76.344/ 28.955
DEBUG:root:Epoch: 40 Loss: 24.911516189575195 acc:  81.429/ 32.957 f1:  76.634/ 29.177
DEBUG:root:Epoch: 41 Loss: 24.88806915283203 acc:  81.429/ 33.114 f1:  76.634/ 29.449
DEBUG:root:Epoch: 42 Loss: 24.710586547851562 acc:  81.429/ 33.396 f1:  76.634/ 29.829
DEBUG:root:Epoch: 43 Loss: 24.64257049560547 acc:  82.857/ 33.709 f1:  77.798/ 30.256
DEBUG:root:Epoch: 44 Loss: 24.59402847290039 acc:  82.857/ 34.054 f1:  77.798/ 30.742
DEBUG:root:Epoch: 45 Loss: 24.529674530029297 acc:  85.714/ 34.242 f1:  80.601/ 31.019
DEBUG:root:Epoch: 46 Loss: 24.51030921936035 acc:  85.714/ 34.649 f1:  80.601/ 31.480
DEBUG:root:Epoch: 47 Loss: 24.46293067932129 acc:  85.714/ 35.025 f1:  80.601/ 31.943
DEBUG:root:Epoch: 48 Loss: 24.39604949951172 acc:  85.714/ 35.401 f1:  80.601/ 32.452
DEBUG:root:Epoch: 49 Loss: 24.381200790405273 acc:  85.714/ 35.464 f1:  80.601/ 32.510
DEBUG:root:Epoch: 50 Loss: 24.276514053344727 acc:  85.714/ 35.840 f1:  80.601/ 32.849
DEBUG:root:Epoch: 51 Loss: 24.26543426513672 acc:  85.714/ 36.090 f1:  80.601/ 33.185
DEBUG:root:Epoch: 52 Loss: 24.26030921936035 acc:  85.714/ 36.685 f1:  80.601/ 33.915
DEBUG:root:Epoch: 53 Loss: 24.17767906188965 acc:  85.714/ 36.999 f1:  80.601/ 34.227
DEBUG:root:Epoch: 54 Loss: 24.151832580566406 acc:  85.714/ 37.249 f1:  80.601/ 34.551
DEBUG:root:Epoch: 55 Loss: 24.093050003051758 acc:  85.714/ 37.625 f1:  80.601/ 34.965
DEBUG:root:Epoch: 56 Loss: 24.05203628540039 acc:  85.714/ 37.907 f1:  80.601/ 35.332
DEBUG:root:Epoch: 57 Loss: 24.021547317504883 acc:  85.714/ 38.001 f1:  80.601/ 35.464
DEBUG:root:Epoch: 58 Loss: 23.96593475341797 acc:  85.714/ 38.346 f1:  80.601/ 35.843
DEBUG:root:Epoch: 59 Loss: 23.99143409729004 acc:  85.714/ 38.503 f1:  80.334/ 36.163
DEBUG:root:Epoch: 60 Loss: 23.945693969726562 acc:  85.714/ 38.690 f1:  80.334/ 36.363
DEBUG:root:Epoch: 61 Loss: 23.915281295776367 acc:  85.714/ 38.753 f1:  80.601/ 36.429
DEBUG:root:Epoch: 62 Loss: 23.869226455688477 acc:  85.714/ 39.223 f1:  80.601/ 36.877
DEBUG:root:Epoch: 63 Loss: 23.807029724121094 acc:  85.714/ 39.286 f1:  80.601/ 36.991
DEBUG:root:Epoch: 64 Loss: 23.809646606445312 acc:  85.714/ 39.442 f1:  80.601/ 37.163
DEBUG:root:Epoch: 65 Loss: 23.771617889404297 acc:  85.714/ 39.881 f1:  80.601/ 37.651
DEBUG:root:Epoch: 66 Loss: 23.734928131103516 acc:  85.714/ 40.100 f1:  80.601/ 37.838
DEBUG:root:Epoch: 67 Loss: 23.705135345458984 acc:  85.714/ 40.476 f1:  80.601/ 38.243
DEBUG:root:Epoch: 68 Loss: 23.699951171875 acc:  85.714/ 40.789 f1:  80.601/ 38.544
DEBUG:root:Epoch: 69 Loss: 23.738496780395508 acc:  85.714/ 40.946 f1:  80.601/ 38.782
DEBUG:root:Epoch: 70 Loss: 23.647993087768555 acc:  85.714/ 41.165 f1:  80.601/ 39.037
DEBUG:root:Epoch: 71 Loss: 23.63270378112793 acc:  85.714/ 41.197 f1:  80.601/ 39.131
DEBUG:root:Epoch: 72 Loss: 23.654464721679688 acc:  85.714/ 41.385 f1:  80.601/ 39.328
DEBUG:root:Epoch: 73 Loss: 23.614242553710938 acc:  85.714/ 41.541 f1:  80.601/ 39.524
DEBUG:root:Epoch: 74 Loss: 23.591373443603516 acc:  85.714/ 41.792 f1:  80.601/ 39.839
DEBUG:root:Epoch: 75 Loss: 23.593481063842773 acc:  85.714/ 41.855 f1:  80.601/ 39.942
DEBUG:root:Epoch: 76 Loss: 23.545042037963867 acc:  85.714/ 41.980 f1:  80.601/ 40.066
DEBUG:root:Epoch: 77 Loss: 23.491323471069336 acc:  85.714/ 42.043 f1:  80.601/ 40.152
DEBUG:root:Epoch: 78 Loss: 23.508235931396484 acc:  85.714/ 41.949 f1:  80.601/ 40.097
DEBUG:root:Epoch: 79 Loss: 23.547243118286133 acc:  85.714/ 41.886 f1:  80.601/ 40.125
DEBUG:root:Epoch: 80 Loss: 23.527456283569336 acc:  85.714/ 42.011 f1:  80.601/ 40.322
DEBUG:root:Epoch: 81 Loss: 23.47435760498047 acc:  85.714/ 42.168 f1:  80.601/ 40.474
DEBUG:root:Epoch: 82 Loss: 23.437397003173828 acc:  85.714/ 42.325 f1:  80.601/ 40.677
DEBUG:root:Epoch: 83 Loss: 23.463882446289062 acc:  85.714/ 42.325 f1:  80.601/ 40.745
DEBUG:root:Epoch: 84 Loss: 23.45415687561035 acc:  87.143/ 42.387 f1:  83.550/ 40.850
DEBUG:root:Epoch: 85 Loss: 23.42200469970703 acc:  88.571/ 42.575 f1:  86.092/ 41.072
DEBUG:root:Epoch: 86 Loss: 23.4132080078125 acc:  88.571/ 42.638 f1:  86.092/ 41.147
DEBUG:root:Epoch: 87 Loss: 23.388744354248047 acc:  88.571/ 42.607 f1:  86.092/ 41.215
DEBUG:root:Epoch: 88 Loss: 23.40601348876953 acc:  90.000/ 42.669 f1:  88.331/ 41.344
DEBUG:root:Epoch: 89 Loss: 23.37181854248047 acc:  91.429/ 42.638 f1:  90.340/ 41.392
DEBUG:root:Epoch: 90 Loss: 23.358959197998047 acc:  91.429/ 42.763 f1:  90.340/ 41.643
DEBUG:root:Epoch: 91 Loss: 23.355865478515625 acc:  91.429/ 42.794 f1:  90.340/ 41.768
DEBUG:root:Epoch: 92 Loss: 23.34035873413086 acc:  91.429/ 43.045 f1:  90.340/ 42.123
DEBUG:root:Epoch: 93 Loss: 23.332975387573242 acc:  92.857/ 43.139 f1:  92.177/ 42.241
DEBUG:root:Epoch: 94 Loss: 23.30385971069336 acc:  92.857/ 43.264 f1:  92.177/ 42.416
DEBUG:root:Epoch: 95 Loss: 23.304527282714844 acc:  92.857/ 43.264 f1:  92.177/ 42.479
DEBUG:root:Epoch: 96 Loss: 23.308216094970703 acc:  92.857/ 43.327 f1:  92.177/ 42.682
DEBUG:root:Epoch: 97 Loss: 23.26162338256836 acc:  92.857/ 43.358 f1:  92.177/ 42.742
DEBUG:root:Epoch: 98 Loss: 23.296680450439453 acc:  92.857/ 43.452 f1:  92.177/ 42.939
DEBUG:root:Epoch: 99 Loss: 23.25444221496582 acc:  92.857/ 43.546 f1:  92.177/ 43.132
DEBUG:root:Epoch: 100 Loss: 23.237852096557617 acc:  92.857/ 43.828 f1:  92.177/ 43.520
DEBUG:root:Epoch: 101 Loss: 23.244924545288086 acc:  92.857/ 44.048 f1:  92.177/ 43.756
DEBUG:root:Epoch: 102 Loss: 23.27053451538086 acc:  92.857/ 44.079 f1:  92.177/ 43.859
DEBUG:root:Epoch: 103 Loss: 23.273448944091797 acc:  92.857/ 44.016 f1:  92.177/ 43.914
DEBUG:root:Epoch: 104 Loss: 23.255720138549805 acc:  94.286/ 44.173 f1:  93.885/ 44.154
DEBUG:root:Epoch: 105 Loss: 23.21399688720703 acc:  94.286/ 44.643 f1:  93.885/ 44.705
DEBUG:root:Epoch: 106 Loss: 23.21173667907715 acc:  94.286/ 45.081 f1:  93.885/ 45.191
DEBUG:root:Epoch: 107 Loss: 23.19738006591797 acc:  94.286/ 45.269 f1:  93.885/ 45.442
DEBUG:root:Epoch: 108 Loss: 23.17342185974121 acc:  95.714/ 45.708 f1:  95.500/ 45.902
DEBUG:root:Epoch: 109 Loss: 23.23165512084961 acc:  95.714/ 46.053 f1:  95.500/ 46.255
DEBUG:root:Epoch: 110 Loss: 23.159971237182617 acc:  97.143/ 46.053 f1:  97.052/ 46.229
DEBUG:root:Epoch: 111 Loss: 23.201007843017578 acc:  97.143/ 46.147 f1:  97.052/ 46.298
DEBUG:root:Epoch: 112 Loss: 23.14569854736328 acc:  97.143/ 46.397 f1:  97.052/ 46.506
DEBUG:root:Epoch: 113 Loss: 23.178905487060547 acc:  98.571/ 46.335 f1:  98.568/ 46.471
DEBUG:root:Epoch: 114 Loss: 23.147722244262695 acc:  98.571/ 46.773 f1:  98.568/ 46.878
DEBUG:root:Epoch: 115 Loss: 23.126054763793945 acc:  98.571/ 47.024 f1:  98.568/ 47.076
DEBUG:root:Epoch: 116 Loss: 23.156991958618164 acc:  98.571/ 47.306 f1:  98.568/ 47.335
DEBUG:root:Epoch: 117 Loss: 23.117551803588867 acc:  98.571/ 47.650 f1:  98.568/ 47.674
DEBUG:root:Epoch: 118 Loss: 23.171310424804688 acc:  100.000/ 47.995 f1:  100.000/ 47.842
DEBUG:root:Epoch: 119 Loss: 23.092985153198242 acc:  100.000/ 48.183 f1:  100.000/ 47.997
DEBUG:root:Epoch: 120 Loss: 23.122665405273438 acc:  100.000/ 48.120 f1:  100.000/ 47.902
DEBUG:root:Epoch: 121 Loss: 23.089527130126953 acc:  100.000/ 48.402 f1:  100.000/ 48.157
DEBUG:root:Epoch: 122 Loss: 23.124332427978516 acc:  100.000/ 48.935 f1:  100.000/ 48.563
DEBUG:root:Epoch: 123 Loss: 23.085119247436523 acc:  100.000/ 49.154 f1:  100.000/ 48.726
DEBUG:root:Epoch: 124 Loss: 23.0894832611084 acc:  100.000/ 49.373 f1:  100.000/ 48.938
DEBUG:root:Epoch: 125 Loss: 23.079954147338867 acc:  100.000/ 49.561 f1:  100.000/ 49.013
DEBUG:root:Epoch: 126 Loss: 23.062028884887695 acc:  100.000/ 50.031 f1:  100.000/ 49.409
DEBUG:root:Epoch: 127 Loss: 23.045536041259766 acc:  100.000/ 50.407 f1:  100.000/ 49.686
DEBUG:root:Epoch: 128 Loss: 23.086193084716797 acc:  100.000/ 50.595 f1:  100.000/ 49.770
DEBUG:root:Epoch: 129 Loss: 23.019319534301758 acc:  100.000/ 50.470 f1:  100.000/ 49.623
DEBUG:root:Epoch: 130 Loss: 23.097423553466797 acc:  100.000/ 50.815 f1:  100.000/ 49.920
DEBUG:root:Epoch: 131 Loss: 23.046018600463867 acc:  100.000/ 50.658 f1:  100.000/ 49.699
DEBUG:root:Epoch: 132 Loss: 23.052522659301758 acc:  100.000/ 50.846 f1:  100.000/ 49.815
DEBUG:root:Epoch: 133 Loss: 23.029144287109375 acc:  100.000/ 51.190 f1:  100.000/ 50.118
DEBUG:root:Epoch: 134 Loss: 23.04408836364746 acc:  100.000/ 51.222 f1:  100.000/ 50.110
DEBUG:root:Epoch: 135 Loss: 23.07220458984375 acc:  100.000/ 51.410 f1:  100.000/ 50.218
DEBUG:root:Epoch: 136 Loss: 23.05804443359375 acc:  100.000/ 51.378 f1:  100.000/ 50.130
DEBUG:root:Epoch: 137 Loss: 23.023178100585938 acc:  100.000/ 51.441 f1:  100.000/ 50.135
DEBUG:root:Epoch: 138 Loss: 23.07253646850586 acc:  100.000/ 51.316 f1:  100.000/ 49.943
DEBUG:root:Epoch: 139 Loss: 23.013492584228516 acc:  100.000/ 51.566 f1:  100.000/ 50.126
DEBUG:root:Epoch: 140 Loss: 23.033708572387695 acc:  100.000/ 51.504 f1:  100.000/ 50.018
DEBUG:root:Epoch: 141 Loss: 23.018573760986328 acc:  100.000/ 51.504 f1:  100.000/ 49.930
DEBUG:root:Epoch: 142 Loss: 23.001352310180664 acc:  100.000/ 51.472 f1:  100.000/ 49.891
DEBUG:root:Epoch: 143 Loss: 23.061120986938477 acc:  100.000/ 51.316 f1:  100.000/ 49.728
DEBUG:root:Epoch: 144 Loss: 23.05252456665039 acc:  100.000/ 51.284 f1:  100.000/ 49.715
DEBUG:root:Epoch: 145 Loss: 23.012619018554688 acc:  100.000/ 51.128 f1:  100.000/ 49.502
DEBUG:root:Epoch: 146 Loss: 22.998327255249023 acc:  100.000/ 51.096 f1:  100.000/ 49.425
DEBUG:root:Epoch: 147 Loss: 23.01327896118164 acc:  100.000/ 51.003 f1:  100.000/ 49.313
DEBUG:root:Epoch: 148 Loss: 23.10101890563965 acc:  100.000/ 50.877 f1:  100.000/ 49.136
DEBUG:root:Epoch: 149 Loss: 23.036643981933594 acc:  100.000/ 50.783 f1:  100.000/ 49.062
DEBUG:root:Epoch: 150 Loss: 22.994518280029297 acc:  100.000/ 50.752 f1:  100.000/ 49.021
DEBUG:root:Epoch: 151 Loss: 23.01254653930664 acc:  100.000/ 50.721 f1:  100.000/ 48.962
DEBUG:root:Epoch: 152 Loss: 22.979036331176758 acc:  100.000/ 50.595 f1:  100.000/ 48.788
DEBUG:root:Epoch: 153 Loss: 23.01156234741211 acc:  100.000/ 50.564 f1:  100.000/ 48.693
DEBUG:root:Epoch: 154 Loss: 22.97690200805664 acc:  100.000/ 50.564 f1:  100.000/ 48.630
DEBUG:root:Epoch: 155 Loss: 23.037307739257812 acc:  100.000/ 50.627 f1:  100.000/ 48.717
DEBUG:root:Epoch: 156 Loss: 23.01241683959961 acc:  100.000/ 50.470 f1:  100.000/ 48.545
DEBUG:root:Epoch: 157 Loss: 23.046390533447266 acc:  100.000/ 50.533 f1:  100.000/ 48.630
DEBUG:root:Epoch: 158 Loss: 22.99037742614746 acc:  100.000/ 50.721 f1:  100.000/ 48.796
DEBUG:root:Epoch: 159 Loss: 23.044116973876953 acc:  100.000/ 50.752 f1:  100.000/ 48.782
DEBUG:root:Epoch: 160 Loss: 23.041976928710938 acc:  100.000/ 50.501 f1:  100.000/ 48.518
DEBUG:root:Epoch: 161 Loss: 22.96129035949707 acc:  100.000/ 50.439 f1:  100.000/ 48.474
DEBUG:root:Epoch: 162 Loss: 23.014739990234375 acc:  100.000/ 50.313 f1:  100.000/ 48.355
DEBUG:root:Epoch: 163 Loss: 22.966632843017578 acc:  100.000/ 49.969 f1:  100.000/ 47.991
DEBUG:root:Epoch: 164 Loss: 22.950843811035156 acc:  100.000/ 50.094 f1:  100.000/ 48.162
DEBUG:root:Epoch: 165 Loss: 22.995601654052734 acc:  100.000/ 49.969 f1:  100.000/ 48.038
DEBUG:root:Epoch: 166 Loss: 22.961519241333008 acc:  100.000/ 49.906 f1:  100.000/ 47.965
DEBUG:root:Epoch: 167 Loss: 22.97147560119629 acc:  100.000/ 50.000 f1:  100.000/ 48.034
DEBUG:root:Epoch: 168 Loss: 22.92147445678711 acc:  100.000/ 49.593 f1:  100.000/ 47.640
DEBUG:root:Epoch: 169 Loss: 22.994670867919922 acc:  100.000/ 49.718 f1:  100.000/ 47.753
DEBUG:root:Epoch: 170 Loss: 22.959781646728516 acc:  100.000/ 49.561 f1:  100.000/ 47.593
DEBUG:root:Epoch: 171 Loss: 22.99717140197754 acc:  100.000/ 49.373 f1:  100.000/ 47.458
DEBUG:root:Epoch: 172 Loss: 22.977218627929688 acc:  100.000/ 49.279 f1:  100.000/ 47.378
DEBUG:root:Epoch: 173 Loss: 22.98977279663086 acc:  100.000/ 48.935 f1:  100.000/ 47.065
DEBUG:root:Epoch: 174 Loss: 22.999692916870117 acc:  100.000/ 48.778 f1:  100.000/ 46.954
DEBUG:root:Epoch: 175 Loss: 23.00994110107422 acc:  100.000/ 48.684 f1:  100.000/ 46.823
DEBUG:root:Epoch: 176 Loss: 22.971599578857422 acc:  100.000/ 48.559 f1:  100.000/ 46.693
DEBUG:root:Epoch: 177 Loss: 23.01443862915039 acc:  100.000/ 48.465 f1:  100.000/ 46.648
DEBUG:root:Epoch: 178 Loss: 22.958526611328125 acc:  100.000/ 48.402 f1:  100.000/ 46.602
DEBUG:root:Epoch: 179 Loss: 22.936378479003906 acc:  100.000/ 48.402 f1:  100.000/ 46.600
DEBUG:root:Epoch: 180 Loss: 22.950214385986328 acc:  100.000/ 48.089 f1:  100.000/ 46.248
DEBUG:root:Epoch: 181 Loss: 22.99875831604004 acc:  100.000/ 47.901 f1:  100.000/ 46.110
DEBUG:root:Epoch: 182 Loss: 22.974994659423828 acc:  100.000/ 47.776 f1:  100.000/ 46.026
DEBUG:root:Epoch: 183 Loss: 22.957908630371094 acc:  100.000/ 47.650 f1:  100.000/ 45.923
DEBUG:root:Epoch: 184 Loss: 22.98217010498047 acc:  100.000/ 47.368 f1:  100.000/ 45.609
DEBUG:root:Epoch: 185 Loss: 22.97665023803711 acc:  100.000/ 47.118 f1:  100.000/ 45.418
DEBUG:root:Epoch: 186 Loss: 22.97856330871582 acc:  100.000/ 47.243 f1:  100.000/ 45.542
DEBUG:root:Epoch: 187 Loss: 22.975627899169922 acc:  100.000/ 47.212 f1:  100.000/ 45.571
DEBUG:root:Epoch: 188 Loss: 22.9796142578125 acc:  100.000/ 47.024 f1:  100.000/ 45.374
DEBUG:root:Epoch: 189 Loss: 22.978736877441406 acc:  100.000/ 46.867 f1:  100.000/ 45.240
DEBUG:root:Epoch: 190 Loss: 22.960079193115234 acc:  100.000/ 46.867 f1:  100.000/ 45.242
DEBUG:root:Epoch: 191 Loss: 22.99217414855957 acc:  100.000/ 46.805 f1:  100.000/ 45.152
DEBUG:root:Epoch: 192 Loss: 23.01976776123047 acc:  100.000/ 46.648 f1:  100.000/ 44.961
DEBUG:root:Epoch: 193 Loss: 22.962482452392578 acc:  100.000/ 46.491 f1:  100.000/ 44.735
DEBUG:root:Epoch: 194 Loss: 22.974292755126953 acc:  100.000/ 46.366 f1:  100.000/ 44.543
DEBUG:root:Epoch: 195 Loss: 22.976320266723633 acc:  100.000/ 46.397 f1:  100.000/ 44.613
DEBUG:root:Epoch: 196 Loss: 23.019121170043945 acc:  100.000/ 46.272 f1:  100.000/ 44.469
DEBUG:root:Epoch: 197 Loss: 22.999372482299805 acc:  100.000/ 46.241 f1:  100.000/ 44.453
DEBUG:root:Epoch: 198 Loss: 22.994915008544922 acc:  100.000/ 45.896 f1:  100.000/ 44.090
DEBUG:root:Epoch: 199 Loss: 22.982463836669922 acc:  100.000/ 45.959 f1:  100.000/ 44.227
INFO:root:Training has finished.
INFO:root:best eval acc is 51.56641604010025 at 139.
INFO:root:test f1 is 47.398413064411166.
INFO:root:test acc is 48.13032502366677.
